<?xml version="1.0" encoding="UTF-8"?>
<coverage generated="1779729069963" clover="3.2.0">
  <project timestamp="1779729069963" name="All files">
    <metrics statements="1017" coveredstatements="864" conditionals="868" coveredconditionals="614" methods="325" coveredmethods="255" elements="2210" coveredelements="1733" complexity="0" loc="1017" ncloc="1017" packages="8" files="29" classes="29"/>
    <package name="src">
      <metrics statements="70" coveredstatements="60" conditionals="16" coveredconditionals="11" methods="27" coveredmethods="20"/>
      <file name="App.jsx" path="/home/runner/work/amazonQA.com/amazonQA.com/web/src/App.jsx">
        <metrics statements="70" coveredstatements="60" conditionals="16" coveredconditionals="11" methods="27" coveredmethods="20"/>
        <line num="46" count="2" type="stmt"/>
        <line num="136" count="2" type="stmt"/>
        <line num="137" count="19" type="stmt"/>
        <line num="138" count="19" type="stmt"/>
        <line num="140" count="19" type="stmt"/>
        <line num="227" count="0" type="stmt"/>
        <line num="416" count="2" type="stmt"/>
        <line num="417" count="4" type="stmt"/>
        <line num="418" count="4" type="stmt"/>
        <line num="419" count="4" type="cond" truecount="2" falsecount="0"/>
        <line num="420" count="1" type="stmt"/>
        <line num="422" count="3" type="stmt"/>
        <line num="425" count="2" type="stmt"/>
        <line num="426" count="2" type="stmt"/>
        <line num="427" count="2" type="cond" truecount="2" falsecount="0"/>
        <line num="428" count="1" type="stmt"/>
        <line num="430" count="1" type="stmt"/>
        <line num="433" count="2" type="stmt"/>
        <line num="434" count="0" type="stmt"/>
        <line num="435" count="0" type="cond" truecount="0" falsecount="2"/>
        <line num="436" count="0" type="stmt"/>
        <line num="438" count="0" type="stmt"/>
        <line num="441" count="2" type="stmt"/>
        <line num="442" count="19" type="stmt"/>
        <line num="443" count="19" type="stmt"/>
        <line num="444" count="19" type="stmt"/>
        <line num="445" count="19" type="stmt"/>
        <line num="447" count="19" type="stmt"/>
        <line num="448" count="9" type="stmt"/>
        <line num="449" count="12" type="stmt"/>
        <line num="450" count="12" type="stmt"/>
        <line num="451" count="386" type="cond" truecount="2" falsecount="0"/>
        <line num="452" count="289" type="stmt"/>
        <line num="457" count="9" type="stmt"/>
        <line num="458" count="12" type="stmt"/>
        <line num="459" count="12" type="stmt"/>
        <line num="460" count="0" type="stmt"/>
        <line num="461" count="0" type="stmt"/>
        <line num="465" count="9" type="stmt"/>
        <line num="466" count="9" type="stmt"/>
        <line num="468" count="9" type="stmt"/>
        <line num="469" count="3" type="stmt"/>
        <line num="470" count="3" type="stmt"/>
        <line num="473" count="9" type="stmt"/>
        <line num="475" count="9" type="stmt"/>
        <line num="476" count="9" type="stmt"/>
        <line num="480" count="19" type="stmt"/>
        <line num="482" count="19" type="stmt"/>
        <line num="483" count="5" type="stmt"/>
        <line num="484" count="5" type="stmt"/>
        <line num="485" count="5" type="cond" truecount="2" falsecount="0"/>
        <line num="486" count="1" type="stmt"/>
        <line num="487" count="1" type="stmt"/>
        <line num="488" count="1" type="cond" truecount="1" falsecount="1"/>
        <line num="493" count="4" type="stmt"/>
        <line num="494" count="4" type="stmt"/>
        <line num="499" count="19" type="stmt"/>
        <line num="500" count="1" type="stmt"/>
        <line num="501" count="1" type="stmt"/>
        <line num="502" count="1" type="stmt"/>
        <line num="503" count="0" type="cond" truecount="0" falsecount="2"/>
        <line num="508" count="19" type="stmt"/>
        <line num="509" count="1" type="stmt"/>
        <line num="510" count="1" type="stmt"/>
        <line num="511" count="1" type="stmt"/>
        <line num="515" count="19" type="stmt"/>
        <line num="540" count="0" type="stmt"/>
        <line num="548" count="0" type="stmt"/>
        <line num="620" count="2" type="stmt"/>
        <line num="621" count="9" type="stmt"/>
      </file>
    </package>
    <package name="src.components">
      <metrics statements="489" coveredstatements="438" conditionals="489" coveredconditionals="396" methods="155" coveredmethods="132"/>
      <file name="Cart.jsx" path="/home/runner/work/amazonQA.com/amazonQA.com/web/src/components/Cart.jsx">
        <metrics statements="11" coveredstatements="11" conditionals="16" coveredconditionals="14" methods="9" coveredmethods="8"/>
        <line num="20" count="2" type="stmt"/>
        <line num="26" count="11" type="stmt"/>
        <line num="27" count="11" type="cond" truecount="2" falsecount="0"/>
        <line num="28" count="11" type="stmt"/>
        <line num="29" count="18" type="stmt"/>
        <line num="33" count="18" type="stmt"/>
        <line num="35" count="18" type="cond" truecount="2" falsecount="0"/>
        <line num="36" count="11" type="stmt"/>
        <line num="37" count="11" type="stmt"/>
        <line num="39" count="11" type="stmt"/>
        <line num="114" count="18" type="stmt"/>
      </file>
      <file name="CartItem.jsx" path="/home/runner/work/amazonQA.com/amazonQA.com/web/src/components/CartItem.jsx">
        <metrics statements="10" coveredstatements="10" conditionals="20" coveredconditionals="20" methods="5" coveredmethods="5"/>
        <line num="16" count="2" type="stmt"/>
        <line num="17" count="8" type="stmt"/>
        <line num="18" count="8" type="cond" truecount="3" falsecount="0"/>
        <line num="19" count="8" type="cond" truecount="3" falsecount="0"/>
        <line num="20" count="8" type="stmt"/>
        <line num="27" count="8" type="stmt"/>
        <line num="28" count="8" type="stmt"/>
        <line num="77" count="4" type="stmt"/>
        <line num="78" count="4" type="cond" truecount="4" falsecount="0"/>
        <line num="84" count="3" type="stmt"/>
      </file>
      <file name="Catalog.jsx" path="/home/runner/work/amazonQA.com/amazonQA.com/web/src/components/Catalog.jsx">
        <metrics statements="60" coveredstatements="57" conditionals="50" coveredconditionals="37" methods="24" coveredmethods="20"/>
        <line num="17" count="2" type="stmt"/>
        <line num="19" count="2" type="cond" truecount="1" falsecount="0"/>
        <line num="20" count="18" type="stmt"/>
        <line num="25" count="2" type="stmt"/>
        <line num="32" count="60" type="stmt"/>
        <line num="33" count="60" type="stmt"/>
        <line num="34" count="60" type="stmt"/>
        <line num="35" count="60" type="stmt"/>
        <line num="38" count="60" type="stmt"/>
        <line num="39" count="37" type="cond" truecount="4" falsecount="0"/>
        <line num="40" count="9" type="stmt"/>
        <line num="44" count="60" type="stmt"/>
        <line num="45" count="9" type="stmt"/>
        <line num="46" count="9" type="stmt"/>
        <line num="47" count="9" type="stmt"/>
        <line num="48" count="9" type="stmt"/>
        <line num="49" count="8" type="cond" truecount="2" falsecount="0"/>
        <line num="51" count="1" type="stmt"/>
        <line num="53" count="9" type="stmt"/>
        <line num="56" count="9" type="stmt"/>
        <line num="59" count="60" type="stmt"/>
        <line num="60" count="37" type="stmt"/>
        <line num="61" count="37" type="stmt"/>
        <line num="69" count="37" type="cond" truecount="2" falsecount="0"/>
        <line num="72" count="61" type="stmt"/>
        <line num="74" count="60" type="stmt"/>
        <line num="75" count="39" type="stmt"/>
        <line num="77" count="4" type="stmt"/>
        <line num="80" count="4" type="cond" truecount="2" falsecount="0"/>
        <line num="83" count="6" type="cond" truecount="1" falsecount="1"/>
        <line num="84" count="6" type="stmt"/>
        <line num="87" count="0" type="stmt"/>
        <line num="88" count="0" type="cond" truecount="0" falsecount="3"/>
        <line num="91" count="2" type="stmt"/>
        <line num="92" count="2" type="stmt"/>
        <line num="100" count="0" type="stmt"/>
        <line num="101" count="4" type="stmt"/>
        <line num="102" count="6" type="stmt"/>
        <line num="105" count="60" type="stmt"/>
        <line num="106" count="61" type="stmt"/>
        <line num="108" count="61" type="cond" truecount="2" falsecount="0"/>
        <line num="110" count="61" type="cond" truecount="1" falsecount="1"/>
        <line num="111" count="61" type="cond" truecount="3" falsecount="0"/>
        <line num="114" count="60" type="stmt"/>
        <line num="116" count="60" type="cond" truecount="2" falsecount="0"/>
        <line num="118" count="2" type="stmt"/>
        <line num="119" count="2" type="stmt"/>
        <line num="123" count="2" type="stmt"/>
        <line num="132" count="60" type="stmt"/>
        <line num="133" count="4" type="stmt"/>
        <line num="135" count="4" type="stmt"/>
        <line num="141" count="4" type="cond" truecount="2" falsecount="0"/>
        <line num="142" count="1" type="stmt"/>
        <line num="143" count="1" type="stmt"/>
        <line num="146" count="3" type="cond" truecount="1" falsecount="1"/>
        <line num="149" count="60" type="stmt"/>
        <line num="164" count="5" type="stmt"/>
        <line num="176" count="121" type="stmt"/>
        <line num="181" count="4" type="stmt"/>
        <line num="219" count="42" type="stmt"/>
      </file>
      <file name="CheckoutButton.jsx" path="/home/runner/work/amazonQA.com/amazonQA.com/web/src/components/CheckoutButton.jsx">
        <metrics statements="25" coveredstatements="23" conditionals="28" coveredconditionals="24" methods="4" coveredmethods="4"/>
        <line num="11" count="2" type="cond" truecount="1" falsecount="0"/>
        <line num="12" count="11" type="stmt"/>
        <line num="13" count="11" type="stmt"/>
        <line num="14" count="11" type="stmt"/>
        <line num="15" count="11" type="stmt"/>
        <line num="16" count="11" type="cond" truecount="2" falsecount="1"/>
        <line num="17" count="11" type="cond" truecount="2" falsecount="0"/>
        <line num="19" count="11" type="stmt"/>
        <line num="20" count="5" type="cond" truecount="1" falsecount="1"/>
        <line num="21" count="0" type="stmt"/>
        <line num="22" count="0" type="stmt"/>
        <line num="25" count="5" type="cond" truecount="2" falsecount="0"/>
        <line num="26" count="2" type="stmt"/>
        <line num="28" count="2" type="stmt"/>
        <line num="29" count="2" type="stmt"/>
        <line num="32" count="3" type="stmt"/>
        <line num="34" count="3" type="cond" truecount="3" falsecount="1"/>
        <line num="38" count="5" type="stmt"/>
        <line num="39" count="3" type="stmt"/>
        <line num="43" count="3" type="cond" truecount="4" falsecount="0"/>
        <line num="45" count="5" type="stmt"/>
        <line num="46" count="2" type="stmt"/>
        <line num="47" count="2" type="stmt"/>
        <line num="54" count="1" type="cond" truecount="1" falsecount="1"/>
        <line num="58" count="11" type="stmt"/>
      </file>
      <file name="Footer.jsx" path="/home/runner/work/amazonQA.com/amazonQA.com/web/src/components/Footer.jsx">
        <metrics statements="5" coveredstatements="5" conditionals="0" coveredconditionals="0" methods="2" coveredmethods="2"/>
        <line num="5" count="3" type="stmt"/>
        <line num="6" count="21" type="stmt"/>
        <line num="8" count="21" type="stmt"/>
        <line num="9" count="1" type="stmt"/>
        <line num="12" count="21" type="stmt"/>
      </file>
      <file name="Login.jsx" path="/home/runner/work/amazonQA.com/amazonQA.com/web/src/components/Login.jsx">
        <metrics statements="34" coveredstatements="34" conditionals="24" coveredconditionals="24" methods="7" coveredmethods="7"/>
        <line num="26" count="2" type="stmt"/>
        <line num="27" count="135" type="stmt"/>
        <line num="28" count="135" type="stmt"/>
        <line num="29" count="135" type="stmt"/>
        <line num="32" count="135" type="stmt"/>
        <line num="33" count="135" type="cond" truecount="2" falsecount="0"/>
        <line num="35" count="135" type="stmt"/>
        <line num="36" count="135" type="stmt"/>
        <line num="37" count="135" type="stmt"/>
        <line num="38" count="135" type="stmt"/>
        <line num="39" count="135" type="stmt"/>
        <line num="53" count="135" type="stmt"/>
        <line num="54" count="8" type="stmt"/>
        <line num="55" count="8" type="stmt"/>
        <line num="57" count="8" type="cond" truecount="4" falsecount="0"/>
        <line num="58" count="2" type="stmt"/>
        <line num="59" count="2" type="stmt"/>
        <line num="62" count="6" type="stmt"/>
        <line num="63" count="6" type="stmt"/>
        <line num="64" count="6" type="stmt"/>
        <line num="65" count="5" type="cond" truecount="2" falsecount="0"/>
        <line num="66" count="8" type="stmt"/>
        <line num="68" count="8" type="cond" truecount="2" falsecount="0"/>
        <line num="69" count="1" type="stmt"/>
        <line num="72" count="4" type="stmt"/>
        <line num="85" count="8" type="stmt"/>
        <line num="86" count="8" type="stmt"/>
        <line num="88" count="2" type="cond" truecount="2" falsecount="0"/>
        <line num="90" count="6" type="stmt"/>
        <line num="94" count="135" type="stmt"/>
        <line num="153" count="1" type="stmt"/>
        <line num="167" count="78" type="stmt"/>
        <line num="180" count="30" type="stmt"/>
        <line num="188" count="2" type="stmt"/>
      </file>
      <file name="PaymentsPage.jsx" path="/home/runner/work/amazonQA.com/amazonQA.com/web/src/components/PaymentsPage.jsx">
        <metrics statements="102" coveredstatements="85" conditionals="92" coveredconditionals="66" methods="19" coveredmethods="14"/>
        <line num="27" count="3" type="stmt"/>
        <line num="30" count="10" type="stmt"/>
        <line num="31" count="10" type="cond" truecount="1" falsecount="1"/>
        <line num="32" count="10" type="cond" truecount="1" falsecount="1"/>
        <line num="33" count="10" type="cond" truecount="1" falsecount="1"/>
        <line num="34" count="10" type="cond" truecount="1" falsecount="1"/>
        <line num="35" count="10" type="cond" truecount="1" falsecount="1"/>
        <line num="36" count="10" type="cond" truecount="1" falsecount="1"/>
        <line num="37" count="10" type="cond" truecount="1" falsecount="1"/>
        <line num="38" count="10" type="cond" truecount="1" falsecount="1"/>
        <line num="39" count="10" type="cond" truecount="1" falsecount="1"/>
        <line num="40" count="10" type="cond" truecount="1" falsecount="1"/>
        <line num="41" count="10" type="stmt"/>
        <line num="45" count="0" type="stmt"/>
        <line num="46" count="0" type="stmt"/>
        <line num="50" count="0" type="stmt"/>
        <line num="51" count="0" type="cond" truecount="0" falsecount="2"/>
        <line num="52" count="0" type="stmt"/>
        <line num="55" count="3" type="stmt"/>
        <line num="63" count="3" type="cond" truecount="1" falsecount="0"/>
        <line num="64" count="27" type="stmt"/>
        <line num="65" count="27" type="stmt"/>
        <line num="66" count="27" type="stmt"/>
        <line num="68" count="27" type="stmt"/>
        <line num="69" count="27" type="cond" truecount="1" falsecount="1"/>
        <line num="71" count="27" type="cond" truecount="2" falsecount="0"/>
        <line num="73" count="27" type="stmt"/>
        <line num="74" count="27" type="stmt"/>
        <line num="75" count="27" type="stmt"/>
        <line num="76" count="27" type="stmt"/>
        <line num="77" count="27" type="cond" truecount="2" falsecount="0"/>
        <line num="78" count="27" type="stmt"/>
        <line num="80" count="27" type="stmt"/>
        <line num="81" count="10" type="stmt"/>
        <line num="85" count="27" type="stmt"/>
        <line num="86" count="11" type="cond" truecount="2" falsecount="0"/>
        <line num="87" count="11" type="stmt"/>
        <line num="90" count="27" type="stmt"/>
        <line num="91" count="27" type="cond" truecount="2" falsecount="0"/>
        <line num="92" count="26" type="cond" truecount="2" falsecount="0"/>
        <line num="93" count="23" type="stmt"/>
        <line num="96" count="110" type="stmt"/>
        <line num="97" count="0" type="stmt"/>
        <line num="99" count="0" type="cond" truecount="0" falsecount="2"/>
        <line num="100" count="0" type="stmt"/>
        <line num="103" count="0" type="cond" truecount="0" falsecount="2"/>
        <line num="104" count="0" type="stmt"/>
        <line num="107" count="0" type="cond" truecount="0" falsecount="2"/>
        <line num="108" count="0" type="stmt"/>
        <line num="111" count="0" type="stmt"/>
        <line num="114" count="27" type="stmt"/>
        <line num="115" count="6" type="stmt"/>
        <line num="120" count="6" type="cond" truecount="4" falsecount="0"/>
        <line num="121" count="4" type="stmt"/>
        <line num="122" count="4" type="stmt"/>
        <line num="123" count="4" type="stmt"/>
        <line num="124" count="4" type="stmt"/>
        <line num="125" count="4" type="cond" truecount="1" falsecount="1"/>
        <line num="126" count="4" type="stmt"/>
        <line num="129" count="6" type="stmt"/>
        <line num="132" count="27" type="stmt"/>
        <line num="133" count="7" type="cond" truecount="1" falsecount="1"/>
        <line num="134" count="0" type="stmt"/>
        <line num="135" count="0" type="stmt"/>
        <line num="136" count="0" type="stmt"/>
        <line num="139" count="7" type="cond" truecount="2" falsecount="0"/>
        <line num="140" count="3" type="cond" truecount="5" falsecount="0"/>
        <line num="141" count="1" type="stmt"/>
        <line num="142" count="1" type="stmt"/>
        <line num="144" count="2" type="cond" truecount="2" falsecount="0"/>
        <line num="145" count="1" type="stmt"/>
        <line num="146" count="1" type="stmt"/>
        <line num="150" count="5" type="stmt"/>
        <line num="151" count="5" type="stmt"/>
        <line num="153" count="5" type="stmt"/>
        <line num="154" count="5" type="cond" truecount="2" falsecount="0"/>
        <line num="155" count="4" type="stmt"/>
        <line num="157" count="4" type="cond" truecount="2" falsecount="0"/>
        <line num="158" count="1" type="stmt"/>
        <line num="159" count="1" type="stmt"/>
        <line num="162" count="3" type="cond" truecount="2" falsecount="0"/>
        <line num="163" count="1" type="stmt"/>
        <line num="164" count="1" type="stmt"/>
        <line num="166" count="1" type="cond" truecount="1" falsecount="1"/>
        <line num="167" count="1" type="stmt"/>
        <line num="168" count="1" type="stmt"/>
        <line num="172" count="2" type="stmt"/>
        <line num="173" count="2" type="cond" truecount="2" falsecount="0"/>
        <line num="174" count="1" type="stmt"/>
        <line num="176" count="1" type="stmt"/>
        <line num="179" count="2" type="stmt"/>
        <line num="180" count="2" type="stmt"/>
        <line num="191" count="1" type="cond" truecount="1" falsecount="1"/>
        <line num="193" count="5" type="stmt"/>
        <line num="197" count="27" type="cond" truecount="2" falsecount="0"/>
        <line num="198" count="1" type="stmt"/>
        <line num="207" count="26" type="stmt"/>
        <line num="223" count="4" type="stmt"/>
        <line num="234" count="0" type="stmt"/>
        <line num="236" count="32" type="stmt"/>
        <line num="237" count="24" type="stmt"/>
        <line num="246" count="1" type="stmt"/>
      </file>
      <file name="Product.jsx" path="/home/runner/work/amazonQA.com/amazonQA.com/web/src/components/Product.jsx">
        <metrics statements="11" coveredstatements="11" conditionals="25" coveredconditionals="22" methods="7" coveredmethods="6"/>
        <line num="21" count="2" type="cond" truecount="1" falsecount="1"/>
        <line num="22" count="7" type="stmt"/>
        <line num="23" count="7" type="stmt"/>
        <line num="24" count="7" type="stmt"/>
        <line num="25" count="7" type="stmt"/>
        <line num="39" count="7" type="stmt"/>
        <line num="54" count="1" type="stmt"/>
        <line num="83" count="1" type="stmt"/>
        <line num="136" count="1" type="stmt"/>
        <line num="139" count="70" type="stmt"/>
        <line num="151" count="1" type="stmt"/>
      </file>
      <file name="ProductDetails.jsx" path="/home/runner/work/amazonQA.com/amazonQA.com/web/src/components/ProductDetails.jsx">
        <metrics statements="26" coveredstatements="26" conditionals="10" coveredconditionals="10" methods="8" coveredmethods="8"/>
        <line num="28" count="2" type="stmt"/>
        <line num="29" count="19" type="stmt"/>
        <line num="30" count="19" type="stmt"/>
        <line num="31" count="19" type="stmt"/>
        <line num="32" count="19" type="stmt"/>
        <line num="33" count="19" type="stmt"/>
        <line num="34" count="19" type="stmt"/>
        <line num="36" count="19" type="stmt"/>
        <line num="37" count="7" type="stmt"/>
        <line num="38" count="7" type="stmt"/>
        <line num="39" count="7" type="stmt"/>
        <line num="40" count="7" type="stmt"/>
        <line num="41" count="5" type="stmt"/>
        <line num="43" count="1" type="stmt"/>
        <line num="45" count="6" type="stmt"/>
        <line num="48" count="7" type="stmt"/>
        <line num="51" count="19" type="cond" truecount="2" falsecount="0"/>
        <line num="52" count="7" type="stmt"/>
        <line num="61" count="12" type="cond" truecount="2" falsecount="0"/>
        <line num="62" count="3" type="stmt"/>
        <line num="69" count="1" type="stmt"/>
        <line num="78" count="9" type="stmt"/>
        <line num="82" count="1" type="stmt"/>
        <line num="172" count="1" type="stmt"/>
        <line num="175" count="90" type="stmt"/>
        <line num="187" count="1" type="stmt"/>
      </file>
      <file name="Register.jsx" path="/home/runner/work/amazonQA.com/amazonQA.com/web/src/components/Register.jsx">
        <metrics statements="164" coveredstatements="135" conditionals="167" coveredconditionals="134" methods="52" coveredmethods="41"/>
        <line num="47" count="2" type="stmt"/>
        <line num="48" count="13" type="stmt"/>
        <line num="49" count="13" type="cond" truecount="2" falsecount="0"/>
        <line num="50" count="12" type="cond" truecount="2" falsecount="0"/>
        <line num="51" count="11" type="stmt"/>
        <line num="52" count="99" type="stmt"/>
        <line num="53" count="11" type="stmt"/>
        <line num="54" count="11" type="cond" truecount="3" falsecount="1"/>
        <line num="55" count="11" type="cond" truecount="1" falsecount="1"/>
        <line num="56" count="11" type="stmt"/>
        <line num="57" count="110" type="stmt"/>
        <line num="58" count="11" type="stmt"/>
        <line num="59" count="11" type="cond" truecount="3" falsecount="1"/>
        <line num="60" count="11" type="stmt"/>
        <line num="69" count="2" type="stmt"/>
        <line num="70" count="1" type="stmt"/>
        <line num="71" count="1" type="cond" truecount="1" falsecount="1"/>
        <line num="72" count="1" type="cond" truecount="1" falsecount="1"/>
        <line num="73" count="0" type="stmt"/>
        <line num="74" count="0" type="stmt"/>
        <line num="75" count="0" type="stmt"/>
        <line num="76" count="0" type="stmt"/>
        <line num="77" count="0" type="cond" truecount="0" falsecount="2"/>
        <line num="79" count="0" type="stmt"/>
        <line num="80" count="0" type="stmt"/>
        <line num="81" count="0" type="stmt"/>
        <line num="82" count="0" type="stmt"/>
        <line num="94" count="14" type="stmt"/>
        <line num="103" count="2" type="stmt"/>
        <line num="104" count="132" type="stmt"/>
        <line num="116" count="2" type="stmt"/>
        <line num="117" count="14" type="stmt"/>
        <line num="130" count="2" type="stmt"/>
        <line num="131" count="143" type="stmt"/>
        <line num="142" count="2" type="stmt"/>
        <line num="143" count="56" type="stmt"/>
        <line num="158" count="2" type="stmt"/>
        <line num="159" count="345" type="stmt"/>
        <line num="160" count="345" type="cond" truecount="2" falsecount="0"/>
        <line num="161" count="345" type="cond" truecount="2" falsecount="0"/>
        <line num="162" count="345" type="cond" truecount="2" falsecount="0"/>
        <line num="163" count="345" type="cond" truecount="2" falsecount="0"/>
        <line num="164" count="345" type="cond" truecount="2" falsecount="0"/>
        <line num="165" count="314" type="cond" truecount="2" falsecount="0"/>
        <line num="166" count="244" type="cond" truecount="2" falsecount="0"/>
        <line num="167" count="230" type="stmt"/>
        <line num="172" count="2" type="stmt"/>
        <line num="193" count="2" type="stmt"/>
        <line num="194" count="36" type="stmt"/>
        <line num="199" count="2" type="stmt"/>
        <line num="201" count="2" type="stmt"/>
        <line num="202" count="960" type="stmt"/>
        <line num="203" count="960" type="stmt"/>
        <line num="204" count="960" type="stmt"/>
        <line num="206" count="960" type="stmt"/>
        <line num="207" count="960" type="stmt"/>
        <line num="208" count="960" type="stmt"/>
        <line num="209" count="960" type="stmt"/>
        <line num="210" count="960" type="stmt"/>
        <line num="211" count="960" type="stmt"/>
        <line num="212" count="960" type="stmt"/>
        <line num="213" count="960" type="stmt"/>
        <line num="215" count="960" type="stmt"/>
        <line num="219" count="960" type="stmt"/>
        <line num="220" count="908" type="stmt"/>
        <line num="221" count="908" type="stmt"/>
        <line num="233" count="960" type="stmt"/>
        <line num="234" count="56" type="stmt"/>
        <line num="235" count="56" type="stmt"/>
        <line num="236" count="56" type="stmt"/>
        <line num="237" count="56" type="cond" truecount="2" falsecount="0"/>
        <line num="238" count="7" type="stmt"/>
        <line num="239" count="7" type="stmt"/>
        <line num="240" count="7" type="stmt"/>
        <line num="241" count="7" type="stmt"/>
        <line num="242" count="6" type="stmt"/>
        <line num="243" count="6" type="cond" truecount="2" falsecount="0"/>
        <line num="244" count="1" type="stmt"/>
        <line num="245" count="1" type="stmt"/>
        <line num="247" count="5" type="stmt"/>
        <line num="248" count="5" type="stmt"/>
        <line num="257" count="1" type="stmt"/>
        <line num="258" count="1" type="stmt"/>
        <line num="260" count="7" type="stmt"/>
        <line num="274" count="960" type="stmt"/>
        <line num="275" count="14" type="stmt"/>
        <line num="276" count="14" type="stmt"/>
        <line num="278" count="14" type="cond" truecount="2" falsecount="0"/>
        <line num="279" count="14" type="cond" truecount="2" falsecount="0"/>
        <line num="280" count="14" type="cond" truecount="2" falsecount="0"/>
        <line num="281" count="14" type="cond" truecount="4" falsecount="0"/>
        <line num="282" count="1" type="stmt"/>
        <line num="284" count="14" type="cond" truecount="2" falsecount="0"/>
        <line num="285" count="14" type="cond" truecount="1" falsecount="1"/>
        <line num="287" count="14" type="cond" truecount="2" falsecount="0"/>
        <line num="288" count="13" type="cond" truecount="2" falsecount="0"/>
        <line num="290" count="1" type="cond" truecount="1" falsecount="1"/>
        <line num="291" count="1" type="cond" truecount="1" falsecount="1"/>
        <line num="294" count="14" type="stmt"/>
        <line num="295" count="14" type="stmt"/>
        <line num="305" count="960" type="stmt"/>
        <line num="306" count="5" type="stmt"/>
        <line num="307" count="5" type="stmt"/>
        <line num="309" count="5" type="cond" truecount="4" falsecount="0"/>
        <line num="310" count="1" type="stmt"/>
        <line num="312" count="5" type="cond" truecount="2" falsecount="0"/>
        <line num="313" count="5" type="cond" truecount="2" falsecount="0"/>
        <line num="314" count="5" type="cond" truecount="2" falsecount="0"/>
        <line num="315" count="5" type="cond" truecount="2" falsecount="0"/>
        <line num="317" count="5" type="stmt"/>
        <line num="318" count="5" type="stmt"/>
        <line num="323" count="960" type="stmt"/>
        <line num="324" count="14" type="cond" truecount="4" falsecount="0"/>
        <line num="327" count="960" type="stmt"/>
        <line num="340" count="960" type="stmt"/>
        <line num="341" count="5" type="stmt"/>
        <line num="342" count="5" type="cond" truecount="2" falsecount="0"/>
        <line num="344" count="4" type="stmt"/>
        <line num="345" count="4" type="stmt"/>
        <line num="346" count="4" type="stmt"/>
        <line num="365" count="2" type="stmt"/>
        <line num="366" count="3" type="stmt"/>
        <line num="369" count="2" type="cond" truecount="3" falsecount="2"/>
        <line num="370" count="0" type="stmt"/>
        <line num="371" count="0" type="stmt"/>
        <line num="390" count="0" type="stmt"/>
        <line num="391" count="0" type="cond" truecount="0" falsecount="2"/>
        <line num="392" count="0" type="stmt"/>
        <line num="394" count="0" type="stmt"/>
        <line num="395" count="0" type="stmt"/>
        <line num="396" count="2" type="cond" truecount="3" falsecount="3"/>
        <line num="398" count="0" type="stmt"/>
        <line num="399" count="0" type="stmt"/>
        <line num="402" count="0" type="cond" truecount="0" falsecount="2"/>
        <line num="403" count="0" type="cond" truecount="0" falsecount="2"/>
        <line num="404" count="0" type="stmt"/>
        <line num="405" count="0" type="cond" truecount="0" falsecount="2"/>
        <line num="407" count="2" type="cond" truecount="2" falsecount="0"/>
        <line num="410" count="4" type="stmt"/>
        <line num="416" count="960" type="cond" truecount="2" falsecount="0"/>
        <line num="420" count="960" type="stmt"/>
        <line num="468" count="1920" type="stmt"/>
        <line num="504" count="2" type="cond" truecount="2" falsecount="0"/>
        <line num="543" count="0" type="stmt"/>
        <line num="554" count="14" type="stmt"/>
        <line num="576" count="54" type="stmt"/>
        <line num="588" count="65" type="stmt"/>
        <line num="603" count="132" type="stmt"/>
        <line num="619" count="182" type="stmt"/>
        <line num="632" count="143" type="stmt"/>
        <line num="647" count="130" type="stmt"/>
        <line num="656" count="1" type="stmt"/>
        <line num="687" count="117" type="stmt"/>
        <line num="696" count="1" type="stmt"/>
        <line num="736" count="56" type="stmt"/>
        <line num="763" count="0" type="stmt"/>
        <line num="775" count="12" type="stmt"/>
        <line num="791" count="0" type="stmt"/>
        <line num="802" count="0" type="stmt"/>
        <line num="816" count="0" type="stmt"/>
        <line num="828" count="0" type="stmt"/>
        <line num="850" count="1" type="cond" truecount="1" falsecount="1"/>
        <line num="858" count="0" type="stmt"/>
        <line num="936" count="1" type="stmt"/>
      </file>
      <file name="Subnav.jsx" path="/home/runner/work/amazonQA.com/amazonQA.com/web/src/components/Subnav.jsx">
        <metrics statements="8" coveredstatements="8" conditionals="14" coveredconditionals="13" methods="6" coveredmethods="5"/>
        <line num="6" count="2" type="stmt"/>
        <line num="15" count="2" type="stmt"/>
        <line num="23" count="2" type="cond" truecount="1" falsecount="1"/>
        <line num="24" count="19" type="stmt"/>
        <line num="43" count="1" type="stmt"/>
        <line num="67" count="114" type="stmt"/>
        <line num="72" count="1" type="stmt"/>
        <line num="189" count="95" type="stmt"/>
      </file>
      <file name="ThankYouPage.jsx" path="/home/runner/work/amazonQA.com/amazonQA.com/web/src/components/ThankYouPage.jsx">
        <metrics statements="33" coveredstatements="33" conditionals="43" coveredconditionals="32" methods="12" coveredmethods="12"/>
        <line num="23" count="2" type="cond" truecount="1" falsecount="0"/>
        <line num="24" count="5" type="stmt"/>
        <line num="25" count="5" type="stmt"/>
        <line num="26" count="5" type="stmt"/>
        <line num="28" count="5" type="cond" truecount="1" falsecount="1"/>
        <line num="29" count="5" type="cond" truecount="1" falsecount="1"/>
        <line num="30" count="5" type="cond" truecount="1" falsecount="1"/>
        <line num="31" count="5" type="stmt"/>
        <line num="37" count="5" type="stmt"/>
        <line num="38" count="8" type="cond" truecount="1" falsecount="1"/>
        <line num="41" count="5" type="stmt"/>
        <line num="42" count="5" type="cond" truecount="2" falsecount="0"/>
        <line num="43" count="8" type="stmt"/>
        <line num="44" count="5" type="cond" truecount="2" falsecount="0"/>
        <line num="46" count="5" type="stmt"/>
        <line num="47" count="8" type="stmt"/>
        <line num="52" count="5" type="stmt"/>
        <line num="53" count="5" type="stmt"/>
        <line num="56" count="5" type="stmt"/>
        <line num="57" count="1" type="stmt"/>
        <line num="58" count="1" type="cond" truecount="1" falsecount="1"/>
        <line num="60" count="1" type="stmt"/>
        <line num="61" count="1" type="cond" truecount="3" falsecount="1"/>
        <line num="62" count="1" type="stmt"/>
        <line num="69" count="5" type="stmt"/>
        <line num="70" count="1" type="stmt"/>
        <line num="71" count="1" type="cond" truecount="1" falsecount="1"/>
        <line num="73" count="1" type="stmt"/>
        <line num="74" count="1" type="cond" truecount="3" falsecount="1"/>
        <line num="75" count="1" type="stmt"/>
        <line num="82" count="5" type="stmt"/>
        <line num="190" count="8" type="stmt"/>
        <line num="228" count="1" type="stmt"/>
      </file>
    </package>
    <package name="src.components.account">
      <metrics statements="125" coveredstatements="123" conditionals="96" coveredconditionals="71" methods="30" coveredmethods="29"/>
      <file name="AccountHome.jsx" path="/home/runner/work/amazonQA.com/amazonQA.com/web/src/components/account/AccountHome.jsx">
        <metrics statements="4" coveredstatements="4" conditionals="0" coveredconditionals="0" methods="2" coveredmethods="2"/>
        <line num="5" count="3" type="stmt"/>
        <line num="12" count="3" type="stmt"/>
        <line num="13" count="2" type="stmt"/>
        <line num="27" count="8" type="stmt"/>
      </file>
      <file name="AccountLayout.jsx" path="/home/runner/work/amazonQA.com/amazonQA.com/web/src/components/account/AccountLayout.jsx">
        <metrics statements="12" coveredstatements="10" conditionals="6" coveredconditionals="6" methods="4" coveredmethods="3"/>
        <line num="6" count="3" type="stmt"/>
        <line num="19" count="3" type="stmt"/>
        <line num="20" count="4" type="stmt"/>
        <line num="21" count="4" type="stmt"/>
        <line num="23" count="4" type="stmt"/>
        <line num="24" count="0" type="stmt"/>
        <line num="25" count="0" type="stmt"/>
        <line num="28" count="4" type="stmt"/>
        <line num="50" count="40" type="cond" truecount="2" falsecount="0"/>
        <line num="51" count="28" type="cond" truecount="2" falsecount="0"/>
        <line num="52" count="24" type="stmt"/>
        <line num="55" count="27" type="stmt"/>
      </file>
      <file name="OrderDetailsPage.jsx" path="/home/runner/work/amazonQA.com/amazonQA.com/web/src/components/account/OrderDetailsPage.jsx">
        <metrics statements="28" coveredstatements="28" conditionals="24" coveredconditionals="15" methods="6" coveredmethods="6"/>
        <line num="6" count="3" type="stmt"/>
        <line num="7" count="4" type="cond" truecount="1" falsecount="1"/>
        <line num="8" count="4" type="stmt"/>
        <line num="11" count="3" type="stmt"/>
        <line num="12" count="9" type="stmt"/>
        <line num="13" count="9" type="stmt"/>
        <line num="14" count="9" type="stmt"/>
        <line num="15" count="9" type="stmt"/>
        <line num="17" count="9" type="stmt"/>
        <line num="18" count="3" type="stmt"/>
        <line num="20" count="3" type="stmt"/>
        <line num="21" count="3" type="stmt"/>
        <line num="22" count="3" type="stmt"/>
        <line num="23" count="3" type="stmt"/>
        <line num="24" count="2" type="cond" truecount="1" falsecount="1"/>
        <line num="26" count="1" type="cond" truecount="2" falsecount="2"/>
        <line num="28" count="3" type="cond" truecount="1" falsecount="1"/>
        <line num="32" count="3" type="stmt"/>
        <line num="34" count="3" type="stmt"/>
        <line num="35" count="3" type="stmt"/>
        <line num="39" count="9" type="cond" truecount="2" falsecount="0"/>
        <line num="40" count="3" type="stmt"/>
        <line num="47" count="6" type="cond" truecount="2" falsecount="0"/>
        <line num="48" count="2" type="stmt"/>
        <line num="51" count="4" type="cond" truecount="2" falsecount="0"/>
        <line num="52" count="2" type="stmt"/>
        <line num="55" count="2" type="stmt"/>
        <line num="68" count="2" type="cond" truecount="1" falsecount="1"/>
      </file>
      <file name="OrdersPage.jsx" path="/home/runner/work/amazonQA.com/amazonQA.com/web/src/components/account/OrdersPage.jsx">
        <metrics statements="26" coveredstatements="26" conditionals="20" coveredconditionals="13" methods="6" coveredmethods="6"/>
        <line num="6" count="3" type="stmt"/>
        <line num="7" count="2" type="cond" truecount="1" falsecount="1"/>
        <line num="8" count="2" type="stmt"/>
        <line num="11" count="3" type="stmt"/>
        <line num="12" count="9" type="stmt"/>
        <line num="13" count="9" type="stmt"/>
        <line num="14" count="9" type="stmt"/>
        <line num="16" count="9" type="stmt"/>
        <line num="17" count="3" type="stmt"/>
        <line num="19" count="3" type="stmt"/>
        <line num="20" count="3" type="stmt"/>
        <line num="21" count="3" type="stmt"/>
        <line num="22" count="3" type="stmt"/>
        <line num="23" count="2" type="cond" truecount="1" falsecount="1"/>
        <line num="24" count="2" type="cond" truecount="1" falsecount="1"/>
        <line num="27" count="1" type="cond" truecount="2" falsecount="2"/>
        <line num="29" count="3" type="cond" truecount="1" falsecount="1"/>
        <line num="33" count="3" type="stmt"/>
        <line num="35" count="3" type="stmt"/>
        <line num="36" count="3" type="stmt"/>
        <line num="40" count="9" type="cond" truecount="2" falsecount="0"/>
        <line num="41" count="3" type="stmt"/>
        <line num="48" count="6" type="cond" truecount="2" falsecount="0"/>
        <line num="49" count="2" type="stmt"/>
        <line num="52" count="4" type="stmt"/>
        <line num="63" count="2" type="stmt"/>
      </file>
      <file name="UserAddressPage.jsx" path="/home/runner/work/amazonQA.com/amazonQA.com/web/src/components/account/UserAddressPage.jsx">
        <metrics statements="34" coveredstatements="34" conditionals="30" coveredconditionals="27" methods="8" coveredmethods="8"/>
        <line num="6" count="3" type="stmt"/>
        <line num="16" count="3" type="stmt"/>
        <line num="17" count="29" type="stmt"/>
        <line num="18" count="29" type="stmt"/>
        <line num="19" count="29" type="stmt"/>
        <line num="20" count="29" type="stmt"/>
        <line num="22" count="29" type="stmt"/>
        <line num="23" count="5" type="stmt"/>
        <line num="25" count="5" type="stmt"/>
        <line num="26" count="5" type="stmt"/>
        <line num="27" count="5" type="stmt"/>
        <line num="28" count="5" type="stmt"/>
        <line num="29" count="4" type="cond" truecount="1" falsecount="1"/>
        <line num="31" count="4" type="stmt"/>
        <line num="41" count="1" type="cond" truecount="3" falsecount="1"/>
        <line num="43" count="5" type="cond" truecount="1" falsecount="1"/>
        <line num="47" count="5" type="stmt"/>
        <line num="48" count="5" type="stmt"/>
        <line num="49" count="5" type="stmt"/>
        <line num="53" count="154" type="stmt"/>
        <line num="54" count="9" type="stmt"/>
        <line num="57" count="29" type="stmt"/>
        <line num="58" count="3" type="stmt"/>
        <line num="60" count="3" type="stmt"/>
        <line num="61" count="3" type="stmt"/>
        <line num="62" count="3" type="stmt"/>
        <line num="63" count="1" type="stmt"/>
        <line num="65" count="2" type="cond" truecount="2" falsecount="0"/>
        <line num="67" count="3" type="stmt"/>
        <line num="71" count="29" type="cond" truecount="2" falsecount="0"/>
        <line num="72" count="5" type="stmt"/>
        <line num="79" count="24" type="cond" truecount="2" falsecount="0"/>
        <line num="80" count="2" type="stmt"/>
        <line num="83" count="22" type="stmt"/>
      </file>
      <file name="UserProfilePage.jsx" path="/home/runner/work/amazonQA.com/amazonQA.com/web/src/components/account/UserProfilePage.jsx">
        <metrics statements="21" coveredstatements="21" conditionals="16" coveredconditionals="10" methods="4" coveredmethods="4"/>
        <line num="5" count="3" type="stmt"/>
        <line num="6" count="5" type="stmt"/>
        <line num="7" count="5" type="stmt"/>
        <line num="8" count="5" type="stmt"/>
        <line num="10" count="5" type="stmt"/>
        <line num="11" count="2" type="stmt"/>
        <line num="13" count="2" type="stmt"/>
        <line num="14" count="2" type="stmt"/>
        <line num="15" count="2" type="stmt"/>
        <line num="16" count="2" type="stmt"/>
        <line num="17" count="1" type="cond" truecount="1" falsecount="1"/>
        <line num="19" count="1" type="cond" truecount="2" falsecount="2"/>
        <line num="21" count="2" type="cond" truecount="1" falsecount="1"/>
        <line num="25" count="2" type="stmt"/>
        <line num="27" count="2" type="stmt"/>
        <line num="28" count="2" type="stmt"/>
        <line num="32" count="5" type="cond" truecount="2" falsecount="0"/>
        <line num="33" count="2" type="stmt"/>
        <line num="40" count="3" type="cond" truecount="2" falsecount="0"/>
        <line num="41" count="2" type="stmt"/>
        <line num="44" count="1" type="stmt"/>
      </file>
    </package>
    <package name="src.components.admin">
      <metrics statements="77" coveredstatements="74" conditionals="46" coveredconditionals="33" methods="22" coveredmethods="22"/>
      <file name="AdminHomePage.jsx" path="/home/runner/work/amazonQA.com/amazonQA.com/web/src/components/admin/AdminHomePage.jsx">
        <metrics statements="4" coveredstatements="4" conditionals="0" coveredconditionals="0" methods="2" coveredmethods="2"/>
        <line num="5" count="2" type="stmt"/>
        <line num="20" count="2" type="stmt"/>
        <line num="21" count="1" type="stmt"/>
        <line num="35" count="2" type="stmt"/>
      </file>
      <file name="AdminProductsPage.jsx" path="/home/runner/work/amazonQA.com/amazonQA.com/web/src/components/admin/AdminProductsPage.jsx">
        <metrics statements="32" coveredstatements="32" conditionals="20" coveredconditionals="14" methods="10" coveredmethods="10"/>
        <line num="6" count="3" type="stmt"/>
        <line num="7" count="17" type="stmt"/>
        <line num="8" count="17" type="stmt"/>
        <line num="9" count="17" type="stmt"/>
        <line num="10" count="17" type="stmt"/>
        <line num="12" count="17" type="stmt"/>
        <line num="13" count="10" type="cond" truecount="2" falsecount="2"/>
        <line num="17" count="17" type="stmt"/>
        <line num="18" count="5" type="stmt"/>
        <line num="19" count="5" type="stmt"/>
        <line num="20" count="5" type="stmt"/>
        <line num="21" count="5" type="stmt"/>
        <line num="22" count="4" type="cond" truecount="1" falsecount="1"/>
        <line num="24" count="1" type="cond" truecount="1" falsecount="1"/>
        <line num="26" count="5" type="stmt"/>
        <line num="30" count="17" type="stmt"/>
        <line num="31" count="5" type="stmt"/>
        <line num="34" count="17" type="stmt"/>
        <line num="35" count="3" type="stmt"/>
        <line num="36" count="3" type="cond" truecount="2" falsecount="0"/>
        <line num="38" count="2" type="stmt"/>
        <line num="39" count="2" type="stmt"/>
        <line num="40" count="2" type="stmt"/>
        <line num="41" count="1" type="stmt"/>
        <line num="42" count="1" type="stmt"/>
        <line num="44" count="1" type="cond" truecount="1" falsecount="1"/>
        <line num="46" count="2" type="stmt"/>
        <line num="50" count="17" type="cond" truecount="2" falsecount="0"/>
        <line num="51" count="5" type="stmt"/>
        <line num="58" count="12" type="stmt"/>
        <line num="72" count="10" type="stmt"/>
        <line num="97" count="3" type="stmt"/>
      </file>
      <file name="AdminUsersPage.jsx" path="/home/runner/work/amazonQA.com/amazonQA.com/web/src/components/admin/AdminUsersPage.jsx">
        <metrics statements="41" coveredstatements="38" conditionals="26" coveredconditionals="19" methods="10" coveredmethods="10"/>
        <line num="7" count="3" type="stmt"/>
        <line num="8" count="14" type="stmt"/>
        <line num="9" count="14" type="stmt"/>
        <line num="10" count="14" type="stmt"/>
        <line num="11" count="14" type="stmt"/>
        <line num="12" count="14" type="stmt"/>
        <line num="14" count="14" type="stmt"/>
        <line num="16" count="14" type="stmt"/>
        <line num="17" count="5" type="stmt"/>
        <line num="18" count="5" type="stmt"/>
        <line num="19" count="5" type="stmt"/>
        <line num="20" count="5" type="stmt"/>
        <line num="21" count="4" type="cond" truecount="1" falsecount="1"/>
        <line num="22" count="5" type="cond" truecount="1" falsecount="1"/>
        <line num="23" count="5" type="stmt"/>
        <line num="25" count="5" type="cond" truecount="2" falsecount="0"/>
        <line num="29" count="5" type="cond" truecount="1" falsecount="1"/>
        <line num="31" count="1" type="cond" truecount="1" falsecount="1"/>
        <line num="33" count="5" type="stmt"/>
        <line num="37" count="14" type="stmt"/>
        <line num="38" count="5" type="stmt"/>
        <line num="41" count="14" type="stmt"/>
        <line num="42" count="2" type="stmt"/>
        <line num="43" count="2" type="cond" truecount="1" falsecount="1"/>
        <line num="44" count="0" type="stmt"/>
        <line num="45" count="0" type="stmt"/>
        <line num="48" count="2" type="stmt"/>
        <line num="51" count="2" type="cond" truecount="2" falsecount="0"/>
        <line num="53" count="1" type="stmt"/>
        <line num="54" count="1" type="stmt"/>
        <line num="55" count="1" type="stmt"/>
        <line num="56" count="1" type="stmt"/>
        <line num="57" count="1" type="stmt"/>
        <line num="59" count="0" type="cond" truecount="0" falsecount="2"/>
        <line num="61" count="1" type="stmt"/>
        <line num="65" count="14" type="cond" truecount="2" falsecount="0"/>
        <line num="66" count="5" type="stmt"/>
        <line num="73" count="9" type="stmt"/>
        <line num="87" count="7" type="stmt"/>
        <line num="88" count="7" type="stmt"/>
        <line num="116" count="2" type="stmt"/>
      </file>
    </package>
    <package name="src.components.payment">
      <metrics statements="16" coveredstatements="16" conditionals="26" coveredconditionals="26" methods="9" coveredmethods="9"/>
      <file name="CardBrandChips.jsx" path="/home/runner/work/amazonQA.com/amazonQA.com/web/src/components/payment/CardBrandChips.jsx">
        <metrics statements="10" coveredstatements="10" conditionals="22" coveredconditionals="22" methods="6" coveredmethods="6"/>
        <line num="4" count="4" type="stmt"/>
        <line num="57" count="4" type="cond" truecount="2" falsecount="0"/>
        <line num="58" count="26" type="stmt"/>
        <line num="60" count="111" type="stmt"/>
        <line num="62" count="26" type="cond" truecount="2" falsecount="0"/>
        <line num="64" count="3" type="stmt"/>
        <line num="71" count="30" type="stmt"/>
        <line num="72" count="30" type="stmt"/>
        <line num="74" count="30" type="stmt"/>
        <line num="108" count="1" type="stmt"/>
      </file>
      <file name="PaymentMethodSelector.jsx" path="/home/runner/work/amazonQA.com/amazonQA.com/web/src/components/payment/PaymentMethodSelector.jsx">
        <metrics statements="6" coveredstatements="6" conditionals="4" coveredconditionals="4" methods="3" coveredmethods="3"/>
        <line num="4" count="3" type="stmt"/>
        <line num="11" count="3" type="stmt"/>
        <line num="12" count="26" type="stmt"/>
        <line num="15" count="104" type="stmt"/>
        <line num="16" count="104" type="stmt"/>
        <line num="26" count="2" type="stmt"/>
      </file>
    </package>
    <package name="src.components.support">
      <metrics statements="88" coveredstatements="3" conditionals="113" coveredconditionals="0" methods="37" coveredmethods="0"/>
      <file name="SupportProductsPage.jsx" path="/home/runner/work/amazonQA.com/amazonQA.com/web/src/components/support/SupportProductsPage.jsx">
        <metrics statements="88" coveredstatements="3" conditionals="113" coveredconditionals="0" methods="37" coveredmethods="0"/>
        <line num="37" count="2" type="stmt"/>
        <line num="49" count="2" type="stmt"/>
        <line num="52" count="0" type="stmt"/>
        <line num="53" count="0" type="stmt"/>
        <line num="54" count="0" type="stmt"/>
        <line num="55" count="0" type="stmt"/>
        <line num="57" count="0" type="stmt"/>
        <line num="58" count="0" type="cond" truecount="0" falsecount="2"/>
        <line num="59" count="0" type="stmt"/>
        <line num="74" count="0" type="stmt"/>
        <line num="78" count="0" type="stmt"/>
        <line num="79" count="0" type="stmt"/>
        <line num="80" count="0" type="stmt"/>
        <line num="83" count="0" type="stmt"/>
        <line num="84" count="0" type="stmt"/>
        <line num="85" count="0" type="cond" truecount="0" falsecount="2"/>
        <line num="86" count="0" type="cond" truecount="0" falsecount="5"/>
        <line num="87" count="0" type="stmt"/>
        <line num="88" count="0" type="cond" truecount="0" falsecount="5"/>
        <line num="89" count="0" type="stmt"/>
        <line num="90" count="0" type="stmt"/>
        <line num="93" count="0" type="stmt"/>
        <line num="94" count="0" type="stmt"/>
        <line num="95" count="0" type="cond" truecount="0" falsecount="2"/>
        <line num="97" count="0" type="stmt"/>
        <line num="98" count="0" type="stmt"/>
        <line num="99" count="0" type="stmt"/>
        <line num="111" count="0" type="cond" truecount="0" falsecount="2"/>
        <line num="115" count="0" type="cond" truecount="0" falsecount="2"/>
        <line num="116" count="0" type="stmt"/>
        <line num="117" count="0" type="stmt"/>
        <line num="119" count="0" type="cond" truecount="0" falsecount="2"/>
        <line num="121" count="0" type="stmt"/>
        <line num="125" count="0" type="stmt"/>
        <line num="196" count="0" type="stmt"/>
        <line num="211" count="0" type="stmt"/>
        <line num="226" count="0" type="stmt"/>
        <line num="245" count="0" type="stmt"/>
        <line num="263" count="0" type="stmt"/>
        <line num="279" count="0" type="stmt"/>
        <line num="294" count="0" type="stmt"/>
        <line num="312" count="0" type="stmt"/>
        <line num="355" count="2" type="stmt"/>
        <line num="356" count="0" type="stmt"/>
        <line num="357" count="0" type="stmt"/>
        <line num="358" count="0" type="stmt"/>
        <line num="359" count="0" type="stmt"/>
        <line num="360" count="0" type="stmt"/>
        <line num="361" count="0" type="stmt"/>
        <line num="362" count="0" type="stmt"/>
        <line num="364" count="0" type="stmt"/>
        <line num="365" count="0" type="stmt"/>
        <line num="366" count="0" type="stmt"/>
        <line num="367" count="0" type="stmt"/>
        <line num="368" count="0" type="stmt"/>
        <line num="369" count="0" type="cond" truecount="0" falsecount="2"/>
        <line num="371" count="0" type="cond" truecount="0" falsecount="2"/>
        <line num="373" count="0" type="stmt"/>
        <line num="377" count="0" type="stmt"/>
        <line num="379" count="0" type="stmt"/>
        <line num="380" count="0" type="stmt"/>
        <line num="381" count="0" type="cond" truecount="0" falsecount="2"/>
        <line num="382" count="0" type="stmt"/>
        <line num="383" count="0" type="cond" truecount="0" falsecount="3"/>
        <line num="388" count="0" type="stmt"/>
        <line num="391" count="0" type="stmt"/>
        <line num="392" count="0" type="stmt"/>
        <line num="393" count="0" type="stmt"/>
        <line num="395" count="0" type="stmt"/>
        <line num="396" count="0" type="stmt"/>
        <line num="397" count="0" type="cond" truecount="0" falsecount="2"/>
        <line num="398" count="0" type="cond" truecount="0" falsecount="2"/>
        <line num="403" count="0" type="stmt"/>
        <line num="404" count="0" type="cond" truecount="0" falsecount="2"/>
        <line num="405" count="0" type="stmt"/>
        <line num="406" count="0" type="stmt"/>
        <line num="407" count="0" type="stmt"/>
        <line num="408" count="0" type="stmt"/>
        <line num="409" count="0" type="stmt"/>
        <line num="411" count="0" type="cond" truecount="0" falsecount="2"/>
        <line num="413" count="0" type="stmt"/>
        <line num="417" count="0" type="stmt"/>
        <line num="450" count="0" type="stmt"/>
        <line num="459" count="0" type="stmt"/>
        <line num="510" count="0" type="stmt"/>
        <line num="527" count="0" type="stmt"/>
        <line num="563" count="0" type="stmt"/>
        <line num="576" count="0" type="stmt"/>
      </file>
    </package>
    <package name="src.contexts">
      <metrics statements="79" coveredstatements="79" conditionals="33" coveredconditionals="31" methods="19" coveredmethods="19"/>
      <file name="AuthContext.jsx" path="/home/runner/work/amazonQA.com/amazonQA.com/web/src/contexts/AuthContext.jsx">
        <metrics statements="35" coveredstatements="35" conditionals="16" coveredconditionals="14" methods="6" coveredmethods="6"/>
        <line num="24" count="1" type="stmt"/>
        <line num="35" count="1" type="stmt"/>
        <line num="37" count="9" type="stmt"/>
        <line num="39" count="9" type="stmt"/>
        <line num="41" count="9" type="stmt"/>
        <line num="42" count="3" type="cond" truecount="1" falsecount="1"/>
        <line num="43" count="3" type="cond" truecount="1" falsecount="1"/>
        <line num="44" count="3" type="stmt"/>
        <line num="53" count="9" type="stmt"/>
        <line num="54" count="5" type="stmt"/>
        <line num="55" count="5" type="stmt"/>
        <line num="57" count="5" type="cond" truecount="4" falsecount="0"/>
        <line num="58" count="2" type="stmt"/>
        <line num="59" count="2" type="stmt"/>
        <line num="60" count="2" type="stmt"/>
        <line num="63" count="1" type="stmt"/>
        <line num="64" count="1" type="stmt"/>
        <line num="67" count="3" type="stmt"/>
        <line num="68" count="3" type="stmt"/>
        <line num="78" count="9" type="stmt"/>
        <line num="79" count="2" type="stmt"/>
        <line num="80" count="2" type="stmt"/>
        <line num="81" count="2" type="stmt"/>
        <line num="82" count="2" type="stmt"/>
        <line num="83" count="2" type="stmt"/>
        <line num="92" count="9" type="stmt"/>
        <line num="93" count="1" type="stmt"/>
        <line num="94" count="1" type="stmt"/>
        <line num="95" count="1" type="stmt"/>
        <line num="96" count="1" type="stmt"/>
        <line num="99" count="9" type="stmt"/>
        <line num="117" count="1" type="stmt"/>
        <line num="118" count="13" type="stmt"/>
        <line num="119" count="13" type="cond" truecount="2" falsecount="0"/>
        <line num="120" count="9" type="stmt"/>
      </file>
      <file name="DatabaseContext.jsx" path="/home/runner/work/amazonQA.com/amazonQA.com/web/src/contexts/DatabaseContext.jsx">
        <metrics statements="15" coveredstatements="15" conditionals="4" coveredconditionals="4" methods="5" coveredmethods="5"/>
        <line num="13" count="1" type="stmt"/>
        <line num="15" count="1" type="stmt"/>
        <line num="16" count="5" type="stmt"/>
        <line num="17" count="5" type="stmt"/>
        <line num="19" count="5" type="stmt"/>
        <line num="21" count="3" type="stmt"/>
        <line num="22" count="1" type="stmt"/>
        <line num="24" count="1" type="stmt"/>
        <line num="25" count="1" type="stmt"/>
        <line num="29" count="5" type="cond" truecount="2" falsecount="0"/>
        <line num="30" count="1" type="stmt"/>
        <line num="37" count="4" type="cond" truecount="2" falsecount="0"/>
        <line num="38" count="3" type="stmt"/>
        <line num="45" count="1" type="stmt"/>
        <line num="52" count="2" type="stmt"/>
      </file>
      <file name="LanguageContext.jsx" path="/home/runner/work/amazonQA.com/amazonQA.com/web/src/contexts/LanguageContext.jsx">
        <metrics statements="29" coveredstatements="29" conditionals="13" coveredconditionals="13" methods="8" coveredmethods="8"/>
        <line num="3" count="1" type="stmt"/>
        <line num="235" count="1" type="stmt"/>
        <line num="237" count="1" type="stmt"/>
        <line num="239" count="1" type="stmt"/>
        <line num="240" count="9" type="stmt"/>
        <line num="243" count="9" type="stmt"/>
        <line num="244" count="5" type="stmt"/>
        <line num="245" count="5" type="cond" truecount="4" falsecount="0"/>
        <line num="246" count="1" type="stmt"/>
        <line num="256" count="9" type="stmt"/>
        <line num="257" count="2" type="stmt"/>
        <line num="258" count="2" type="cond" truecount="2" falsecount="0"/>
        <line num="259" count="2" type="stmt"/>
        <line num="260" count="2" type="stmt"/>
        <line num="271" count="9" type="stmt"/>
        <line num="272" count="2" type="cond" truecount="2" falsecount="0"/>
        <line num="273" count="1" type="stmt"/>
        <line num="274" count="1" type="stmt"/>
        <line num="291" count="9" type="cond" truecount="1" falsecount="0"/>
        <line num="292" count="4" type="cond" truecount="2" falsecount="0"/>
        <line num="293" count="4" type="stmt"/>
        <line num="294" count="2" type="stmt"/>
        <line num="296" count="4" type="stmt"/>
        <line num="299" count="9" type="stmt"/>
        <line num="314" count="1" type="stmt"/>
        <line num="315" count="13" type="stmt"/>
        <line num="316" count="13" type="cond" truecount="2" falsecount="0"/>
        <line num="317" count="4" type="stmt"/>
        <line num="319" count="9" type="stmt"/>
      </file>
    </package>
    <package name="src.db">
      <metrics statements="73" coveredstatements="71" conditionals="49" coveredconditionals="46" methods="26" coveredmethods="24"/>
      <file name="api.js" path="/home/runner/work/amazonQA.com/amazonQA.com/web/src/db/api.js">
        <metrics statements="73" coveredstatements="71" conditionals="49" coveredconditionals="46" methods="26" coveredmethods="24"/>
        <line num="8" count="3" type="stmt"/>
        <line num="11" count="25" type="cond" truecount="1" falsecount="1"/>
        <line num="12" count="25" type="cond" truecount="2" falsecount="0"/>
        <line num="14" count="25" type="stmt"/>
        <line num="22" count="25" type="cond" truecount="2" falsecount="0"/>
        <line num="24" count="25" type="stmt"/>
        <line num="25" count="25" type="stmt"/>
        <line num="27" count="25" type="cond" truecount="4" falsecount="0"/>
        <line num="28" count="1" type="stmt"/>
        <line num="29" count="1" type="stmt"/>
        <line num="32" count="25" type="cond" truecount="2" falsecount="0"/>
        <line num="33" count="3" type="cond" truecount="2" falsecount="0"/>
        <line num="35" count="3" type="stmt"/>
        <line num="36" count="3" type="stmt"/>
        <line num="37" count="3" type="stmt"/>
        <line num="39" count="22" type="stmt"/>
        <line num="44" count="3" type="stmt"/>
        <line num="45" count="4" type="cond" truecount="2" falsecount="0"/>
        <line num="47" count="3" type="stmt"/>
        <line num="48" count="1" type="stmt"/>
        <line num="50" count="3" type="stmt"/>
        <line num="51" count="1" type="stmt"/>
        <line num="53" count="3" type="stmt"/>
        <line num="54" count="0" type="stmt"/>
        <line num="56" count="3" type="stmt"/>
        <line num="57" count="0" type="stmt"/>
        <line num="61" count="3" type="stmt"/>
        <line num="62" count="1" type="stmt"/>
        <line num="64" count="3" type="stmt"/>
        <line num="65" count="1" type="stmt"/>
        <line num="67" count="3" type="stmt"/>
        <line num="68" count="1" type="stmt"/>
        <line num="70" count="3" type="stmt"/>
        <line num="71" count="1" type="stmt"/>
        <line num="73" count="3" type="stmt"/>
        <line num="74" count="1" type="stmt"/>
        <line num="76" count="3" type="cond" truecount="1" falsecount="0"/>
        <line num="77" count="2" type="stmt"/>
        <line num="78" count="2" type="stmt"/>
        <line num="79" count="5" type="cond" truecount="5" falsecount="0"/>
        <line num="80" count="4" type="stmt"/>
        <line num="84" count="2" type="stmt"/>
        <line num="85" count="2" type="cond" truecount="2" falsecount="0"/>
        <line num="88" count="3" type="stmt"/>
        <line num="89" count="1" type="stmt"/>
        <line num="93" count="3" type="stmt"/>
        <line num="94" count="2" type="stmt"/>
        <line num="96" count="3" type="stmt"/>
        <line num="97" count="1" type="stmt"/>
        <line num="99" count="3" type="stmt"/>
        <line num="100" count="1" type="stmt"/>
        <line num="104" count="3" type="cond" truecount="1" falsecount="0"/>
        <line num="113" count="1" type="stmt"/>
        <line num="114" count="1" type="cond" truecount="1" falsecount="1"/>
        <line num="115" count="1" type="stmt"/>
        <line num="118" count="1" type="stmt"/>
        <line num="133" count="3" type="cond" truecount="1" falsecount="0"/>
        <line num="134" count="2" type="stmt"/>
        <line num="135" count="2" type="stmt"/>
        <line num="136" count="7" type="cond" truecount="5" falsecount="0"/>
        <line num="137" count="5" type="stmt"/>
        <line num="141" count="2" type="stmt"/>
        <line num="142" count="2" type="cond" truecount="1" falsecount="1"/>
        <line num="145" count="3" type="stmt"/>
        <line num="146" count="2" type="stmt"/>
        <line num="148" count="3" type="cond" truecount="1" falsecount="0"/>
        <line num="149" count="1" type="stmt"/>
        <line num="151" count="3" type="stmt"/>
        <line num="152" count="1" type="stmt"/>
        <line num="156" count="3" type="cond" truecount="1" falsecount="0"/>
        <line num="157" count="1" type="stmt"/>
        <line num="159" count="3" type="stmt"/>
        <line num="160" count="1" type="stmt"/>
      </file>
    </package>
  </project>
</coverage>
