{"/home/runner/work/amazonQA.com/amazonQA.com/web/src/App.jsx": {"path":"/home/runner/work/amazonQA.com/amazonQA.com/web/src/App.jsx","statementMap":{"0":{"start":{"line":46,"column":6},"end":{"line":129,"column":null}},"1":{"start":{"line":136,"column":15},"end":{"line":414,"column":null}},"2":{"start":{"line":137,"column":54},"end":{"line":137,"column":null}},"3":{"start":{"line":138,"column":35},"end":{"line":138,"column":null}},"4":{"start":{"line":140,"column":2},"end":{"line":412,"column":null}},"5":{"start":{"line":227,"column":29},"end":{"line":227,"column":null}},"6":{"start":{"line":416,"column":23},"end":{"line":423,"column":null}},"7":{"start":{"line":417,"column":21},"end":{"line":417,"column":null}},"8":{"start":{"line":418,"column":8},"end":{"line":418,"column":null}},"9":{"start":{"line":419,"column":2},"end":{"line":421,"column":null}},"10":{"start":{"line":420,"column":4},"end":{"line":420,"column":null}},"11":{"start":{"line":422,"column":2},"end":{"line":422,"column":null}},"12":{"start":{"line":425,"column":23},"end":{"line":431,"column":null}},"13":{"start":{"line":426,"column":15},"end":{"line":426,"column":null}},"14":{"start":{"line":427,"column":2},"end":{"line":429,"column":null}},"15":{"start":{"line":428,"column":4},"end":{"line":428,"column":null}},"16":{"start":{"line":430,"column":2},"end":{"line":430,"column":null}},"17":{"start":{"line":433,"column":25},"end":{"line":439,"column":null}},"18":{"start":{"line":434,"column":15},"end":{"line":434,"column":null}},"19":{"start":{"line":435,"column":2},"end":{"line":437,"column":null}},"20":{"start":{"line":436,"column":4},"end":{"line":436,"column":null}},"21":{"start":{"line":438,"column":2},"end":{"line":438,"column":null}},"22":{"start":{"line":441,"column":17},"end":{"line":618,"column":null}},"23":{"start":{"line":442,"column":32},"end":{"line":442,"column":null}},"24":{"start":{"line":443,"column":26},"end":{"line":443,"column":null}},"25":{"start":{"line":444,"column":54},"end":{"line":444,"column":null}},"26":{"start":{"line":445,"column":12},"end":{"line":445,"column":null}},"27":{"start":{"line":447,"column":2},"end":{"line":478,"column":null}},"28":{"start":{"line":448,"column":31},"end":{"line":455,"column":null}},"29":{"start":{"line":449,"column":29},"end":{"line":449,"column":null}},"30":{"start":{"line":450,"column":6},"end":{"line":454,"column":null}},"31":{"start":{"line":451,"column":8},"end":{"line":453,"column":null}},"32":{"start":{"line":452,"column":10},"end":{"line":452,"column":null}},"33":{"start":{"line":457,"column":33},"end":{"line":463,"column":null}},"34":{"start":{"line":458,"column":26},"end":{"line":458,"column":null}},"35":{"start":{"line":459,"column":6},"end":{"line":462,"column":null}},"36":{"start":{"line":460,"column":8},"end":{"line":460,"column":null}},"37":{"start":{"line":461,"column":8},"end":{"line":461,"column":null}},"38":{"start":{"line":465,"column":4},"end":{"line":465,"column":null}},"39":{"start":{"line":466,"column":4},"end":{"line":466,"column":null}},"40":{"start":{"line":468,"column":21},"end":{"line":471,"column":null}},"41":{"start":{"line":469,"column":6},"end":{"line":469,"column":null}},"42":{"start":{"line":470,"column":6},"end":{"line":470,"column":null}},"43":{"start":{"line":473,"column":4},"end":{"line":473,"column":null}},"44":{"start":{"line":475,"column":4},"end":{"line":477,"column":null}},"45":{"start":{"line":476,"column":6},"end":{"line":476,"column":null}},"46":{"start":{"line":480,"column":20},"end":{"line":480,"column":null}},"47":{"start":{"line":480,"column":52},"end":{"line":480,"column":73}},"48":{"start":{"line":482,"column":26},"end":{"line":497,"column":null}},"49":{"start":{"line":483,"column":4},"end":{"line":496,"column":null}},"50":{"start":{"line":484,"column":25},"end":{"line":484,"column":null}},"51":{"start":{"line":484,"column":50},"end":{"line":484,"column":72}},"52":{"start":{"line":485,"column":6},"end":{"line":495,"column":null}},"53":{"start":{"line":486,"column":8},"end":{"line":486,"column":null}},"54":{"start":{"line":487,"column":8},"end":{"line":491,"column":null}},"55":{"start":{"line":488,"column":10},"end":{"line":490,"column":null}},"56":{"start":{"line":493,"column":8},"end":{"line":493,"column":null}},"57":{"start":{"line":494,"column":8},"end":{"line":494,"column":null}},"58":{"start":{"line":499,"column":27},"end":{"line":506,"column":null}},"59":{"start":{"line":500,"column":4},"end":{"line":505,"column":null}},"60":{"start":{"line":501,"column":6},"end":{"line":501,"column":null}},"61":{"start":{"line":502,"column":6},"end":{"line":504,"column":null}},"62":{"start":{"line":503,"column":8},"end":{"line":503,"column":null}},"63":{"start":{"line":508,"column":31},"end":{"line":513,"column":null}},"64":{"start":{"line":509,"column":4},"end":{"line":512,"column":null}},"65":{"start":{"line":510,"column":6},"end":{"line":510,"column":null}},"66":{"start":{"line":511,"column":6},"end":{"line":511,"column":null}},"67":{"start":{"line":511,"column":40},"end":{"line":511,"column":62}},"68":{"start":{"line":515,"column":2},"end":{"line":616,"column":null}},"69":{"start":{"line":540,"column":49},"end":{"line":540,"column":67}},"70":{"start":{"line":548,"column":49},"end":{"line":548,"column":67}},"71":{"start":{"line":620,"column":12},"end":{"line":631,"column":null}},"72":{"start":{"line":621,"column":2},"end":{"line":629,"column":null}}},"fnMap":{"0":{"name":"(anonymous_0)","decl":{"start":{"line":136,"column":15},"end":{"line":136,"column":16}},"loc":{"start":{"line":136,"column":53},"end":{"line":414,"column":null}},"line":136},"1":{"name":"(anonymous_1)","decl":{"start":{"line":227,"column":22},"end":{"line":227,"column":23}},"loc":{"start":{"line":227,"column":29},"end":{"line":227,"column":null}},"line":227},"2":{"name":"(anonymous_2)","decl":{"start":{"line":416,"column":23},"end":{"line":416,"column":24}},"loc":{"start":{"line":416,"column":41},"end":{"line":423,"column":null}},"line":416},"3":{"name":"(anonymous_3)","decl":{"start":{"line":425,"column":23},"end":{"line":425,"column":24}},"loc":{"start":{"line":425,"column":41},"end":{"line":431,"column":null}},"line":425},"4":{"name":"(anonymous_4)","decl":{"start":{"line":433,"column":25},"end":{"line":433,"column":26}},"loc":{"start":{"line":433,"column":43},"end":{"line":439,"column":null}},"line":433},"5":{"name":"(anonymous_5)","decl":{"start":{"line":441,"column":17},"end":{"line":441,"column":23}},"loc":{"start":{"line":441,"column":23},"end":{"line":618,"column":null}},"line":441},"6":{"name":"(anonymous_6)","decl":{"start":{"line":447,"column":12},"end":{"line":447,"column":18}},"loc":{"start":{"line":447,"column":18},"end":{"line":478,"column":5}},"line":447},"7":{"name":"(anonymous_7)","decl":{"start":{"line":448,"column":31},"end":{"line":448,"column":37}},"loc":{"start":{"line":448,"column":37},"end":{"line":455,"column":null}},"line":448},"8":{"name":"(anonymous_8)","decl":{"start":{"line":450,"column":29},"end":{"line":450,"column":30}},"loc":{"start":{"line":450,"column":42},"end":{"line":454,"column":7}},"line":450},"9":{"name":"(anonymous_9)","decl":{"start":{"line":457,"column":33},"end":{"line":457,"column":39}},"loc":{"start":{"line":457,"column":39},"end":{"line":463,"column":null}},"line":457},"10":{"name":"(anonymous_10)","decl":{"start":{"line":459,"column":26},"end":{"line":459,"column":27}},"loc":{"start":{"line":459,"column":39},"end":{"line":462,"column":7}},"line":459},"11":{"name":"(anonymous_11)","decl":{"start":{"line":468,"column":42},"end":{"line":468,"column":48}},"loc":{"start":{"line":468,"column":48},"end":{"line":471,"column":5}},"line":468},"12":{"name":"(anonymous_12)","decl":{"start":{"line":475,"column":11},"end":{"line":475,"column":17}},"loc":{"start":{"line":475,"column":17},"end":{"line":477,"column":null}},"line":475},"13":{"name":"(anonymous_13)","decl":{"start":{"line":480,"column":37},"end":{"line":480,"column":38}},"loc":{"start":{"line":480,"column":52},"end":{"line":480,"column":73}},"line":480},"14":{"name":"(anonymous_14)","decl":{"start":{"line":482,"column":26},"end":{"line":482,"column":27}},"loc":{"start":{"line":482,"column":49},"end":{"line":497,"column":null}},"line":482},"15":{"name":"(anonymous_15)","decl":{"start":{"line":483,"column":17},"end":{"line":483,"column":18}},"loc":{"start":{"line":483,"column":32},"end":{"line":496,"column":5}},"line":483},"16":{"name":"(anonymous_16)","decl":{"start":{"line":484,"column":40},"end":{"line":484,"column":41}},"loc":{"start":{"line":484,"column":50},"end":{"line":484,"column":72}},"line":484},"17":{"name":"(anonymous_17)","decl":{"start":{"line":487,"column":29},"end":{"line":487,"column":30}},"loc":{"start":{"line":488,"column":10},"end":{"line":490,"column":null}},"line":488},"18":{"name":"(anonymous_18)","decl":{"start":{"line":499,"column":27},"end":{"line":499,"column":28}},"loc":{"start":{"line":499,"column":50},"end":{"line":506,"column":null}},"line":499},"19":{"name":"(anonymous_19)","decl":{"start":{"line":500,"column":17},"end":{"line":500,"column":18}},"loc":{"start":{"line":500,"column":32},"end":{"line":505,"column":5}},"line":500},"20":{"name":"(anonymous_20)","decl":{"start":{"line":502,"column":27},"end":{"line":502,"column":28}},"loc":{"start":{"line":503,"column":8},"end":{"line":503,"column":null}},"line":503},"21":{"name":"(anonymous_21)","decl":{"start":{"line":508,"column":31},"end":{"line":508,"column":32}},"loc":{"start":{"line":508,"column":44},"end":{"line":513,"column":null}},"line":508},"22":{"name":"(anonymous_22)","decl":{"start":{"line":509,"column":17},"end":{"line":509,"column":18}},"loc":{"start":{"line":509,"column":32},"end":{"line":512,"column":5}},"line":509},"23":{"name":"(anonymous_23)","decl":{"start":{"line":511,"column":30},"end":{"line":511,"column":31}},"loc":{"start":{"line":511,"column":40},"end":{"line":511,"column":62}},"line":511},"24":{"name":"(anonymous_24)","decl":{"start":{"line":540,"column":43},"end":{"line":540,"column":49}},"loc":{"start":{"line":540,"column":49},"end":{"line":540,"column":67}},"line":540},"25":{"name":"(anonymous_25)","decl":{"start":{"line":548,"column":43},"end":{"line":548,"column":49}},"loc":{"start":{"line":548,"column":49},"end":{"line":548,"column":67}},"line":548},"26":{"name":"(anonymous_26)","decl":{"start":{"line":620,"column":12},"end":{"line":620,"column":18}},"loc":{"start":{"line":620,"column":18},"end":{"line":631,"column":null}},"line":620}},"branchMap":{"0":{"loc":{"start":{"line":277,"column":9},"end":{"line":339,"column":null}},"type":"cond-expr","locations":[{"start":{"line":278,"column":10},"end":{"line":318,"column":null}},{"start":{"line":320,"column":10},"end":{"line":339,"column":null}}],"line":277},"1":{"loc":{"start":{"line":419,"column":2},"end":{"line":421,"column":null}},"type":"if","locations":[{"start":{"line":419,"column":2},"end":{"line":421,"column":null}},{"start":{},"end":{}}],"line":419},"2":{"loc":{"start":{"line":427,"column":2},"end":{"line":429,"column":null}},"type":"if","locations":[{"start":{"line":427,"column":2},"end":{"line":429,"column":null}},{"start":{},"end":{}}],"line":427},"3":{"loc":{"start":{"line":435,"column":2},"end":{"line":437,"column":null}},"type":"if","locations":[{"start":{"line":435,"column":2},"end":{"line":437,"column":null}},{"start":{},"end":{}}],"line":435},"4":{"loc":{"start":{"line":451,"column":8},"end":{"line":453,"column":null}},"type":"if","locations":[{"start":{"line":451,"column":8},"end":{"line":453,"column":null}},{"start":{},"end":{}}],"line":451},"5":{"loc":{"start":{"line":485,"column":6},"end":{"line":495,"column":null}},"type":"if","locations":[{"start":{"line":485,"column":6},"end":{"line":495,"column":null}},{"start":{"line":492,"column":13},"end":{"line":495,"column":null}}],"line":485},"6":{"loc":{"start":{"line":488,"column":10},"end":{"line":490,"column":null}},"type":"cond-expr","locations":[{"start":{"line":489,"column":14},"end":{"line":489,"column":null}},{"start":{"line":490,"column":14},"end":{"line":490,"column":null}}],"line":488},"7":{"loc":{"start":{"line":503,"column":8},"end":{"line":503,"column":null}},"type":"cond-expr","locations":[{"start":{"line":503,"column":33},"end":{"line":503,"column":68}},{"start":{"line":503,"column":68},"end":{"line":503,"column":null}}],"line":503}},"s":{"0":2,"1":2,"2":19,"3":19,"4":19,"5":0,"6":2,"7":4,"8":4,"9":4,"10":1,"11":3,"12":2,"13":2,"14":2,"15":1,"16":1,"17":2,"18":0,"19":0,"20":0,"21":0,"22":2,"23":19,"24":19,"25":19,"26":19,"27":19,"28":9,"29":12,"30":12,"31":386,"32":289,"33":9,"34":12,"35":12,"36":0,"37":0,"38":9,"39":9,"40":9,"41":3,"42":3,"43":9,"44":9,"45":9,"46":19,"47":6,"48":19,"49":5,"50":5,"51":2,"52":5,"53":1,"54":1,"55":1,"56":4,"57":4,"58":19,"59":1,"60":1,"61":1,"62":0,"63":19,"64":1,"65":1,"66":1,"67":0,"68":19,"69":0,"70":0,"71":2,"72":9},"f":{"0":19,"1":0,"2":4,"3":2,"4":0,"5":19,"6":9,"7":12,"8":386,"9":12,"10":0,"11":3,"12":9,"13":6,"14":5,"15":5,"16":2,"17":1,"18":1,"19":1,"20":0,"21":1,"22":1,"23":0,"24":0,"25":0,"26":9},"b":{"0":[2,17],"1":[1,3],"2":[1,1],"3":[0,0],"4":[289,97],"5":[1,4],"6":[1,0],"7":[0,0]},"meta":{"lastBranch":8,"lastFunction":27,"lastStatement":73,"seen":{"s:46:6:129:Infinity":0,"s:136:15:414:Infinity":1,"f:136:15:136:16":0,"s:137:54:137:Infinity":2,"s:138:35:138:Infinity":3,"s:140:2:412:Infinity":4,"f:227:22:227:23":1,"s:227:29:227:Infinity":5,"b:278:10:318:Infinity:320:10:339:Infinity":0,"s:416:23:423:Infinity":6,"f:416:23:416:24":2,"s:417:21:417:Infinity":7,"s:418:8:418:Infinity":8,"b:419:2:421:Infinity:undefined:undefined:undefined:undefined":1,"s:419:2:421:Infinity":9,"s:420:4:420:Infinity":10,"s:422:2:422:Infinity":11,"s:425:23:431:Infinity":12,"f:425:23:425:24":3,"s:426:15:426:Infinity":13,"b:427:2:429:Infinity:undefined:undefined:undefined:undefined":2,"s:427:2:429:Infinity":14,"s:428:4:428:Infinity":15,"s:430:2:430:Infinity":16,"s:433:25:439:Infinity":17,"f:433:25:433:26":4,"s:434:15:434:Infinity":18,"b:435:2:437:Infinity:undefined:undefined:undefined:undefined":3,"s:435:2:437:Infinity":19,"s:436:4:436:Infinity":20,"s:438:2:438:Infinity":21,"s:441:17:618:Infinity":22,"f:441:17:441:23":5,"s:442:32:442:Infinity":23,"s:443:26:443:Infinity":24,"s:444:54:444:Infinity":25,"s:445:12:445:Infinity":26,"s:447:2:478:Infinity":27,"f:447:12:447:18":6,"s:448:31:455:Infinity":28,"f:448:31:448:37":7,"s:449:29:449:Infinity":29,"s:450:6:454:Infinity":30,"f:450:29:450:30":8,"b:451:8:453:Infinity:undefined:undefined:undefined:undefined":4,"s:451:8:453:Infinity":31,"s:452:10:452:Infinity":32,"s:457:33:463:Infinity":33,"f:457:33:457:39":9,"s:458:26:458:Infinity":34,"s:459:6:462:Infinity":35,"f:459:26:459:27":10,"s:460:8:460:Infinity":36,"s:461:8:461:Infinity":37,"s:465:4:465:Infinity":38,"s:466:4:466:Infinity":39,"s:468:21:471:Infinity":40,"f:468:42:468:48":11,"s:469:6:469:Infinity":41,"s:470:6:470:Infinity":42,"s:473:4:473:Infinity":43,"s:475:4:477:Infinity":44,"f:475:11:475:17":12,"s:476:6:476:Infinity":45,"s:480:20:480:Infinity":46,"f:480:37:480:38":13,"s:480:52:480:73":47,"s:482:26:497:Infinity":48,"f:482:26:482:27":14,"s:483:4:496:Infinity":49,"f:483:17:483:18":15,"s:484:25:484:Infinity":50,"f:484:40:484:41":16,"s:484:50:484:72":51,"b:485:6:495:Infinity:492:13:495:Infinity":5,"s:485:6:495:Infinity":52,"s:486:8:486:Infinity":53,"s:487:8:491:Infinity":54,"f:487:29:487:30":17,"s:488:10:490:Infinity":55,"b:489:14:489:Infinity:490:14:490:Infinity":6,"s:493:8:493:Infinity":56,"s:494:8:494:Infinity":57,"s:499:27:506:Infinity":58,"f:499:27:499:28":18,"s:500:4:505:Infinity":59,"f:500:17:500:18":19,"s:501:6:501:Infinity":60,"s:502:6:504:Infinity":61,"f:502:27:502:28":20,"s:503:8:503:Infinity":62,"b:503:33:503:68:503:68:503:Infinity":7,"s:508:31:513:Infinity":63,"f:508:31:508:32":21,"s:509:4:512:Infinity":64,"f:509:17:509:18":22,"s:510:6:510:Infinity":65,"s:511:6:511:Infinity":66,"f:511:30:511:31":23,"s:511:40:511:62":67,"s:515:2:616:Infinity":68,"f:540:43:540:49":24,"s:540:49:540:67":69,"f:548:43:548:49":25,"s:548:49:548:67":70,"s:620:12:631:Infinity":71,"f:620:12:620:18":26,"s:621:2:629:Infinity":72}}}
,"/home/runner/work/amazonQA.com/amazonQA.com/web/src/components/Cart.jsx": {"path":"/home/runner/work/amazonQA.com/amazonQA.com/web/src/components/Cart.jsx","statementMap":{"0":{"start":{"line":20,"column":13},"end":{"line":195,"column":null}},"1":{"start":{"line":26,"column":12},"end":{"line":26,"column":null}},"2":{"start":{"line":27,"column":24},"end":{"line":27,"column":null}},"3":{"start":{"line":28,"column":21},"end":{"line":31,"column":null}},"4":{"start":{"line":29,"column":21},"end":{"line":29,"column":null}},"5":{"start":{"line":33,"column":21},"end":{"line":33,"column":null}},"6":{"start":{"line":33,"column":57},"end":{"line":33,"column":78}},"7":{"start":{"line":35,"column":24},"end":{"line":35,"column":null}},"8":{"start":{"line":35,"column":60},"end":{"line":35,"column":109}},"9":{"start":{"line":36,"column":21},"end":{"line":36,"column":null}},"10":{"start":{"line":37,"column":26},"end":{"line":37,"column":null}},"11":{"start":{"line":37,"column":32},"end":{"line":37,"column":null}},"12":{"start":{"line":39,"column":2},"end":{"line":193,"column":null}},"13":{"start":{"line":114,"column":18},"end":{"line":121,"column":null}}},"fnMap":{"0":{"name":"(anonymous_0)","decl":{"start":{"line":20,"column":13},"end":{"line":20,"column":14}},"loc":{"start":{"line":25,"column":6},"end":{"line":195,"column":null}},"line":25},"1":{"name":"(anonymous_1)","decl":{"start":{"line":22,"column":17},"end":{"line":22,"column":23}},"loc":{"start":{"line":22,"column":23},"end":{"line":22,"column":null}},"line":22},"2":{"name":"(anonymous_2)","decl":{"start":{"line":23,"column":21},"end":{"line":23,"column":27}},"loc":{"start":{"line":23,"column":27},"end":{"line":23,"column":null}},"line":23},"3":{"name":"(anonymous_3)","decl":{"start":{"line":24,"column":17},"end":{"line":24,"column":23}},"loc":{"start":{"line":24,"column":23},"end":{"line":24,"column":null}},"line":24},"4":{"name":"(anonymous_4)","decl":{"start":{"line":29,"column":4},"end":{"line":29,"column":5}},"loc":{"start":{"line":29,"column":21},"end":{"line":29,"column":null}},"line":29},"5":{"name":"(anonymous_5)","decl":{"start":{"line":33,"column":42},"end":{"line":33,"column":43}},"loc":{"start":{"line":33,"column":57},"end":{"line":33,"column":78}},"line":33},"6":{"name":"(anonymous_6)","decl":{"start":{"line":35,"column":45},"end":{"line":35,"column":46}},"loc":{"start":{"line":35,"column":60},"end":{"line":35,"column":109}},"line":35},"7":{"name":"(anonymous_7)","decl":{"start":{"line":37,"column":26},"end":{"line":37,"column":32}},"loc":{"start":{"line":37,"column":32},"end":{"line":37,"column":null}},"line":37},"8":{"name":"(anonymous_8)","decl":{"start":{"line":113,"column":35},"end":{"line":113,"column":36}},"loc":{"start":{"line":114,"column":18},"end":{"line":121,"column":null}},"line":114}},"branchMap":{"0":{"loc":{"start":{"line":21,"column":2},"end":{"line":21,"column":null}},"type":"default-arg","locations":[{"start":{"line":21,"column":14},"end":{"line":21,"column":null}}],"line":21},"1":{"loc":{"start":{"line":22,"column":2},"end":{"line":22,"column":null}},"type":"default-arg","locations":[{"start":{"line":22,"column":17},"end":{"line":22,"column":null}}],"line":22},"2":{"loc":{"start":{"line":23,"column":2},"end":{"line":23,"column":null}},"type":"default-arg","locations":[{"start":{"line":23,"column":21},"end":{"line":23,"column":null}}],"line":23},"3":{"loc":{"start":{"line":24,"column":2},"end":{"line":24,"column":null}},"type":"default-arg","locations":[{"start":{"line":24,"column":17},"end":{"line":24,"column":null}}],"line":24},"4":{"loc":{"start":{"line":27,"column":24},"end":{"line":27,"column":null}},"type":"cond-expr","locations":[{"start":{"line":27,"column":51},"end":{"line":27,"column":63}},{"start":{"line":27,"column":63},"end":{"line":27,"column":null}}],"line":27},"5":{"loc":{"start":{"line":35,"column":67},"end":{"line":35,"column":94}},"type":"binary-expr","locations":[{"start":{"line":35,"column":67},"end":{"line":35,"column":89}},{"start":{"line":35,"column":89},"end":{"line":35,"column":94}}],"line":35},"6":{"loc":{"start":{"line":41,"column":7},"end":{"line":191,"column":null}},"type":"cond-expr","locations":[{"start":{"line":42,"column":8},"end":{"line":75,"column":null}},{"start":{"line":77,"column":8},"end":{"line":191,"column":null}}],"line":41},"7":{"loc":{"start":{"line":120,"column":21},"end":{"line":120,"column":null}},"type":"binary-expr","locations":[{"start":{"line":120,"column":21},"end":{"line":120,"column":57}},{"start":{"line":120,"column":57},"end":{"line":120,"column":null}}],"line":120},"8":{"loc":{"start":{"line":157,"column":15},"end":{"line":163,"column":null}},"type":"binary-expr","locations":[{"start":{"line":157,"column":15},"end":{"line":157,"column":null}},{"start":{"line":158,"column":16},"end":{"line":163,"column":null}}],"line":157},"9":{"loc":{"start":{"line":173,"column":21},"end":{"line":173,"column":null}},"type":"cond-expr","locations":[{"start":{"line":173,"column":43},"end":{"line":173,"column":60}},{"start":{"line":173,"column":60},"end":{"line":173,"column":null}}],"line":173}},"s":{"0":2,"1":11,"2":11,"3":11,"4":18,"5":11,"6":18,"7":11,"8":18,"9":11,"10":11,"11":1,"12":11,"13":18},"f":{"0":11,"1":16,"2":16,"3":0,"4":18,"5":18,"6":18,"7":1,"8":18},"b":{"0":[11],"1":[16],"2":[16],"3":[0],"4":[10,1],"5":[18,18],"6":[2,9],"7":[18,9],"8":[9,9],"9":[9,0]},"meta":{"lastBranch":10,"lastFunction":9,"lastStatement":14,"seen":{"s:20:13:195:Infinity":0,"f:20:13:20:14":0,"b:21:14:21:Infinity":0,"b:22:17:22:Infinity":1,"f:22:17:22:23":1,"b:23:21:23:Infinity":2,"f:23:21:23:27":2,"b:24:17:24:Infinity":3,"f:24:17:24:23":3,"s:26:12:26:Infinity":1,"s:27:24:27:Infinity":2,"b:27:51:27:63:27:63:27:Infinity":4,"s:28:21:31:Infinity":3,"f:29:4:29:5":4,"s:29:21:29:Infinity":4,"s:33:21:33:Infinity":5,"f:33:42:33:43":5,"s:33:57:33:78":6,"s:35:24:35:Infinity":7,"f:35:45:35:46":6,"s:35:60:35:109":8,"b:35:67:35:89:35:89:35:94":5,"s:36:21:36:Infinity":9,"s:37:26:37:Infinity":10,"f:37:26:37:32":7,"s:37:32:37:Infinity":11,"s:39:2:193:Infinity":12,"b:42:8:75:Infinity:77:8:191:Infinity":6,"f:113:35:113:36":8,"s:114:18:121:Infinity":13,"b:120:21:120:57:120:57:120:Infinity":7,"b:157:15:157:Infinity:158:16:163:Infinity":8,"b:173:43:173:60:173:60:173:Infinity":9}}}
,"/home/runner/work/amazonQA.com/amazonQA.com/web/src/components/CartItem.jsx": {"path":"/home/runner/work/amazonQA.com/amazonQA.com/web/src/components/CartItem.jsx","statementMap":{"0":{"start":{"line":16,"column":17},"end":{"line":99,"column":null}},"1":{"start":{"line":17,"column":12},"end":{"line":17,"column":null}},"2":{"start":{"line":18,"column":27},"end":{"line":18,"column":null}},"3":{"start":{"line":19,"column":31},"end":{"line":19,"column":null}},"4":{"start":{"line":20,"column":19},"end":{"line":26,"column":null}},"5":{"start":{"line":27,"column":20},"end":{"line":27,"column":null}},"6":{"start":{"line":28,"column":2},"end":{"line":97,"column":null}},"7":{"start":{"line":77,"column":28},"end":{"line":77,"column":null}},"8":{"start":{"line":78,"column":16},"end":{"line":78,"column":null}},"9":{"start":{"line":78,"column":44},"end":{"line":78,"column":null}},"10":{"start":{"line":84,"column":192},"end":{"line":84,"column":224}}},"fnMap":{"0":{"name":"(anonymous_0)","decl":{"start":{"line":16,"column":17},"end":{"line":16,"column":18}},"loc":{"start":{"line":16,"column":83},"end":{"line":99,"column":null}},"line":16},"1":{"name":"(anonymous_1)","decl":{"start":{"line":18,"column":56},"end":{"line":18,"column":62}},"loc":{"start":{"line":18,"column":62},"end":{"line":18,"column":null}},"line":18},"2":{"name":"(anonymous_2)","decl":{"start":{"line":19,"column":64},"end":{"line":19,"column":70}},"loc":{"start":{"line":19,"column":70},"end":{"line":19,"column":null}},"line":19},"3":{"name":"(anonymous_3)","decl":{"start":{"line":76,"column":24},"end":{"line":76,"column":25}},"loc":{"start":{"line":76,"column":31},"end":{"line":79,"column":null}},"line":76},"4":{"name":"(anonymous_4)","decl":{"start":{"line":84,"column":186},"end":{"line":84,"column":192}},"loc":{"start":{"line":84,"column":192},"end":{"line":84,"column":224}},"line":84}},"branchMap":{"0":{"loc":{"start":{"line":18,"column":27},"end":{"line":18,"column":null}},"type":"binary-expr","locations":[{"start":{"line":18,"column":27},"end":{"line":18,"column":43}},{"start":{"line":18,"column":43},"end":{"line":18,"column":56}},{"start":{"line":18,"column":56},"end":{"line":18,"column":null}}],"line":18},"1":{"loc":{"start":{"line":19,"column":31},"end":{"line":19,"column":null}},"type":"binary-expr","locations":[{"start":{"line":19,"column":31},"end":{"line":19,"column":51}},{"start":{"line":19,"column":51},"end":{"line":19,"column":64}},{"start":{"line":19,"column":64},"end":{"line":19,"column":null}}],"line":19},"2":{"loc":{"start":{"line":22,"column":11},"end":{"line":22,"column":null}},"type":"binary-expr","locations":[{"start":{"line":22,"column":11},"end":{"line":22,"column":26}},{"start":{"line":22,"column":26},"end":{"line":22,"column":null}}],"line":22},"3":{"loc":{"start":{"line":23,"column":10},"end":{"line":23,"column":null}},"type":"binary-expr","locations":[{"start":{"line":23,"column":10},"end":{"line":23,"column":24}},{"start":{"line":23,"column":24},"end":{"line":23,"column":null}}],"line":23},"4":{"loc":{"start":{"line":24,"column":11},"end":{"line":24,"column":null}},"type":"cond-expr","locations":[{"start":{"line":24,"column":42},"end":{"line":24,"column":55}},{"start":{"line":24,"column":55},"end":{"line":24,"column":null}}],"line":24},"5":{"loc":{"start":{"line":25,"column":14},"end":{"line":25,"column":null}},"type":"cond-expr","locations":[{"start":{"line":25,"column":69},"end":{"line":25,"column":85}},{"start":{"line":25,"column":85},"end":{"line":25,"column":null}}],"line":25},"6":{"loc":{"start":{"line":25,"column":14},"end":{"line":25,"column":69}},"type":"binary-expr","locations":[{"start":{"line":25,"column":14},"end":{"line":25,"column":49}},{"start":{"line":25,"column":49},"end":{"line":25,"column":69}}],"line":25},"7":{"loc":{"start":{"line":78,"column":16},"end":{"line":78,"column":null}},"type":"if","locations":[{"start":{"line":78,"column":16},"end":{"line":78,"column":null}},{"start":{},"end":{}}],"line":78},"8":{"loc":{"start":{"line":78,"column":20},"end":{"line":78,"column":44}},"type":"binary-expr","locations":[{"start":{"line":78,"column":20},"end":{"line":78,"column":35}},{"start":{"line":78,"column":35},"end":{"line":78,"column":44}}],"line":78}},"s":{"0":2,"1":8,"2":8,"3":8,"4":8,"5":8,"6":8,"7":4,"8":4,"9":3,"10":3},"f":{"0":8,"1":1,"2":1,"3":4,"4":3},"b":{"0":[8,7,1],"1":[8,7,1],"2":[8,1],"3":[8,1],"4":[7,1],"5":[7,1],"6":[8,8],"7":[3,1],"8":[4,4]},"meta":{"lastBranch":9,"lastFunction":5,"lastStatement":11,"seen":{"s:16:17:99:Infinity":0,"f:16:17:16:18":0,"s:17:12:17:Infinity":1,"s:18:27:18:Infinity":2,"b:18:27:18:43:18:43:18:56:18:56:18:Infinity":0,"f:18:56:18:62":1,"s:19:31:19:Infinity":3,"b:19:31:19:51:19:51:19:64:19:64:19:Infinity":1,"f:19:64:19:70":2,"s:20:19:26:Infinity":4,"b:22:11:22:26:22:26:22:Infinity":2,"b:23:10:23:24:23:24:23:Infinity":3,"b:24:42:24:55:24:55:24:Infinity":4,"b:25:69:25:85:25:85:25:Infinity":5,"b:25:14:25:49:25:49:25:69":6,"s:27:20:27:Infinity":5,"s:28:2:97:Infinity":6,"f:76:24:76:25":3,"s:77:28:77:Infinity":7,"b:78:16:78:Infinity:undefined:undefined:undefined:undefined":7,"s:78:16:78:Infinity":8,"b:78:20:78:35:78:35:78:44":8,"s:78:44:78:Infinity":9,"f:84:186:84:192":4,"s:84:192:84:224":10}}}
,"/home/runner/work/amazonQA.com/amazonQA.com/web/src/components/Catalog.jsx": {"path":"/home/runner/work/amazonQA.com/amazonQA.com/web/src/components/Catalog.jsx","statementMap":{"0":{"start":{"line":17,"column":40},"end":{"line":17,"column":null}},"1":{"start":{"line":19,"column":23},"end":{"line":23,"column":null}},"2":{"start":{"line":20,"column":2},"end":{"line":23,"column":null}},"3":{"start":{"line":25,"column":16},"end":{"line":237,"column":null}},"4":{"start":{"line":32,"column":12},"end":{"line":32,"column":null}},"5":{"start":{"line":33,"column":30},"end":{"line":33,"column":null}},"6":{"start":{"line":34,"column":46},"end":{"line":34,"column":null}},"7":{"start":{"line":35,"column":32},"end":{"line":35,"column":null}},"8":{"start":{"line":38,"column":2},"end":{"line":42,"column":null}},"9":{"start":{"line":39,"column":4},"end":{"line":41,"column":null}},"10":{"start":{"line":40,"column":8},"end":{"line":40,"column":null}},"11":{"start":{"line":44,"column":2},"end":{"line":57,"column":null}},"12":{"start":{"line":45,"column":26},"end":{"line":55,"column":null}},"13":{"start":{"line":46,"column":8},"end":{"line":46,"column":null}},"14":{"start":{"line":47,"column":8},"end":{"line":54,"column":null}},"15":{"start":{"line":48,"column":25},"end":{"line":48,"column":null}},"16":{"start":{"line":49,"column":12},"end":{"line":49,"column":null}},"17":{"start":{"line":51,"column":12},"end":{"line":51,"column":null}},"18":{"start":{"line":53,"column":12},"end":{"line":53,"column":null}},"19":{"start":{"line":56,"column":4},"end":{"line":56,"column":null}},"20":{"start":{"line":59,"column":2},"end":{"line":70,"column":null}},"21":{"start":{"line":60,"column":26},"end":{"line":60,"column":null}},"22":{"start":{"line":61,"column":30},"end":{"line":67,"column":null}},"23":{"start":{"line":69,"column":4},"end":{"line":69,"column":null}},"24":{"start":{"line":72,"column":21},"end":{"line":72,"column":null}},"25":{"start":{"line":72,"column":82},"end":{"line":72,"column":92}},"26":{"start":{"line":74,"column":31},"end":{"line":103,"column":null}},"27":{"start":{"line":75,"column":15},"end":{"line":75,"column":null}},"28":{"start":{"line":77,"column":23},"end":{"line":79,"column":null}},"29":{"start":{"line":80,"column":6},"end":{"line":80,"column":null}},"30":{"start":{"line":83,"column":6},"end":{"line":85,"column":null}},"31":{"start":{"line":84,"column":8},"end":{"line":84,"column":null}},"32":{"start":{"line":87,"column":23},"end":{"line":87,"column":null}},"33":{"start":{"line":88,"column":6},"end":{"line":88,"column":null}},"34":{"start":{"line":91,"column":23},"end":{"line":91,"column":null}},"35":{"start":{"line":92,"column":6},"end":{"line":97,"column":null}},"36":{"start":{"line":100,"column":34},"end":{"line":100,"column":null}},"37":{"start":{"line":101,"column":24},"end":{"line":101,"column":null}},"38":{"start":{"line":102,"column":25},"end":{"line":102,"column":null}},"39":{"start":{"line":105,"column":19},"end":{"line":112,"column":null}},"40":{"start":{"line":106,"column":24},"end":{"line":106,"column":null}},"41":{"start":{"line":108,"column":6},"end":{"line":108,"column":null}},"42":{"start":{"line":110,"column":10},"end":{"line":110,"column":null}},"43":{"start":{"line":111,"column":4},"end":{"line":111,"column":null}},"44":{"start":{"line":114,"column":33},"end":{"line":114,"column":null}},"45":{"start":{"line":116,"column":27},"end":{"line":130,"column":null}},"46":{"start":{"line":118,"column":30},"end":{"line":118,"column":null}},"47":{"start":{"line":119,"column":32},"end":{"line":121,"column":null}},"48":{"start":{"line":123,"column":8},"end":{"line":128,"column":null}},"49":{"start":{"line":132,"column":31},"end":{"line":147,"column":null}},"50":{"start":{"line":133,"column":4},"end":{"line":133,"column":null}},"51":{"start":{"line":135,"column":32},"end":{"line":139,"column":null}},"52":{"start":{"line":141,"column":4},"end":{"line":144,"column":null}},"53":{"start":{"line":142,"column":6},"end":{"line":142,"column":null}},"54":{"start":{"line":143,"column":6},"end":{"line":143,"column":null}},"55":{"start":{"line":146,"column":4},"end":{"line":146,"column":null}},"56":{"start":{"line":149,"column":2},"end":{"line":235,"column":null}},"57":{"start":{"line":164,"column":32},"end":{"line":164,"column":null}},"58":{"start":{"line":176,"column":17},"end":{"line":183,"column":null}},"59":{"start":{"line":181,"column":34},"end":{"line":181,"column":null}},"60":{"start":{"line":219,"column":17},"end":{"line":221,"column":null}}},"fnMap":{"0":{"name":"(anonymous_0)","decl":{"start":{"line":19,"column":23},"end":{"line":19,"column":24}},"loc":{"start":{"line":20,"column":2},"end":{"line":23,"column":null}},"line":20},"1":{"name":"(anonymous_1)","decl":{"start":{"line":25,"column":16},"end":{"line":25,"column":17}},"loc":{"start":{"line":31,"column":6},"end":{"line":237,"column":null}},"line":31},"2":{"name":"(anonymous_2)","decl":{"start":{"line":26,"column":16},"end":{"line":26,"column":22}},"loc":{"start":{"line":26,"column":22},"end":{"line":26,"column":null}},"line":26},"3":{"name":"(anonymous_3)","decl":{"start":{"line":28,"column":14},"end":{"line":28,"column":20}},"loc":{"start":{"line":28,"column":20},"end":{"line":28,"column":null}},"line":28},"4":{"name":"(anonymous_4)","decl":{"start":{"line":30,"column":25},"end":{"line":30,"column":31}},"loc":{"start":{"line":30,"column":31},"end":{"line":30,"column":null}},"line":30},"5":{"name":"(anonymous_5)","decl":{"start":{"line":38,"column":12},"end":{"line":38,"column":18}},"loc":{"start":{"line":38,"column":18},"end":{"line":42,"column":5}},"line":38},"6":{"name":"(anonymous_6)","decl":{"start":{"line":44,"column":12},"end":{"line":44,"column":18}},"loc":{"start":{"line":44,"column":18},"end":{"line":57,"column":5}},"line":44},"7":{"name":"(anonymous_7)","decl":{"start":{"line":45,"column":26},"end":{"line":45,"column":38}},"loc":{"start":{"line":45,"column":38},"end":{"line":55,"column":null}},"line":45},"8":{"name":"(anonymous_8)","decl":{"start":{"line":59,"column":12},"end":{"line":59,"column":18}},"loc":{"start":{"line":59,"column":18},"end":{"line":70,"column":5}},"line":59},"9":{"name":"(anonymous_9)","decl":{"start":{"line":72,"column":75},"end":{"line":72,"column":76}},"loc":{"start":{"line":72,"column":82},"end":{"line":72,"column":92}},"line":72},"10":{"name":"(anonymous_10)","decl":{"start":{"line":75,"column":9},"end":{"line":75,"column":15}},"loc":{"start":{"line":75,"column":15},"end":{"line":75,"column":null}},"line":75},"11":{"name":"(anonymous_11)","decl":{"start":{"line":76,"column":20},"end":{"line":76,"column":21}},"loc":{"start":{"line":76,"column":33},"end":{"line":81,"column":null}},"line":76},"12":{"name":"(anonymous_12)","decl":{"start":{"line":82,"column":20},"end":{"line":82,"column":21}},"loc":{"start":{"line":82,"column":33},"end":{"line":89,"column":null}},"line":82},"13":{"name":"(anonymous_13)","decl":{"start":{"line":90,"column":19},"end":{"line":90,"column":20}},"loc":{"start":{"line":90,"column":32},"end":{"line":99,"column":null}},"line":90},"14":{"name":"(anonymous_14)","decl":{"start":{"line":100,"column":21},"end":{"line":100,"column":22}},"loc":{"start":{"line":100,"column":34},"end":{"line":100,"column":null}},"line":100},"15":{"name":"(anonymous_15)","decl":{"start":{"line":101,"column":11},"end":{"line":101,"column":12}},"loc":{"start":{"line":101,"column":24},"end":{"line":101,"column":null}},"line":101},"16":{"name":"(anonymous_16)","decl":{"start":{"line":102,"column":12},"end":{"line":102,"column":13}},"loc":{"start":{"line":102,"column":25},"end":{"line":102,"column":null}},"line":102},"17":{"name":"(anonymous_17)","decl":{"start":{"line":105,"column":35},"end":{"line":105,"column":36}},"loc":{"start":{"line":105,"column":42},"end":{"line":112,"column":3}},"line":105},"18":{"name":"(anonymous_18)","decl":{"start":{"line":117,"column":19},"end":{"line":117,"column":20}},"loc":{"start":{"line":117,"column":32},"end":{"line":129,"column":7}},"line":117},"19":{"name":"(anonymous_19)","decl":{"start":{"line":132,"column":31},"end":{"line":132,"column":32}},"loc":{"start":{"line":132,"column":45},"end":{"line":147,"column":null}},"line":132},"20":{"name":"(anonymous_20)","decl":{"start":{"line":164,"column":25},"end":{"line":164,"column":26}},"loc":{"start":{"line":164,"column":32},"end":{"line":164,"column":null}},"line":164},"21":{"name":"(anonymous_21)","decl":{"start":{"line":175,"column":31},"end":{"line":175,"column":32}},"loc":{"start":{"line":176,"column":17},"end":{"line":183,"column":null}},"line":176},"22":{"name":"(anonymous_22)","decl":{"start":{"line":181,"column":28},"end":{"line":181,"column":34}},"loc":{"start":{"line":181,"column":34},"end":{"line":181,"column":null}},"line":181},"23":{"name":"(anonymous_23)","decl":{"start":{"line":218,"column":36},"end":{"line":218,"column":37}},"loc":{"start":{"line":219,"column":17},"end":{"line":221,"column":null}},"line":219}},"branchMap":{"0":{"loc":{"start":{"line":19,"column":24},"end":{"line":19,"column":null}},"type":"default-arg","locations":[{"start":{"line":19,"column":32},"end":{"line":19,"column":null}}],"line":19},"1":{"loc":{"start":{"line":26,"column":2},"end":{"line":26,"column":null}},"type":"default-arg","locations":[{"start":{"line":26,"column":16},"end":{"line":26,"column":null}}],"line":26},"2":{"loc":{"start":{"line":27,"column":2},"end":{"line":27,"column":null}},"type":"default-arg","locations":[{"start":{"line":27,"column":11},"end":{"line":27,"column":null}}],"line":27},"3":{"loc":{"start":{"line":28,"column":2},"end":{"line":28,"column":null}},"type":"default-arg","locations":[{"start":{"line":28,"column":14},"end":{"line":28,"column":null}}],"line":28},"4":{"loc":{"start":{"line":29,"column":2},"end":{"line":29,"column":null}},"type":"default-arg","locations":[{"start":{"line":29,"column":25},"end":{"line":29,"column":null}}],"line":29},"5":{"loc":{"start":{"line":30,"column":2},"end":{"line":30,"column":null}},"type":"default-arg","locations":[{"start":{"line":30,"column":25},"end":{"line":30,"column":null}}],"line":30},"6":{"loc":{"start":{"line":39,"column":4},"end":{"line":41,"column":null}},"type":"if","locations":[{"start":{"line":39,"column":4},"end":{"line":41,"column":null}},{"start":{},"end":{}}],"line":39},"7":{"loc":{"start":{"line":39,"column":8},"end":{"line":39,"column":58}},"type":"binary-expr","locations":[{"start":{"line":39,"column":8},"end":{"line":39,"column":29}},{"start":{"line":39,"column":29},"end":{"line":39,"column":58}}],"line":39},"8":{"loc":{"start":{"line":49,"column":24},"end":{"line":49,"column":55}},"type":"cond-expr","locations":[{"start":{"line":49,"column":46},"end":{"line":49,"column":53}},{"start":{"line":49,"column":53},"end":{"line":49,"column":55}}],"line":49},"9":{"loc":{"start":{"line":69,"column":24},"end":{"line":69,"column":80}},"type":"binary-expr","locations":[{"start":{"line":69,"column":24},"end":{"line":69,"column":67}},{"start":{"line":69,"column":67},"end":{"line":69,"column":80}}],"line":69},"10":{"loc":{"start":{"line":80,"column":13},"end":{"line":80,"column":null}},"type":"binary-expr","locations":[{"start":{"line":80,"column":13},"end":{"line":80,"column":44}},{"start":{"line":80,"column":44},"end":{"line":80,"column":null}}],"line":80},"11":{"loc":{"start":{"line":83,"column":6},"end":{"line":85,"column":null}},"type":"if","locations":[{"start":{"line":83,"column":6},"end":{"line":85,"column":null}},{"start":{},"end":{}}],"line":83},"12":{"loc":{"start":{"line":88,"column":13},"end":{"line":88,"column":null}},"type":"binary-expr","locations":[{"start":{"line":88,"column":13},"end":{"line":88,"column":44}},{"start":{"line":88,"column":44},"end":{"line":88,"column":74}},{"start":{"line":88,"column":74},"end":{"line":88,"column":null}}],"line":88},"13":{"loc":{"start":{"line":93,"column":8},"end":{"line":97,"column":null}},"type":"binary-expr","locations":[{"start":{"line":93,"column":8},"end":{"line":93,"column":null}},{"start":{"line":94,"column":8},"end":{"line":94,"column":null}},{"start":{"line":95,"column":8},"end":{"line":95,"column":null}},{"start":{"line":96,"column":8},"end":{"line":96,"column":null}},{"start":{"line":97,"column":8},"end":{"line":97,"column":null}}],"line":93},"14":{"loc":{"start":{"line":108,"column":6},"end":{"line":108,"column":null}},"type":"binary-expr","locations":[{"start":{"line":108,"column":6},"end":{"line":108,"column":58}},{"start":{"line":108,"column":58},"end":{"line":108,"column":null}}],"line":108},"15":{"loc":{"start":{"line":110,"column":25},"end":{"line":110,"column":97}},"type":"binary-expr","locations":[{"start":{"line":110,"column":25},"end":{"line":110,"column":71}},{"start":{"line":110,"column":71},"end":{"line":110,"column":97}}],"line":110},"16":{"loc":{"start":{"line":111,"column":11},"end":{"line":111,"column":null}},"type":"binary-expr","locations":[{"start":{"line":111,"column":11},"end":{"line":111,"column":26}},{"start":{"line":111,"column":26},"end":{"line":111,"column":43}},{"start":{"line":111,"column":43},"end":{"line":111,"column":null}}],"line":111},"17":{"loc":{"start":{"line":116,"column":27},"end":{"line":130,"column":null}},"type":"cond-expr","locations":[{"start":{"line":117,"column":6},"end":{"line":129,"column":null}},{"start":{"line":130,"column":6},"end":{"line":130,"column":null}}],"line":116},"18":{"loc":{"start":{"line":141,"column":4},"end":{"line":144,"column":null}},"type":"if","locations":[{"start":{"line":141,"column":4},"end":{"line":144,"column":null}},{"start":{},"end":{}}],"line":141},"19":{"loc":{"start":{"line":146,"column":25},"end":{"line":146,"column":63}},"type":"binary-expr","locations":[{"start":{"line":146,"column":25},"end":{"line":146,"column":58}},{"start":{"line":146,"column":58},"end":{"line":146,"column":63}}],"line":146},"20":{"loc":{"start":{"line":180,"column":26},"end":{"line":180,"column":null}},"type":"cond-expr","locations":[{"start":{"line":180,"column":53},"end":{"line":180,"column":65}},{"start":{"line":180,"column":65},"end":{"line":180,"column":null}}],"line":180},"21":{"loc":{"start":{"line":182,"column":28},"end":{"line":182,"column":null}},"type":"cond-expr","locations":[{"start":{"line":182,"column":55},"end":{"line":182,"column":66}},{"start":{"line":182,"column":66},"end":{"line":182,"column":null}}],"line":182},"22":{"loc":{"start":{"line":196,"column":23},"end":{"line":196,"column":null}},"type":"cond-expr","locations":[{"start":{"line":196,"column":55},"end":{"line":196,"column":60}},{"start":{"line":196,"column":60},"end":{"line":196,"column":null}}],"line":196},"23":{"loc":{"start":{"line":211,"column":14},"end":{"line":222,"column":null}},"type":"cond-expr","locations":[{"start":{"line":212,"column":16},"end":{"line":216,"column":null}},{"start":{"line":218,"column":15},"end":{"line":222,"column":null}}],"line":211},"24":{"loc":{"start":{"line":226,"column":12},"end":{"line":231,"column":null}},"type":"binary-expr","locations":[{"start":{"line":226,"column":12},"end":{"line":226,"column":26}},{"start":{"line":226,"column":26},"end":{"line":226,"column":null}},{"start":{"line":227,"column":13},"end":{"line":231,"column":null}}],"line":226}},"s":{"0":2,"1":2,"2":18,"3":2,"4":59,"5":59,"6":59,"7":59,"8":59,"9":37,"10":9,"11":59,"12":9,"13":9,"14":9,"15":9,"16":8,"17":1,"18":9,"19":9,"20":59,"21":37,"22":37,"23":37,"24":59,"25":60,"26":59,"27":38,"28":4,"29":4,"30":6,"31":6,"32":0,"33":0,"34":2,"35":2,"36":0,"37":4,"38":6,"39":59,"40":60,"41":60,"42":60,"43":60,"44":59,"45":59,"46":2,"47":2,"48":2,"49":59,"50":4,"51":4,"52":4,"53":1,"54":1,"55":3,"56":59,"57":5,"58":119,"59":4,"60":41},"f":{"0":18,"1":59,"2":0,"3":0,"4":0,"5":37,"6":9,"7":9,"8":37,"9":60,"10":38,"11":4,"12":6,"13":2,"14":0,"15":4,"16":6,"17":60,"18":2,"19":4,"20":5,"21":119,"22":4,"23":41},"b":{"0":[18],"1":[0],"2":[59],"3":[0],"4":[59],"5":[0],"6":[9,28],"7":[37,9],"8":[7,1],"9":[37,5],"10":[4,2],"11":[6,0],"12":[0,0,0],"13":[2,0,0,0,0],"14":[60,25],"15":[60,0],"16":[60,58,44],"17":[5,54],"18":[1,3],"19":[3,0],"20":[46,73],"21":[46,73],"22":[17,42],"23":[27,32],"24":[59,32,7]},"meta":{"lastBranch":25,"lastFunction":24,"lastStatement":61,"seen":{"s:17:40:17:Infinity":0,"s:19:23:23:Infinity":1,"f:19:23:19:24":0,"s:20:2:23:Infinity":2,"b:19:32:19:Infinity":0,"s:25:16:237:Infinity":3,"f:25:16:25:17":1,"b:26:16:26:Infinity":1,"f:26:16:26:22":2,"b:27:11:27:Infinity":2,"b:28:14:28:Infinity":3,"f:28:14:28:20":3,"b:29:25:29:Infinity":4,"b:30:25:30:Infinity":5,"f:30:25:30:31":4,"s:32:12:32:Infinity":4,"s:33:30:33:Infinity":5,"s:34:46:34:Infinity":6,"s:35:32:35:Infinity":7,"s:38:2:42:Infinity":8,"f:38:12:38:18":5,"b:39:4:41:Infinity:undefined:undefined:undefined:undefined":6,"s:39:4:41:Infinity":9,"b:39:8:39:29:39:29:39:58":7,"s:40:8:40:Infinity":10,"s:44:2:57:Infinity":11,"f:44:12:44:18":6,"s:45:26:55:Infinity":12,"f:45:26:45:38":7,"s:46:8:46:Infinity":13,"s:47:8:54:Infinity":14,"s:48:25:48:Infinity":15,"s:49:12:49:Infinity":16,"b:49:46:49:53:49:53:49:55":8,"s:51:12:51:Infinity":17,"s:53:12:53:Infinity":18,"s:56:4:56:Infinity":19,"s:59:2:70:Infinity":20,"f:59:12:59:18":8,"s:60:26:60:Infinity":21,"s:61:30:67:Infinity":22,"s:69:4:69:Infinity":23,"b:69:24:69:67:69:67:69:80":9,"s:72:21:72:Infinity":24,"f:72:75:72:76":9,"s:72:82:72:92":25,"s:74:31:103:Infinity":26,"f:75:9:75:15":10,"s:75:15:75:Infinity":27,"f:76:20:76:21":11,"s:77:23:79:Infinity":28,"s:80:6:80:Infinity":29,"b:80:13:80:44:80:44:80:Infinity":10,"f:82:20:82:21":12,"b:83:6:85:Infinity:undefined:undefined:undefined:undefined":11,"s:83:6:85:Infinity":30,"s:84:8:84:Infinity":31,"s:87:23:87:Infinity":32,"s:88:6:88:Infinity":33,"b:88:13:88:44:88:44:88:74:88:74:88:Infinity":12,"f:90:19:90:20":13,"s:91:23:91:Infinity":34,"s:92:6:97:Infinity":35,"b:93:8:93:Infinity:94:8:94:Infinity:95:8:95:Infinity:96:8:96:Infinity:97:8:97:Infinity":13,"f:100:21:100:22":14,"s:100:34:100:Infinity":36,"f:101:11:101:12":15,"s:101:24:101:Infinity":37,"f:102:12:102:13":16,"s:102:25:102:Infinity":38,"s:105:19:112:Infinity":39,"f:105:35:105:36":17,"s:106:24:106:Infinity":40,"s:108:6:108:Infinity":41,"b:108:6:108:58:108:58:108:Infinity":14,"s:110:10:110:Infinity":42,"b:110:25:110:71:110:71:110:97":15,"s:111:4:111:Infinity":43,"b:111:11:111:26:111:26:111:43:111:43:111:Infinity":16,"s:114:33:114:Infinity":44,"s:116:27:130:Infinity":45,"b:117:6:129:Infinity:130:6:130:Infinity":17,"f:117:19:117:20":18,"s:118:30:118:Infinity":46,"s:119:32:121:Infinity":47,"s:123:8:128:Infinity":48,"s:132:31:147:Infinity":49,"f:132:31:132:32":19,"s:133:4:133:Infinity":50,"s:135:32:139:Infinity":51,"b:141:4:144:Infinity:undefined:undefined:undefined:undefined":18,"s:141:4:144:Infinity":52,"s:142:6:142:Infinity":53,"s:143:6:143:Infinity":54,"s:146:4:146:Infinity":55,"b:146:25:146:58:146:58:146:63":19,"s:149:2:235:Infinity":56,"f:164:25:164:26":20,"s:164:32:164:Infinity":57,"f:175:31:175:32":21,"s:176:17:183:Infinity":58,"b:180:53:180:65:180:65:180:Infinity":20,"f:181:28:181:34":22,"s:181:34:181:Infinity":59,"b:182:55:182:66:182:66:182:Infinity":21,"b:196:55:196:60:196:60:196:Infinity":22,"b:212:16:216:Infinity:218:15:222:Infinity":23,"f:218:36:218:37":23,"s:219:17:221:Infinity":60,"b:226:12:226:26:226:26:226:Infinity:227:13:231:Infinity":24}}}
,"/home/runner/work/amazonQA.com/amazonQA.com/web/src/components/CheckoutButton.jsx": {"path":"/home/runner/work/amazonQA.com/amazonQA.com/web/src/components/CheckoutButton.jsx","statementMap":{"0":{"start":{"line":11,"column":23},"end":{"line":72,"column":null}},"1":{"start":{"line":12,"column":8},"end":{"line":12,"column":null}},"2":{"start":{"line":13,"column":8},"end":{"line":13,"column":null}},"3":{"start":{"line":14,"column":12},"end":{"line":14,"column":null}},"4":{"start":{"line":15,"column":8},"end":{"line":15,"column":null}},"5":{"start":{"line":16,"column":21},"end":{"line":16,"column":null}},"6":{"start":{"line":17,"column":24},"end":{"line":17,"column":null}},"7":{"start":{"line":19,"column":25},"end":{"line":56,"column":null}},"8":{"start":{"line":20,"column":4},"end":{"line":23,"column":null}},"9":{"start":{"line":21,"column":6},"end":{"line":21,"column":null}},"10":{"start":{"line":22,"column":6},"end":{"line":22,"column":null}},"11":{"start":{"line":25,"column":4},"end":{"line":30,"column":null}},"12":{"start":{"line":26,"column":6},"end":{"line":26,"column":null}},"13":{"start":{"line":28,"column":6},"end":{"line":28,"column":null}},"14":{"start":{"line":29,"column":6},"end":{"line":29,"column":null}},"15":{"start":{"line":32,"column":4},"end":{"line":55,"column":null}},"16":{"start":{"line":34,"column":8},"end":{"line":36,"column":null}},"17":{"start":{"line":38,"column":25},"end":{"line":43,"column":null}},"18":{"start":{"line":39,"column":24},"end":{"line":42,"column":10}},"19":{"start":{"line":43,"column":26},"end":{"line":43,"column":136}},"20":{"start":{"line":45,"column":20},"end":{"line":45,"column":null}},"21":{"start":{"line":46,"column":6},"end":{"line":46,"column":null}},"22":{"start":{"line":47,"column":6},"end":{"line":52,"column":null}},"23":{"start":{"line":54,"column":6},"end":{"line":54,"column":null}},"24":{"start":{"line":58,"column":2},"end":{"line":70,"column":null}}},"fnMap":{"0":{"name":"(anonymous_0)","decl":{"start":{"line":11,"column":23},"end":{"line":11,"column":24}},"loc":{"start":{"line":11,"column":47},"end":{"line":72,"column":null}},"line":11},"1":{"name":"(anonymous_1)","decl":{"start":{"line":19,"column":25},"end":{"line":19,"column":37}},"loc":{"start":{"line":19,"column":37},"end":{"line":56,"column":null}},"line":19},"2":{"name":"(anonymous_2)","decl":{"start":{"line":39,"column":13},"end":{"line":39,"column":14}},"loc":{"start":{"line":39,"column":24},"end":{"line":42,"column":10}},"line":39},"3":{"name":"(anonymous_3)","decl":{"start":{"line":43,"column":16},"end":{"line":43,"column":17}},"loc":{"start":{"line":43,"column":26},"end":{"line":43,"column":136}},"line":43}},"branchMap":{"0":{"loc":{"start":{"line":11,"column":26},"end":{"line":11,"column":41}},"type":"default-arg","locations":[{"start":{"line":11,"column":38},"end":{"line":11,"column":41}}],"line":11},"1":{"loc":{"start":{"line":16,"column":21},"end":{"line":16,"column":null}},"type":"binary-expr","locations":[{"start":{"line":16,"column":21},"end":{"line":16,"column":41}},{"start":{"line":16,"column":41},"end":{"line":16,"column":66}},{"start":{"line":16,"column":66},"end":{"line":16,"column":null}}],"line":16},"2":{"loc":{"start":{"line":17,"column":24},"end":{"line":17,"column":null}},"type":"cond-expr","locations":[{"start":{"line":17,"column":51},"end":{"line":17,"column":63}},{"start":{"line":17,"column":63},"end":{"line":17,"column":null}}],"line":17},"3":{"loc":{"start":{"line":20,"column":4},"end":{"line":23,"column":null}},"type":"if","locations":[{"start":{"line":20,"column":4},"end":{"line":23,"column":null}},{"start":{},"end":{}}],"line":20},"4":{"loc":{"start":{"line":25,"column":4},"end":{"line":30,"column":null}},"type":"if","locations":[{"start":{"line":25,"column":4},"end":{"line":30,"column":null}},{"start":{},"end":{}}],"line":25},"5":{"loc":{"start":{"line":34,"column":8},"end":{"line":36,"column":null}},"type":"cond-expr","locations":[{"start":{"line":35,"column":12},"end":{"line":35,"column":null}},{"start":{"line":36,"column":12},"end":{"line":36,"column":null}}],"line":34},"6":{"loc":{"start":{"line":34,"column":8},"end":{"line":34,"column":null}},"type":"binary-expr","locations":[{"start":{"line":34,"column":8},"end":{"line":34,"column":41}},{"start":{"line":34,"column":41},"end":{"line":34,"column":null}}],"line":34},"7":{"loc":{"start":{"line":40,"column":28},"end":{"line":40,"column":56}},"type":"binary-expr","locations":[{"start":{"line":40,"column":28},"end":{"line":40,"column":48}},{"start":{"line":40,"column":48},"end":{"line":40,"column":56}}],"line":40},"8":{"loc":{"start":{"line":41,"column":27},"end":{"line":41,"column":46}},"type":"binary-expr","locations":[{"start":{"line":41,"column":27},"end":{"line":41,"column":45}},{"start":{"line":41,"column":45},"end":{"line":41,"column":46}}],"line":41},"9":{"loc":{"start":{"line":43,"column":26},"end":{"line":43,"column":136}},"type":"binary-expr","locations":[{"start":{"line":43,"column":26},"end":{"line":43,"column":62}},{"start":{"line":43,"column":62},"end":{"line":43,"column":84}},{"start":{"line":43,"column":84},"end":{"line":43,"column":119}},{"start":{"line":43,"column":119},"end":{"line":43,"column":136}}],"line":43},"10":{"loc":{"start":{"line":54,"column":18},"end":{"line":54,"column":63}},"type":"binary-expr","locations":[{"start":{"line":54,"column":18},"end":{"line":54,"column":34}},{"start":{"line":54,"column":34},"end":{"line":54,"column":63}}],"line":54},"11":{"loc":{"start":{"line":64,"column":17},"end":{"line":64,"column":null}},"type":"cond-expr","locations":[{"start":{"line":64,"column":30},"end":{"line":64,"column":61}},{"start":{"line":64,"column":61},"end":{"line":64,"column":null}}],"line":64},"12":{"loc":{"start":{"line":69,"column":7},"end":{"line":69,"column":null}},"type":"cond-expr","locations":[{"start":{"line":69,"column":20},"end":{"line":69,"column":43}},{"start":{"line":69,"column":43},"end":{"line":69,"column":null}}],"line":69}},"s":{"0":2,"1":11,"2":11,"3":11,"4":11,"5":11,"6":11,"7":11,"8":5,"9":0,"10":0,"11":5,"12":2,"13":2,"14":2,"15":3,"16":3,"17":5,"18":3,"19":3,"20":5,"21":2,"22":2,"23":1,"24":11},"f":{"0":11,"1":5,"2":3,"3":3},"b":{"0":[11],"1":[11,1,0],"2":[10,1],"3":[0,5],"4":[2,3],"5":[3,0],"6":[3,3],"7":[3,3],"8":[3,1],"9":[3,3,3,3],"10":[1,0],"11":[5,6],"12":[5,6]},"meta":{"lastBranch":13,"lastFunction":4,"lastStatement":25,"seen":{"s:11:23:72:Infinity":0,"f:11:23:11:24":0,"b:11:38:11:41":0,"s:12:8:12:Infinity":1,"s:13:8:13:Infinity":2,"s:14:12:14:Infinity":3,"s:15:8:15:Infinity":4,"s:16:21:16:Infinity":5,"b:16:21:16:41:16:41:16:66:16:66:16:Infinity":1,"s:17:24:17:Infinity":6,"b:17:51:17:63:17:63:17:Infinity":2,"s:19:25:56:Infinity":7,"f:19:25:19:37":1,"b:20:4:23:Infinity:undefined:undefined:undefined:undefined":3,"s:20:4:23:Infinity":8,"s:21:6:21:Infinity":9,"s:22:6:22:Infinity":10,"b:25:4:30:Infinity:undefined:undefined:undefined:undefined":4,"s:25:4:30:Infinity":11,"s:26:6:26:Infinity":12,"s:28:6:28:Infinity":13,"s:29:6:29:Infinity":14,"s:32:4:55:Infinity":15,"s:34:8:36:Infinity":16,"b:35:12:35:Infinity:36:12:36:Infinity":5,"b:34:8:34:41:34:41:34:Infinity":6,"s:38:25:43:Infinity":17,"f:39:13:39:14":2,"s:39:24:42:10":18,"b:40:28:40:48:40:48:40:56":7,"b:41:27:41:45:41:45:41:46":8,"f:43:16:43:17":3,"s:43:26:43:136":19,"b:43:26:43:62:43:62:43:84:43:84:43:119:43:119:43:136":9,"s:45:20:45:Infinity":20,"s:46:6:46:Infinity":21,"s:47:6:52:Infinity":22,"s:54:6:54:Infinity":23,"b:54:18:54:34:54:34:54:63":10,"s:58:2:70:Infinity":24,"b:64:30:64:61:64:61:64:Infinity":11,"b:69:20:69:43:69:43:69:Infinity":12}}}
,"/home/runner/work/amazonQA.com/amazonQA.com/web/src/components/Footer.jsx": {"path":"/home/runner/work/amazonQA.com/amazonQA.com/web/src/components/Footer.jsx","statementMap":{"0":{"start":{"line":5,"column":15},"end":{"line":122,"column":null}},"1":{"start":{"line":6,"column":12},"end":{"line":6,"column":null}},"2":{"start":{"line":8,"column":26},"end":{"line":10,"column":null}},"3":{"start":{"line":9,"column":4},"end":{"line":9,"column":null}},"4":{"start":{"line":12,"column":2},"end":{"line":120,"column":null}}},"fnMap":{"0":{"name":"(anonymous_0)","decl":{"start":{"line":5,"column":15},"end":{"line":5,"column":21}},"loc":{"start":{"line":5,"column":21},"end":{"line":122,"column":null}},"line":5},"1":{"name":"(anonymous_1)","decl":{"start":{"line":8,"column":26},"end":{"line":8,"column":32}},"loc":{"start":{"line":8,"column":32},"end":{"line":10,"column":null}},"line":8}},"branchMap":{},"s":{"0":3,"1":21,"2":21,"3":1,"4":21},"f":{"0":21,"1":1},"b":{},"meta":{"lastBranch":0,"lastFunction":2,"lastStatement":5,"seen":{"s:5:15:122:Infinity":0,"f:5:15:5:21":0,"s:6:12:6:Infinity":1,"s:8:26:10:Infinity":2,"f:8:26:8:32":1,"s:9:4:9:Infinity":3,"s:12:2:120:Infinity":4}}}
,"/home/runner/work/amazonQA.com/amazonQA.com/web/src/components/Login.jsx": {"path":"/home/runner/work/amazonQA.com/amazonQA.com/web/src/components/Login.jsx","statementMap":{"0":{"start":{"line":26,"column":14},"end":{"line":282,"column":null}},"1":{"start":{"line":27,"column":8},"end":{"line":27,"column":null}},"2":{"start":{"line":28,"column":8},"end":{"line":28,"column":null}},"3":{"start":{"line":29,"column":16},"end":{"line":29,"column":null}},"4":{"start":{"line":32,"column":17},"end":{"line":32,"column":null}},"5":{"start":{"line":33,"column":19},"end":{"line":33,"column":null}},"6":{"start":{"line":35,"column":24},"end":{"line":35,"column":null}},"7":{"start":{"line":36,"column":30},"end":{"line":36,"column":null}},"8":{"start":{"line":37,"column":38},"end":{"line":37,"column":null}},"9":{"start":{"line":38,"column":24},"end":{"line":38,"column":null}},"10":{"start":{"line":39,"column":28},"end":{"line":39,"column":null}},"11":{"start":{"line":53,"column":23},"end":{"line":92,"column":null}},"12":{"start":{"line":54,"column":4},"end":{"line":54,"column":null}},"13":{"start":{"line":55,"column":4},"end":{"line":55,"column":null}},"14":{"start":{"line":57,"column":4},"end":{"line":60,"column":null}},"15":{"start":{"line":58,"column":6},"end":{"line":58,"column":null}},"16":{"start":{"line":59,"column":6},"end":{"line":59,"column":null}},"17":{"start":{"line":62,"column":4},"end":{"line":62,"column":null}},"18":{"start":{"line":63,"column":4},"end":{"line":91,"column":null}},"19":{"start":{"line":64,"column":28},"end":{"line":64,"column":null}},"20":{"start":{"line":65,"column":21},"end":{"line":65,"column":null}},"21":{"start":{"line":66,"column":26},"end":{"line":66,"column":null}},"22":{"start":{"line":68,"column":6},"end":{"line":70,"column":null}},"23":{"start":{"line":69,"column":8},"end":{"line":69,"column":null}},"24":{"start":{"line":72,"column":6},"end":{"line":83,"column":null}},"25":{"start":{"line":85,"column":6},"end":{"line":85,"column":null}},"26":{"start":{"line":86,"column":6},"end":{"line":86,"column":null}},"27":{"start":{"line":88,"column":6},"end":{"line":88,"column":null}},"28":{"start":{"line":90,"column":6},"end":{"line":90,"column":null}},"29":{"start":{"line":94,"column":2},"end":{"line":280,"column":null}},"30":{"start":{"line":153,"column":31},"end":{"line":153,"column":null}},"31":{"start":{"line":167,"column":31},"end":{"line":167,"column":null}},"32":{"start":{"line":180,"column":31},"end":{"line":180,"column":null}},"33":{"start":{"line":188,"column":37},"end":{"line":188,"column":null}},"34":{"start":{"line":188,"column":60},"end":{"line":188,"column":62}}},"fnMap":{"0":{"name":"(anonymous_0)","decl":{"start":{"line":26,"column":14},"end":{"line":26,"column":20}},"loc":{"start":{"line":26,"column":20},"end":{"line":282,"column":null}},"line":26},"1":{"name":"(anonymous_1)","decl":{"start":{"line":53,"column":23},"end":{"line":53,"column":30}},"loc":{"start":{"line":53,"column":36},"end":{"line":92,"column":null}},"line":53},"2":{"name":"(anonymous_2)","decl":{"start":{"line":153,"column":25},"end":{"line":153,"column":31}},"loc":{"start":{"line":153,"column":31},"end":{"line":153,"column":null}},"line":153},"3":{"name":"(anonymous_3)","decl":{"start":{"line":167,"column":24},"end":{"line":167,"column":25}},"loc":{"start":{"line":167,"column":31},"end":{"line":167,"column":null}},"line":167},"4":{"name":"(anonymous_4)","decl":{"start":{"line":180,"column":24},"end":{"line":180,"column":25}},"loc":{"start":{"line":180,"column":31},"end":{"line":180,"column":null}},"line":180},"5":{"name":"(anonymous_5)","decl":{"start":{"line":188,"column":31},"end":{"line":188,"column":37}},"loc":{"start":{"line":188,"column":37},"end":{"line":188,"column":null}},"line":188},"6":{"name":"(anonymous_6)","decl":{"start":{"line":188,"column":53},"end":{"line":188,"column":54}},"loc":{"start":{"line":188,"column":60},"end":{"line":188,"column":62}},"line":188}},"branchMap":{"0":{"loc":{"start":{"line":33,"column":19},"end":{"line":33,"column":null}},"type":"binary-expr","locations":[{"start":{"line":33,"column":19},"end":{"line":33,"column":41}},{"start":{"line":33,"column":41},"end":{"line":33,"column":null}}],"line":33},"1":{"loc":{"start":{"line":57,"column":4},"end":{"line":60,"column":null}},"type":"if","locations":[{"start":{"line":57,"column":4},"end":{"line":60,"column":null}},{"start":{},"end":{}}],"line":57},"2":{"loc":{"start":{"line":57,"column":8},"end":{"line":57,"column":36}},"type":"binary-expr","locations":[{"start":{"line":57,"column":8},"end":{"line":57,"column":25}},{"start":{"line":57,"column":25},"end":{"line":57,"column":36}}],"line":57},"3":{"loc":{"start":{"line":65,"column":21},"end":{"line":65,"column":null}},"type":"binary-expr","locations":[{"start":{"line":65,"column":21},"end":{"line":65,"column":43}},{"start":{"line":65,"column":43},"end":{"line":65,"column":null}}],"line":65},"4":{"loc":{"start":{"line":68,"column":6},"end":{"line":70,"column":null}},"type":"if","locations":[{"start":{"line":68,"column":6},"end":{"line":70,"column":null}},{"start":{},"end":{}}],"line":68},"5":{"loc":{"start":{"line":79,"column":17},"end":{"line":79,"column":null}},"type":"binary-expr","locations":[{"start":{"line":79,"column":17},"end":{"line":79,"column":33}},{"start":{"line":79,"column":33},"end":{"line":79,"column":null}}],"line":79},"6":{"loc":{"start":{"line":88,"column":15},"end":{"line":88,"column":71}},"type":"binary-expr","locations":[{"start":{"line":88,"column":15},"end":{"line":88,"column":30}},{"start":{"line":88,"column":30},"end":{"line":88,"column":71}}],"line":88},"7":{"loc":{"start":{"line":148,"column":13},"end":{"line":156,"column":null}},"type":"binary-expr","locations":[{"start":{"line":148,"column":13},"end":{"line":148,"column":null}},{"start":{"line":149,"column":14},"end":{"line":156,"column":null}}],"line":148},"8":{"loc":{"start":{"line":177,"column":20},"end":{"line":177,"column":null}},"type":"cond-expr","locations":[{"start":{"line":177,"column":35},"end":{"line":177,"column":44}},{"start":{"line":177,"column":44},"end":{"line":177,"column":null}}],"line":177},"9":{"loc":{"start":{"line":190,"column":23},"end":{"line":193,"column":null}},"type":"cond-expr","locations":[{"start":{"line":191,"column":24},"end":{"line":191,"column":null}},{"start":{"line":193,"column":24},"end":{"line":193,"column":null}}],"line":190},"10":{"loc":{"start":{"line":223,"column":16},"end":{"line":226,"column":null}},"type":"cond-expr","locations":[{"start":{"line":224,"column":18},"end":{"line":224,"column":null}},{"start":{"line":226,"column":18},"end":{"line":226,"column":null}}],"line":223},"11":{"loc":{"start":{"line":240,"column":15},"end":{"line":240,"column":null}},"type":"cond-expr","locations":[{"start":{"line":240,"column":25},"end":{"line":240,"column":41}},{"start":{"line":240,"column":41},"end":{"line":240,"column":null}}],"line":240}},"s":{"0":2,"1":135,"2":135,"3":135,"4":135,"5":135,"6":135,"7":135,"8":135,"9":135,"10":135,"11":135,"12":8,"13":8,"14":8,"15":2,"16":2,"17":6,"18":6,"19":6,"20":5,"21":8,"22":8,"23":1,"24":4,"25":8,"26":8,"27":2,"28":6,"29":135,"30":1,"31":78,"32":30,"33":2,"34":2},"f":{"0":135,"1":8,"2":1,"3":78,"4":30,"5":2,"6":2},"b":{"0":[135,114],"1":[2,6],"2":[8,6],"3":[5,1],"4":[1,7],"5":[4,4],"6":[2,1],"7":[135,4],"8":[1,134],"9":[1,134],"10":[6,129],"11":[6,129]},"meta":{"lastBranch":12,"lastFunction":7,"lastStatement":35,"seen":{"s:26:14:282:Infinity":0,"f:26:14:26:20":0,"s:27:8:27:Infinity":1,"s:28:8:28:Infinity":2,"s:29:16:29:Infinity":3,"s:32:17:32:Infinity":4,"s:33:19:33:Infinity":5,"b:33:19:33:41:33:41:33:Infinity":0,"s:35:24:35:Infinity":6,"s:36:30:36:Infinity":7,"s:37:38:37:Infinity":8,"s:38:24:38:Infinity":9,"s:39:28:39:Infinity":10,"s:53:23:92:Infinity":11,"f:53:23:53:30":1,"s:54:4:54:Infinity":12,"s:55:4:55:Infinity":13,"b:57:4:60:Infinity:undefined:undefined:undefined:undefined":1,"s:57:4:60:Infinity":14,"b:57:8:57:25:57:25:57:36":2,"s:58:6:58:Infinity":15,"s:59:6:59:Infinity":16,"s:62:4:62:Infinity":17,"s:63:4:91:Infinity":18,"s:64:28:64:Infinity":19,"s:65:21:65:Infinity":20,"b:65:21:65:43:65:43:65:Infinity":3,"s:66:26:66:Infinity":21,"b:68:6:70:Infinity:undefined:undefined:undefined:undefined":4,"s:68:6:70:Infinity":22,"s:69:8:69:Infinity":23,"s:72:6:83:Infinity":24,"b:79:17:79:33:79:33:79:Infinity":5,"s:85:6:85:Infinity":25,"s:86:6:86:Infinity":26,"s:88:6:88:Infinity":27,"b:88:15:88:30:88:30:88:71":6,"s:90:6:90:Infinity":28,"s:94:2:280:Infinity":29,"b:148:13:148:Infinity:149:14:156:Infinity":7,"f:153:25:153:31":2,"s:153:31:153:Infinity":30,"f:167:24:167:25":3,"s:167:31:167:Infinity":31,"b:177:35:177:44:177:44:177:Infinity":8,"f:180:24:180:25":4,"s:180:31:180:Infinity":32,"f:188:31:188:37":5,"s:188:37:188:Infinity":33,"f:188:53:188:54":6,"s:188:60:188:62":34,"b:191:24:191:Infinity:193:24:193:Infinity":9,"b:224:18:224:Infinity:226:18:226:Infinity":10,"b:240:25:240:41:240:41:240:Infinity":11}}}
,"/home/runner/work/amazonQA.com/amazonQA.com/web/src/components/PaymentsPage.jsx": {"path":"/home/runner/work/amazonQA.com/amazonQA.com/web/src/components/PaymentsPage.jsx","statementMap":{"0":{"start":{"line":27,"column":23},"end":{"line":27,"column":null}},"1":{"start":{"line":30,"column":12},"end":{"line":30,"column":null}},"2":{"start":{"line":31,"column":2},"end":{"line":31,"column":null}},"3":{"start":{"line":31,"column":20},"end":{"line":31,"column":null}},"4":{"start":{"line":32,"column":2},"end":{"line":32,"column":null}},"5":{"start":{"line":32,"column":34},"end":{"line":32,"column":null}},"6":{"start":{"line":33,"column":2},"end":{"line":33,"column":null}},"7":{"start":{"line":33,"column":24},"end":{"line":33,"column":null}},"8":{"start":{"line":34,"column":2},"end":{"line":34,"column":null}},"9":{"start":{"line":34,"column":92},"end":{"line":34,"column":null}},"10":{"start":{"line":35,"column":2},"end":{"line":35,"column":null}},"11":{"start":{"line":35,"column":25},"end":{"line":35,"column":null}},"12":{"start":{"line":36,"column":2},"end":{"line":36,"column":null}},"13":{"start":{"line":36,"column":23},"end":{"line":36,"column":null}},"14":{"start":{"line":37,"column":2},"end":{"line":37,"column":null}},"15":{"start":{"line":37,"column":25},"end":{"line":37,"column":null}},"16":{"start":{"line":38,"column":2},"end":{"line":38,"column":null}},"17":{"start":{"line":38,"column":37},"end":{"line":38,"column":null}},"18":{"start":{"line":39,"column":2},"end":{"line":39,"column":null}},"19":{"start":{"line":39,"column":21},"end":{"line":39,"column":null}},"20":{"start":{"line":40,"column":2},"end":{"line":40,"column":null}},"21":{"start":{"line":40,"column":37},"end":{"line":40,"column":null}},"22":{"start":{"line":41,"column":2},"end":{"line":41,"column":null}},"23":{"start":{"line":45,"column":17},"end":{"line":45,"column":null}},"24":{"start":{"line":46,"column":2},"end":{"line":46,"column":null}},"25":{"start":{"line":50,"column":17},"end":{"line":50,"column":null}},"26":{"start":{"line":51,"column":2},"end":{"line":51,"column":null}},"27":{"start":{"line":51,"column":26},"end":{"line":51,"column":null}},"28":{"start":{"line":52,"column":2},"end":{"line":52,"column":null}},"29":{"start":{"line":55,"column":24},"end":{"line":61,"column":null}},"30":{"start":{"line":63,"column":21},"end":{"line":352,"column":null}},"31":{"start":{"line":64,"column":12},"end":{"line":64,"column":null}},"32":{"start":{"line":65,"column":8},"end":{"line":65,"column":null}},"33":{"start":{"line":66,"column":8},"end":{"line":66,"column":null}},"34":{"start":{"line":68,"column":16},"end":{"line":68,"column":null}},"35":{"start":{"line":69,"column":20},"end":{"line":69,"column":null}},"36":{"start":{"line":71,"column":16},"end":{"line":71,"column":null}},"37":{"start":{"line":73,"column":28},"end":{"line":73,"column":null}},"38":{"start":{"line":74,"column":26},"end":{"line":74,"column":null}},"39":{"start":{"line":75,"column":38},"end":{"line":75,"column":null}},"40":{"start":{"line":76,"column":38},"end":{"line":76,"column":null}},"41":{"start":{"line":77,"column":36},"end":{"line":77,"column":null}},"42":{"start":{"line":78,"column":30},"end":{"line":78,"column":null}},"43":{"start":{"line":80,"column":8},"end":{"line":83,"column":null}},"44":{"start":{"line":81,"column":10},"end":{"line":81,"column":null}},"45":{"start":{"line":85,"column":8},"end":{"line":88,"column":null}},"46":{"start":{"line":86,"column":18},"end":{"line":86,"column":null}},"47":{"start":{"line":87,"column":4},"end":{"line":87,"column":null}},"48":{"start":{"line":90,"column":8},"end":{"line":94,"column":null}},"49":{"start":{"line":91,"column":4},"end":{"line":91,"column":null}},"50":{"start":{"line":91,"column":26},"end":{"line":91,"column":null}},"51":{"start":{"line":92,"column":4},"end":{"line":92,"column":null}},"52":{"start":{"line":92,"column":29},"end":{"line":92,"column":null}},"53":{"start":{"line":93,"column":4},"end":{"line":93,"column":null}},"54":{"start":{"line":96,"column":27},"end":{"line":112,"column":null}},"55":{"start":{"line":96,"column":38},"end":{"line":112,"column":null}},"56":{"start":{"line":97,"column":20},"end":{"line":97,"column":null}},"57":{"start":{"line":99,"column":4},"end":{"line":101,"column":null}},"58":{"start":{"line":100,"column":6},"end":{"line":100,"column":null}},"59":{"start":{"line":103,"column":4},"end":{"line":105,"column":null}},"60":{"start":{"line":104,"column":6},"end":{"line":104,"column":null}},"61":{"start":{"line":107,"column":4},"end":{"line":109,"column":null}},"62":{"start":{"line":108,"column":6},"end":{"line":108,"column":null}},"63":{"start":{"line":111,"column":4},"end":{"line":111,"column":null}},"64":{"start":{"line":111,"column":27},"end":{"line":111,"column":59}},"65":{"start":{"line":114,"column":30},"end":{"line":130,"column":null}},"66":{"start":{"line":115,"column":20},"end":{"line":118,"column":null}},"67":{"start":{"line":120,"column":4},"end":{"line":127,"column":null}},"68":{"start":{"line":121,"column":6},"end":{"line":121,"column":null}},"69":{"start":{"line":122,"column":6},"end":{"line":122,"column":null}},"70":{"start":{"line":123,"column":6},"end":{"line":123,"column":null}},"71":{"start":{"line":124,"column":6},"end":{"line":124,"column":null}},"72":{"start":{"line":125,"column":6},"end":{"line":125,"column":null}},"73":{"start":{"line":126,"column":6},"end":{"line":126,"column":null}},"74":{"start":{"line":129,"column":4},"end":{"line":129,"column":null}},"75":{"start":{"line":132,"column":23},"end":{"line":195,"column":null}},"76":{"start":{"line":133,"column":4},"end":{"line":137,"column":null}},"77":{"start":{"line":134,"column":6},"end":{"line":134,"column":null}},"78":{"start":{"line":135,"column":6},"end":{"line":135,"column":null}},"79":{"start":{"line":136,"column":6},"end":{"line":136,"column":null}},"80":{"start":{"line":139,"column":4},"end":{"line":148,"column":null}},"81":{"start":{"line":140,"column":6},"end":{"line":143,"column":null}},"82":{"start":{"line":141,"column":8},"end":{"line":141,"column":null}},"83":{"start":{"line":142,"column":8},"end":{"line":142,"column":null}},"84":{"start":{"line":144,"column":6},"end":{"line":147,"column":null}},"85":{"start":{"line":145,"column":8},"end":{"line":145,"column":null}},"86":{"start":{"line":146,"column":8},"end":{"line":146,"column":null}},"87":{"start":{"line":150,"column":4},"end":{"line":194,"column":null}},"88":{"start":{"line":151,"column":6},"end":{"line":151,"column":null}},"89":{"start":{"line":153,"column":23},"end":{"line":153,"column":null}},"90":{"start":{"line":154,"column":27},"end":{"line":154,"column":null}},"91":{"start":{"line":155,"column":6},"end":{"line":155,"column":null}},"92":{"start":{"line":157,"column":6},"end":{"line":160,"column":null}},"93":{"start":{"line":158,"column":8},"end":{"line":158,"column":null}},"94":{"start":{"line":159,"column":8},"end":{"line":159,"column":null}},"95":{"start":{"line":162,"column":6},"end":{"line":170,"column":null}},"96":{"start":{"line":163,"column":30},"end":{"line":163,"column":null}},"97":{"start":{"line":164,"column":8},"end":{"line":164,"column":null}},"98":{"start":{"line":166,"column":8},"end":{"line":169,"column":null}},"99":{"start":{"line":167,"column":10},"end":{"line":167,"column":null}},"100":{"start":{"line":168,"column":10},"end":{"line":168,"column":null}},"101":{"start":{"line":172,"column":25},"end":{"line":172,"column":null}},"102":{"start":{"line":172,"column":46},"end":{"line":172,"column":68}},"103":{"start":{"line":173,"column":6},"end":{"line":177,"column":null}},"104":{"start":{"line":174,"column":8},"end":{"line":174,"column":null}},"105":{"start":{"line":176,"column":8},"end":{"line":176,"column":null}},"106":{"start":{"line":179,"column":6},"end":{"line":179,"column":null}},"107":{"start":{"line":180,"column":6},"end":{"line":189,"column":null}},"108":{"start":{"line":191,"column":6},"end":{"line":191,"column":null}},"109":{"start":{"line":193,"column":6},"end":{"line":193,"column":null}},"110":{"start":{"line":197,"column":2},"end":{"line":205,"column":null}},"111":{"start":{"line":198,"column":4},"end":{"line":203,"column":null}},"112":{"start":{"line":207,"column":2},"end":{"line":350,"column":null}},"113":{"start":{"line":223,"column":71},"end":{"line":223,"column":106}},"114":{"start":{"line":234,"column":35},"end":{"line":234,"column":null}},"115":{"start":{"line":236,"column":48},"end":{"line":236,"column":60}},"116":{"start":{"line":237,"column":20},"end":{"line":237,"column":null}},"117":{"start":{"line":246,"column":33},"end":{"line":246,"column":null}}},"fnMap":{"0":{"name":"detectCardBrand","decl":{"start":{"line":29,"column":9},"end":{"line":29,"column":25}},"loc":{"start":{"line":29,"column":42},"end":{"line":42,"column":null}},"line":29},"1":{"name":"formatCardNumber","decl":{"start":{"line":44,"column":9},"end":{"line":44,"column":26}},"loc":{"start":{"line":44,"column":38},"end":{"line":47,"column":null}},"line":44},"2":{"name":"formatExpiry","decl":{"start":{"line":49,"column":9},"end":{"line":49,"column":22}},"loc":{"start":{"line":49,"column":34},"end":{"line":53,"column":null}},"line":49},"3":{"name":"(anonymous_3)","decl":{"start":{"line":63,"column":21},"end":{"line":63,"column":22}},"loc":{"start":{"line":63,"column":51},"end":{"line":352,"column":null}},"line":63},"4":{"name":"(anonymous_4)","decl":{"start":{"line":63,"column":36},"end":{"line":63,"column":42}},"loc":{"start":{"line":63,"column":42},"end":{"line":63,"column":45}},"line":63},"5":{"name":"(anonymous_5)","decl":{"start":{"line":81,"column":4},"end":{"line":81,"column":10}},"loc":{"start":{"line":81,"column":10},"end":{"line":81,"column":null}},"line":81},"6":{"name":"(anonymous_6)","decl":{"start":{"line":85,"column":28},"end":{"line":85,"column":34}},"loc":{"start":{"line":85,"column":34},"end":{"line":88,"column":5}},"line":85},"7":{"name":"(anonymous_7)","decl":{"start":{"line":90,"column":27},"end":{"line":90,"column":33}},"loc":{"start":{"line":90,"column":33},"end":{"line":94,"column":5}},"line":90},"8":{"name":"(anonymous_8)","decl":{"start":{"line":96,"column":27},"end":{"line":96,"column":28}},"loc":{"start":{"line":96,"column":38},"end":{"line":112,"column":null}},"line":96},"9":{"name":"(anonymous_9)","decl":{"start":{"line":96,"column":38},"end":{"line":96,"column":39}},"loc":{"start":{"line":96,"column":49},"end":{"line":112,"column":null}},"line":96},"10":{"name":"(anonymous_10)","decl":{"start":{"line":111,"column":16},"end":{"line":111,"column":17}},"loc":{"start":{"line":111,"column":27},"end":{"line":111,"column":59}},"line":111},"11":{"name":"(anonymous_11)","decl":{"start":{"line":114,"column":30},"end":{"line":114,"column":31}},"loc":{"start":{"line":114,"column":60},"end":{"line":130,"column":null}},"line":114},"12":{"name":"(anonymous_12)","decl":{"start":{"line":132,"column":23},"end":{"line":132,"column":35}},"loc":{"start":{"line":132,"column":35},"end":{"line":195,"column":null}},"line":132},"13":{"name":"(anonymous_13)","decl":{"start":{"line":172,"column":39},"end":{"line":172,"column":40}},"loc":{"start":{"line":172,"column":46},"end":{"line":172,"column":68}},"line":172},"14":{"name":"(anonymous_14)","decl":{"start":{"line":223,"column":64},"end":{"line":223,"column":65}},"loc":{"start":{"line":223,"column":71},"end":{"line":223,"column":106}},"line":223},"15":{"name":"(anonymous_15)","decl":{"start":{"line":234,"column":28},"end":{"line":234,"column":29}},"loc":{"start":{"line":234,"column":35},"end":{"line":234,"column":null}},"line":234},"16":{"name":"(anonymous_16)","decl":{"start":{"line":236,"column":41},"end":{"line":236,"column":42}},"loc":{"start":{"line":236,"column":48},"end":{"line":236,"column":60}},"line":236},"17":{"name":"(anonymous_17)","decl":{"start":{"line":236,"column":66},"end":{"line":236,"column":67}},"loc":{"start":{"line":237,"column":20},"end":{"line":237,"column":null}},"line":237},"18":{"name":"(anonymous_18)","decl":{"start":{"line":246,"column":26},"end":{"line":246,"column":27}},"loc":{"start":{"line":246,"column":33},"end":{"line":246,"column":null}},"line":246}},"branchMap":{"0":{"loc":{"start":{"line":29,"column":25},"end":{"line":29,"column":42}},"type":"default-arg","locations":[{"start":{"line":29,"column":38},"end":{"line":29,"column":42}}],"line":29},"1":{"loc":{"start":{"line":31,"column":2},"end":{"line":31,"column":null}},"type":"if","locations":[{"start":{"line":31,"column":2},"end":{"line":31,"column":null}},{"start":{},"end":{}}],"line":31},"2":{"loc":{"start":{"line":32,"column":2},"end":{"line":32,"column":null}},"type":"if","locations":[{"start":{"line":32,"column":2},"end":{"line":32,"column":null}},{"start":{},"end":{}}],"line":32},"3":{"loc":{"start":{"line":33,"column":2},"end":{"line":33,"column":null}},"type":"if","locations":[{"start":{"line":33,"column":2},"end":{"line":33,"column":null}},{"start":{},"end":{}}],"line":33},"4":{"loc":{"start":{"line":34,"column":2},"end":{"line":34,"column":null}},"type":"if","locations":[{"start":{"line":34,"column":2},"end":{"line":34,"column":null}},{"start":{},"end":{}}],"line":34},"5":{"loc":{"start":{"line":35,"column":2},"end":{"line":35,"column":null}},"type":"if","locations":[{"start":{"line":35,"column":2},"end":{"line":35,"column":null}},{"start":{},"end":{}}],"line":35},"6":{"loc":{"start":{"line":36,"column":2},"end":{"line":36,"column":null}},"type":"if","locations":[{"start":{"line":36,"column":2},"end":{"line":36,"column":null}},{"start":{},"end":{}}],"line":36},"7":{"loc":{"start":{"line":37,"column":2},"end":{"line":37,"column":null}},"type":"if","locations":[{"start":{"line":37,"column":2},"end":{"line":37,"column":null}},{"start":{},"end":{}}],"line":37},"8":{"loc":{"start":{"line":38,"column":2},"end":{"line":38,"column":null}},"type":"if","locations":[{"start":{"line":38,"column":2},"end":{"line":38,"column":null}},{"start":{},"end":{}}],"line":38},"9":{"loc":{"start":{"line":39,"column":2},"end":{"line":39,"column":null}},"type":"if","locations":[{"start":{"line":39,"column":2},"end":{"line":39,"column":null}},{"start":{},"end":{}}],"line":39},"10":{"loc":{"start":{"line":40,"column":2},"end":{"line":40,"column":null}},"type":"if","locations":[{"start":{"line":40,"column":2},"end":{"line":40,"column":null}},{"start":{},"end":{}}],"line":40},"11":{"loc":{"start":{"line":44,"column":26},"end":{"line":44,"column":38}},"type":"default-arg","locations":[{"start":{"line":44,"column":34},"end":{"line":44,"column":38}}],"line":44},"12":{"loc":{"start":{"line":49,"column":22},"end":{"line":49,"column":34}},"type":"default-arg","locations":[{"start":{"line":49,"column":30},"end":{"line":49,"column":34}}],"line":49},"13":{"loc":{"start":{"line":51,"column":2},"end":{"line":51,"column":null}},"type":"if","locations":[{"start":{"line":51,"column":2},"end":{"line":51,"column":null}},{"start":{},"end":{}}],"line":51},"14":{"loc":{"start":{"line":63,"column":24},"end":{"line":63,"column":45}},"type":"default-arg","locations":[{"start":{"line":63,"column":36},"end":{"line":63,"column":45}}],"line":63},"15":{"loc":{"start":{"line":69,"column":20},"end":{"line":69,"column":null}},"type":"cond-expr","locations":[{"start":{"line":69,"column":63},"end":{"line":69,"column":90}},{"start":{"line":69,"column":90},"end":{"line":69,"column":null}}],"line":69},"16":{"loc":{"start":{"line":71,"column":23},"end":{"line":71
[...]
":null}},"10":{"start":{"line":28,"column":8},"end":{"line":28,"column":null}},"11":{"start":{"line":29,"column":8},"end":{"line":29,"column":null}},"12":{"start":{"line":32,"column":4},"end":{"line":38,"column":null}},"13":{"start":{"line":33,"column":20},"end":{"line":33,"column":65}},"14":{"start":{"line":35,"column":8},"end":{"line":35,"column":null}},"15":{"start":{"line":36,"column":8},"end":{"line":36,"column":null}},"16":{"start":{"line":37,"column":8},"end":{"line":37,"column":null}},"17":{"start":{"line":39,"column":4},"end":{"line":39,"column":null}},"18":{"start":{"line":44,"column":27},"end":{"line":45,"column":90}},"19":{"start":{"line":45,"column":4},"end":{"line":45,"column":90}},"20":{"start":{"line":47,"column":30},"end":{"line":48,"column":34}},"21":{"start":{"line":48,"column":4},"end":{"line":48,"column":34}},"22":{"start":{"line":50,"column":38},"end":{"line":51,"column":37}},"23":{"start":{"line":51,"column":4},"end":{"line":51,"column":37}},"24":{"start":{"line":53,"column":29},"end":{"line":54,"column":35}},"25":{"start":{"line":54,"column":4},"end":{"line":54,"column":35}},"26":{"start":{"line":56,"column":29},"end":{"line":57,"column":40}},"27":{"start":{"line":57,"column":4},"end":{"line":57,"column":40}},"28":{"start":{"line":61,"column":28},"end":{"line":62,"column":45}},"29":{"start":{"line":62,"column":4},"end":{"line":62,"column":45}},"30":{"start":{"line":64,"column":30},"end":{"line":65,"column":50}},"31":{"start":{"line":65,"column":4},"end":{"line":65,"column":50}},"32":{"start":{"line":67,"column":25},"end":{"line":68,"column":53}},"33":{"start":{"line":68,"column":4},"end":{"line":68,"column":53}},"34":{"start":{"line":70,"column":21},"end":{"line":71,"column":28}},"35":{"start":{"line":71,"column":4},"end":{"line":71,"column":28}},"36":{"start":{"line":73,"column":31},"end":{"line":74,"column":45}},"37":{"start":{"line":74,"column":4},"end":{"line":74,"column":45}},"38":{"start":{"line":76,"column":29},"end":{"line":86,"column":1}},"39":{"start":{"line":77,"column":19},"end":{"line":77,"column":40}},"40":{"start":{"line":78,"column":4},"end":{"line":82,"column":null}},"41":{"start":{"line":79,"column":8},"end":{"line":81,"column":null}},"42":{"start":{"line":80,"column":12},"end":{"line":80,"column":null}},"43":{"start":{"line":84,"column":18},"end":{"line":84,"column":35}},"44":{"start":{"line":85,"column":4},"end":{"line":85,"column":null}},"45":{"start":{"line":88,"column":35},"end":{"line":89,"column":34}},"46":{"start":{"line":89,"column":4},"end":{"line":89,"column":34}},"47":{"start":{"line":93,"column":28},"end":{"line":94,"column":41}},"48":{"start":{"line":94,"column":4},"end":{"line":94,"column":41}},"49":{"start":{"line":96,"column":30},"end":{"line":97,"column":39}},"50":{"start":{"line":97,"column":4},"end":{"line":97,"column":39}},"51":{"start":{"line":99,"column":30},"end":{"line":100,"column":43}},"52":{"start":{"line":100,"column":4},"end":{"line":100,"column":43}},"53":{"start":{"line":104,"column":27},"end":{"line":131,"column":1}},"54":{"start":{"line":113,"column":20},"end":{"line":113,"column":22}},"55":{"start":{"line":114,"column":4},"end":{"line":116,"column":null}},"56":{"start":{"line":115,"column":8},"end":{"line":115,"column":null}},"57":{"start":{"line":118,"column":4},"end":{"line":130,"column":null}},"58":{"start":{"line":133,"column":25},"end":{"line":143,"column":1}},"59":{"start":{"line":134,"column":19},"end":{"line":134,"column":40}},"60":{"start":{"line":135,"column":4},"end":{"line":139,"column":null}},"61":{"start":{"line":136,"column":8},"end":{"line":138,"column":null}},"62":{"start":{"line":137,"column":12},"end":{"line":137,"column":null}},"63":{"start":{"line":141,"column":18},"end":{"line":141,"column":35}},"64":{"start":{"line":142,"column":4},"end":{"line":142,"column":null}},"65":{"start":{"line":145,"column":28},"end":{"line":146,"column":32}},"66":{"start":{"line":146,"column":4},"end":{"line":146,"column":32}},"67":{"start":{"line":148,"column":34},"end":{"line":149,"column":56}},"68":{"start":{"line":149,"column":4},"end":{"line":149,"column":56}},"69":{"start":{"line":151,"column":37},"end":{"line":152,"column":59}},"70":{"start":{"line":152,"column":4},"end":{"line":152,"column":59}},"71":{"start":{"line":156,"column":27},"end":{"line":157,"column":21}},"72":{"start":{"line":157,"column":4},"end":{"line":157,"column":21}},"73":{"start":{"line":159,"column":30},"end":{"line":160,"column":20}},"74":{"start":{"line":160,"column":4},"end":{"line":160,"column":20}}},"fnMap":{"0":{"name":"http","decl":{"start":{"line":10,"column":15},"end":{"line":10,"column":19}},"loc":{"start":{"line":10,"column":59},"end":{"line":40,"column":null}},"line":10},"1":{"name":"(anonymous_1)","decl":{"start":{"line":25,"column":40},"end":{"line":25,"column":41}},"loc":{"start":{"line":25,"column":47},"end":{"line":25,"column":49}},"line":25},"2":{"name":"(anonymous_2)","decl":{"start":{"line":44,"column":27},"end":{"line":44,"column":28}},"loc":{"start":{"line":45,"column":4},"end":{"line":45,"column":90}},"line":45},"3":{"name":"(anonymous_3)","decl":{"start":{"line":47,"column":30},"end":{"line":47,"column":31}},"loc":{"start":{"line":48,"column":4},"end":{"line":48,"column":34}},"line":48},"4":{"name":"(anonymous_4)","decl":{"start":{"line":50,"column":38},"end":{"line":50,"column":39}},"loc":{"start":{"line":51,"column":4},"end":{"line":51,"column":37}},"line":51},"5":{"name":"(anonymous_5)","decl":{"start":{"line":53,"column":29},"end":{"line":53,"column":30}},"loc":{"start":{"line":54,"column":4},"end":{"line":54,"column":35}},"line":54},"6":{"name":"(anonymous_6)","decl":{"start":{"line":56,"column":29},"end":{"line":56,"column":30}},"loc":{"start":{"line":57,"column":4},"end":{"line":57,"column":40}},"line":57},"7":{"name":"(anonymous_7)","decl":{"start":{"line":61,"column":28},"end":{"line":61,"column":29}},"loc":{"start":{"line":62,"column":4},"end":{"line":62,"column":45}},"line":62},"8":{"name":"(anonymous_8)","decl":{"start":{"line":64,"column":30},"end":{"line":64,"column":31}},"loc":{"start":{"line":65,"column":4},"end":{"line":65,"column":50}},"line":65},"9":{"name":"(anonymous_9)","decl":{"start":{"line":67,"column":25},"end":{"line":67,"column":26}},"loc":{"start":{"line":68,"column":4},"end":{"line":68,"column":53}},"line":68},"10":{"name":"(anonymous_10)","decl":{"start":{"line":70,"column":21},"end":{"line":70,"column":22}},"loc":{"start":{"line":71,"column":4},"end":{"line":71,"column":28}},"line":71},"11":{"name":"(anonymous_11)","decl":{"start":{"line":73,"column":31},"end":{"line":73,"column":32}},"loc":{"start":{"line":74,"column":4},"end":{"line":74,"column":45}},"line":74},"12":{"name":"(anonymous_12)","decl":{"start":{"line":76,"column":29},"end":{"line":76,"column":30}},"loc":{"start":{"line":76,"column":46},"end":{"line":86,"column":1}},"line":76},"13":{"name":"(anonymous_13)","decl":{"start":{"line":78,"column":35},"end":{"line":78,"column":36}},"loc":{"start":{"line":78,"column":53},"end":{"line":82,"column":5}},"line":78},"14":{"name":"(anonymous_14)","decl":{"start":{"line":88,"column":35},"end":{"line":88,"column":36}},"loc":{"start":{"line":89,"column":4},"end":{"line":89,"column":34}},"line":89},"15":{"name":"(anonymous_15)","decl":{"start":{"line":93,"column":28},"end":{"line":93,"column":29}},"loc":{"start":{"line":94,"column":4},"end":{"line":94,"column":41}},"line":94},"16":{"name":"(anonymous_16)","decl":{"start":{"line":96,"column":30},"end":{"line":96,"column":31}},"loc":{"start":{"line":97,"column":4},"end":{"line":97,"column":39}},"line":97},"17":{"name":"(anonymous_17)","decl":{"start":{"line":99,"column":30},"end":{"line":99,"column":31}},"loc":{"start":{"line":100,"column":4},"end":{"line":100,"column":43}},"line":100},"18":{"name":"(anonymous_18)","decl":{"start":{"line":104,"column":27},"end":{"line":104,"column":28}},"loc":{"start":{"line":112,"column":11},"end":{"line":131,"column":1}},"line":112},"19":{"name":"(anonymous_19)","decl":{"start":{"line":133,"column":25},"end":{"line":133,"column":26}},"loc":{"start":{"line":133,"column":42},"end":{"line":143,"column":1}},"line":133},"20":{"name":"(anonymous_20)","decl":{"start":{"line":135,"column":35},"end":{"line":135,"column":36}},"loc":{"start":{"line":135,"column":53},"end":{"line":139,"column":5}},"line":135},"21":{"name":"(anonymous_21)","decl":{"start":{"line":145,"column":28},"end":{"line":145,"column":29}},"loc":{"start":{"line":146,"column":4},"end":{"line":146,"column":32}},"line":146},"22":{"name":"(anonymous_22)","decl":{"start":{"line":148,"column":34},"end":{"line":148,"column":35}},"loc":{"start":{"line":149,"column":4},"end":{"line":149,"column":56}},"line":149},"23":{"name":"(anonymous_23)","decl":{"start":{"line":151,"column":37},"end":{"line":151,"column":38}},"loc":{"start":{"line":152,"column":4},"end":{"line":152,"column":59}},"line":152},"24":{"name":"(anonymous_24)","decl":{"start":{"line":156,"column":27},"end":{"line":156,"column":28}},"loc":{"start":{"line":157,"column":4},"end":{"line":157,"column":21}},"line":157},"25":{"name":"(anonymous_25)","decl":{"start":{"line":159,"column":30},"end":{"line":159,"column":31}},"loc":{"start":{"line":160,"column":4},"end":{"line":160,"column":20}},"line":160}},"branchMap":{"0":{"loc":{"start":{"line":10,"column":40},"end":{"line":10,"column":57}},"type":"default-arg","locations":[{"start":{"line":10,"column":55},"end":{"line":10,"column":57}}],"line":10},"1":{"loc":{"start":{"line":11,"column":18},"end":{"line":11,"column":91}},"type":"cond-expr","locations":[{"start":{"line":11,"column":50},"end":{"line":11,"column":84}},{"start":{"line":11,"column":87},"end":{"line":11,"column":91}}],"line":11},"2":{"loc":{"start":{"line":12,"column":27},"end":{"line":12,"column":96}},"type":"binary-expr","locations":[{"start":{"line":12,"column":27},"end":{"line":12,"column":58}},{"start":{"line":12,"column":62},"end":{"line":12,"column":96}}],"line":12},"3":{"loc":{"start":{"line":18,"column":16},"end":{"line":18,"column":84}},"type":"cond-expr","locations":[{"start":{"line":18,"column":43},"end":{"line":18,"column":79}},{"start":{"line":18,"column":82},"end":{"line":18,"column":84}}],"line":18},"4":{"loc":{"start":{"line":18,"column":16},"end":{"line":18,"column":40}},"type":"binary-expr","locations":[{"start":{"line":18,"column":16},"end":{"line":18,"column":21}},{"start":{"line":18,"column":25},"end":{"line":18,"column":40}}],"line":18},"5":{"loc":{"start":{"line":22,"column":4},"end":{"line":22,"column":null}},"type":"if","locations":[{"start":{"line":22,"column":4},"end":{"line":22,"column":null}},{"start":{},"end":{}}],"line":22},"6":{"loc":{"start":{"line":27,"column":4},"end":{"line":30,"column":null}},"type":"if","locations":[{"start":{"line":27,"column":4},"end":{"line":30,"column":null}},{"start":{},"end":{}}],"line":27},"7":{"loc":{"start":{"line":27,"column":8},"end":{"line":27,"column":59}},"type":"binary-expr","locations":[{"start":{"line":27,"column":8},"end":{"line":27,"column":26}},{"start":{"line":27,"column":30},"end":{"line":27,"column":59}}],"line":27},"8":{"loc":{"start":{"line":32,"column":4},"end":{"line":38,"column":null}},"type":"if","locations":[{"start":{"line":32,"column":4},"end":{"line":38,"column":null}},{"start":{},"end":{}}],"line":32},"9":{"loc":{"start":{"line":33,"column":30},"end":{"line":33,"column":64}},"type":"binary-expr","locations":[{"start":{"line":33,"column":30},"end":{"line":33,"column":40}},{"start":{"line":33,"column":44},"end":{"line":33,"column":64}}],"line":33},"10":{"loc":{"start":{"line":45,"column":28},"end":{"line":45,"column":87}},"type":"cond-expr","locations":[{"start":{"line":45,"column":39},"end":{"line":45,"column":82}},{"start":{"line":45,"column":85},"end":{"line":45,"column":87}}],"line":45},"11":{"loc":{"start":{"line":76,"column":30},"end":{"line":76,"column":41}},"type":"default-arg","locations":[{"start":{"line":76,"column":39},"end":{"line":76,"column":41}}],"line":76},"12":{"loc":{"start":{"line":79,"column":8},"end":{"line":81,"column":null}},"type":"if","locations":[{"start":{"line":79,"column":8},"end":{"line":81,"column":null}},{"start":{},"end":{}}],"line":79},"13":{"loc":{"start":{"line":79,"column":12},"end":{"line":79,"column":65}},"type":"binary-expr","locations":[{"start":{"line":79,"column":12},"end":{"line":79,"column":31}},{"start":{"line":79,"column":35},"end":{"line":79,"column":49}},{"start":{"line":79,"column":53},"end":{"line":79,"column":65}}],"line":79},"14":{"loc":{"start":{"line":85,"column":32},"end":{"line":85,"column":56}},"type":"cond-expr","locations":[{"start":{"line":85,"column":40},"end":{"line":85,"column":51}},{"start":{"line":85,"column":54},"end":{"line":85,"column":56}}],"line":85},"15":{"loc":{"start":{"line":104,"column":28},"end":{"line":112,"column":6}},"type":"default-arg","locations":[{"start":{"line":112,"column":4},"end":{"line":112,"column":6}}],"line":104},"16":{"loc":{"start":{"line":105,"column":4},"end":{"line":105,"column":21}},"type":"default-arg","locations":[{"start":{"line":105,"column":20},"end":{"line":105,"column":21}}],"line":105},"17":{"loc":{"start":{"line":106,"column":4},"end":{"line":106,"column":21}},"type":"default-arg","locations":[{"start":{"line":106,"column":20},"end":{"line":106,"column":21}}],"line":106},"18":{"loc":{"start":{"line":107,"column":4},"end":{"line":107,"column":24}},"type":"default-arg","locations":[{"start":{"line":107,"column":20},"end":{"line":107,"column":24}}],"line":107},"19":{"loc":{"start":{"line":108,"column":4},"end":{"line":108,"column":26}},"type":"default-arg","locations":[{"start":{"line":108,"column":22},"end":{"line":108,"column":26}}],"line":108},"20":{"loc":{"start":{"line":109,"column":4},"end":{"line":109,"column":22}},"type":"default-arg","locations":[{"start":{"line":109,"column":18},"end":{"line":109,"column":22}}],"line":109},"21":{"loc":{"start":{"line":110,"column":4},"end":{"line":110,"column":16}},"type":"default-arg","locations":[{"start":{"line":110,"column":12},"end":{"line":110,"column":16}}],"line":110},"22":{"loc":{"start":{"line":111,"column":4},"end":{"line":111,"column":25}},"type":"default-arg","locations":[{"start":{"line":111,"column":21},"end":{"line":111,"column":25}}],"line":111},"23":{"loc":{"start":{"line":114,"column":4},"end":{"line":116,"column":null}},"type":"if","locations":[{"start":{"line":114,"column":4},"end":{"line":116,"column":null}},{"start":{},"end":{}}],"line":114},"24":{"loc":{"start":{"line":133,"column":26},"end":{"line":133,"column":37}},"type":"default-arg","locations":[{"start":{"line":133,"column":35},"end":{"line":133,"column":37}}],"line":133},"25":{"loc":{"start":{"line":136,"column":8},"end":{"line":138,"column":null}},"type":"if","locations":[{"start":{"line":136,"column":8},"end":{"line":138,"column":null}},{"start":{},"end":{}}],"line":136},"26":{"loc":{"start":{"line":136,"column":12},"end":{"line":136,"column":65}},"type":"binary-expr","locations":[{"start":{"line":136,"column":12},"end":{"line":136,"column":31}},{"start":{"line":136,"column":35},"end":{"line":136,"column":49}},{"start":{"line":136,"column":53},"end":{"line":136,"column":65}}],"line":136},"27":{"loc":{"start":{"line":142,"column":33},"end":{"line":142,"column":57}},"type":"cond-expr","locations":[{"start":{"line":142,"column":41},"end":{"line":142,"column":52}},{"start":{"line":142,"column":55},"end":{"line":142,"column":57}}],"line":142},"28":{"loc":{"start":{"line":148,"column":44},"end":{"line":148,"column":56}},"type":"default-arg","locations":[{"start":{"line":148,"column":54},"end":{"line":148,"column":56}}],"line":148},"29":{"loc":{"start":{"line":156,"column":28},"end":{"line":156,"column":39}},"type":"default-arg","locations":[{"start":{"line":156,"column":37},"end":{"line":156,"column":39}}],"line":156}},"s":{"0":3,"1":25,"2":25,"3":25,"4":25,"5":8,"6":25,"7":25,"8":1,"9":25,"10":1,"11":1,"12":25,"13":3,"14":3,"15":3,"16":3,"17":22,"18":3,"19":4,"20":3,"21":1,"22":3,"23":1,"24":3,"25":0,"26":3,"27":0,"28":3,"29":1,"30":3,"31":1,"32":3,"33":1,"34":3,"35":1,"36":3,"37":1,"38":3,"39":2,"40":2,"41":5,"42":4,"43":2,"44":2,"45":3,"46":1,"47":3,"48":2,"49":3,"50":1,"51":3,"52":1,"53":3,"54":1,"55":1,"56":1,"57":1,"58":3,"59":2,"60":2,"61":7,"62":5,"63":2,"64":2,"65":3,"66":2,"67":3,"68":1,"69":3,"70":1,"71":3,"72":1,"73":3,"74":1},"f":{"0":25,"1":1,"2":4,"3":1,"4":1,"5":0,"6":0,"7":1,"8":1,"9":1,"10":1,"11":1,"12":2,"13":5,"14":1,"15":2,"16":1,"17":1,"18":1,"19":2,"20":7,"21":2,"22":1,"23":1,"24":1,"25":1},"b":{"0":[25],"1":[25,0],"2":[25,23],"3":[5,20],"4":[25,6],"5":[8,17],"6":[1,24],"7":[25,1],"8":[3,22],"9":[3,1],"10":[1,3],"11":[2],"12":[4,1],"13":[5,5,5],"14":[1,1],"15":[1],"16":[1],"17":[1],"18":[1],"19":[1],"20":[1],"21":[1],"22":[1],"23":[1,0],"24":[2],"25":[5,2],"26":[7,7,6],"27":[2,0],"28":[1],"29":[1]},"meta":{"lastBranch":30,"lastFunction":26,"lastStatement":75,"seen":{"s:8:13:8:19":0,"f:10:15:10:19":0,"b:10:55:10:57":0,"s:11:18:11:91":1,"b:11:50:11:84:11:87:11:91":1,"s:12:27:12:96":2,"b:12:27:12:58:12:62:12:96":2,"s:14:20:21:5":3,"b:18:43:18:79:18:82:18:84":3,"b:18:16:18:21:18:25:18:40":4,"b:22:4:22:Infinity:undefined:undefined:undefined:undefined":5,"s:22:4:22:Infinity":4,"s:22:28:22:Infinity":5,"s:24:16:24:54":6,"s:25:17:25:51":7,"f:25:40:25:41":1,"s:25:47:25:49":8,"b:27:4:30:Infinity:undefined:undefined:undefined:undefined":6,"s:27:4:30:Infinity":9,"b:27:8:27:26:27:30:27:59":7,"s:28:8:28:Infinity":10,"s:29:8:29:Infinity":11,"b:32:4:38:Infinity:undefined:undefined:undefined:undefined":8,"s:32:4:38:Infinity":12,"s:33:20:33:65":13,"b:33:30:33:40:33:44:33:64":9,"s:35:8:35:Infinity":14,"s:36:8:36:Infinity":15,"s:37:8:37:Infinity":16,"s:39:4:39:Infinity":17,"s:44:27:45:90":18,"f:44:27:44:28":2,"s:45:4:45:90":19,"b:45:39:45:82:45:85:45:87":10,"s:47:30:48:34":20,"f:47:30:47:31":3,"s:48:4:48:34":21,"s:50:38:51:37":22,"f:50:38:50:39":4,"s:51:4:51:37":23,"s:53:29:54:35":24,"f:53:29:53:30":5,"s:54:4:54:35":25,"s:56:29:57:40":26,"f:56:29:56:30":6,"s:57:4:57:40":27,"s:61:28:62:45":28,"f:61:28:61:29":7,"s:62:4:62:45":29,"s:64:30:65:50":30,"f:64:30:64:31":8,"s:65:4:65:50":31,"s:67:25:68:53":32,"f:67:25:67:26":9,"s:68:4:68:53":33,"s:70:21:71:28":34,"f:70:21:70:22":10,"s:71:4:71:28":35,"s:73:31:74:45":36,"f:73:31:73:32":11,"s:74:4:74:45":37,"s:76:29:86:1":38,"f:76:29:76:30":12,"b:76:39:76:41":11,"s:77:19:77:40":39,"s:78:4:82:Infinity":40,"f:78:35:78:36":13,"b:79:8:81:Infinity:undefined:undefined:undefined:undefined":12,"s:79:8:81:Infinity":41,"b:79:12:79:31:79:35:79:49:79:53:79:65":13,"s:80:12:80:Infinity":42,"s:84:18:84:35":43,"s:85:4:85:Infinity":44,"b:85:40:85:51:85:54:85:56":14,"s:88:35:89:34":45,"f:88:35:88:36":14,"s:89:4:89:34":46,"s:93:28:94:41":47,"f:93:28:93:29":15,"s:94:4:94:41":48,"s:96:30:97:39":49,"f:96:30:96:31":16,"s:97:4:97:39":50,"s:99:30:100:43":51,"f:99:30:99:31":17,"s:100:4:100:43":52,"s:104:27:131:1":53,"f:104:27:104:28":18,"b:112:4:112:6":15,"b:105:20:105:21":16,"b:106:20:106:21":17,"b:107:20:107:24":18,"b:108:22:108:26":19,"b:109:18:109:22":20,"b:110:12:110:16":21,"b:111:21:111:25":22,"s:113:20:113:22":54,"b:114:4:116:Infinity:undefined:undefined:undefined:undefined":23,"s:114:4:116:Infinity":55,"s:115:8:115:Infinity":56,"s:118:4:130:Infinity":57,"s:133:25:143:1":58,"f:133:25:133:26":19,"b:133:35:133:37":24,"s:134:19:134:40":59,"s:135:4:139:Infinity":60,"f:135:35:135:36":20,"b:136:8:138:Infinity:undefined:undefined:undefined:undefined":25,"s:136:8:138:Infinity":61,"b:136:12:136:31:136:35:136:49:136:53:136:65":26,"s:137:12:137:Infinity":62,"s:141:18:141:35":63,"s:142:4:142:Infinity":64,"b:142:41:142:52:142:55:142:57":27,"s:145:28:146:32":65,"f:145:28:145:29":21,"s:146:4:146:32":66,"s:148:34:149:56":67,"f:148:34:148:35":22,"s:149:4:149:56":68,"b:148:54:148:56":28,"s:151:37:152:59":69,"f:151:37:151:38":23,"s:152:4:152:59":70,"s:156:27:157:21":71,"f:156:27:156:28":24,"s:157:4:157:21":72,"b:156:37:156:39":29,"s:159:30:160:20":73,"f:159:30:159:31":25,"s:160:4:160:20":74}}}
}
