TN:
SF:src/App.jsx
FN:136,(anonymous_0)
FN:227,(anonymous_1)
FN:416,(anonymous_2)
FN:425,(anonymous_3)
FN:433,(anonymous_4)
FN:441,(anonymous_5)
FN:447,(anonymous_6)
FN:448,(anonymous_7)
FN:450,(anonymous_8)
FN:457,(anonymous_9)
FN:459,(anonymous_10)
FN:468,(anonymous_11)
FN:475,(anonymous_12)
FN:480,(anonymous_13)
FN:482,(anonymous_14)
FN:483,(anonymous_15)
FN:484,(anonymous_16)
FN:487,(anonymous_17)
FN:499,(anonymous_18)
FN:500,(anonymous_19)
FN:502,(anonymous_20)
FN:508,(anonymous_21)
FN:509,(anonymous_22)
FN:511,(anonymous_23)
FN:540,(anonymous_24)
FN:548,(anonymous_25)
FN:620,(anonymous_26)
FNF:27
FNH:20
FNDA:19,(anonymous_0)
FNDA:0,(anonymous_1)
FNDA:4,(anonymous_2)
FNDA:2,(anonymous_3)
FNDA:0,(anonymous_4)
FNDA:19,(anonymous_5)
FNDA:9,(anonymous_6)
FNDA:12,(anonymous_7)
FNDA:386,(anonymous_8)
FNDA:12,(anonymous_9)
FNDA:0,(anonymous_10)
FNDA:3,(anonymous_11)
FNDA:9,(anonymous_12)
FNDA:6,(anonymous_13)
FNDA:5,(anonymous_14)
FNDA:5,(anonymous_15)
FNDA:2,(anonymous_16)
FNDA:1,(anonymous_17)
FNDA:1,(anonymous_18)
FNDA:1,(anonymous_19)
FNDA:0,(anonymous_20)
FNDA:1,(anonymous_21)
FNDA:1,(anonymous_22)
FNDA:0,(anonymous_23)
FNDA:0,(anonymous_24)
FNDA:0,(anonymous_25)
FNDA:9,(anonymous_26)
DA:46,2
DA:136,2
DA:137,19
DA:138,19
DA:140,19
DA:227,0
DA:416,2
DA:417,4
DA:418,4
DA:419,4
DA:420,1
DA:422,3
DA:425,2
DA:426,2
DA:427,2
DA:428,1
DA:430,1
DA:433,2
DA:434,0
DA:435,0
DA:436,0
DA:438,0
DA:441,2
DA:442,19
DA:443,19
DA:444,19
DA:445,19
DA:447,19
DA:448,9
DA:449,12
DA:450,12
DA:451,386
DA:452,289
DA:457,9
DA:458,12
DA:459,12
DA:460,0
DA:461,0
DA:465,9
DA:466,9
DA:468,9
DA:469,3
DA:470,3
DA:473,9
DA:475,9
DA:476,9
DA:480,19
DA:482,19
DA:483,5
DA:484,5
DA:485,5
DA:486,1
DA:487,1
DA:488,1
DA:493,4
DA:494,4
DA:499,19
DA:500,1
DA:501,1
DA:502,1
DA:503,0
DA:508,19
DA:509,1
DA:510,1
DA:511,1
DA:515,19
DA:540,0
DA:548,0
DA:620,2
DA:621,9
LF:70
LH:60
BRDA:277,0,0,2
BRDA:277,0,1,17
BRDA:419,1,0,1
BRDA:419,1,1,3
BRDA:427,2,0,1
BRDA:427,2,1,1
BRDA:435,3,0,0
BRDA:435,3,1,0
BRDA:451,4,0,289
BRDA:451,4,1,97
BRDA:485,5,0,1
BRDA:485,5,1,4
BRDA:488,6,0,1
BRDA:488,6,1,0
BRDA:503,7,0,0
BRDA:503,7,1,0
BRF:16
BRH:11
end_of_record
TN:
SF:src/components/Cart.jsx
FN:20,(anonymous_0)
FN:22,(anonymous_1)
FN:23,(anonymous_2)
FN:24,(anonymous_3)
FN:29,(anonymous_4)
FN:33,(anonymous_5)
FN:35,(anonymous_6)
FN:37,(anonymous_7)
FN:113,(anonymous_8)
FNF:9
FNH:8
FNDA:11,(anonymous_0)
FNDA:16,(anonymous_1)
FNDA:16,(anonymous_2)
FNDA:0,(anonymous_3)
FNDA:18,(anonymous_4)
FNDA:18,(anonymous_5)
FNDA:18,(anonymous_6)
FNDA:1,(anonymous_7)
FNDA:18,(anonymous_8)
DA:20,2
DA:26,11
DA:27,11
DA:28,11
DA:29,18
DA:33,18
DA:35,18
DA:36,11
DA:37,11
DA:39,11
DA:114,18
LF:11
LH:11
BRDA:21,0,0,11
BRDA:22,1,0,16
BRDA:23,2,0,16
BRDA:24,3,0,0
BRDA:27,4,0,10
BRDA:27,4,1,1
BRDA:35,5,0,18
BRDA:35,5,1,18
BRDA:41,6,0,2
BRDA:41,6,1,9
BRDA:120,7,0,18
BRDA:120,7,1,9
BRDA:157,8,0,9
BRDA:157,8,1,9
BRDA:173,9,0,9
BRDA:173,9,1,0
BRF:16
BRH:14
end_of_record
TN:
SF:src/components/CartItem.jsx
FN:16,(anonymous_0)
FN:18,(anonymous_1)
FN:19,(anonymous_2)
FN:76,(anonymous_3)
FN:84,(anonymous_4)
FNF:5
FNH:5
FNDA:8,(anonymous_0)
FNDA:1,(anonymous_1)
FNDA:1,(anonymous_2)
FNDA:4,(anonymous_3)
FNDA:3,(anonymous_4)
DA:16,2
DA:17,8
DA:18,8
DA:19,8
DA:20,8
DA:27,8
DA:28,8
DA:77,4
DA:78,4
DA:84,3
LF:10
LH:10
BRDA:18,0,0,8
BRDA:18,0,1,7
BRDA:18,0,2,1
BRDA:19,1,0,8
BRDA:19,1,1,7
BRDA:19,1,2,1
BRDA:22,2,0,8
BRDA:22,2,1,1
BRDA:23,3,0,8
BRDA:23,3,1,1
BRDA:24,4,0,7
BRDA:24,4,1,1
BRDA:25,5,0,7
BRDA:25,5,1,1
BRDA:25,6,0,8
BRDA:25,6,1,8
BRDA:78,7,0,3
BRDA:78,7,1,1
BRDA:78,8,0,4
BRDA:78,8,1,4
BRF:20
BRH:20
end_of_record
TN:
SF:src/components/Catalog.jsx
FN:19,(anonymous_0)
FN:25,(anonymous_1)
FN:26,(anonymous_2)
FN:28,(anonymous_3)
FN:30,(anonymous_4)
FN:38,(anonymous_5)
FN:44,(anonymous_6)
FN:45,(anonymous_7)
FN:59,(anonymous_8)
FN:72,(anonymous_9)
FN:75,(anonymous_10)
FN:76,(anonymous_11)
FN:82,(anonymous_12)
FN:90,(anonymous_13)
FN:100,(anonymous_14)
FN:101,(anonymous_15)
FN:102,(anonymous_16)
FN:105,(anonymous_17)
FN:117,(anonymous_18)
FN:132,(anonymous_19)
FN:164,(anonymous_20)
FN:175,(anonymous_21)
FN:181,(anonymous_22)
FN:218,(anonymous_23)
FNF:24
FNH:20
FNDA:18,(anonymous_0)
FNDA:60,(anonymous_1)
FNDA:0,(anonymous_2)
FNDA:0,(anonymous_3)
FNDA:0,(anonymous_4)
FNDA:37,(anonymous_5)
FNDA:9,(anonymous_6)
FNDA:9,(anonymous_7)
FNDA:37,(anonymous_8)
FNDA:61,(anonymous_9)
FNDA:39,(anonymous_10)
FNDA:4,(anonymous_11)
FNDA:6,(anonymous_12)
FNDA:2,(anonymous_13)
FNDA:0,(anonymous_14)
FNDA:4,(anonymous_15)
FNDA:6,(anonymous_16)
FNDA:61,(anonymous_17)
FNDA:2,(anonymous_18)
FNDA:4,(anonymous_19)
FNDA:5,(anonymous_20)
FNDA:121,(anonymous_21)
FNDA:4,(anonymous_22)
FNDA:42,(anonymous_23)
DA:17,2
DA:19,2
DA:20,18
DA:25,2
DA:32,60
DA:33,60
DA:34,60
DA:35,60
DA:38,60
DA:39,37
DA:40,9
DA:44,60
DA:45,9
DA:46,9
DA:47,9
DA:48,9
DA:49,8
DA:51,1
DA:53,9
DA:56,9
DA:59,60
DA:60,37
DA:61,37
DA:69,37
DA:72,61
DA:74,60
DA:75,39
DA:77,4
DA:80,4
DA:83,6
DA:84,6
DA:87,0
DA:88,0
DA:91,2
DA:92,2
DA:100,0
DA:101,4
DA:102,6
DA:105,60
DA:106,61
DA:108,61
DA:110,61
DA:111,61
DA:114,60
DA:116,60
DA:118,2
DA:119,2
DA:123,2
DA:132,60
DA:133,4
DA:135,4
DA:141,4
DA:142,1
DA:143,1
DA:146,3
DA:149,60
DA:164,5
DA:176,121
DA:181,4
DA:219,42
LF:60
LH:57
BRDA:19,0,0,18
BRDA:26,1,0,0
BRDA:27,2,0,60
BRDA:28,3,0,0
BRDA:29,4,0,60
BRDA:30,5,0,0
BRDA:39,6,0,9
BRDA:39,6,1,28
BRDA:39,7,0,37
BRDA:39,7,1,9
BRDA:49,8,0,7
BRDA:49,8,1,1
BRDA:69,9,0,37
BRDA:69,9,1,5
BRDA:80,10,0,4
BRDA:80,10,1,2
BRDA:83,11,0,6
BRDA:83,11,1,0
BRDA:88,12,0,0
BRDA:88,12,1,0
BRDA:88,12,2,0
BRDA:93,13,0,2
BRDA:93,13,1,0
BRDA:93,13,2,0
BRDA:93,13,3,0
BRDA:93,13,4,0
BRDA:108,14,0,61
BRDA:108,14,1,25
BRDA:110,15,0,61
BRDA:110,15,1,0
BRDA:111,16,0,61
BRDA:111,16,1,59
BRDA:111,16,2,45
BRDA:116,17,0,5
BRDA:116,17,1,55
BRDA:141,18,0,1
BRDA:141,18,1,3
BRDA:146,19,0,3
BRDA:146,19,1,0
BRDA:180,20,0,47
BRDA:180,20,1,74
BRDA:182,21,0,47
BRDA:182,21,1,74
BRDA:196,22,0,18
BRDA:196,22,1,42
BRDA:211,23,0,27
BRDA:211,23,1,33
BRDA:226,24,0,60
BRDA:226,24,1,33
BRDA:226,24,2,7
BRF:50
BRH:37
end_of_record
TN:
SF:src/components/CheckoutButton.jsx
FN:11,(anonymous_0)
FN:19,(anonymous_1)
FN:39,(anonymous_2)
FN:43,(anonymous_3)
FNF:4
FNH:4
FNDA:11,(anonymous_0)
FNDA:5,(anonymous_1)
FNDA:3,(anonymous_2)
FNDA:3,(anonymous_3)
DA:11,2
DA:12,11
DA:13,11
DA:14,11
DA:15,11
DA:16,11
DA:17,11
DA:19,11
DA:20,5
DA:21,0
DA:22,0
DA:25,5
DA:26,2
DA:28,2
DA:29,2
DA:32,3
DA:34,3
DA:38,5
DA:39,3
DA:43,3
DA:45,5
DA:46,2
DA:47,2
DA:54,1
DA:58,11
LF:25
LH:23
BRDA:11,0,0,11
BRDA:16,1,0,11
BRDA:16,1,1,1
BRDA:16,1,2,0
BRDA:17,2,0,10
BRDA:17,2,1,1
BRDA:20,3,0,0
BRDA:20,3,1,5
BRDA:25,4,0,2
BRDA:25,4,1,3
BRDA:34,5,0,3
BRDA:34,5,1,0
BRDA:34,6,0,3
BRDA:34,6,1,3
BRDA:40,7,0,3
BRDA:40,7,1,3
BRDA:41,8,0,3
BRDA:41,8,1,1
BRDA:43,9,0,3
BRDA:43,9,1,3
BRDA:43,9,2,3
BRDA:43,9,3,3
BRDA:54,10,0,1
BRDA:54,10,1,0
BRDA:64,11,0,5
BRDA:64,11,1,6
BRDA:69,12,0,5
BRDA:69,12,1,6
BRF:28
BRH:24
end_of_record
TN:
SF:src/components/Footer.jsx
FN:5,(anonymous_0)
FN:8,(anonymous_1)
FNF:2
FNH:2
FNDA:21,(anonymous_0)
FNDA:1,(anonymous_1)
DA:5,3
DA:6,21
DA:8,21
DA:9,1
DA:12,21
LF:5
LH:5
BRF:0
BRH:0
end_of_record
TN:
SF:src/components/Login.jsx
FN:26,(anonymous_0)
FN:53,(anonymous_1)
FN:153,(anonymous_2)
FN:167,(anonymous_3)
FN:180,(anonymous_4)
FN:188,(anonymous_5)
FN:188,(anonymous_6)
FNF:7
FNH:7
FNDA:135,(anonymous_0)
FNDA:8,(anonymous_1)
FNDA:1,(anonymous_2)
FNDA:78,(anonymous_3)
FNDA:30,(anonymous_4)
FNDA:2,(anonymous_5)
FNDA:2,(anonymous_6)
DA:26,2
DA:27,135
DA:28,135
DA:29,135
DA:32,135
DA:33,135
DA:35,135
DA:36,135
DA:37,135
DA:38,135
DA:39,135
DA:53,135
DA:54,8
DA:55,8
DA:57,8
DA:58,2
DA:59,2
DA:62,6
DA:63,6
DA:64,6
DA:65,5
DA:66,8
DA:68,8
DA:69,1
DA:72,4
DA:85,8
DA:86,8
DA:88,2
DA:90,6
DA:94,135
DA:153,1
DA:167,78
DA:180,30
DA:188,2
LF:34
LH:34
BRDA:33,0,0,135
BRDA:33,0,1,114
BRDA:57,1,0,2
BRDA:57,1,1,6
BRDA:57,2,0,8
BRDA:57,2,1,6
BRDA:65,3,0,5
BRDA:65,3,1,1
BRDA:68,4,0,1
BRDA:68,4,1,7
BRDA:79,5,0,4
BRDA:79,5,1,4
BRDA:88,6,0,2
BRDA:88,6,1,1
BRDA:148,7,0,135
BRDA:148,7,1,4
BRDA:177,8,0,1
BRDA:177,8,1,134
BRDA:190,9,0,1
BRDA:190,9,1,134
BRDA:223,10,0,6
BRDA:223,10,1,129
BRDA:240,11,0,6
BRDA:240,11,1,129
BRF:24
BRH:24
end_of_record
TN:
SF:src/components/PaymentsPage.jsx
FN:29,detectCardBrand
FN:44,formatCardNumber
FN:49,formatExpiry
FN:63,(anonymous_3)
FN:63,(anonymous_4)
FN:81,(anonymous_5)
FN:85,(anonymous_6)
FN:90,(anonymous_7)
FN:96,(anonymous_8)
FN:96,(anonymous_9)
FN:111,(anonymous_10)
FN:114,(anonymous_11)
FN:132,(anonymous_12)
FN:172,(anonymous_13)
FN:223,(anonymous_14)
FN:234,(anonymous_15)
FN:236,(anonymous_16)
FN:236,(anonymous_17)
FN:246,(anonymous_18)
FNF:19
FNH:14
FNDA:10,detectCardBrand
FNDA:0,formatCardNumber
FNDA:0,formatExpiry
FNDA:27,(anonymous_3)
FNDA:1,(anonymous_4)
FNDA:10,(anonymous_5)
FNDA:11,(anonymous_6)
FNDA:27,(anonymous_7)
FNDA:110,(anonymous_8)
FNDA:0,(anonymous_9)
FNDA:0,(anonymous_10)
FNDA:6,(anonymous_11)
FNDA:7,(anonymous_12)
FNDA:2,(anonymous_13)
FNDA:4,(anonymous_14)
FNDA:0,(anonymous_15)
FNDA:32,(anonymous_16)
FNDA:24,(anonymous_17)
FNDA:1,(anonymous_18)
DA:27,3
DA:30,10
DA:31,10
DA:32,10
DA:33,10
DA:34,10
DA:35,10
DA:36,10
DA:37,10
DA:38,10
DA:39,10
DA:40,10
DA:41,10
DA:45,0
DA:46,0
DA:50,0
DA:51,0
DA:52,0
DA:55,3
DA:63,3
DA:64,27
DA:65,27
DA:66,27
DA:68,27
DA:69,27
DA:71,27
DA:73,27
DA:74,27
DA:75,27
DA:76,27
DA:77,27
DA:78,27
DA:80,27
DA:81,10
DA:85,27
DA:86,11
DA:87,11
DA:90,27
DA:91,27
DA:92,26
DA:93,23
DA:96,110
DA:97,0
DA:99,0
DA:100,0
DA:103,0
DA:104,0
DA:107,0
DA:108,0
DA:111,0
DA:114,27
DA:115,6
DA:120,6
DA:121,4
DA:122,4
DA:123,4
DA:124,4
DA:125,4
DA:126,4
DA:129,6
DA:132,27
DA:133,7
DA:134,0
DA:135,0
DA:136,0
DA:139,7
DA:140,3
DA:141,1
DA:142,1
DA:144,2
DA:145,1
DA:146,1
DA:150,5
DA:151,5
DA:153,5
DA:154,5
DA:155,4
DA:157,4
DA:158,1
DA:159,1
DA:162,3
DA:163,1
DA:164,1
DA:166,1
DA:167,1
DA:168,1
DA:172,2
DA:173,2
DA:174,1
DA:176,1
DA:179,2
DA:180,2
DA:191,1
DA:193,5
DA:197,27
DA:198,1
DA:207,26
DA:223,4
DA:234,0
DA:236,32
DA:237,24
DA:246,1
LF:102
LH:85
BRDA:29,0,0,10
BRDA:31,1,0,0
BRDA:31,1,1,10
BRDA:32,2,0,0
BRDA:32,2,1,10
BRDA:33,3,0,0
BRDA:33,3,1,10
BRDA:34,4,0,0
BRDA:34,4,1,10
BRDA:35,5,0,0
BRDA:35,5,1,10
BRDA:36,6,0,0
BRDA:36,6,1,10
BRDA:37,7,0,0
BRDA:37,7,1,10
BRDA:38,8,0,0
BRDA:38,8,1,10
BRDA:39,9,0,0
BRDA:39,9,1,10
BRDA:40,10,0,0
BRDA:40,10,1,10
BRDA:44,11,0,0
BRDA:49,12,0,0
BRDA:51,13,0,0
BRDA:51,13,1,0
BRDA:63,14,0,1
BRDA:69,15,0,27
BRDA:69,15,1,0
BRDA:71,16,0,27
BRDA:71,16,1,1
BRDA:77,17,0,26
BRDA:77,17,1,1
BRDA:86,18,0,11
BRDA:86,18,1,2
BRDA:91,19,0,1
BRDA:91,19,1,26
BRDA:92,20,0,3
BRDA:92,20,1,23
BRDA:99,21,0,0
BRDA:99,21,1,0
BRDA:103,22,0,0
BRDA:103,22,1,0
BRDA:107,23,0,0
BRDA:107,23,1,0
BRDA:120,24,0,4
BRDA:120,24,1,2
BRDA:120,25,0,6
BRDA:120,25,1,2
BRDA:125,26,0,4
BRDA:125,26,1,0
BRDA:133,27,0,0
BRDA:133,27,1,7
BRDA:139,28,0,3
BRDA:139,28,1,4
BRDA:140,29,0,1
BRDA:140,29,1,2
BRDA:140,30,0,3
BRDA:140,30,1,2
BRDA:140,30,2,2
BRDA:144,31,0,1
BRDA:144,31,1,1
BRDA:154,32,0,1
BRDA:154,32,1,4
BRDA:157,33,0,1
BRDA:157,33,1,3
BRDA:162,34,0,1
BRDA:162,34,1,2
BRDA:166,35,0,1
BRDA:166,35,1,0
BRDA:173,36,0,1
BRDA:173,36,1,1
BRDA:185,37,0,1
BRDA:185,37,1,1
BRDA:191,38,0,1
BRDA:191,38,1,0
BRDA:197,39,0,1
BRDA:197,39,1,26
BRDA:227,40,0,26
BRDA:227,40,1,8
BRDA:252,41,0,27
BRDA:252,41,1,4
BRDA:252,41,2,22
BRDA:272,42,0,0
BRDA:272,42,1,22
BRDA:291,43,0,22
BRDA:291,43,1,22
BRDA:310,44,0,27
BRDA:310,44,1,1
BRDA:314,45,0,27
BRDA:314,45,1,3
BRDA:327,46,0,5
BRDA:327,46,1,21
BRF:92
BRH:66
end_of_record
TN:
SF:src/components/Product.jsx
FN:21,(anonymous_0)
FN:21,(anonymous_1)
FN:54,(anonymous_2)
FN:83,(anonymous_3)
FN:136,(anonymous_4)
FN:138,(anonymous_5)
FN:151,(anonymous_6)
FNF:7
FNH:6
FNDA:7,(anonymous_0)
FNDA:0,(anonymous_1)
FNDA:1,(anonymous_2)
FNDA:1,(anonymous_3)
FNDA:1,(anonymous_4)
FNDA:70,(anonymous_5)
FNDA:1,(anonymous_6)
DA:21,2
DA:22,7
DA:23,7
DA:24,7
DA:25,7
DA:39,7
DA:54,1
DA:83,1
DA:136,1
DA:139,70
DA:151,1
LF:11
LH:11
BRDA:21,0,0,7
BRDA:21,1,0,0
BRDA:26,2,0,7
BRDA:26,2,1,1
BRDA:27,3,0,7
BRDA:27,3,1,1
BRDA:28,4,0,7
BRDA:28,4,1,1
BRDA:29,5,0,7
BRDA:29,5,1,1
BRDA:30,6,0,7
BRDA:30,6,1,1
BRDA:31,7,0,6
BRDA:31,7,1,1
BRDA:32,8,0,0
BRDA:32,8,1,7
BRDA:33,9,0,1
BRDA:33,9,1,6
BRDA:34,10,0,1
BRDA:34,10,1,6
BRDA:95,11,0,7
BRDA:95,11,1,1
BRDA:95,11,2,1
BRDA:102,12,0,1
BRDA:102,12,1,0
BRF:25
BRH:22
end_of_record
TN:
SF:src/components/ProductDetails.jsx
FN:28,(anonymous_0)
FN:36,(anonymous_1)
FN:37,(anonymous_2)
FN:69,(anonymous_3)
FN:82,(anonymous_4)
FN:172,(anonymous_5)
FN:174,(anonymous_6)
FN:187,(anonymous_7)
FNF:8
FNH:8
FNDA:19,(anonymous_0)
FNDA:7,(anonymous_1)
FNDA:7,(anonymous_2)
FNDA:1,(anonymous_3)
FNDA:1,(anonymous_4)
FNDA:1,(anonymous_5)
FNDA:90,(anonymous_6)
FNDA:1,(anonymous_7)
DA:28,2
DA:29,19
DA:30,19
DA:31,19
DA:32,19
DA:33,19
DA:34,19
DA:36,19
DA:37,7
DA:38,7
DA:39,7
DA:40,7
DA:41,5
DA:43,1
DA:45,6
DA:48,7
DA:51,19
DA:52,7
DA:61,12
DA:62,3
DA:69,1
DA:78,9
DA:82,1
DA:172,1
DA:175,90
DA:187,1
LF:26
LH:26
BRDA:51,0,0,7
BRDA:51,0,1,12
BRDA:61,1,0,3
BRDA:61,1,1,9
BRDA:129,2,0,9
BRDA:129,2,1,3
BRDA:139,3,0,19
BRDA:139,3,1,3
BRDA:149,4,0,19
BRDA:149,4,1,3
BRF:10
BRH:10
end_of_record
TN:
SF:src/components/Register.jsx
FN:47,(anonymous_0)
FN:69,(anonymous_1)
FN:73,(anonymous_2)
FN:74,(anonymous_3)
FN:75,(anonymous_4)
FN:94,(anonymous_5)
FN:103,(anonymous_6)
FN:116,(anonymous_7)
FN:130,(anonymous_8)
FN:142,(anonymous_9)
FN:158,(anonymous_10)
FN:194,(anonymous_11)
FN:201,(anonymous_12)
FN:219,(anonymous_13)
FN:220,(anonymous_14)
FN:221,(anonymous_15)
FN:233,(anonymous_16)
FN:245,(anonymous_17)
FN:248,(anonymous_18)
FN:258,(anonymous_19)
FN:274,(anonymous_20)
FN:305,(anonymous_21)
FN:323,(anonymous_22)
FN:327,(anonymous_23)
FN:340,(anonymous_24)
FN:366,(anonymous_25)
FN:390,(anonymous_26)
FN:467,(anonymous_27)
FN:504,(anonymous_28)
FN:543,(anonymous_29)
FN:554,(anonymous_30)
FN:576,(anonymous_31)
FN:588,(anonymous_32)
FN:603,(anonymous_33)
FN:619,(anonymous_34)
FN:632,(anonymous_35)
FN:647,(anonymous_36)
FN:656,(anonymous_37)
FN:656,(anonymous_38)
FN:687,(anonymous_39)
FN:696,(anonymous_40)
FN:696,(anonymous_41)
FN:736,(anonymous_42)
FN:763,(anonymous_43)
FN:775,(anonymous_44)
FN:791,(anonymous_45)
FN:802,(anonymous_46)
FN:816,(anonymous_47)
FN:828,(anonymous_48)
FN:850,(anonymous_49)
FN:858,(anonymous_50)
FN:936,(anonymous_51)
FNF:52
FNH:41
FNDA:13,(anonymous_0)
FNDA:1,(anonymous_1)
FNDA:0,(anonymous_2)
FNDA:0,(anonymous_3)
FNDA:0,(anonymous_4)
FNDA:14,(anonymous_5)
FNDA:132,(anonymous_6)
FNDA:14,(anonymous_7)
FNDA:143,(anonymous_8)
FNDA:56,(anonymous_9)
FNDA:345,(anonymous_10)
FNDA:36,(anonymous_11)
FNDA:960,(anonymous_12)
FNDA:908,(anonymous_13)
FNDA:908,(anonymous_14)
FNDA:908,(anonymous_15)
FNDA:56,(anonymous_16)
FNDA:1,(anonymous_17)
FNDA:5,(anonymous_18)
FNDA:1,(anonymous_19)
FNDA:14,(anonymous_20)
FNDA:5,(anonymous_21)
FNDA:14,(anonymous_22)
FNDA:1,(anonymous_23)
FNDA:5,(anonymous_24)
FNDA:3,(anonymous_25)
FNDA:0,(anonymous_26)
FNDA:1920,(anonymous_27)
FNDA:2,(anonymous_28)
FNDA:0,(anonymous_29)
FNDA:14,(anonymous_30)
FNDA:54,(anonymous_31)
FNDA:65,(anonymous_32)
FNDA:132,(anonymous_33)
FNDA:182,(anonymous_34)
FNDA:143,(anonymous_35)
FNDA:130,(anonymous_36)
FNDA:1,(anonymous_37)
FNDA:1,(anonymous_38)
FNDA:117,(anonymous_39)
FNDA:1,(anonymous_40)
FNDA:1,(anonymous_41)
FNDA:56,(anonymous_42)
FNDA:0,(anonymous_43)
FNDA:12,(anonymous_44)
FNDA:0,(anonymous_45)
FNDA:0,(anonymous_46)
FNDA:0,(anonymous_47)
FNDA:0,(anonymous_48)
FNDA:1,(anonymous_49)
FNDA:0,(anonymous_50)
FNDA:1,(anonymous_51)
DA:47,2
DA:48,13
DA:49,13
DA:50,12
DA:51,11
DA:52,99
DA:53,11
DA:54,11
DA:55,11
DA:56,11
DA:57,110
DA:58,11
DA:59,11
DA:60,11
DA:69,2
DA:70,1
DA:71,1
DA:72,1
DA:73,0
DA:74,0
DA:75,0
DA:76,0
DA:77,0
DA:79,0
DA:80,0
DA:81,0
DA:82,0
DA:94,14
DA:103,2
DA:104,132
DA:116,2
DA:117,14
DA:130,2
DA:131,143
DA:142,2
DA:143,56
DA:158,2
DA:159,345
DA:160,345
DA:161,345
DA:162,345
DA:163,345
DA:164,345
DA:165,314
DA:166,244
DA:167,230
DA:172,2
DA:193,2
DA:194,36
DA:199,2
DA:201,2
DA:202,960
DA:203,960
DA:204,960
DA:206,960
DA:207,960
DA:208,960
DA:209,960
DA:210,960
DA:211,960
DA:212,960
DA:213,960
DA:215,960
DA:219,960
DA:220,908
DA:221,908
DA:233,960
DA:234,56
DA:235,56
DA:236,56
DA:237,56
DA:238,7
DA:239,7
DA:240,7
DA:241,7
DA:242,6
DA:243,6
DA:244,1
DA:245,1
DA:247,5
DA:248,5
DA:257,1
DA:258,1
DA:260,7
DA:274,960
DA:275,14
DA:276,14
DA:278,14
DA:279,14
DA:280,14
DA:281,14
DA:282,1
DA:284,14
DA:285,14
DA:287,14
DA:288,13
DA:290,1
DA:291,1
DA:294,14
DA:295,14
DA:305,960
DA:306,5
DA:307,5
DA:309,5
DA:310,1
DA:312,5
DA:313,5
DA:314,5
DA:315,5
DA:317,5
DA:318,5
DA:323,960
DA:324,14
DA:327,960
DA:340,960
DA:341,5
DA:342,5
DA:344,4
DA:345,4
DA:346,4
DA:365,2
DA:366,3
DA:369,2
DA:370,0
DA:371,0
DA:390,0
DA:391,0
DA:392,0
DA:394,0
DA:395,0
DA:396,2
DA:398,0
DA:399,0
DA:402,0
DA:403,0
DA:404,0
DA:405,0
DA:407,2
DA:410,4
DA:416,960
DA:420,960
DA:468,1920
DA:504,2
DA:543,0
DA:554,14
DA:576,54
DA:588,65
DA:603,132
DA:619,182
DA:632,143
DA:647,130
DA:656,1
DA:687,117
DA:696,1
DA:736,56
DA:763,0
DA:775,12
DA:791,0
DA:802,0
DA:816,0
DA:828,0
DA:850,1
DA:858,0
DA:936,1
LF:164
LH:135
BRDA:49,0,0,1
BRDA:49,0,1,12
BRDA:50,1,0,1
BRDA:50,1,1,11
BRDA:54,2,0,0
BRDA:54,2,1,11
BRDA:54,3,0,11
BRDA:54,3,1,11
BRDA:55,4,0,0
BRDA:55,4,1,11
BRDA:59,5,0,0
BRDA:59,5,1,11
BRDA:59,6,0,11
BRDA:59,6,1,11
BRDA:71,7,0,0
BRDA:71,7,1,1
BRDA:72,8,0,1
BRDA:72,8,1,0
BRDA:77,9,0,0
BRDA:77,9,1,0
BRDA:83,10,0,0
BRDA:83,10,1,0
BRDA:160,11,0,244
BRDA:160,11,1,101
BRDA:161,12,0,342
BRDA:161,12,1,3
BRDA:162,13,0,314
BRDA:162,13,1,31
BRDA:163,14,0,230
BRDA:163,14,1,115
BRDA:164,15,0,31
BRDA:164,15,1,314
BRDA:165,16,0,70
BRDA:165,16,1,244
BRDA:166,17,0,14
BRDA:166,17,1,230
BRDA:237,18,0,7
BRDA:237,18,1,49
BRDA:243,19,0,1
BRDA:243,19,1,5
BRDA:250,20,0,5
BRDA:250,20,1,0
BRDA:251,21,0,5
BRDA:251,21,1,0
BRDA:252,22,0,5
BRDA:252,22,1,0
BRDA:253,23,0,5
BRDA:253,23,1,0
BRDA:278,24,0,1
BRDA:278,24,1,13
BRDA:279,25,0,1
BRDA:279,25,1,13
BRDA:280,26,0,1
BRDA:280,26,1,13
BRDA:281,27,0,1
BRDA:281,27,1,13
BRDA:281,28,0,14
BRDA:281,28,1,13
BRDA:284,29,0,1
BRDA:284,29,1,13
BRDA:285,30,0,0
BRDA:285,30,1,14
BRDA:287,31,0,13
BRDA:287,31,1,1
BRDA:288,32,0,2
BRDA:288,32,1,11
BRDA:290,33,0,1
BRDA:290,33,1,0
BRDA:291,34,0,1
BRDA:291,34,1,0
BRDA:309,35,0,1
BRDA:309,35,1,4
BRDA:309,36,0,5
BRDA:309,36,1,4
BRDA:312,37,0,1
BRDA:312,37,1,4
BRDA:313,38,0,1
BRDA:313,38,1,4
BRDA:314,39,0,1
BRDA:314,39,1,4
BRDA:315,40,0,1
BRDA:315,40,1,4
BRDA:324,41,0,11
BRDA:324,41,1,3
BRDA:324,42,0,14
BRDA:324,42,1,14
BRDA:342,43,0,1
BRDA:342,43,1,4
BRDA:353,44,0,4
BRDA:353,44,1,0
BRDA:354,45,0,0
BRDA:354,45,1,4
BRDA:355,46,0,0
BRDA:355,46,1,4
BRDA:363,47,0,5
BRDA:363,47,1,4
BRDA:369,48,0,0
BRDA:369,48,1,2
BRDA:369,49,0,2
BRDA:369,49,1,2
BRDA:369,49,2,0
BRDA:391,50,0,0
BRDA:391,50,1,0
BRDA:396,51,0,0
BRDA:396,51,1,2
BRDA:396,52,0,2
BRDA:396,52,1,2
BRDA:396,52,2,0
BRDA:396,52,3,0
BRDA:402,53,0,0
BRDA:402,53,1,0
BRDA:403,54,0,0
BRDA:403,54,1,0
BRDA:405,55,0,0
BRDA:405,55,1,0
BRDA:407,56,0,2
BRDA:407,56,1,1
BRDA:416,57,0,345
BRDA:416,57,1,615
BRDA:493,58,0,960
BRDA:493,58,1,864
BRDA:504,59,0,2
BRDA:504,59,1,2
BRDA:535,60,0,864
BRDA:535,60,1,71
BRDA:556,61,0,71
BRDA:556,61,1,70
BRDA:596,62,0,864
BRDA:596,62,1,793
BRDA:605,63,0,793
BRDA:605,63,1,791
BRDA:614,64,0,793
BRDA:614,64,1,71
BRDA:634,65,0,864
BRDA:634,65,1,863
BRDA:645,66,0,2
BRDA:645,66,1,862
BRDA:649,67,0,864
BRDA:649,67,1,863
BRDA:658,68,0,2
BRDA:658,68,1,862
BRDA:664,69,0,864
BRDA:664,69,1,249
BRDA:685,70,0,1
BRDA:685,70,1,863
BRDA:698,71,0,1
BRDA:698,71,1,863
BRDA:727,72,0,960
BRDA:727,72,1,96
BRDA:738,73,0,96
BRDA:738,73,1,93
BRDA:744,74,0,96
BRDA:744,74,1,7
BRDA:745,75,0,96
BRDA:745,75,1,25
BRDA:746,76,0,96
BRDA:746,76,1,2
BRDA:850,77,0,1
BRDA:850,77,1,0
BRDA:867,78,0,1
BRDA:867,78,1,95
BRDA:874,79,0,96
BRDA:874,79,1,1
BRDA:907,80,0,4
BRDA:907,80,1,92
BRDA:920,81,0,4
BRDA:920,81,1,92
BRF:167
BRH:134
end_of_record
TN:
SF:src/components/Subnav.jsx
FN:23,(anonymous_0)
FN:23,(anonymous_1)
FN:43,(anonymous_2)
FN:66,(anonymous_3)
FN:72,(anonymous_4)
FN:188,(anonymous_5)
FNF:6
FNH:5
FNDA:19,(anonymous_0)
FNDA:0,(anonymous_1)
FNDA:1,(anonymous_2)
FNDA:114,(anonymous_3)
FNDA:1,(anonymous_4)
FNDA:95,(anonymous_5)
DA:6,2
DA:15,2
DA:23,2
DA:24,19
DA:43,1
DA:67,114
DA:72,1
DA:189,95
LF:8
LH:8
BRDA:23,0,0,19
BRDA:23,1,0,0
BRDA:53,2,0,18
BRDA:53,2,1,1
BRDA:54,3,0,18
BRDA:54,3,1,1
BRDA:81,4,0,1
BRDA:81,4,1,113
BRDA:82,5,0,1
BRDA:82,5,1,113
BRDA:87,6,0,1
BRDA:87,6,1,113
BRDA:202,7,0,19
BRDA:202,7,1,76
BRF:14
BRH:13
end_of_record
TN:
SF:src/components/ThankYouPage.jsx
FN:23,(anonymous_0)
FN:23,(anonymous_1)
FN:38,(anonymous_2)
FN:41,(anonymous_3)
FN:43,(anonymous_4)
FN:47,(anonymous_5)
FN:52,(anonymous_6)
FN:53,(anonymous_7)
FN:56,(anonymous_8)
FN:69,(anonymous_9)
FN:189,(anonymous_10)
FN:228,(anonymous_11)
FNF:12
FNH:12
FNDA:5,(anonymous_0)
FNDA:5,(anonymous_1)
FNDA:8,(anonymous_2)
FNDA:4,(anonymous_3)
FNDA:8,(anonymous_4)
FNDA:8,(anonymous_5)
FNDA:5,(anonymous_6)
FNDA:5,(anonymous_7)
FNDA:1,(anonymous_8)
FNDA:1,(anonymous_9)
FNDA:8,(anonymous_10)
FNDA:1,(anonymous_11)
DA:23,2
DA:24,5
DA:25,5
DA:26,5
DA:28,5
DA:29,5
DA:30,5
DA:31,5
DA:37,5
DA:38,8
DA:41,5
DA:42,5
DA:43,8
DA:44,5
DA:46,5
DA:47,8
DA:52,5
DA:53,5
DA:56,5
DA:57,1
DA:58,1
DA:60,1
DA:61,1
DA:62,1
DA:69,5
DA:70,1
DA:71,1
DA:73,1
DA:74,1
DA:75,1
DA:82,5
DA:190,8
DA:228,1
LF:33
LH:33
BRDA:23,0,0,5
BRDA:28,1,0,5
BRDA:28,1,1,0
BRDA:29,2,0,5
BRDA:29,2,1,0
BRDA:30,3,0,5
BRDA:30,3,1,0
BRDA:38,4,0,8
BRDA:38,4,1,0
BRDA:42,5,0,5
BRDA:42,5,1,1
BRDA:44,6,0,5
BRDA:44,6,1,1
BRDA:58,7,0,0
BRDA:58,7,1,1
BRDA:61,8,0,1
BRDA:61,8,1,0
BRDA:61,9,0,1
BRDA:61,9,1,1
BRDA:71,10,0,0
BRDA:71,10,1,1
BRDA:74,11,0,1
BRDA:74,11,1,0
BRDA:74,12,0,1
BRDA:74,12,1,1
BRDA:106,13,0,5
BRDA:106,13,1,4
BRDA:113,14,0,4
BRDA:113,14,1,4
BRDA:122,15,0,4
BRDA:122,15,1,0
BRDA:125,16,0,4
BRDA:125,16,1,0
BRDA:136,17,0,5
BRDA:136,17,1,4
BRDA:150,18,0,4
BRDA:150,18,1,0
BRDA:162,19,0,4
BRDA:162,19,1,4
BRDA:172,20,0,5
BRDA:172,20,1,4
BRDA:213,21,0,5
BRDA:213,21,1,4
BRF:43
BRH:32
end_of_record
TN:
SF:src/components/account/AccountHome.jsx
FN:12,(anonymous_0)
FN:26,(anonymous_1)
FNF:2
FNH:2
FNDA:2,(anonymous_0)
FNDA:8,(anonymous_1)
DA:5,3
DA:12,3
DA:13,2
DA:27,8
LF:4
LH:4
BRF:0
BRH:0
end_of_record
TN:
SF:src/components/account/AccountLayout.jsx
FN:19,(anonymous_0)
FN:23,(anonymous_1)
FN:49,(anonymous_2)
FN:54,(anonymous_3)
FNF:4
FNH:3
FNDA:4,(anonymous_0)
FNDA:0,(anonymous_1)
FNDA:40,(anonymous_2)
FNDA:27,(anonymous_3)
DA:6,3
DA:19,3
DA:20,4
DA:21,4
DA:23,4
DA:24,0
DA:25,0
DA:28,4
DA:50,40
DA:51,28
DA:52,24
DA:55,27
LF:12
LH:10
BRDA:44,0,0,4
BRDA:44,0,1,1
BRDA:50,1,0,12
BRDA:50,1,1,28
BRDA:51,2,0,4
BRDA:51,2,1,24
BRF:6
BRH:6
end_of_record
TN:
SF:src/components/account/OrderDetailsPage.jsx
FN:6,(anonymous_0)
FN:11,(anonymous_1)
FN:17,(anonymous_2)
FN:20,(anonymous_3)
FN:34,(anonymous_4)
FN:67,(anonymous_5)
FNF:6
FNH:6
FNDA:4,(anonymous_0)
FNDA:9,(anonymous_1)
FNDA:3,(anonymous_2)
FNDA:3,(anonymous_3)
FNDA:3,(anonymous_4)
FNDA:2,(anonymous_5)
DA:6,3
DA:7,4
DA:8,4
DA:11,3
DA:12,9
DA:13,9
DA:14,9
DA:15,9
DA:17,9
DA:18,3
DA:20,3
DA:21,3
DA:22,3
DA:23,3
DA:24,2
DA:26,1
DA:28,3
DA:32,3
DA:34,3
DA:35,3
DA:39,9
DA:40,3
DA:47,6
DA:48,2
DA:51,4
DA:52,2
DA:55,2
DA:68,2
LF:28
LH:28
BRDA:7,0,0,4
BRDA:7,0,1,0
BRDA:24,1,0,2
BRDA:24,1,1,0
BRDA:26,2,0,1
BRDA:26,2,1,0
BRDA:26,3,0,1
BRDA:26,3,1,0
BRDA:28,4,0,3
BRDA:28,4,1,0
BRDA:39,5,0,3
BRDA:39,5,1,6
BRDA:47,6,0,2
BRDA:47,6,1,4
BRDA:51,7,0,2
BRDA:51,7,1,2
BRDA:58,8,0,2
BRDA:58,8,1,0
BRDA:67,9,0,9
BRDA:67,9,1,0
BRDA:70,10,0,2
BRDA:70,10,1,0
BRDA:68,11,0,2
BRDA:68,11,1,0
BRF:24
BRH:15
end_of_record
TN:
SF:src/components/account/OrdersPage.jsx
FN:6,(anonymous_0)
FN:11,(anonymous_1)
FN:16,(anonymous_2)
FN:19,(anonymous_3)
FN:35,(anonymous_4)
FN:62,(anonymous_5)
FNF:6
FNH:6
FNDA:2,(anonymous_0)
FNDA:9,(anonymous_1)
FNDA:3,(anonymous_2)
FNDA:3,(anonymous_3)
FNDA:3,(anonymous_4)
FNDA:2,(anonymous_5)
DA:6,3
DA:7,2
DA:8,2
DA:11,3
DA:12,9
DA:13,9
DA:14,9
DA:16,9
DA:17,3
DA:19,3
DA:20,3
DA:21,3
DA:22,3
DA:23,2
DA:24,2
DA:27,1
DA:29,3
DA:33,3
DA:35,3
DA:36,3
DA:40,9
DA:41,3
DA:48,6
DA:49,2
DA:52,4
DA:63,2
LF:26
LH:26
BRDA:7,0,0,2
BRDA:7,0,1,0
BRDA:23,1,0,2
BRDA:23,1,1,0
BRDA:24,2,0,2
BRDA:24,2,1,0
BRDA:27,3,0,1
BRDA:27,3,1,0
BRDA:27,4,0,1
BRDA:27,4,1,0
BRDA:29,5,0,3
BRDA:29,5,1,0
BRDA:40,6,0,3
BRDA:40,6,1,6
BRDA:48,7,0,2
BRDA:48,7,1,4
BRDA:58,8,0,2
BRDA:58,8,1,2
BRDA:70,9,0,2
BRDA:70,9,1,0
BRF:20
BRH:13
end_of_record
TN:
SF:src/components/account/UserAddressPage.jsx
FN:16,(anonymous_0)
FN:22,(anonymous_1)
FN:25,(anonymous_2)
FN:48,(anonymous_3)
FN:53,(anonymous_4)
FN:53,(anonymous_5)
FN:54,(anonymous_6)
FN:57,(anonymous_7)
FNF:8
FNH:8
FNDA:29,(anonymous_0)
FNDA:5,(anonymous_1)
FNDA:5,(anonymous_2)
FNDA:5,(anonymous_3)
FNDA:154,(anonymous_4)
FNDA:9,(anonymous_5)
FNDA:9,(anonymous_6)
FNDA:3,(anonymous_7)
DA:6,3
DA:16,3
DA:17,29
DA:18,29
DA:19,29
DA:20,29
DA:22,29
DA:23,5
DA:25,5
DA:26,5
DA:27,5
DA:28,5
DA:29,4
DA:31,4
DA:41,1
DA:43,5
DA:47,5
DA:48,5
DA:49,5
DA:53,154
DA:54,9
DA:57,29
DA:58,3
DA:60,3
DA:61,3
DA:62,3
DA:63,1
DA:65,2
DA:67,3
DA:71,29
DA:72,5
DA:79,24
DA:80,2
DA:83,22
LF:34
LH:34
BRDA:29,0,0,0
BRDA:29,0,1,4
BRDA:32,1,0,4
BRDA:32,1,1,2
BRDA:33,2,0,5
BRDA:33,2,1,2
BRDA:34,3,0,5
BRDA:34,3,1,2
BRDA:35,4,0,5
BRDA:35,4,1,4
BRDA:36,5,0,5
BRDA:36,5,1,2
BRDA:37,6,0,5
BRDA:37,6,1,1
BRDA:38,7,0,5
BRDA:38,7,1,2
BRDA:41,8,0,1
BRDA:41,8,1,0
BRDA:41,9,0,1
BRDA:41,9,1,1
BRDA:43,10,0,5
BRDA:43,10,1,0
BRDA:65,11,0,2
BRDA:65,11,1,1
BRDA:71,12,0,5
BRDA:71,12,1,24
BRDA:79,13,0,2
BRDA:79,13,1,22
BRDA:126,14,0,3
BRDA:126,14,1,19
BRF:30
BRH:27
end_of_record
TN:
SF:src/components/account/UserProfilePage.jsx
FN:5,(anonymous_0)
FN:10,(anonymous_1)
FN:13,(anonymous_2)
FN:27,(anonymous_3)
FNF:4
FNH:4
FNDA:5,(anonymous_0)
FNDA:2,(anonymous_1)
FNDA:2,(anonymous_2)
FNDA:2,(anonymous_3)
DA:5,3
DA:6,5
DA:7,5
DA:8,5
DA:10,5
DA:11,2
DA:13,2
DA:14,2
DA:15,2
DA:16,2
DA:17,1
DA:19,1
DA:21,2
DA:25,2
DA:27,2
DA:28,2
DA:32,5
DA:33,2
DA:40,3
DA:41,2
DA:44,1
LF:21
LH:21
BRDA:17,0,0,1
BRDA:17,0,1,0
BRDA:19,1,0,1
BRDA:19,1,1,0
BRDA:19,2,0,1
BRDA:19,2,1,0
BRDA:21,3,0,2
BRDA:21,3,1,0
BRDA:32,4,0,2
BRDA:32,4,1,3
BRDA:40,5,0,2
BRDA:40,5,1,1
BRDA:59,6,0,5
BRDA:59,6,1,0
BRDA:62,7,0,5
BRDA:62,7,1,0
BRF:16
BRH:10
end_of_record
TN:
SF:src/components/admin/AdminHomePage.jsx
FN:20,(anonymous_0)
FN:34,(anonymous_1)
FNF:2
FNH:2
FNDA:1,(anonymous_0)
FNDA:2,(anonymous_1)
DA:5,2
DA:20,2
DA:21,1
DA:35,2
LF:4
LH:4
BRF:0
BRH:0
end_of_record
TN:
SF:src/components/admin/AdminProductsPage.jsx
FN:6,(anonymous_0)
FN:13,(anonymous_1)
FN:13,(anonymous_2)
FN:17,(anonymous_3)
FN:30,(anonymous_4)
FN:34,(anonymous_5)
FN:41,(anonymous_6)
FN:41,(anonymous_7)
FN:71,(anonymous_8)
FN:97,(anonymous_9)
FNF:10
FNH:10
FNDA:17,(anonymous_0)
FNDA:10,(anonymous_1)
FNDA:1,(anonymous_2)
FNDA:5,(anonymous_3)
FNDA:5,(anonymous_4)
FNDA:3,(anonymous_5)
FNDA:1,(anonymous_6)
FNDA:1,(anonymous_7)
FNDA:10,(anonymous_8)
FNDA:3,(anonymous_9)
DA:6,3
DA:7,17
DA:8,17
DA:9,17
DA:10,17
DA:12,17
DA:13,10
DA:17,17
DA:18,5
DA:19,5
DA:20,5
DA:21,5
DA:22,4
DA:24,1
DA:26,5
DA:30,17
DA:31,5
DA:34,17
DA:35,3
DA:36,3
DA:38,2
DA:39,2
DA:40,2
DA:41,1
DA:42,1
DA:44,1
DA:46,2
DA:50,17
DA:51,5
DA:58,12
DA:72,10
DA:97,3
LF:32
LH:32
BRDA:13,0,0,1
BRDA:13,0,1,0
BRDA:13,1,0,1
BRDA:13,1,1,0
BRDA:22,2,0,4
BRDA:22,2,1,0
BRDA:24,3,0,1
BRDA:24,3,1,0
BRDA:36,4,0,1
BRDA:36,4,1,2
BRDA:44,5,0,1
BRDA:44,5,1,0
BRDA:50,6,0,5
BRDA:50,6,1,12
BRDA:68,7,0,12
BRDA:68,7,1,2
BRDA:88,8,0,10
BRDA:88,8,1,0
BRDA:99,9,0,2
BRDA:99,9,1,8
BRF:20
BRH:14
end_of_record
TN:
SF:src/components/admin/AdminUsersPage.jsx
FN:7,(anonymous_0)
FN:14,(anonymous_1)
FN:14,(anonymous_2)
FN:16,(anonymous_3)
FN:37,(anonymous_4)
FN:41,(anonymous_5)
FN:56,(anonymous_6)
FN:56,(anonymous_7)
FN:86,(anonymous_8)
FN:116,(anonymous_9)
FNF:10
FNH:10
FNDA:14,(anonymous_0)
FNDA:10,(anonymous_1)
FNDA:1,(anonymous_2)
FNDA:5,(anonymous_3)
FNDA:5,(anonymous_4)
FNDA:2,(anonymous_5)
FNDA:1,(anonymous_6)
FNDA:1,(anonymous_7)
FNDA:7,(anonymous_8)
FNDA:2,(anonymous_9)
DA:7,3
DA:8,14
DA:9,14
DA:10,14
DA:11,14
DA:12,14
DA:14,14
DA:16,14
DA:17,5
DA:18,5
DA:19,5
DA:20,5
DA:21,4
DA:22,5
DA:23,5
DA:25,5
DA:29,5
DA:31,1
DA:33,5
DA:37,14
DA:38,5
DA:41,14
DA:42,2
DA:43,2
DA:44,0
DA:45,0
DA:48,2
DA:51,2
DA:53,1
DA:54,1
DA:55,1
DA:56,1
DA:57,1
DA:59,0
DA:61,1
DA:65,14
DA:66,5
DA:73,9
DA:87,7
DA:88,7
DA:116,2
LF:41
LH:38
BRDA:21,0,0,4
BRDA:21,0,1,0
BRDA:22,1,0,5
BRDA:22,1,1,0
BRDA:25,2,0,1
BRDA:25,2,1,3
BRDA:29,3,0,4
BRDA:29,3,1,0
BRDA:31,4,0,1
BRDA:31,4,1,0
BRDA:43,5,0,0
BRDA:43,5,1,2
BRDA:51,6,0,1
BRDA:51,6,1,1
BRDA:59,7,0,0
BRDA:59,7,1,0
BRDA:65,8,0,5
BRDA:65,8,1,9
BRDA:83,9,0,9
BRDA:83,9,1,2
BRDA:115,10,0,7
BRDA:115,10,1,6
BRDA:118,11,0,1
BRDA:118,11,1,6
BRDA:118,12,0,1
BRDA:118,12,1,5
BRF:26
BRH:19
end_of_record
TN:
SF:src/components/payment/CardBrandChips.jsx
FN:57,(anonymous_0)
FN:60,(anonymous_1)
FN:60,(anonymous_2)
FN:70,(anonymous_3)
FN:108,(anonymous_4)
FN:108,(anonymous_5)
FNF:6
FNH:6
FNDA:26,(anonymous_0)
FNDA:12,(anonymous_1)
FNDA:111,(anonymous_2)
FNDA:30,(anonymous_3)
FNDA:1,(anonymous_4)
FNDA:1,(anonymous_5)
DA:4,4
DA:57,4
DA:58,26
DA:60,111
DA:62,26
DA:64,3
DA:71,30
DA:72,30
DA:74,30
DA:108,1
LF:10
LH:10
BRDA:57,0,0,26
BRDA:57,1,0,26
BRDA:62,2,0,23
BRDA:62,2,1,3
BRDA:79,3,0,1
BRDA:79,3,1,29
BRDA:88,4,0,1
BRDA:88,4,1,29
BRDA:89,5,0,1
BRDA:89,5,1,29
BRDA:94,6,0,1
BRDA:94,6,1,29
BRDA:95,7,0,9
BRDA:95,7,1,21
BRDA:95,8,0,30
BRDA:95,8,1,10
BRDA:98,9,0,1
BRDA:98,9,1,29
BRDA:113,10,0,9
BRDA:113,10,1,20
BRDA:113,11,0,29
BRDA:113,11,1,10
BRF:22
BRH:22
end_of_record
TN:
SF:src/components/payment/PaymentMethodSelector.jsx
FN:11,(anonymous_0)
FN:14,(anonymous_1)
FN:26,(anonymous_2)
FNF:3
FNH:3
FNDA:26,(anonymous_0)
FNDA:104,(anonymous_1)
FNDA:2,(anonymous_2)
DA:4,3
DA:11,3
DA:12,26
DA:15,104
DA:16,104
DA:26,2
LF:6
LH:6
BRDA:22,0,0,26
BRDA:22,0,1,78
BRDA:23,1,0,26
BRDA:23,1,1,78
BRF:4
BRH:4
end_of_record
TN:
SF:src/components/support/SupportProductsPage.jsx
FN:51,ProductFormDialog
FN:57,(anonymous_1)
FN:78,(anonymous_2)
FN:79,(anonymous_3)
FN:80,(anonymous_4)
FN:83,(anonymous_5)
FN:93,(anonymous_6)
FN:196,(anonymous_7)
FN:211,(anonymous_8)
FN:226,(anonymous_9)
FN:245,(anonymous_10)
FN:263,(anonymous_11)
FN:279,(anonymous_12)
FN:294,(anonymous_13)
FN:312,(anonymous_14)
FN:355,(anonymous_15)
FN:364,(anonymous_16)
FN:377,(anonymous_17)
FN:379,(anonymous_18)
FN:381,(anonymous_19)
FN:383,(anonymous_20)
FN:388,(anonymous_21)
FN:391,(anonymous_22)
FN:392,(anonymous_23)
FN:393,(anonymous_24)
FN:395,(anonymous_25)
FN:396,(anonymous_26)
FN:398,(anonymous_27)
FN:403,(anonymous_28)
FN:408,(anonymous_29)
FN:408,(anonymous_30)
FN:450,(anonymous_31)
FN:459,(anonymous_32)
FN:509,(anonymous_33)
FN:527,(anonymous_34)
FN:563,(anonymous_35)
FN:576,(anonymous_36)
FNF:37
FNH:0
FNDA:0,ProductFormDialog
FNDA:0,(anonymous_1)
FNDA:0,(anonymous_2)
FNDA:0,(anonymous_3)
FNDA:0,(anonymous_4)
FNDA:0,(anonymous_5)
FNDA:0,(anonymous_6)
FNDA:0,(anonymous_7)
FNDA:0,(anonymous_8)
FNDA:0,(anonymous_9)
FNDA:0,(anonymous_10)
FNDA:0,(anonymous_11)
FNDA:0,(anonymous_12)
FNDA:0,(anonymous_13)
FNDA:0,(anonymous_14)
FNDA:0,(anonymous_15)
FNDA:0,(anonymous_16)
FNDA:0,(anonymous_17)
FNDA:0,(anonymous_18)
FNDA:0,(anonymous_19)
FNDA:0,(anonymous_20)
FNDA:0,(anonymous_21)
FNDA:0,(anonymous_22)
FNDA:0,(anonymous_23)
FNDA:0,(anonymous_24)
FNDA:0,(anonymous_25)
FNDA:0,(anonymous_26)
FNDA:0,(anonymous_27)
FNDA:0,(anonymous_28)
FNDA:0,(anonymous_29)
FNDA:0,(anonymous_30)
FNDA:0,(anonymous_31)
FNDA:0,(anonymous_32)
FNDA:0,(anonymous_33)
FNDA:0,(anonymous_34)
FNDA:0,(anonymous_35)
FNDA:0,(anonymous_36)
DA:37,2
DA:49,2
DA:52,0
DA:53,0
DA:54,0
DA:55,0
DA:57,0
DA:58,0
DA:59,0
DA:74,0
DA:78,0
DA:79,0
DA:80,0
DA:83,0
DA:84,0
DA:85,0
DA:86,0
DA:87,0
DA:88,0
DA:89,0
DA:90,0
DA:93,0
DA:94,0
DA:95,0
DA:97,0
DA:98,0
DA:99,0
DA:111,0
DA:115,0
DA:116,0
DA:117,0
DA:119,0
DA:121,0
DA:125,0
DA:196,0
DA:211,0
DA:226,0
DA:245,0
DA:263,0
DA:279,0
DA:294,0
DA:312,0
DA:355,2
DA:356,0
DA:357,0
DA:358,0
DA:359,0
DA:360,0
DA:361,0
DA:362,0
DA:364,0
DA:365,0
DA:366,0
DA:367,0
DA:368,0
DA:369,0
DA:371,0
DA:373,0
DA:377,0
DA:379,0
DA:380,0
DA:381,0
DA:382,0
DA:383,0
DA:388,0
DA:391,0
DA:392,0
DA:393,0
DA:395,0
DA:396,0
DA:397,0
DA:398,0
DA:403,0
DA:404,0
DA:405,0
DA:406,0
DA:407,0
DA:408,0
DA:409,0
DA:411,0
DA:413,0
DA:417,0
DA:450,0
DA:459,0
DA:510,0
DA:527,0
DA:563,0
DA:576,0
LF:88
LH:3
BRDA:58,0,0,0
BRDA:58,0,1,0
BRDA:60,1,0,0
BRDA:60,1,1,0
BRDA:62,2,0,0
BRDA:62,2,1,0
BRDA:63,3,0,0
BRDA:63,3,1,0
BRDA:64,4,0,0
BRDA:64,4,1,0
BRDA:65,5,0,0
BRDA:65,5,1,0
BRDA:66,6,0,0
BRDA:66,6,1,0
BRDA:67,7,0,0
BRDA:67,7,1,0
BRDA:68,8,0,0
BRDA:68,8,1,0
BRDA:69,9,0,0
BRDA:69,9,1,0
BRDA:70,10,0,0
BRDA:70,10,1,0
BRDA:85,11,0,0
BRDA:85,11,1,0
BRDA:86,12,0,0
BRDA:86,12,1,0
BRDA:86,13,0,0
BRDA:86,13,1,0
BRDA:86,13,2,0
BRDA:88,14,0,0
BRDA:88,14,1,0
BRDA:88,15,0,0
BRDA:88,15,1,0
BRDA:88,15,2,0
BRDA:95,16,0,0
BRDA:95,16,1,0
BRDA:102,17,0,0
BRDA:102,17,1,0
BRDA:103,18,0,0
BRDA:103,18,1,0
BRDA:104,19,0,0
BRDA:104,19,1,0
BRDA:105,20,0,0
BRDA:105,20,1,0
BRDA:106,21,0,0
BRDA:106,21,1,0
BRDA:107,22,0,0
BRDA:107,22,1,0
BRDA:108,23,0,0
BRDA:108,23,1,0
BRDA:111,24,0,0
BRDA:111,24,1,0
BRDA:115,25,0,0
BRDA:115,25,1,0
BRDA:119,26,0,0
BRDA:119,26,1,0
BRDA:168,27,0,0
BRDA:168,27,1,0
BRDA:247,28,0,0
BRDA:247,28,1,0
BRDA:297,29,0,0
BRDA:297,29,1,0
BRDA:346,30,0,0
BRDA:346,30,1,0
BRDA:348,31,0,0
BRDA:348,31,1,0
BRDA:348,32,0,0
BRDA:348,32,1,0
BRDA:369,33,0,0
BRDA:369,33,1,0
BRDA:371,34,0,0
BRDA:371,34,1,0
BRDA:381,35,0,0
BRDA:381,35,1,0
BRDA:383,36,0,0
BRDA:383,36,1,0
BRDA:383,36,2,0
BRDA:386,37,0,0
BRDA:386,37,1,0
BRDA:397,38,0,0
BRDA:397,38,1,0
BRDA:398,39,0,0
BRDA:398,39,1,0
BRDA:404,40,0,0
BRDA:404,40,1,0
BRDA:411,41,0,0
BRDA:411,41,1,0
BRDA:457,42,0,0
BRDA:457,42,1,0
BRDA:467,43,0,0
BRDA:467,43,1,0
BRDA:469,44,0,0
BRDA:469,44,1,0
BRDA:473,45,0,0
BRDA:473,45,1,0
BRDA:477,46,0,0
BRDA:477,46,1,0
BRDA:479,47,0,0
BRDA:479,47,1,0
BRDA:494,48,0,0
BRDA:494,48,1,0
BRDA:494,49,0,0
BRDA:494,49,1,0
BRDA:521,50,0,0
BRDA:521,50,1,0
BRDA:534,51,0,0
BRDA:534,51,1,0
BRDA:541,52,0,0
BRDA:541,52,1,0
BRDA:551,53,0,0
BRDA:551,53,1,0
BRDA:578,54,0,0
BRDA:578,54,1,0
BRF:113
BRH:0
end_of_record
TN:
SF:src/contexts/AuthContext.jsx
FN:35,(anonymous_0)
FN:41,(anonymous_1)
FN:53,(anonymous_2)
FN:78,(anonymous_3)
FN:92,(anonymous_4)
FN:117,(anonymous_5)
FNF:6
FNH:6
FNDA:9,(anonymous_0)
FNDA:3,(anonymous_1)
FNDA:5,(anonymous_2)
FNDA:2,(anonymous_3)
FNDA:1,(anonymous_4)
FNDA:13,(anonymous_5)
DA:24,1
DA:35,1
DA:37,9
DA:39,9
DA:41,9
DA:42,3
DA:43,3
DA:44,3
DA:53,9
DA:54,5
DA:55,5
DA:57,5
DA:58,2
DA:59,2
DA:60,2
DA:63,1
DA:64,1
DA:67,3
DA:68,3
DA:78,9
DA:79,2
DA:80,2
DA:81,2
DA:82,2
DA:83,2
DA:92,9
DA:93,1
DA:94,1
DA:95,1
DA:96,1
DA:99,9
DA:117,1
DA:118,13
DA:119,13
DA:120,9
LF:35
LH:35
BRDA:42,0,0,0
BRDA:42,0,1,3
BRDA:43,1,0,0
BRDA:43,1,1,3
BRDA:47,2,0,3
BRDA:47,2,1,3
BRDA:48,3,0,3
BRDA:48,3,1,3
BRDA:57,4,0,2
BRDA:57,4,1,3
BRDA:57,5,0,5
BRDA:57,5,1,2
BRDA:100,6,0,9
BRDA:100,6,1,3
BRDA:119,7,0,4
BRDA:119,7,1,9
BRF:16
BRH:14
end_of_record
TN:
SF:src/contexts/DatabaseContext.jsx
FN:15,(anonymous_0)
FN:19,(anonymous_1)
FN:22,(anonymous_2)
FN:23,(anonymous_3)
FN:52,(anonymous_4)
FNF:5
FNH:5
FNDA:5,(anonymous_0)
FNDA:3,(anonymous_1)
FNDA:1,(anonymous_2)
FNDA:1,(anonymous_3)
FNDA:2,(anonymous_4)
DA:13,1
DA:15,1
DA:16,5
DA:17,5
DA:19,5
DA:21,3
DA:22,1
DA:24,1
DA:25,1
DA:29,5
DA:30,1
DA:37,4
DA:38,3
DA:45,1
DA:52,2
LF:15
LH:15
BRDA:29,0,0,1
BRDA:29,0,1,4
BRDA:37,1,0,3
BRDA:37,1,1,1
BRF:4
BRH:4
end_of_record
TN:
SF:src/contexts/LanguageContext.jsx
FN:239,(anonymous_0)
FN:243,(anonymous_1)
FN:256,(anonymous_2)
FN:257,(anonymous_3)
FN:271,(anonymous_4)
FN:291,(anonymous_5)
FN:293,(anonymous_6)
FN:314,(anonymous_7)
FNF:8
FNH:8
FNDA:9,(anonymous_0)
FNDA:5,(anonymous_1)
FNDA:2,(anonymous_2)
FNDA:2,(anonymous_3)
FNDA:2,(anonymous_4)
FNDA:4,(anonymous_5)
FNDA:2,(anonymous_6)
FNDA:13,(anonymous_7)
DA:3,1
DA:235,1
DA:237,1
DA:239,1
DA:240,9
DA:243,9
DA:244,5
DA:245,5
DA:246,1
DA:256,9
DA:257,2
DA:258,2
DA:259,2
DA:260,2
DA:271,9
DA:272,2
DA:273,1
DA:274,1
DA:291,9
DA:292,4
DA:293,4
DA:294,2
DA:296,4
DA:299,9
DA:314,1
DA:315,13
DA:316,13
DA:317,4
DA:319,9
LF:29
LH:29
BRDA:245,0,0,1
BRDA:245,0,1,4
BRDA:245,1,0,5
BRDA:245,1,1,1
BRDA:258,2,0,1
BRDA:258,2,1,1
BRDA:272,3,0,1
BRDA:272,3,1,1
BRDA:291,4,0,4
BRDA:292,5,0,4
BRDA:292,5,1,1
BRDA:316,6,0,4
BRDA:316,6,1,9
BRF:13
BRH:13
end_of_record
TN:
SF:src/db/api.js
FN:10,http
FN:25,(anonymous_1)
FN:44,(anonymous_2)
FN:47,(anonymous_3)
FN:50,(anonymous_4)
FN:53,(anonymous_5)
FN:56,(anonymous_6)
FN:61,(anonymous_7)
FN:64,(anonymous_8)
FN:67,(anonymous_9)
FN:70,(anonymous_10)
FN:73,(anonymous_11)
FN:76,(anonymous_12)
FN:78,(anonymous_13)
FN:88,(anonymous_14)
FN:93,(anonymous_15)
FN:96,(anonymous_16)
FN:99,(anonymous_17)
FN:104,(anonymous_18)
FN:133,(anonymous_19)
FN:135,(anonymous_20)
FN:145,(anonymous_21)
FN:148,(anonymous_22)
FN:151,(anonymous_23)
FN:156,(anonymous_24)
FN:159,(anonymous_25)
FNF:26
FNH:24
FNDA:25,http
FNDA:1,(anonymous_1)
FNDA:4,(anonymous_2)
FNDA:1,(anonymous_3)
FNDA:1,(anonymous_4)
FNDA:0,(anonymous_5)
FNDA:0,(anonymous_6)
FNDA:1,(anonymous_7)
FNDA:1,(anonymous_8)
FNDA:1,(anonymous_9)
FNDA:1,(anonymous_10)
FNDA:1,(anonymous_11)
FNDA:2,(anonymous_12)
FNDA:5,(anonymous_13)
FNDA:1,(anonymous_14)
FNDA:2,(anonymous_15)
FNDA:1,(anonymous_16)
FNDA:1,(anonymous_17)
FNDA:1,(anonymous_18)
FNDA:2,(anonymous_19)
FNDA:7,(anonymous_20)
FNDA:2,(anonymous_21)
FNDA:1,(anonymous_22)
FNDA:1,(anonymous_23)
FNDA:1,(anonymous_24)
FNDA:1,(anonymous_25)
DA:8,3
DA:11,25
DA:12,25
DA:14,25
DA:22,25
DA:24,25
DA:25,25
DA:27,25
DA:28,1
DA:29,1
DA:32,25
DA:33,3
DA:35,3
DA:36,3
DA:37,3
DA:39,22
DA:44,3
DA:45,4
DA:47,3
DA:48,1
DA:50,3
DA:51,1
DA:53,3
DA:54,0
DA:56,3
DA:57,0
DA:61,3
DA:62,1
DA:64,3
DA:65,1
DA:67,3
DA:68,1
DA:70,3
DA:71,1
DA:73,3
DA:74,1
DA:76,3
DA:77,2
DA:78,2
DA:79,5
DA:80,4
DA:84,2
DA:85,2
DA:88,3
DA:89,1
DA:93,3
DA:94,2
DA:96,3
DA:97,1
DA:99,3
DA:100,1
DA:104,3
DA:113,1
DA:114,1
DA:115,1
DA:118,1
DA:133,3
DA:134,2
DA:135,2
DA:136,7
DA:137,5
DA:141,2
DA:142,2
DA:145,3
DA:146,2
DA:148,3
DA:149,1
DA:151,3
DA:152,1
DA:156,3
DA:157,1
DA:159,3
DA:160,1
LF:73
LH:71
BRDA:10,0,0,25
BRDA:11,1,0,25
BRDA:11,1,1,0
BRDA:12,2,0,25
BRDA:12,2,1,23
BRDA:18,3,0,5
BRDA:18,3,1,20
BRDA:18,4,0,25
BRDA:18,4,1,6
BRDA:22,5,0,8
BRDA:22,5,1,17
BRDA:27,6,0,1
BRDA:27,6,1,24
BRDA:27,7,0,25
BRDA:27,7,1,1
BRDA:32,8,0,3
BRDA:32,8,1,22
BRDA:33,9,0,3
BRDA:33,9,1,1
BRDA:45,10,0,1
BRDA:45,10,1,3
BRDA:76,11,0,2
BRDA:79,12,0,4
BRDA:79,12,1,1
BRDA:79,13,0,5
BRDA:79,13,1,5
BRDA:79,13,2,5
BRDA:85,14,0,1
BRDA:85,14,1,1
BRDA:104,15,0,1
BRDA:105,16,0,1
BRDA:106,17,0,1
BRDA:107,18,0,1
BRDA:108,19,0,1
BRDA:109,20,0,1
BRDA:110,21,0,1
BRDA:111,22,0,1
BRDA:114,23,0,1
BRDA:114,23,1,0
BRDA:133,24,0,2
BRDA:136,25,0,5
BRDA:136,25,1,2
BRDA:136,26,0,7
BRDA:136,26,1,7
BRDA:136,26,2,6
BRDA:142,27,0,2
BRDA:142,27,1,0
BRDA:148,28,0,1
BRDA:156,29,0,1
BRF:49
BRH:46
end_of_record
