<?xml version="1.0" encoding="UTF-8"?>
<testsuite xmlns:xsi="http://www.w3.org/2001/XMLSchema-instance" xsi:noNamespaceSchemaLocation="https://maven.apache.org/surefire/maven-surefire-plugin/xsd/surefire-test-report.xsd" version="3.0.2" name="com.tester.api.tests.cart.CartApiTest" time="27.407" tests="22" errors="0" skipped="0" failures="0" flakes="0">
  <properties>
[...]
</properties>
  <testcase name="deveRetornar401AoListarCarrinhoSemToken" classname="com.tester.api.tests.cart.CartApiTest" time="1.701">
    <system-out><![CDATA[18:04:05.807 &amp#27;[32mINFO &amp#27;[m &amp#27;[1;35m[ForkJoinPool-1-worker-2]&amp#27;[m &amp#27;[36mcom.tester.api.support.EnvFileLoader&amp#27;[m - &amp#27;[37mLoaded 4 fallback entries from /home/runner/work/amazonQA.com/amazonQA.com/.env&amp#27;[m
18:04:05.810 &amp#27;[32mINFO &amp#27;[m &amp#27;[1;35m[ForkJoinPool-1-worker-2]&amp#27;[m &amp#27;[36mcom.tester.api.support.EnvFileLoader&amp#27;[m - &amp#27;[37mLoaded 6 entries from /home/runner/work/amazonQA.com/amazonQA.com/projects-tests/rest-assured-api/.env&amp#27;[m
18:04:07.875 &amp#27;[32mINFO &amp#27;[m &amp#27;[1;35m[ForkJoinPool-1-worker-2]&amp#27;[m &amp#27;[36mcom.tester.api.client.CartClient&amp#27;[m - &amp#27;[37mlist: status 401&amp#27;[m
]]></system-out>
    <system-err><![CDATA[2026-05-25T18:04:05.328797867Z main WARN Ignoring call to `j.u.l.Logger.setLevel(WARNING)`, since the Log4j API does not provide methods to modify the underlying implementation.
To modify the configuration using JUL, use an `AbstractLoggerAdapter` appropriate for your logging implementation.
See https://logging.apache.org/log4j/3.x/log4j-jul.html#log4j.jul.loggerAdapter for more information.
SLF4J(W): No SLF4J providers were found.
SLF4J(W): Defaulting to no-operation (NOP) logger implementation
SLF4J(W): See https://www.slf4j.org/codes.html#noProviders for further details.
]]></system-err>
  </testcase>
  <testcase name="deveValidarJsonSchemaDaListaDoCarrinho" classname="com.tester.api.tests.cart.CartApiTest" time="3.05">
    <system-out><![CDATA[18:04:11.070 &amp#27;[32mINFO &amp#27;[m &amp#27;[1;35m[ForkJoinPool-1-worker-2]&amp#27;[m &amp#27;[36mcom.tester.api.client.ProductsClient&amp#27;[m - &amp#27;[37mdelete: status 200&amp#27;[m
]]></system-out>
  </testcase>
  <testcase name="deveRetornar400ParaQuantidadeAcimaDoLimite" classname="com.tester.api.tests.cart.CartApiTest" time="1.504">
    <system-out><![CDATA[18:04:12.359 &amp#27;[32mINFO &amp#27;[m &amp#27;[1;35m[ForkJoinPool-1-worker-2]&amp#27;[m &amp#27;[36mcom.tester.api.client.CartClient&amp#27;[m - &amp#27;[37madd: status 400&amp#27;[m
18:04:12.579 &amp#27;[32mINFO &amp#27;[m &amp#27;[1;35m[ForkJoinPool-1-worker-2]&amp#27;[m &amp#27;[36mcom.tester.api.client.ProductsClient&amp#27;[m - &amp#27;[37mdelete: status 200&amp#27;[m
]]></system-out>
  </testcase>
  <testcase name="deveAdicionarIncrementarListarERemoverItemDoCarrinho" classname="com.tester.api.tests.cart.CartApiTest" time="2.009">
    <system-out><![CDATA[18:04:14.423 &amp#27;[32mINFO &amp#27;[m &amp#27;[1;35m[ForkJoinPool-1-worker-2]&amp#27;[m &amp#27;[36mcom.tester.api.client.CartClient&amp#27;[m - &amp#27;[37mlist: status 200&amp#27;[m
18:04:14.501 &amp#27;[32mINFO &amp#27;[m &amp#27;[1;35m[ForkJoinPool-1-worker-3]&amp#27;[m &amp#27;[36mcom.tester.api.client.UsersClient&amp#27;[m - &amp#27;[37mregister: status 201&amp#27;[m
18:04:14.592 &amp#27;[32mINFO &amp#27;[m &amp#27;[1;35m[ForkJoinPool-1-worker-2]&amp#27;[m &amp#27;[36mcom.tester.api.client.ProductsClient&amp#27;[m - &amp#27;[37mdelete: status 200&amp#27;[m
]]></system-out>
  </testcase>
  <testcase name="deveRetornar400ParaCartItemIdAusenteQuandoAutenticado" classname="com.tester.api.tests.cart.CartApiTest" time="0.926">
    <system-out><![CDATA[18:04:15.063 &amp#27;[32mINFO &amp#27;[m &amp#27;[1;35m[ForkJoinPool-1-worker-2]&amp#27;[m &amp#27;[36mcom.tester.api.client.UsersClient&amp#27;[m - &amp#27;[37mregister: status 201&amp#27;[m
18:04:15.228 &amp#27;[32mINFO &amp#27;[m &amp#27;[1;35m[ForkJoinPool-1-worker-1]&amp#27;[m &amp#27;[36mcom.tester.api.client.UsersClient&amp#27;[m - &amp#27;[37mlogin: status 200&amp#27;[m
18:04:15.410 &amp#27;[32mINFO &amp#27;[m &amp#27;[1;35m[ForkJoinPool-1-worker-3]&amp#27;[m &amp#27;[36mcom.tester.api.client.UsersClient&amp#27;[m - &amp#27;[37mregister: status 201&amp#27;[m
18:04:15.462 &amp#27;[32mINFO &amp#27;[m &amp#27;[1;35m[ForkJoinPool-1-worker-2]&amp#27;[m &amp#27;[36mcom.tester.api.client.UsersClient&amp#27;[m - &amp#27;[37mlogin: status 200&amp#27;[m
18:04:15.534 &amp#27;[32mINFO &amp#27;[m &amp#27;[1;35m[ForkJoinPool-1-worker-2]&amp#27;[m &amp#27;[36mcom.tester.api.client.CartClient&amp#27;[m - &amp#27;[37mremove: status 400&amp#27;[m
]]></system-out>
  </testcase>
  <testcase name="deveRetornar400ParaPayloadInvalidoNoPostDoCarrinhoAutenticado" classname="com.tester.api.tests.cart.CartApiTest" time="0.97">
    <system-out><![CDATA[18:04:16.372 &amp#27;[32mINFO &amp#27;[m &amp#27;[1;35m[ForkJoinPool-1-worker-2]&amp#27;[m &amp#27;[36mcom.tester.api.client.UsersClient&amp#27;[m - &amp#27;[37mlogin: status 200&amp#27;[m
18:04:16.443 &amp#27;[32mINFO &amp#27;[m &amp#27;[1;35m[ForkJoinPool-1-worker-3]&amp#27;[m &amp#27;[36mcom.tester.api.client.CartClient&amp#27;[m - &amp#27;[37madd: status 201&amp#27;[m
18:04:16.504 &amp#27;[32mINFO &amp#27;[m &amp#27;[1;35m[ForkJoinPool-1-worker-2]&amp#27;[m &amp#27;[36mcom.tester.api.client.CartClient&amp#27;[m - &amp#27;[37madd: status 400&amp#27;[m
]]></system-out>
  </testcase>
  <testcase name="deveRetornar400ParaProdutoInexistente" classname="com.tester.api.tests.cart.CartApiTest" time="0.99">
    <system-out><![CDATA[18:04:16.841 &amp#27;[32mINFO &amp#27;[m &amp#27;[1;35m[ForkJoinPool-1-worker-1]&amp#27;[m &amp#27;[36mcom.tester.api.client.UsersClient&amp#27;[m - &amp#27;[37mregister: status 201&amp#27;[m
18:04:16.999 &amp#27;[32mINFO &amp#27;[m &amp#27;[1;35m[ForkJoinPool-1-worker-2]&amp#27;[m &amp#27;[36mcom.tester.api.client.UsersClient&amp#27;[m - &amp#27;[37mregister: status 201&amp#27;[m
18:04:17.231 &amp#27;[32mINFO &amp#27;[m &amp#27;[1;35m[ForkJoinPool-1-worker-1]&amp#27;[m &amp#27;[36mcom.tester.api.client.UsersClient&amp#27;[m - &amp#27;[37mlogin: status 200&amp#27;[m
18:04:17.304 &amp#27;[32mINFO &amp#27;[m &amp#27;[1;35m[ForkJoinPool-1-worker-3]&amp#27;[m &amp#27;[36mcom.tester.api.client.UsersClient&amp#27;[m - &amp#27;[37mregister: status 201&amp#27;[m
18:04:17.432 &amp#27;[32mINFO &amp#27;[m &amp#27;[1;35m[ForkJoinPool-1-worker-2]&amp#27;[m &amp#27;[36mcom.tester.api.client.UsersClient&amp#27;[m - &amp#27;[37mlogin: status 200&amp#27;[m
18:04:17.486 &amp#27;[32mINFO &amp#27;[m &amp#27;[1;35m[ForkJoinPool-1-worker-2]&amp#27;[m &amp#27;[36mcom.tester.api.client.CartClient&amp#27;[m - &amp#27;[37madd: status 400&amp#27;[m
]]></system-out>
  </testcase>
  <testcase name="deveValidarErrosDePayloadDoCarrinho" classname="com.tester.api.tests.cart.CartApiTest" time="0.149">
    <system-out><![CDATA[18:04:17.582 &amp#27;[32mINFO &amp#27;[m &amp#27;[1;35m[ForkJoinPool-1-worker-2]&amp#27;[m &amp#27;[36mcom.tester.api.client.CartClient&amp#27;[m - &amp#27;[37mlist: status 401&amp#27;[m
18:04:17.585 &amp#27;[32mINFO &amp#27;[m &amp#27;[1;35m[ForkJoinPool-1-worker-1]&amp#27;[m &amp#27;[36mcom.tester.api.client.UsersClient&amp#27;[m - &amp#27;[37mlogin: status 200&amp#27;[m
]]></system-out>
  </testcase>
  <testcase name="deveRetornar400ParaUserIdInvalidoNoGetDoCarrinho" classname="com.tester.api.tests.cart.CartApiTest" time="0.837">
    <system-out><![CDATA[18:04:18.500 &amp#27;[32mINFO &amp#27;[m &amp#27;[1;35m[ForkJoinPool-1-worker-2]&amp#27;[m &amp#27;[36mcom.tester.api.client.CartClient&amp#27;[m - &amp#27;[37mlist: status 400&amp#27;[m
]]></system-out>
  </testcase>
  <testcase name="deveRetornar400AoTentarAdicionarProdutoSemProductId" classname="com.tester.api.tests.cart.CartApiTest" time="0.847">
    <system-out><![CDATA[18:04:18.511 &amp#27;[32mINFO &amp#27;[m &amp#27;[1;35m[ForkJoinPool-1-worker-1]&amp#27;[m &amp#27;[36mcom.tester.api.client.UsersClient&amp#27;[m - &amp#27;[37mregister: status 201&amp#27;[m
18:04:18.788 &amp#27;[32mINFO &amp#27;[m &amp#27;[1;35m[ForkJoinPool-1-worker-3]&amp#27;[m &amp#27;[36mcom.tester.api.client.UsersClient&amp#27;[m - &amp#27;[37mregister: status 201&amp#27;[m
18:04:18.911 &amp#27;[32mINFO &amp#27;[m &amp#27;[1;35m[ForkJoinPool-1-worker-1]&amp#27;[m &amp#27;[36mcom.tester.api.client.UsersClient&amp#27;[m - &amp#27;[37mlogin: status 200&amp#27;[m
18:04:18.944 &amp#27;[32mINFO &amp#27;[m &amp#27;[1;35m[ForkJoinPool-1-worker-2]&amp#27;[m &amp#27;[36mcom.tester.api.client.UsersClient&amp#27;[m - &amp#27;[37mregister: status 201&amp#27;[m
18:04:19.194 &amp#27;[32mINFO &amp#27;[m &amp#27;[1;35m[ForkJoinPool-1-worker-3]&amp#27;[m &amp#27;[36mcom.tester.api.client.UsersClient&amp#27;[m - &amp#27;[37mlogin: status 200&amp#27;[m
18:04:19.240 &amp#27;[32mINFO &amp#27;[m &amp#27;[1;35m[ForkJoinPool-1-worker-1]&amp#27;[m &amp#27;[36mcom.tester.api.client.UsersClient&amp#27;[m - &amp#27;[37mlogin: status 200&amp#27;[m
18:04:19.279 &amp#27;[32mINFO &amp#27;[m &amp#27;[1;35m[ForkJoinPool-1-worker-1]&amp#27;[m &amp#27;[36mcom.tester.api.client.ProductsClient&amp#27;[m - &amp#27;[37mcreate: status 201&amp#27;[m
18:04:19.287 &amp#27;[32mINFO &amp#27;[m &amp#27;[1;35m[ForkJoinPool-1-worker-2]&amp#27;[m &amp#27;[36mcom.tester.api.client.UsersClient&amp#27;[m - &amp#27;[37mlogin: status 200&amp#27;[m
18:04:19.327 &amp#27;[32mINFO &amp#27;[m &amp#27;[1;35m[ForkJoinPool-1-worker-1]&amp#27;[m &amp#27;[36mcom.tester.api.client.CartClient&amp#27;[m - &amp#27;[37madd: status 201&amp#27;[m
18:04:19.351 &amp#27;[32mINFO &amp#27;[m &amp#27;[1;35m[ForkJoinPool-1-worker-2]&amp#27;[m &amp#27;[36mcom.tester.api.client.CartClient&amp#27;[m - &amp#27;[37maddPartial: status 400&amp#27;[m
]]></system-out>
  </testcase>
  <testcase name="deveRetornar404ComMensagemCarrinhoNaoEncontradoParaIdInexistente" classname="com.tester.api.tests.cart.CartApiTest" time="2.187">
    <system-out><![CDATA[18:04:21.107 &amp#27;[32mINFO &amp#27;[m &amp#27;[1;35m[ForkJoinPool-1-worker-3]&amp#27;[m &amp#27;[36mcom.tester.api.client.UsersClient&amp#27;[m - &amp#27;[37mregister: status 201&amp#27;[m
18:04:21.270 &amp#27;[32mINFO &amp#27;[m &amp#27;[1;35m[ForkJoinPool-1-worker-1]&amp#27;[m &amp#27;[36mcom.tester.api.client.UsersClient&amp#27;[m - &amp#27;[37mregister: status 201&amp#27;[m
18:04:21.526 &amp#27;[32mINFO &amp#27;[m &amp#27;[1;35m[ForkJoinPool-1-worker-2]&amp#27;[m &amp#27;[36mcom.tester.api.client.CartClient&amp#27;[m - &amp#27;[37mgetById: status 404&amp#27;[m
]]></system-out>
  </testcase>
  <testcase name="deveRetornar404AoRemoverItemComIdInexistente" classname="com.tester.api.tests.cart.CartApiTest" time="0.914">
    <system-out><![CDATA[18:04:21.953 &amp#27;[32mINFO &amp#27;[m &amp#27;[1;35m[ForkJoinPool-1-worker-2]&amp#27;[m &amp#27;[36mcom.tester.api.client.UsersClient&amp#27;[m - &amp#27;[37mregister: status 201&amp#27;[m
18:04:22.143 &amp#27;[32mINFO &amp#27;[m &amp#27;[1;35m[ForkJoinPool-1-worker-1]&amp#27;[m &amp#27;[36mcom.tester.api.client.UsersClient&amp#27;[m - &amp#27;[37mlogin: status 200&amp#27;[m
18:04:22.170 &amp#27;[32mINFO &amp#27;[m &amp#27;[1;35m[ForkJoinPool-1-worker-3]&amp#27;[m &amp#27;[36mcom.tester.api.client.UsersClient&amp#27;[m - &amp#27;[37mregister: status 201&amp#27;[m
18:04:22.184 &amp#27;[32mINFO &amp#27;[m &amp#27;[1;35m[ForkJoinPool-1-worker-1]&amp#27;[m &amp#27;[36mcom.tester.api.client.ProductsClient&amp#27;[m - &amp#27;[37mcreate: status 201&amp#27;[m
18:04:22.250 &amp#27;[32mINFO &amp#27;[m &amp#27;[1;35m[ForkJoinPool-1-worker-1]&amp#27;[m &amp#27;[36mcom.tester.api.client.CartClient&amp#27;[m - &amp#27;[37madd: status 201&amp#27;[m
18:04:22.334 &amp#27;[32mINFO &amp#27;[m &amp#27;[1;35m[ForkJoinPool-1-worker-1]&amp#27;[m &amp#27;[36mcom.tester.api.client.OrdersClient&amp#27;[m - &amp#27;[37mcreate: status 201&amp#27;[m
18:04:22.408 &amp#27;[32mINFO &amp#27;[m &amp#27;[1;35m[ForkJoinPool-1-worker-2]&amp#27;[m &amp#27;[36mcom.tester.api.client.UsersClient&amp#27;[m - &amp#27;[37mlogin: status 200&amp#27;[m
18:04:22.420 &amp#27;[32mINFO &amp#27;[m &amp#27;[1;35m[ForkJoinPool-1-worker-1]&amp#27;[m &amp#27;[36mcom.tester.api.client.PaymentsClient&amp#27;[m - &amp#27;[37mpay: status 201&amp#27;[m
18:04:22.462 &amp#27;[32mINFO &amp#27;[m &amp#27;[1;35m[ForkJoinPool-1-worker-2]&amp#27;[m &amp#27;[36mcom.tester.api.client.CartClient&amp#27;[m - &amp#27;[37mremove: status 404&amp#27;[m
]]></system-out>
  </testcase>
  <testcase name="deveRetornar400AoAdicionarProdutoInexistenteAoCarrinho" classname="com.tester.api.tests.cart.CartApiTest" time="0.861">
    <system-out><![CDATA[18:04:22.968 &amp#27;[32mINFO &amp#27;[m &amp#27;[1;35m[ForkJoinPool-1-worker-2]&amp#27;[m &amp#27;[36mcom.tester.api.client.UsersClient&amp#27;[m - &amp#27;[37mregister: status 201&amp#27;[m
18:04:23.056 &amp#27;[32mINFO &amp#27;[m &amp#27;[1;35m[ForkJoinPool-1-worker-3]&amp#27;[m &amp#27;[36mcom.tester.api.client.UsersClient&amp#27;[m - &amp#27;[37mregister: status 201&amp#27;[m
18:04:23.287 &amp#27;[32mINFO &amp#27;[m &amp#27;[1;35m[ForkJoinPool-1-worker-2]&amp#27;[m &amp#27;[36mcom.tester.api.client.UsersClient&amp#27;[m - &amp#27;[37mlogin: status 200&amp#27;[m
18:04:23.328 &amp#27;[32mINFO &amp#27;[m &amp#27;[1;35m[ForkJoinPool-1-worker-2]&amp#27;[m &amp#27;[36mcom.tester.api.client.CartClient&amp#27;[m - &amp#27;[37madd: status 400&amp#27;[m
]]></system-out>
  </testcase>
  <testcase name="deveBuscarItemDoCarrinhoPorIdQuandoExistir" classname="com.tester.api.tests.cart.CartApiTest" time="1.765">
    <system-out><![CDATA[18:04:24.500 &amp#27;[32mINFO &amp#27;[m &amp#27;[1;35m[ForkJoinPool-1-worker-1]&amp#27;[m &amp#27;[36mcom.tester.api.client.UsersClient&amp#27;[m - &amp#27;[37mregister: status 201&amp#27;[m
18:04:24.562 &amp#27;[32mINFO &amp#27;[m &amp#27;[1;35m[ForkJoinPool-1-worker-2]&amp#27;[m &amp#27;[36mcom.tester.api.client.UsersClient&amp#27;[m - &amp#27;[37mlogin: status 200&amp#27;[m
18:04:24.576 &amp#27;[32mINFO &amp#27;[m &amp#27;[1;35m[ForkJoinPool-1-worker-3]&amp#27;[m &amp#27;[36mcom.tester.api.client.UsersClient&amp#27;[m - &amp#27;[37mregister: status 201&amp#27;[m
18:04:24.604 &amp#27;[32mINFO &amp#27;[m &amp#27;[1;35m[ForkJoinPool-1-worker-2]&amp#27;[m &amp#27;[36mcom.tester.api.client.ProductsClient&amp#27;[m - &amp#27;[37mcreate: status 201&amp#27;[m
18:04:24.643 &amp#27;[32mINFO &amp#27;[m &amp#27;[1;35m[ForkJoinPool-1-worker-2]&amp#27;[m &amp#27;[36mcom.tester.api.client.CartClient&amp#27;[m - &amp#27;[37madd: status 201&amp#27;[m
18:04:24.702 &amp#27;[32mINFO &amp#27;[m &amp#27;[1;35m[ForkJoinPool-1-worker-2]&amp#27;[m &amp#27;[36mcom.tester.api.client.CartClient&amp#27;[m - &amp#27;[37mlist: status 200&amp#27;[m
18:04:24.821 &amp#27;[32mINFO &amp#27;[m &amp#27;[1;35m[ForkJoinPool-1-worker-2]&amp#27;[m &amp#27;[36mcom.tester.api.client.CartClient&amp#27;[m - &amp#27;[37mgetById: status 200&amp#27;[m
18:04:24.962 &amp#27;[32mINFO &amp#27;[m &amp#27;[1;35m[ForkJoinPool-1-worker-1]&amp#27;[m &amp#27;[36mcom.tester.api.client.UsersClient&amp#27;[m - &amp#27;[37mlogin: status 200&amp#27;[m
18:04:25.005 &amp#27;[32mINFO &amp#27;[m &amp#27;[1;35m[ForkJoinPool-1-worker-3]&amp#27;[m &amp#27;[36mcom.tester.api.client.UsersClient&amp#27;[m - &amp#27;[37mlogin: status 200&amp#27;[m
18:04:25.098 &amp#27;[32mINFO &amp#27;[m &amp#27;[1;35m[ForkJoinPool-1-worker-2]&amp#27;[m &amp#27;[36mcom.tester.api.client.ProductsClient&amp#27;[m - &amp#27;[37mdelete: status 200&amp#27;[m
]]></system-out>
  </testcase>
  <testcase name="deveRetornar404AoRemoverItemInexistenteParaUsuarioAutenticado" classname="com.tester.api.tests.cart.CartApiTest" time="0.988">
    <system-out><![CDATA[18:04:26.093 &amp#27;[32mINFO &amp#27;[m &amp#27;[1;35m[ForkJoinPool-1-worker-2]&amp#27;[m &amp#27;[36mcom.tester.api.client.CartClient&amp#27;[m - &amp#27;[37mremove: status 404&amp#27;[m
]]></system-out>
  </testcase>
  <testcase name="deveRetornar400ParaProdutoDuplicadoNoMesmoPayload" classname="com.tester.api.tests.cart.CartApiTest" time="1.653">
    <system-out><![CDATA[18:04:27.624 &amp#27;[32mINFO &amp#27;[m &amp#27;[1;35m[ForkJoinPool-1-worker-2]&amp#27;[m &amp#27;[36mcom.tester.api.client.UsersClient&amp#27;[m - &amp#27;[37mlogin: status 200&amp#27;[m
18:04:27.659 &amp#27;[32mINFO &amp#27;[m &amp#27;[1;35m[ForkJoinPool-1-worker-2]&amp#27;[m &amp#27;[36mcom.tester.api.client.ProductsClient&amp#27;[m - &amp#27;[37mcreate: status 201&amp#27;[m
18:04:27.671 &amp#27;[32mINFO &amp#27;[m &amp#27;[1;35m[ForkJoinPool-1-worker-1]&amp#27;[m &amp#27;[36mcom.tester.api.client.UsersClient&amp#27;[m - &amp#27;[37mlogin: status 200&amp#27;[m
18:04:27.703 &amp#27;[32mINFO &amp#27;[m &amp#27;[1;35m[ForkJoinPool-1-worker-2]&amp#27;[m &amp#27;[36mcom.tester.api.client.CartClient&amp#27;[m - &amp#27;[37madd: status 400&amp#27;[m
18:04:27.706 &amp#27;[32mINFO &amp#27;[m &amp#27;[1;35m[ForkJoinPool-1-worker-1]&amp#27;[m &amp#27;[36mcom.tester.api.client.ProductsClient&amp#27;[m - &amp#27;[37mcreate: status 201&amp#27;[m
18:04:27.751 &amp#27;[32mINFO &amp#27;[m &amp#27;[1;35m[ForkJoinPool-1-worker-1]&amp#27;[m &amp#27;[36mcom.tester.api.client.CartClient&amp#27;[m - &amp#27;[37madd: status 201&amp#27;[m
18:04:27.754 &amp#27;[32mINFO &amp#27;[m &amp#27;[1;35m[ForkJoinPool-1-worker-2]&amp#27;[m &amp#27;[36mcom.tester.api.client.ProductsClient&amp#27;[m - &amp#27;[37mdelete: status 200&amp#27;[m
]]></system-out>
  </testcase>
  <testcase name="deveRetornar400AoRemoverItemComIdInvalidoString" classname="com.tester.api.tests.cart.CartApiTest" time="0.891">
    <system-out><![CDATA[18:04:28.236 &amp#27;[32mINFO &amp#27;[m &amp#27;[1;35m[ForkJoinPool-1-worker-2]&amp#27;[m &amp#27;[36mcom.tester.api.client.UsersClient&amp#27;[m - &amp#27;[37mregister: status 201&amp#27;[m
18:04:28.389 &amp#27;[32mINFO &amp#27;[m &amp#27;[1;35m[ForkJoinPool-1-worker-3]&amp#27;[m &amp#27;[36mcom.tester.api.client.UsersClient&amp#27;[m - &amp#27;[37mlogin: status 200&amp#27;[m
18:04:28.577 &amp#27;[32mINFO &amp#27;[m &amp#27;[1;35m[ForkJoinPool-1-worker-1]&amp#27;[m &amp#27;[36mcom.tester.api.client.UsersClient&amp#27;[m - &amp#27;[37mregister: status 201&amp#27;[m
18:04:28.608 &amp#27;[32mINFO &amp#27;[m &amp#27;[1;35m[ForkJoinPool-1-worker-2]&amp#27;[m &amp#27;[36mcom.tester.api.client.UsersClient&amp#27;[m - &amp#27;[37mlogin: status 200&amp#27;[m
18:04:28.647 &amp#27;[32mINFO &amp#27;[m &amp#27;[1;35m[ForkJoinPool-1-worker-2]&amp#27;[m &amp#27;[36mcom.tester.api.client.CartClient&amp#27;[m - &amp#27;[37mremoveStringId: status 400&amp#27;[m
]]></system-out>
  </testcase>
  <testcase name="deveRetornar401ComMensagemPadronizadaParaTokenAusenteNoPost" classname="com.tester.api.tests.cart.CartApiTest" time="0.048"/>
  <testcase name="deveRetornar403AoTentarAcessarCarrinhoDeOutroUsuario" classname="com.tester.api.tests.cart.CartApiTest" time="1.395">
    <system-out><![CDATA[18:04:30.017 &amp#27;[32mINFO &amp#27;[m &amp#27;[1;35m[ForkJoinPool-1-worker-3]&amp#27;[m &amp#27;[36mcom.tester.api.client.UsersClient&amp#27;[m - &amp#27;[37mlogin: status 200&amp#27;[m
18:04:30.052 &amp#27;[32mINFO &amp#27;[m &amp#27;[1;35m[ForkJoinPool-1-worker-3]&amp#27;[m &amp#27;[36mcom.tester.api.client.ProductsClient&amp#27;[m - &amp#27;[37mcreate: status 201&amp#27;[m
18:04:30.053 &amp#27;[32mINFO &amp#27;[m &amp#27;[1;35m[ForkJoinPool-1-worker-2]&amp#27;[m &amp#27;[36mcom.tester.api.client.UsersClient&amp#27;[m - &amp#27;[37mlogin: status 200&amp#27;[m
18:04:30.089 &amp#27;[32mINFO &amp#27;[m &amp#27;[1;35m[ForkJoinPool-1-worker-2]&amp#27;[m &amp#27;[36mcom.tester.api.client.CartClient&amp#27;[m - &amp#27;[37mlist: status 403&amp#27;[m
]]></system-out>
  </testcase>
  <testcase name="deveRetornar400AoAdicionarProdutoComQuantidadeZero" classname="com.tester.api.tests.cart.CartApiTest" time="0.71">
    <system-out><![CDATA[18:04:30.464 &amp#27;[32mINFO &amp#27;[m &amp#27;[1;35m[ForkJoinPool-1-worker-2]&amp#27;[m &amp#27;[36mcom.tester.api.client.UsersClient&amp#27;[m - &amp#27;[37mregister: status 201&amp#27;[m
18:04:30.540 &amp#27;[32mINFO &amp#27;[m &amp#27;[1;35m[ForkJoinPool-1-worker-3]&amp#27;[m &amp#27;[36mcom.tester.api.client.UsersClient&amp#27;[m - &amp#27;[37mregister: status 201&amp#27;[m
18:04:30.705 &amp#27;[32mINFO &amp#27;[m &amp#27;[1;35m[ForkJoinPool-1-worker-1]&amp#27;[m &amp#27;[36mcom.tester.api.client.UsersClient&amp#27;[m - &amp#27;[37mlogin: status 200&amp#27;[m
18:04:30.749 &amp#27;[32mINFO &amp#27;[m &amp#27;[1;35m[ForkJoinPool-1-worker-1]&amp#27;[m &amp#27;[36mcom.tester.api.client.ProductsClient&amp#27;[m - &amp#27;[37mcreate: status 201&amp#27;[m
18:04:30.765 &amp#27;[32mINFO &amp#27;[m &amp#27;[1;35m[ForkJoinPool-1-worker-2]&amp#27;[m &amp#27;[36mcom.tester.api.client.UsersClient&amp#27;[m - &amp#27;[37mlogin: status 200&amp#27;[m
18:04:30.786 &amp#27;[32mINFO &amp#27;[m &amp#27;[1;35m[ForkJoinPool-1-worker-1]&amp#27;[m &amp#27;[36mcom.tester.api.client.ProductsClient&amp#27;[m - &amp#27;[37mgetById: status 200&amp#27;[m
18:04:30.808 &amp#27;[32mINFO &amp#27;[m &amp#27;[1;35m[ForkJoinPool-1-worker-2]&amp#27;[m &amp#27;[36mcom.tester.api.client.CartClient&amp#27;[m - &amp#27;[37madd: status 400&amp#27;[m
]]></system-out>
  </testcase>
  <testcase name="deveAceitarLoteComMultiplosProdutosDiferentes" classname="com.tester.api.tests.cart.CartApiTest" time="1.628">
    <system-out><![CDATA[18:04:32.443 &amp#27;[32mINFO &amp#27;[m &amp#27;[1;35m[ForkJoinPool-1-worker-2]&amp#27;[m &amp#27;[36mcom.tester.api.client.ProductsClient&amp#27;[m - &amp#27;[37mdelete: status 200&amp#27;[m
]]></system-out>
  </testcase>
  <testcase name="deveRetornar400AoAdicionarProdutoComQuantidadeNegativa" classname="com.tester.api.tests.cart.CartApiTest" time="0.721">
    <system-out><![CDATA[18:04:33.119 &amp#27;[32mINFO &amp#27;[m &amp#27;[1;35m[ForkJoinPool-1-worker-2]&amp#27;[m &amp#27;[36mcom.tester.api.client.UsersClient&amp#27;[m - &amp#27;[37mlogin: status 200&amp#27;[m
18:04:33.166 &amp#27;[32mINFO &amp#27;[m &amp#27;[1;35m[ForkJoinPool-1-worker-2]&amp#27;[m &amp#27;[36mcom.tester.api.client.CartClient&amp#27;[m - &amp#27;[37madd: status 400&amp#27;[m
]]></system-out>
  </testcase>
</testsuite>