<?xml version="1.0" encoding="UTF-8"?>
<testsuite xmlns:xsi="http://www.w3.org/2001/XMLSchema-instance" xsi:noNamespaceSchemaLocation="https://maven.apache.org/surefire/maven-surefire-plugin/xsd/surefire-test-report.xsd" version="3.0.2" name="com.tester.api.tests.cart.CartApiTest" time="27.541" tests="22" errors="0" skipped="0" failures="0" flakes="0">
  <properties>
[...]
</properties>
  <testcase name="deveRetornar401AoListarCarrinhoSemToken" classname="com.tester.api.tests.cart.CartApiTest" time="1.754">
    <system-out><![CDATA[17:51:54.527 &amp#27;[32mINFO &amp#27;[m &amp#27;[1;35m[ForkJoinPool-1-worker-3]&amp#27;[m &amp#27;[36mcom.tester.api.support.EnvFileLoader&amp#27;[m - &amp#27;[37mLoaded 4 fallback entries from /home/runner/work/amazonQA.com/amazonQA.com/.env&amp#27;[m
17:51:54.530 &amp#27;[32mINFO &amp#27;[m &amp#27;[1;35m[ForkJoinPool-1-worker-3]&amp#27;[m &amp#27;[36mcom.tester.api.support.EnvFileLoader&amp#27;[m - &amp#27;[37mLoaded 6 entries from /home/runner/work/amazonQA.com/amazonQA.com/projects-tests/rest-assured-api/.env&amp#27;[m
17:51:56.626 &amp#27;[32mINFO &amp#27;[m &amp#27;[1;35m[ForkJoinPool-1-worker-2]&amp#27;[m &amp#27;[36mcom.tester.api.client.CartClient&amp#27;[m - &amp#27;[37mlist: status 401&amp#27;[m
]]></system-out>
    <system-err><![CDATA[2026-05-25T17:51:54.058380025Z main WARN Ignoring call to `j.u.l.Logger.setLevel(WARNING)`, since the Log4j API does not provide methods to modify the underlying implementation.
To modify the configuration using JUL, use an `AbstractLoggerAdapter` appropriate for your logging implementation.
See https://logging.apache.org/log4j/3.x/log4j-jul.html#log4j.jul.loggerAdapter for more information.
SLF4J(W): No SLF4J providers were found.
SLF4J(W): Defaulting to no-operation (NOP) logger implementation
SLF4J(W): See https://www.slf4j.org/codes.html#noProviders for further details.
]]></system-err>
  </testcase>
  <testcase name="deveValidarJsonSchemaDaListaDoCarrinho" classname="com.tester.api.tests.cart.CartApiTest" time="3.134">
    <system-out><![CDATA[17:51:59.594 &amp#27;[32mINFO &amp#27;[m &amp#27;[1;35m[ForkJoinPool-1-worker-1]&amp#27;[m &amp#27;[36mcom.tester.api.client.UsersClient&amp#27;[m - &amp#27;[37mregister: status 201&amp#27;[m
17:51:59.869 &amp#27;[32mINFO &amp#27;[m &amp#27;[1;35m[ForkJoinPool-1-worker-2]&amp#27;[m &amp#27;[36mcom.tester.api.client.ProductsClient&amp#27;[m - &amp#27;[37mdelete: status 200&amp#27;[m
]]></system-out>
  </testcase>
  <testcase name="deveRetornar400ParaQuantidadeAcimaDoLimite" classname="com.tester.api.tests.cart.CartApiTest" time="1.485">
    <system-out><![CDATA[17:52:01.192 &amp#27;[32mINFO &amp#27;[m &amp#27;[1;35m[ForkJoinPool-1-worker-2]&amp#27;[m &amp#27;[36mcom.tester.api.client.ProductsClient&amp#27;[m - &amp#27;[37mcreate: status 201&amp#27;[m
17:52:01.243 &amp#27;[32mINFO &amp#27;[m &amp#27;[1;35m[ForkJoinPool-1-worker-2]&amp#27;[m &amp#27;[36mcom.tester.api.client.CartClient&amp#27;[m - &amp#27;[37madd: status 400&amp#27;[m
17:52:01.359 &amp#27;[32mINFO &amp#27;[m &amp#27;[1;35m[ForkJoinPool-1-worker-2]&amp#27;[m &amp#27;[36mcom.tester.api.client.ProductsClient&amp#27;[m - &amp#27;[37mdelete: status 200&amp#27;[m
]]></system-out>
  </testcase>
  <testcase name="deveAdicionarIncrementarListarERemoverItemDoCarrinho" classname="com.tester.api.tests.cart.CartApiTest" time="2.053">
    <system-out><![CDATA[17:52:03.207 &amp#27;[32mINFO &amp#27;[m &amp#27;[1;35m[ForkJoinPool-1-worker-1]&amp#27;[m &amp#27;[36mcom.tester.api.client.UsersClient&amp#27;[m - &amp#27;[37mlogin: status 200&amp#27;[m
17:52:03.278 &amp#27;[32mINFO &amp#27;[m &amp#27;[1;35m[ForkJoinPool-1-worker-2]&amp#27;[m &amp#27;[36mcom.tester.api.client.CartClient&amp#27;[m - &amp#27;[37mremove: status 200&amp#27;[m
17:52:03.324 &amp#27;[32mINFO &amp#27;[m &amp#27;[1;35m[ForkJoinPool-1-worker-2]&amp#27;[m &amp#27;[36mcom.tester.api.client.CartClient&amp#27;[m - &amp#27;[37mlist: status 200&amp#27;[m
17:52:03.411 &amp#27;[32mINFO &amp#27;[m &amp#27;[1;35m[ForkJoinPool-1-worker-2]&amp#27;[m &amp#27;[36mcom.tester.api.client.ProductsClient&amp#27;[m - &amp#27;[37mdelete: status 200&amp#27;[m
]]></system-out>
  </testcase>
  <testcase name="deveRetornar400ParaCartItemIdAusenteQuandoAutenticado" classname="com.tester.api.tests.cart.CartApiTest" time="0.737">
    <system-out><![CDATA[17:52:03.948 &amp#27;[32mINFO &amp#27;[m &amp#27;[1;35m[ForkJoinPool-1-worker-1]&amp#27;[m &amp#27;[36mcom.tester.api.client.CartClient&amp#27;[m - &amp#27;[37madd: status 201&amp#27;[m
17:52:03.991 &amp#27;[32mINFO &amp#27;[m &amp#27;[1;35m[ForkJoinPool-1-worker-1]&amp#27;[m &amp#27;[36mcom.tester.api.client.OrdersClient&amp#27;[m - &amp#27;[37mcreate: status 201&amp#27;[m
17:52:04.070 &amp#27;[32mINFO &amp#27;[m &amp#27;[1;35m[ForkJoinPool-1-worker-2]&amp#27;[m &amp#27;[36mcom.tester.api.client.UsersClient&amp#27;[m - &amp#27;[37mlogin: status 200&amp#27;[m
17:52:04.071 &amp#27;[32mINFO &amp#27;[m &amp#27;[1;35m[ForkJoinPool-1-worker-1]&amp#27;[m &amp#27;[36mcom.tester.api.client.PaymentsClient&amp#27;[m - &amp#27;[37mpay: status 201&amp#27;[m
17:52:04.160 &amp#27;[32mINFO &amp#27;[m &amp#27;[1;35m[ForkJoinPool-1-worker-2]&amp#27;[m &amp#27;[36mcom.tester.api.client.CartClient&amp#27;[m - &amp#27;[37mremove: status 400&amp#27;[m
]]></system-out>
  </testcase>
  <testcase name="deveRetornar400ParaPayloadInvalidoNoPostDoCarrinhoAutenticado" classname="com.tester.api.tests.cart.CartApiTest" time="0.962">
    <system-out><![CDATA[17:52:04.388 &amp#27;[32mINFO &amp#27;[m &amp#27;[1;35m[ForkJoinPool-1-worker-3]&amp#27;[m &amp#27;[36mcom.tester.api.client.UsersClient&amp#27;[m - &amp#27;[37mregister: status 201&amp#27;[m
17:52:04.640 &amp#27;[32mINFO &amp#27;[m &amp#27;[1;35m[ForkJoinPool-1-worker-2]&amp#27;[m &amp#27;[36mcom.tester.api.client.UsersClient&amp#27;[m - &amp#27;[37mregister: status 201&amp#27;[m
17:52:04.875 &amp#27;[32mINFO &amp#27;[m &amp#27;[1;35m[ForkJoinPool-1-worker-3]&amp#27;[m &amp#27;[36mcom.tester.api.client.UsersClient&amp#27;[m - &amp#27;[37mlogin: status 200&amp#27;[m
17:52:04.883 &amp#27;[32mINFO &amp#27;[m &amp#27;[1;35m[ForkJoinPool-1-worker-1]&amp#27;[m &amp#27;[36mcom.tester.api.client.UsersClient&amp#27;[m - &amp#27;[37mregister: status 201&amp#27;[m
17:52:05.023 &amp#27;[32mINFO &amp#27;[m &amp#27;[1;35m[ForkJoinPool-1-worker-2]&amp#27;[m &amp#27;[36mcom.tester.api.client.UsersClient&amp#27;[m - &amp#27;[37mlogin: status 200&amp#27;[m
17:52:05.124 &amp#27;[32mINFO &amp#27;[m &amp#27;[1;35m[ForkJoinPool-1-worker-2]&amp#27;[m &amp#27;[36mcom.tester.api.client.CartClient&amp#27;[m - &amp#27;[37madd: status 400&amp#27;[m
]]></system-out>
  </testcase>
  <testcase name="deveRetornar400ParaProdutoInexistente" classname="com.tester.api.tests.cart.CartApiTest" time="1.047">
    <system-out><![CDATA[17:52:05.801 &amp#27;[32mINFO &amp#27;[m &amp#27;[1;35m[ForkJoinPool-1-worker-1]&amp#27;[m &amp#27;[36mcom.tester.api.client.UsersClient&amp#27;[m - &amp#27;[37mlogin: status 200&amp#27;[m
17:52:05.881 &amp#27;[32mINFO &amp#27;[m &amp#27;[1;35m[ForkJoinPool-1-worker-1]&amp#27;[m &amp#27;[36mcom.tester.api.client.ProductsClient&amp#27;[m - &amp#27;[37mcreate: status 201&amp#27;[m
17:52:05.947 &amp#27;[32mINFO &amp#27;[m &amp#27;[1;35m[ForkJoinPool-1-worker-1]&amp#27;[m &amp#27;[36mcom.tester.api.client.CartClient&amp#27;[m - &amp#27;[37madd: status 201&amp#27;[m
17:52:06.066 &amp#27;[32mINFO &amp#27;[m &amp#27;[1;35m[ForkJoinPool-1-worker-1]&amp#27;[m &amp#27;[36mcom.tester.api.client.OrdersClient&amp#27;[m - &amp#27;[37mcreate: status 201&amp#27;[m
17:52:06.105 &amp#27;[32mINFO &amp#27;[m &amp#27;[1;35m[ForkJoinPool-1-worker-2]&amp#27;[m &amp#27;[36mcom.tester.api.client.UsersClient&amp#27;[m - &amp#27;[37mlogin: status 200&amp#27;[m
17:52:06.155 &amp#27;[32mINFO &amp#27;[m &amp#27;[1;35m[ForkJoinPool-1-worker-2]&amp#27;[m &amp#27;[36mcom.tester.api.client.CartClient&amp#27;[m - &amp#27;[37madd: status 400&amp#27;[m
17:52:06.169 &amp#27;[32mINFO &amp#27;[m &amp#27;[1;35m[ForkJoinPool-1-worker-3]&amp#27;[m &amp#27;[36mcom.tester.api.client.UsersClient&amp#27;[m - &amp#27;[37mregister: status 201&amp#27;[m
]]></system-out>
  </testcase>
  <testcase name="deveValidarErrosDePayloadDoCarrinho" classname="com.tester.api.tests.cart.CartApiTest" time="0.39"/>
  <testcase name="deveRetornar400ParaUserIdInvalidoNoGetDoCarrinho" classname="com.tester.api.tests.cart.CartApiTest" time="0.769">
    <system-out><![CDATA[17:52:06.740 &amp#27;[32mINFO &amp#27;[m &amp#27;[1;35m[ForkJoinPool-1-worker-3]&amp#27;[m &amp#27;[36mcom.tester.api.client.UsersClient&amp#27;[m - &amp#27;[37mlogin: status 200&amp#27;[m
17:52:06.800 &amp#27;[32mINFO &amp#27;[m &amp#27;[1;35m[ForkJoinPool-1-worker-1]&amp#27;[m &amp#27;[36mcom.tester.api.client.UsersClient&amp#27;[m - &amp#27;[37mregister: status 201&amp#27;[m
17:52:06.909 &amp#27;[32mINFO &amp#27;[m &amp#27;[1;35m[ForkJoinPool-1-worker-2]&amp#27;[m &amp#27;[36mcom.tester.api.client.UsersClient&amp#27;[m - &amp#27;[37mregister: status 201&amp#27;[m
17:52:07.260 &amp#27;[32mINFO &amp#27;[m &amp#27;[1;35m[ForkJoinPool-1-worker-1]&amp#27;[m &amp#27;[36mcom.tester.api.client.UsersClient&amp#27;[m - &amp#27;[37mlogin: status 200&amp#27;[m
17:52:07.291 &amp#27;[32mINFO &amp#27;[m &amp#27;[1;35m[ForkJoinPool-1-worker-3]&amp#27;[m &amp#27;[36mcom.tester.api.client.UsersClient&amp#27;[m - &amp#27;[37mlogin: status 200&amp#27;[m
17:52:07.311 &amp#27;[32mINFO &amp#27;[m &amp#27;[1;35m[ForkJoinPool-1-worker-2]&amp#27;[m &amp#27;[36mcom.tester.api.client.UsersClient&amp#27;[m - &amp#27;[37mlogin: status 200&amp#27;[m
17:52:07.339 &amp#27;[32mINFO &amp#27;[m &amp#27;[1;35m[ForkJoinPool-1-worker-3]&amp#27;[m &amp#27;[36mcom.tester.api.client.ProductsClient&amp#27;[m - &amp#27;[37mcreate: status 201&amp#27;[m
17:52:07.345 &amp#27;[32mINFO &amp#27;[m &amp#27;[1;35m[ForkJoinPool-1-worker-2]&amp#27;[m &amp#27;[36mcom.tester.api.client.CartClient&amp#27;[m - &amp#27;[37mlist: status 400&amp#27;[m
]]></system-out>
  </testcase>
  <testcase name="deveRetornar400AoTentarAdicionarProdutoSemProductId" classname="com.tester.api.tests.cart.CartApiTest" time="0.871">
    <system-out><![CDATA[17:52:07.655 &amp#27;[32mINFO &amp#27;[m &amp#27;[1;35m[ForkJoinPool-1-worker-1]&amp#27;[m &amp#27;[36mcom.tester.api.client.ProductsClient&amp#27;[m - &amp#27;[37mcreate: status 201&amp#27;[m
17:52:07.724 &amp#27;[32mINFO &amp#27;[m &amp#27;[1;35m[ForkJoinPool-1-worker-2]&amp#27;[m &amp#27;[36mcom.tester.api.client.UsersClient&amp#27;[m - &amp#27;[37mregister: status 201&amp#27;[m
17:52:07.733 &amp#27;[32mINFO &amp#27;[m &amp#27;[1;35m[ForkJoinPool-1-worker-1]&amp#27;[m &amp#27;[36mcom.tester.api.client.CartClient&amp#27;[m - &amp#27;[37madd: status 201&amp#27;[m
17:52:07.845 &amp#27;[32mINFO &amp#27;[m &amp#27;[1;35m[ForkJoinPool-1-worker-1]&amp#27;[m &amp#27;[36mcom.tester.api.client.OrdersClient&amp#27;[m - &amp#27;[37mcreate: status 201&amp#27;[m
17:52:07.923 &amp#27;[32mINFO &amp#27;[m &amp#27;[1;35m[ForkJoinPool-1-worker-1]&amp#27;[m &amp#27;[36mcom.tester.api.client.PaymentsClient&amp#27;[m - &amp#27;[37mpay: status 201&amp#27;[m
17:52:08.059 &amp#27;[32mINFO &amp#27;[m &amp#27;[1;35m[ForkJoinPool-1-worker-3]&amp#27;[m &amp#27;[36mcom.tester.api.client.UsersClient&amp#27;[m - &amp#27;[37mregister: status 201&amp#27;[m
17:52:08.152 &amp#27;[32mINFO &amp#27;[m &amp#27;[1;35m[ForkJoinPool-1-worker-2]&amp#27;[m &amp#27;[36mcom.tester.api.client.UsersClient&amp#27;[m - &amp#27;[37mlogin: status 200&amp#27;[m
17:52:08.218 &amp#27;[32mINFO &amp#27;[m &amp#27;[1;35m[ForkJoinPool-1-worker-2]&amp#27;[m &amp#27;[36mcom.tester.api.client.CartClient&amp#27;[m - &amp#27;[37maddPartial: status 400&amp#27;[m
]]></system-out>
  </testcase>
  <testcase name="deveRetornar404ComMensagemCarrinhoNaoEncontradoParaIdInexistente" classname="com.tester.api.tests.cart.CartApiTest" time="1.934">
    <system-out><![CDATA[17:52:10.138 &amp#27;[32mINFO &amp#27;[m &amp#27;[1;35m[ForkJoinPool-1-worker-2]&amp#27;[m &amp#27;[36mcom.tester.api.client.CartClient&amp#27;[m - &amp#27;[37mgetById: status 404&amp#27;[m
]]></system-out>
  </testcase>
  <testcase name="deveRetornar404AoRemoverItemComIdInexistente" classname="com.tester.api.tests.cart.CartApiTest" time="0.89">
    <system-out><![CDATA[17:52:11.006 &amp#27;[32mINFO &amp#27;[m &amp#27;[1;35m[ForkJoinPool-1-worker-2]&amp#27;[m &amp#27;[36mcom.tester.api.client.UsersClient&amp#27;[m - &amp#27;[37mlogin: status 200&amp#27;[m
17:52:11.053 &amp#27;[32mINFO &amp#27;[m &amp#27;[1;35m[ForkJoinPool-1-worker-2]&amp#27;[m &amp#27;[36mcom.tester.api.client.CartClient&amp#27;[m - &amp#27;[37mremove: status 404&amp#27;[m
]]></system-out>
  </testcase>
  <testcase name="deveRetornar400AoAdicionarProdutoInexistenteAoCarrinho" classname="com.tester.api.tests.cart.CartApiTest" time="0.843">
    <system-out><![CDATA[17:52:11.855 &amp#27;[32mINFO &amp#27;[m &amp#27;[1;35m[ForkJoinPool-1-worker-2]&amp#27;[m &amp#27;[36mcom.tester.api.client.UsersClient&amp#27;[m - &amp#27;[37mlogin: status 200&amp#27;[m
17:52:11.909 &amp#27;[32mINFO &amp#27;[m &amp#27;[1;35m[ForkJoinPool-1-worker-2]&amp#27;[m &amp#27;[36mcom.tester.api.client.CartClient&amp#27;[m - &amp#27;[37madd: status 400&amp#27;[m
]]></system-out>
  </testcase>
  <testcase name="deveBuscarItemDoCarrinhoPorIdQuandoExistir" classname="com.tester.api.tests.cart.CartApiTest" time="1.677">
    <system-out><![CDATA[17:52:13.425 &amp#27;[32mINFO &amp#27;[m &amp#27;[1;35m[ForkJoinPool-1-worker-2]&amp#27;[m &amp#27;[36mcom.tester.api.client.CartClient&amp#27;[m - &amp#27;[37mgetById: status 200&amp#27;[m
17:52:13.462 &amp#27;[32mINFO &amp#27;[m &amp#27;[1;35m[ForkJoinPool-1-worker-1]&amp#27;[m &amp#27;[36mcom.tester.api.client.UsersClient&amp#27;[m - &amp#27;[37mlogin: status 200&amp#27;[m
17:52:13.590 &amp#27;[32mINFO &amp#27;[m &amp#27;[1;35m[ForkJoinPool-1-worker-2]&amp#27;[m &amp#27;[36mcom.tester.api.client.ProductsClient&amp#27;[m - &amp#27;[37mdelete: status 200&amp#27;[m
]]></system-out>
  </testcase>
  <testcase name="deveRetornar404AoRemoverItemInexistenteParaUsuarioAutenticado" classname="com.tester.api.tests.cart.CartApiTest" time="0.887">
    <system-out><![CDATA[17:52:14.389 &amp#27;[32mINFO &amp#27;[m &amp#27;[1;35m[ForkJoinPool-1-worker-2]&amp#27;[m &amp#27;[36mcom.tester.api.client.UsersClient&amp#27;[m - &amp#27;[37mlogin: status 200&amp#27;[m
17:52:14.483 &amp#27;[32mINFO &amp#27;[m &amp#27;[1;35m[ForkJoinPool-1-worker-2]&amp#27;[m &amp#27;[36mcom.tester.api.client.CartClient&amp#27;[m - &amp#27;[37mremove: status 404&amp#27;[m
]]></system-out>
  </testcase>
  <testcase name="deveRetornar400ParaProdutoDuplicadoNoMesmoPayload" classname="com.tester.api.tests.cart.CartApiTest" time="2.099">
    <system-out><![CDATA[17:52:16.224 &amp#27;[32mINFO &amp#27;[m &amp#27;[1;35m[ForkJoinPool-1-worker-2]&amp#27;[m &amp#27;[36mcom.tester.api.client.ProductsClient&amp#27;[m - &amp#27;[37mcreate: status 201&amp#27;[m
17:52:16.509 &amp#27;[32mINFO &amp#27;[m &amp#27;[1;35m[ForkJoinPool-1-worker-3]&amp#27;[m &amp#27;[36mcom.tester.api.client.UsersClient&amp#27;[m - &amp#27;[37mlogin: status 200&amp#27;[m
17:52:16.509 &amp#27;[32mINFO &amp#27;[m &amp#27;[1;35m[ForkJoinPool-1-worker-2]&amp#27;[m &amp#27;[36mcom.tester.api.client.CartClient&amp#27;[m - &amp#27;[37madd: status 400&amp#27;[m
17:52:16.591 &amp#27;[32mINFO &amp#27;[m &amp#27;[1;35m[ForkJoinPool-1-worker-2]&amp#27;[m &amp#27;[36mcom.tester.api.client.ProductsClient&amp#27;[m - &amp#27;[37mdelete: status 200&amp#27;[m
]]></system-out>
  </testcase>
  <testcase name="deveRetornar400AoRemoverItemComIdInvalidoString" classname="com.tester.api.tests.cart.CartApiTest" time="0.756">
    <system-out><![CDATA[17:52:17.314 &amp#27;[32mINFO &amp#27;[m &amp#27;[1;35m[ForkJoinPool-1-worker-2]&amp#27;[m &amp#27;[36mcom.tester.api.client.UsersClient&amp#27;[m - &amp#27;[37mlogin: status 200&amp#27;[m
17:52:17.349 &amp#27;[32mINFO &amp#27;[m &amp#27;[1;35m[ForkJoinPool-1-worker-2]&amp#27;[m &amp#27;[36mcom.tester.api.client.CartClient&amp#27;[m - &amp#27;[37mremoveStringId: status 400&amp#27;[m
]]></system-out>
  </testcase>
  <testcase name="deveRetornar401ComMensagemPadronizadaParaTokenAusenteNoPost" classname="com.tester.api.tests.cart.CartApiTest" time="0.032"/>
  <testcase name="deveRetornar403AoTentarAcessarCarrinhoDeOutroUsuario" classname="com.tester.api.tests.cart.CartApiTest" time="1.295">
    <system-out><![CDATA[17:52:18.622 &amp#27;[32mINFO &amp#27;[m &amp#27;[1;35m[ForkJoinPool-1-worker-2]&amp#27;[m &amp#27;[36mcom.tester.api.client.UsersClient&amp#27;[m - &amp#27;[37mlogin: status 200&amp#27;[m
17:52:18.680 &amp#27;[32mINFO &amp#27;[m &amp#27;[1;35m[ForkJoinPool-1-worker-2]&amp#27;[m &amp#27;[36mcom.tester.api.client.CartClient&amp#27;[m - &amp#27;[37mlist: status 403&amp#27;[m
]]></system-out>
  </testcase>
  <testcase name="deveRetornar400AoAdicionarProdutoComQuantidadeZero" classname="com.tester.api.tests.cart.CartApiTest" time="0.765">
    <system-out><![CDATA[17:52:19.337 &amp#27;[32mINFO &amp#27;[m &amp#27;[1;35m[ForkJoinPool-1-worker-3]&amp#27;[m &amp#27;[36mcom.tester.api.client.UsersClient&amp#27;[m - &amp#27;[37mregister: status 201&amp#27;[m
17:52:19.412 &amp#27;[32mINFO &amp#27;[m &amp#27;[1;35m[ForkJoinPool-1-worker-2]&amp#27;[m &amp#27;[36mcom.tester.api.client.UsersClient&amp#27;[m - &amp#27;[37mlogin: status 200&amp#27;[m
17:52:19.448 &amp#27;[32mINFO &amp#27;[m &amp#27;[1;35m[ForkJoinPool-1-worker-2]&amp#27;[m &amp#27;[36mcom.tester.api.client.CartClient&amp#27;[m - &amp#27;[37madd: status 400&amp#27;[m
]]></system-out>
  </testcase>
  <testcase name="deveAceitarLoteComMultiplosProdutosDiferentes" classname="com.tester.api.tests.cart.CartApiTest" time="1.864">
    <system-out><![CDATA[17:52:21.261 &amp#27;[32mINFO &amp#27;[m &amp#27;[1;35m[ForkJoinPool-1-worker-2]&amp#27;[m &amp#27;[36mcom.tester.api.client.ProductsClient&amp#27;[m - &amp#27;[37mdelete: status 200&amp#27;[m
17:52:21.318 &amp#27;[32mINFO &amp#27;[m &amp#27;[1;35m[ForkJoinPool-1-worker-2]&amp#27;[m &amp#27;[36mcom.tester.api.client.ProductsClient&amp#27;[m - &amp#27;[37mdelete: status 200&amp#27;[m
]]></system-out>
  </testcase>
  <testcase name="deveRetornar400AoAdicionarProdutoComQuantidadeNegativa" classname="com.tester.api.tests.cart.CartApiTest" time="0.695">
    <system-out><![CDATA[17:52:21.959 &amp#27;[32mINFO &amp#27;[m &amp#27;[1;35m[ForkJoinPool-1-worker-2]&amp#27;[m &amp#27;[36mcom.tester.api.client.UsersClient&amp#27;[m - &amp#27;[37mlogin: status 200&amp#27;[m
17:52:21.991 &amp#27;[32mINFO &amp#27;[m &amp#27;[1;35m[ForkJoinPool-1-worker-1]&amp#27;[m &amp#27;[36mcom.tester.api.client.UsersClient&amp#27;[m - &amp#27;[37mlogin: status 200&amp#27;[m
17:52:22.015 &amp#27;[32mINFO &amp#27;[m &amp#27;[1;35m[ForkJoinPool-1-worker-2]&amp#27;[m &amp#27;[36mcom.tester.api.client.CartClient&amp#27;[m - &amp#27;[37madd: status 400&amp#27;[m
]]></system-out>
  </testcase>
</testsuite>