<?xml version="1.0" encoding="UTF-8" ?>
<testsuites name="vitest tests" tests="171" failures="0" errors="0" time="50.0526832">
    <testsuite name="src/__tests__/App.test.jsx" timestamp="2026-04-23T13:39:28.942Z" hostname="PC-Gamer-Reinaldo" tests="7" failures="0" errors="0" skipped="0" time="2.1645245">
        <testcase classname="src/__tests__/App.test.jsx" name="App Component - Integration Behaviors &gt; renderiza navbar, rota inicial e atualiza search" time="0.5834674">
            <system-err>
MUI Grid: The `item` prop has been removed and is no longer necessary. You can safely remove it.

MUI Grid: The `xs` prop has been removed. See https://mui.com/material-ui/migration/upgrade-to-grid-v2/ for migration instructions.

MUI Grid: The `sm` prop has been removed. See https://mui.com/material-ui/migration/upgrade-to-grid-v2/ for migration instructions.

MUI Grid: The `md` prop has been removed. See https://mui.com/material-ui/migration/upgrade-to-grid-v2/ for migration instructions.


            </system-err>
        </testcase>
        <testcase classname="src/__tests__/App.test.jsx" name="App Component - Integration Behaviors &gt; adiciona item no carrinho e incrementa badge" time="0.2374202">
        </testcase>
        <testcase classname="src/__tests__/App.test.jsx" name="App Component - Integration Behaviors &gt; aplica filtro da subnav ao catálogo" time="0.8071298">
        </testcase>
        <testcase classname="src/__tests__/App.test.jsx" name="App Component - Integration Behaviors &gt; adiciona item existente e dispara toast de atualização de quantidade" time="0.1717565">
        </testcase>
        <testcase classname="src/__tests__/App.test.jsx" name="App Component - Integration Behaviors &gt; suporta carrinho com vários produtos distintos" time="0.1528291">
        </testcase>
        <testcase classname="src/__tests__/App.test.jsx" name="App Component - Integration Behaviors &gt; na rota /cart, atualiza e remove item via callbacks" time="0.1679731">
        </testcase>
        <testcase classname="src/__tests__/App.test.jsx" name="App Component - Integration Behaviors &gt; protege rota /thank-you e redireciona para login quando não autenticado" time="0.0393608">
        </testcase>
    </testsuite>
    <testsuite name="src/__tests__/validation.test.js" timestamp="2026-04-23T13:39:28.948Z" hostname="PC-Gamer-Reinaldo" tests="3" failures="0" errors="0" skipped="0" time="0.0049709">
        <testcase classname="src/__tests__/validation.test.js" name="Validation - Basic Vitest Functionality &gt; should pass a basic math test" time="0.0021581">
        </testcase>
        <testcase classname="src/__tests__/validation.test.js" name="Validation - Basic Vitest Functionality &gt; should pass a string test" time="0.0002859">
        </testcase>
        <testcase classname="src/__tests__/validation.test.js" name="Validation - Basic Vitest Functionality &gt; should pass when values are truthy" time="0.0003437">
        </testcase>
    </testsuite>
    <testsuite name="src/__tests__/components/Cart.test.jsx" timestamp="2026-04-23T13:39:28.949Z" hostname="PC-Gamer-Reinaldo" tests="10" failures="0" errors="0" skipped="0" time="0.843884">
        <testcase classname="src/__tests__/components/Cart.test.jsx" name="Cart Component &gt; TC_CART_001: renderiza estado vazio com CTA para catálogo" time="0.3272326">
        </testcase>
        <testcase classname="src/__tests__/components/Cart.test.jsx" name="Cart Component &gt; TC_CART_002: renderiza lista de itens quando carrinho tem produtos" time="0.075913">
        </testcase>
        <testcase classname="src/__tests__/components/Cart.test.jsx" name="Cart Component &gt; TC_CART_003: calcula subtotal e total corretamente" time="0.0276025">
        </testcase>
        <testcase classname="src/__tests__/components/Cart.test.jsx" name="Cart Component &gt; TC_CART_004: passa callbacks de update/remove para CartItem" time="0.0244898">
        </testcase>
        <testcase classname="src/__tests__/components/Cart.test.jsx" name="Cart Component &gt; TC_CART_005: passa cartItems e setCartItems para CheckoutButton" time="0.0351744">
        </testcase>
        <testcase classname="src/__tests__/components/Cart.test.jsx" name="Cart Component &gt; TC_CART_006: botão continuar comprando aponta para home" time="0.1216125">
        </testcase>
        <testcase classname="src/__tests__/components/Cart.test.jsx" name="Cart Component &gt; TC_CART_007: normaliza cartItems inválido para array vazio" time="0.0098918">
        </testcase>
        <testcase classname="src/__tests__/components/Cart.test.jsx" name="Cart Component &gt; TC_CART_008: renderiza título e resumo de pedido em carrinho preenchido" time="0.0280695">
        </testcase>
        <testcase classname="src/__tests__/components/Cart.test.jsx" name="Cart Component &gt; TC_CART_009: exibe contagem total de itens no resumo" time="0.019622">
        </testcase>
        <testcase classname="src/__tests__/components/Cart.test.jsx" name="Cart Component &gt; TC_CART_010: mantém render estável com interações básicas" time="0.1698089">
        </testcase>
    </testsuite>
    <testsuite name="src/__tests__/components/CartItem.test.jsx" timestamp="2026-04-23T13:39:28.951Z" hostname="PC-Gamer-Reinaldo" tests="8" failures="0" errors="0" skipped="0" time="0.4308802">
        <testcase classname="src/__tests__/components/CartItem.test.jsx" name="CartItem Component &gt; TC_CI_001: renderiza nome, preço unitário e total da linha" time="0.1525536">
        </testcase>
        <testcase classname="src/__tests__/components/CartItem.test.jsx" name="CartItem Component &gt; TC_CI_002: normaliza item inválido para valores seguros" time="0.0204365">
        </testcase>
        <testcase classname="src/__tests__/components/CartItem.test.jsx" name="CartItem Component &gt; TC_CI_003: chama onChange quando quantidade válida (&gt;0)" time="0.0218043">
        </testcase>
        <testcase classname="src/__tests__/components/CartItem.test.jsx" name="CartItem Component &gt; TC_CI_004: não chama onChange para quantidade inválida (&lt;=0)" time="0.0137801">
        </testcase>
        <testcase classname="src/__tests__/components/CartItem.test.jsx" name="CartItem Component &gt; TC_CI_005: prioriza onUpdateCart quando ambos callbacks de update existem" time="0.0128794">
        </testcase>
        <testcase classname="src/__tests__/components/CartItem.test.jsx" name="CartItem Component &gt; TC_CI_006: chama onRemove ao clicar no botão delete" time="0.1371453">
        </testcase>
        <testcase classname="src/__tests__/components/CartItem.test.jsx" name="CartItem Component &gt; TC_CI_007: prioriza onRemoveFromCart quando ambos callbacks de remoção existem" time="0.0351169">
        </testcase>
        <testcase classname="src/__tests__/components/CartItem.test.jsx" name="CartItem Component &gt; TC_CI_008: funciona sem callbacks explícitos (fallback noop)" time="0.0331322">
        </testcase>
    </testsuite>
    <testsuite name="src/__tests__/components/Catalog.test.jsx" timestamp="2026-04-23T13:39:28.952Z" hostname="PC-Gamer-Reinaldo" tests="9" failures="0" errors="0" skipped="0" time="1.2485161">
        <testcase classname="src/__tests__/components/Catalog.test.jsx" name="Catalog Component &gt; TC_CAT_001: exibe loader e depois renderiza produtos" time="0.3403091">
        </testcase>
        <testcase classname="src/__tests__/components/Catalog.test.jsx" name="Catalog Component &gt; TC_CAT_002: trata retorno não-array da API como lista vazia" time="0.0437463">
        </testcase>
        <testcase classname="src/__tests__/components/Catalog.test.jsx" name="Catalog Component &gt; TC_CAT_003: aplica filtro por busca textual" time="0.0475218">
        </testcase>
        <testcase classname="src/__tests__/components/Catalog.test.jsx" name="Catalog Component &gt; TC_CAT_004: altera categoria por clique de chip e mapeia subnav" time="0.5908485">
        </testcase>
        <testcase classname="src/__tests__/components/Catalog.test.jsx" name="Catalog Component &gt; TC_CAT_005: aplica filtro de subnav por categoria games/livros" time="0.0437015">
        </testcase>
        <testcase classname="src/__tests__/components/Catalog.test.jsx" name="Catalog Component &gt; TC_CAT_006: aplica lógica de ofertas do dia com desconto" time="0.0314914">
        </testcase>
        <testcase classname="src/__tests__/components/Catalog.test.jsx" name="Catalog Component &gt; TC_CAT_007: suporta filtros subnav alternativos (venda-amazon e chega-15-min)" time="0.0458243">
        </testcase>
        <testcase classname="src/__tests__/components/Catalog.test.jsx" name="Catalog Component &gt; TC_CAT_008: quando API falha, exibe fallback vazio" time="0.0219736">
        </testcase>
        <testcase classname="src/__tests__/components/Catalog.test.jsx" name="Catalog Component &gt; TC_CAT_009: atualiza busca via setSearch" time="0.0783122">
        </testcase>
    </testsuite>
    <testsuite name="src/__tests__/components/Checkout.test.jsx" timestamp="2026-04-23T13:39:28.954Z" hostname="PC-Gamer-Reinaldo" tests="11" failures="0" errors="0" skipped="0" time="0.8891956">
        <testcase classname="src/__tests__/components/Checkout.test.jsx" name="Checkout/CheckoutButton Component &gt; TC_CHK_001: botão inicia desabilitado com carrinho vazio" time="0.3102515">
        </testcase>
        <testcase classname="src/__tests__/components/Checkout.test.jsx" name="Checkout/CheckoutButton Component &gt; TC_CHK_002: usa LockIcon quando usuário não autenticado" time="0.0160511">
        </testcase>
        <testcase classname="src/__tests__/components/Checkout.test.jsx" name="Checkout/CheckoutButton Component &gt; TC_CHK_003: usa ShoppingCartCheckoutIcon quando autenticado por isLoggedIn" time="0.0427673">
        </testcase>
        <testcase classname="src/__tests__/components/Checkout.test.jsx" name="Checkout/CheckoutButton Component &gt; TC_CHK_004: usa fallback isAuthenticated quando isLoggedIn não existe" time="0.044682">
        </testcase>
        <testcase classname="src/__tests__/components/Checkout.test.jsx" name="Checkout/CheckoutButton Component &gt; TC_CHK_005: com carrinho vazio não permite checkout (permanece desabilitado)" time="0.0460704">
        </testcase>
        <testcase classname="src/__tests__/components/Checkout.test.jsx" name="Checkout/CheckoutButton Component &gt; TC_CHK_006: deslogado com itens redireciona para login com next" time="0.1316616">
        </testcase>
        <testcase classname="src/__tests__/components/Checkout.test.jsx" name="Checkout/CheckoutButton Component &gt; TC_CHK_007: logado com itens navega para /payments com state" time="0.0802384">
        </testcase>
        <testcase classname="src/__tests__/components/Checkout.test.jsx" name="Checkout/CheckoutButton Component &gt; TC_CHK_008: normaliza cartItems inválido e mantém desabilitado" time="0.0183006">
        </testcase>
        <testcase classname="src/__tests__/components/Checkout.test.jsx" name="Checkout/CheckoutButton Component &gt; TC_CHK_009: codifica pathname especial no parâmetro next" time="0.0541149">
        </testcase>
        <testcase classname="src/__tests__/components/Checkout.test.jsx" name="Checkout/CheckoutButton Component &gt; TC_CHK_010: não limpa carrinho no checkout, pois pagamento ocorre na próxima etapa" time="0.0777702">
        </testcase>
        <testcase classname="src/__tests__/components/Checkout.test.jsx" name="Checkout/CheckoutButton Component &gt; TC_CHK_011: exibe erro e não navega quando API de orders falha" time="0.0631378">
        </testcase>
    </testsuite>
    <testsuite name="src/__tests__/components/Footer.test.jsx" timestamp="2026-04-23T13:39:28.956Z" hostname="PC-Gamer-Reinaldo" tests="2" failures="0" errors="0" skipped="0" time="0.3081346">
        <testcase classname="src/__tests__/components/Footer.test.jsx" name="Footer &gt; renderiza links principais e bloco legal" time="0.2622667">
            <system-err>
MUI Grid: The `item` prop has been removed and is no longer necessary. You can safely remove it.

MUI Grid: The `xs` prop has been removed. See https://mui.com/material-ui/migration/upgrade-to-grid-v2/ for migration instructions.

MUI Grid: The `sm` prop has been removed. See https://mui.com/material-ui/migration/upgrade-to-grid-v2/ for migration instructions.

MUI Grid: The `md` prop has been removed. See https://mui.com/material-ui/migration/upgrade-to-grid-v2/ for migration instructions.


            </system-err>
        </testcase>
        <testcase classname="src/__tests__/components/Footer.test.jsx" name="Footer &gt; aciona scroll para o topo ao clicar em &quot;Voltar ao início&quot;" time="0.0416525">
        </testcase>
    </testsuite>
    <testsuite name="src/__tests__/components/Login.test.jsx" timestamp="2026-04-23T13:39:28.957Z" hostname="PC-Gamer-Reinaldo" tests="10" failures="0" errors="0" skipped="0" time="4.7565451">
        <testcase classname="src/__tests__/components/Login.test.jsx" name="Login Component &gt; TC_LOGIN_001: renderiza campos, botão de submit e link de registro" time="0.6904873">
        </testcase>
        <testcase classname="src/__tests__/components/Login.test.jsx" name="Login Component &gt; TC_LOGIN_002: valida campos obrigatórios e exibe alerta de erro" time="0.2359264">
        </testcase>
        <testcase classname="src/__tests__/components/Login.test.jsx" name="Login Component &gt; TC_LOGIN_003: alterna visibilidade da senha" time="0.2878351">
        </testcase>
        <testcase classname="src/__tests__/components/Login.test.jsx" name="Login Component &gt; TC_LOGIN_004: realiza login com sucesso, normaliza email e navega para ?next" time="0.6990461">
        </testcase>
        <testcase classname="src/__tests__/components/Login.test.jsx" name="Login Component &gt; TC_LOGIN_005: usa fallback de rota &quot;/minha-conta&quot; quando ?next não existe" time="0.5693557">
        </testcase>
        <testcase classname="src/__tests__/components/Login.test.jsx" name="Login Component &gt; TC_LOGIN_006: trata resposta sem token como erro de autenticação inválida" time="0.5412096">
        </testcase>
        <testcase classname="src/__tests__/components/Login.test.jsx" name="Login Component &gt; TC_LOGIN_007: usa mensagem fallback quando erro não possui message" time="0.5387904">
        </testcase>
        <testcase classname="src/__tests__/components/Login.test.jsx" name="Login Component &gt; TC_LOGIN_008: exibe estado de loading durante requisição e limpa no finally" time="0.5398733">
        </testcase>
        <testcase classname="src/__tests__/components/Login.test.jsx" name="Login Component &gt; TC_LOGIN_009: fecha alerta de erro pelo onClose do Alert" time="0.1397124">
        </testcase>
        <testcase classname="src/__tests__/components/Login.test.jsx" name="Login Component &gt; TC_LOGIN_010: aceita payload de login sem campo user (fallback para objeto raiz)" time="0.5103471">
        </testcase>
    </testsuite>
    <testsuite name="src/__tests__/components/PaymentsPage.test.jsx" timestamp="2026-04-23T13:39:28.959Z" hostname="PC-Gamer-Reinaldo" tests="10" failures="0" errors="0" skipped="0" time="2.8260095">
        <testcase classname="src/__tests__/components/PaymentsPage.test.jsx" name="PaymentsPage &gt; renderiza tela de pagamentos com resumo e métodos" time="0.4040775">
        </testcase>
        <testcase classname="src/__tests__/components/PaymentsPage.test.jsx" name="PaymentsPage &gt; habilita split payment e exibe campos adicionais" time="0.3974322">
        </testcase>
        <testcase classname="src/__tests__/components/PaymentsPage.test.jsx" name="PaymentsPage &gt; envia pagamento simples e navega para thank-you" time="0.3675589">
        </testcase>
        <testcase classname="src/__tests__/components/PaymentsPage.test.jsx" name="PaymentsPage &gt; mostra erro e não navega quando pagamento falha" time="0.2469477">
        </testcase>
        <testcase classname="src/__tests__/components/PaymentsPage.test.jsx" name="PaymentsPage &gt; gera boleto mockado e navega com dados do boleto" time="0.2180333">
        </testcase>
        <testcase classname="src/__tests__/components/PaymentsPage.test.jsx" name="PaymentsPage &gt; redireciona para carrinho quando não há pedido na navegação" time="0.004114">
        </testcase>
        <testcase classname="src/__tests__/components/PaymentsPage.test.jsx" name="PaymentsPage &gt; valida split com valor inválido e bloqueia envio" time="0.3779686">
        </testcase>
        <testcase classname="src/__tests__/components/PaymentsPage.test.jsx" name="PaymentsPage &gt; valida split com métodos iguais e bloqueia envio" time="0.4035401">
            <system-err>
MUI: You have provided an out-of-range value `pix` for the select component.
Consider providing a value that matches one of the available options or &apos;&apos;.
The available values are `credit`, `debit`, `boleto`.

            </system-err>
        </testcase>
        <testcase classname="src/__tests__/components/PaymentsPage.test.jsx" name="PaymentsPage &gt; interrompe fluxo quando segundo pagamento do split falha" time="0.2502859">
        </testcase>
        <testcase classname="src/__tests__/components/PaymentsPage.test.jsx" name="PaymentsPage &gt; captura exceção do backend e mostra fallback de erro" time="0.1523626">
        </testcase>
    </testsuite>
    <testsuite name="src/__tests__/components/Product.test.jsx" timestamp="2026-04-23T13:39:28.961Z" hostname="PC-Gamer-Reinaldo" tests="6" failures="0" errors="0" skipped="0" time="1.4366942">
        <testcase classname="src/__tests__/components/Product.test.jsx" name="Product Component (Card) &gt; TC_PROD_001: renderiza dados básicos do produto" time="0.5716259">
        </testcase>
        <testcase classname="src/__tests__/components/Product.test.jsx" name="Product Component (Card) &gt; TC_PROD_002: aplica fallback seguro para produto inválido" time="0.1217448">
        </testcase>
        <testcase classname="src/__tests__/components/Product.test.jsx" name="Product Component (Card) &gt; TC_PROD_003: exibe preço original e badge quando há desconto" time="0.0692392">
        </testcase>
        <testcase classname="src/__tests__/components/Product.test.jsx" name="Product Component (Card) &gt; TC_PROD_004: não exibe badge de desconto quando preço original é inválido" time="0.0401691">
        </testcase>
        <testcase classname="src/__tests__/components/Product.test.jsx" name="Product Component (Card) &gt; TC_PROD_005: altera quantidade e envia no add to cart" time="0.5228992">
        </testcase>
        <testcase classname="src/__tests__/components/Product.test.jsx" name="Product Component (Card) &gt; TC_PROD_006: navega para detalhe ao clicar na imagem e no título" time="0.1066624">
        </testcase>
    </testsuite>
    <testsuite name="src/__tests__/components/ProductDetails.test.jsx" timestamp="2026-04-23T13:39:28.962Z" hostname="PC-Gamer-Reinaldo" tests="6" failures="0" errors="0" skipped="0" time="1.1554777">
        <testcase classname="src/__tests__/components/ProductDetails.test.jsx" name="ProductDetails Component &gt; TC_PD_001: mostra estado de carregamento enquanto busca o produto" time="0.1504763">
        </testcase>
        <testcase classname="src/__tests__/components/ProductDetails.test.jsx" name="ProductDetails Component &gt; TC_PD_002: renderiza fallback de produto não encontrado e permite voltar" time="0.2819384">
        </testcase>
        <testcase classname="src/__tests__/components/ProductDetails.test.jsx" name="ProductDetails Component &gt; TC_PD_003: em erro de API, registra console.error e exibe tela de não encontrado" time="0.0144577">
        </testcase>
        <testcase classname="src/__tests__/components/ProductDetails.test.jsx" name="ProductDetails Component &gt; TC_PD_004: renderiza detalhes completos e chama addToCart com quantidade alterada" time="0.5365459">
        </testcase>
        <testcase classname="src/__tests__/components/ProductDetails.test.jsx" name="ProductDetails Component &gt; TC_PD_005: não renderiza linhas opcionais quando manufacturer/line/model não existem" time="0.0661758">
        </testcase>
        <testcase classname="src/__tests__/components/ProductDetails.test.jsx" name="ProductDetails Component &gt; TC_PD_006: busca novamente quando o id da rota muda" time="0.1014637">
        </testcase>
    </testsuite>
    <testsuite name="src/__tests__/components/Register.test.jsx" timestamp="2026-04-23T13:39:28.963Z" hostname="PC-Gamer-Reinaldo" tests="19" failures="0" errors="0" skipped="0" time="28.656818">
        <testcase classname="src/__tests__/components/Register.test.jsx" name="Register Component &gt; Register flows &gt; TC_REG_001: Renderiza step inicial com botão próximo e link de login" time="0.8006111">
            <system-err>
MUI Grid: The `item` prop has been removed and is no longer necessary. You can safely remove it.

MUI Grid: The `xs` prop has been removed. See https://mui.com/material-ui/migration/upgrade-to-grid-v2/ for migration instructions.

MUI Grid: The `sm` prop has been removed. See https://mui.com/material-ui/migration/upgrade-to-grid-v2/ for migration instructions.


            </system-err>
        </testcase>
        <testcase classname="src/__tests__/components/Register.test.jsx" name="Register Component &gt; Register flows &gt; TC_REG_002: Mostra erros obrigatórios ao avançar sem preencher" time="0.288606">
        </testcase>
        <testcase classname="src/__tests__/components/Register.test.jsx" name="Register Component &gt; Register flows &gt; TC_REG_003: Alterna para PJ e exibe campos de Razão Social/CNPJ" time="0.279424">
        </testcase>
        <testcase classname="src/__tests__/components/Register.test.jsx" name="Register Component &gt; Register flows &gt; TC_REG_004: Avança para step 1 quando dados PF são válidos" time="2.1315727">
        </testcase>
        <testcase classname="src/__tests__/components/Register.test.jsx" name="Register Component &gt; Register flows &gt; TC_REG_005: Bloqueia avanço com CPF inválido" time="1.8066493">
        </testcase>
        <testcase classname="src/__tests__/components/Register.test.jsx" name="Register Component &gt; Register flows &gt; TC_REG_006: Exibe força da senha dinamicamente" time="0.4074225">
        </testcase>
        <testcase classname="src/__tests__/components/Register.test.jsx" name="Register Component &gt; Register flows &gt; TC_REG_007: Auto-preenche endereço via CEP" time="2.0355485">
        </testcase>
        <testcase classname="src/__tests__/components/Register.test.jsx" name="Register Component &gt; Register flows &gt; TC_REG_008: Submete com sucesso e chama registerUser com payload normalizado" time="2.2190743">
        </testcase>
        <testcase classname="src/__tests__/components/Register.test.jsx" name="Register Component &gt; Register flows &gt; TC_REG_009: Mostra toast de erro quando registerUser falha" time="2.2866986">
        </testcase>
        <testcase classname="src/__tests__/components/Register.test.jsx" name="Register Component &gt; Register flows &gt; TC_REG_010: No step 1, voltar retorna para step 0" time="1.9455277">
        </testcase>
        <testcase classname="src/__tests__/components/Register.test.jsx" name="Register Component &gt; Register flows &gt; TC_REG_011: Em PJ, bloqueia avanço sem Razão Social/CNPJ válidos" time="1.971402">
        </testcase>
        <testcase classname="src/__tests__/components/Register.test.jsx" name="Register Component &gt; Register flows &gt; TC_REG_012: CEP não encontrado exibe erro específico" time="1.9527608">
        </testcase>
        <testcase classname="src/__tests__/components/Register.test.jsx" name="Register Component &gt; Register flows &gt; TC_REG_013: Falha de rede no CEP exibe erro genérico" time="1.9564782">
        </testcase>
        <testcase classname="src/__tests__/components/Register.test.jsx" name="Register Component &gt; Register flows &gt; TC_REG_014: Exige campos obrigatórios do step 1 no submit" time="1.8515506">
        </testcase>
        <testcase classname="src/__tests__/components/Register.test.jsx" name="Register Component &gt; Register flows &gt; TC_REG_015: Sucesso no cadastro navega para home após timeout" time="2.3024663">
        </testcase>
        <testcase classname="src/__tests__/components/Register.test.jsx" name="Register Component &gt; Register flows &gt; TC_REG_016: Erro de submit sem message usa fallback padrão" time="2.2284721">
        </testcase>
        <testcase classname="src/__tests__/components/Register.test.jsx" name="Register Component &gt; Register flows &gt; TC_REG_017: Upload de comprovante exibe nome do arquivo selecionado" time="1.8468062">
        </testcase>
        <testcase classname="src/__tests__/components/Register.test.jsx" name="Register Component &gt; Register flows &gt; TC_REG_018: Link &quot;Fazer login&quot; chama navigate para /login" time="0.1070965">
        </testcase>
        <testcase classname="src/__tests__/components/Register.test.jsx" name="Register Component &gt; Register flows &gt; TC_REG_019: Toggles de senha/confirmar alternam tipo do input" time="0.2343564">
        </testcase>
    </testsuite>
    <testsuite name="src/__tests__/components/ThankYouPage.test.jsx" timestamp="2026-04-23T13:39:28.966Z" hostname="PC-Gamer-Reinaldo" tests="5" failures="0" errors="0" skipped="0" time="1.0580025">
        <testcase classname="src/__tests__/components/ThankYouPage.test.jsx" name="ThankYouPage Component &gt; TC_TY_001: renderiza resumo de pedido e total calculado" time="0.2639052">
        </testcase>
        <testcase classname="src/__tests__/components/ThankYouPage.test.jsx" name="ThankYouPage Component &gt; TC_TY_002: renderiza blocos PIX e boleto com metadados" time="0.0828476">
        </testcase>
        <testcase classname="src/__tests__/components/ThankYouPage.test.jsx" name="ThankYouPage Component &gt; TC_TY_003: copia linha do boleto e código PIX" time="0.5892222">
        </testcase>
        <testcase classname="src/__tests__/components/ThankYouPage.test.jsx" name="ThankYouPage Component &gt; TC_TY_004: botão voltar ao catálogo dispara navegação" time="0.11319">
        </testcase>
        <testcase classname="src/__tests__/components/ThankYouPage.test.jsx" name="ThankYouPage Component &gt; TC_TY_005: funciona sem itens/pagamentos extras" time="0.005489">
        </testcase>
    </testsuite>
    <testsuite name="src/__tests__/contexts/AuthContext.test.jsx" timestamp="2026-04-23T13:39:28.967Z" hostname="PC-Gamer-Reinaldo" tests="6" failures="0" errors="0" skipped="0" time="0.0568138">
        <testcase classname="src/__tests__/contexts/AuthContext.test.jsx" name="AuthContext &gt; TC_AUTH_001: lança erro quando useAuth é usado fora do provider" time="0.0308993">
            <system-err>
The above error occurred in the &lt;TestComponent&gt; component:

    at TestComponent (D:\github-projects\tester.com\web\node_modules\@testing-library\react\dist\pure.js:328:5)

Consider adding an error boundary to your tree to customize error handling behavior.
Visit https://reactjs.org/link/error-boundaries to learn more about error boundaries.

            </system-err>
        </testcase>
        <testcase classname="src/__tests__/contexts/AuthContext.test.jsx" name="AuthContext &gt; TC_AUTH_002: inicia deslogado sem dados persistidos" time="0.0057706">
        </testcase>
        <testcase classname="src/__tests__/contexts/AuthContext.test.jsx" name="AuthContext &gt; TC_AUTH_003: restaura sessão válida do localStorage no mount" time="0.0084865">
        </testcase>
        <testcase classname="src/__tests__/contexts/AuthContext.test.jsx" name="AuthContext &gt; TC_AUTH_004: limpa storage quando auth_user está corrompido" time="0.0027343">
        </testcase>
        <testcase classname="src/__tests__/contexts/AuthContext.test.jsx" name="AuthContext &gt; TC_AUTH_005: login persiste usuário/token e atualiza estado" time="0.0025268">
        </testcase>
        <testcase classname="src/__tests__/contexts/AuthContext.test.jsx" name="AuthContext &gt; TC_AUTH_006: logout remove sessão de estado e storage" time="0.0025873">
        </testcase>
    </testsuite>
    <testsuite name="src/__tests__/contexts/DatabaseContext.test.jsx" timestamp="2026-04-23T13:39:28.969Z" hostname="PC-Gamer-Reinaldo" tests="4" failures="0" errors="0" skipped="0" time="0.1090485">
        <testcase classname="src/__tests__/contexts/DatabaseContext.test.jsx" name="DatabaseContext &gt; TC_DB_001: useDatabase fora do provider retorna contexto padrão" time="0.0190042">
        </testcase>
        <testcase classname="src/__tests__/contexts/DatabaseContext.test.jsx" name="DatabaseContext &gt; TC_DB_002: exibe loading enquanto inicialização não conclui" time="0.0327683">
        </testcase>
        <testcase classname="src/__tests__/contexts/DatabaseContext.test.jsx" name="DatabaseContext &gt; TC_DB_003: em sucesso, renderiza children e ready=true no contexto" time="0.0226119">
        </testcase>
        <testcase classname="src/__tests__/contexts/DatabaseContext.test.jsx" name="DatabaseContext &gt; TC_DB_004: em falha, mostra fallback de erro e registra console.error" time="0.0309737">
        </testcase>
    </testsuite>
    <testsuite name="src/__tests__/contexts/LanguageContext.test.jsx" timestamp="2026-04-23T13:39:28.969Z" hostname="PC-Gamer-Reinaldo" tests="6" failures="0" errors="0" skipped="0" time="0.0539152">
        <testcase classname="src/__tests__/contexts/LanguageContext.test.jsx" name="LanguageContext &gt; TC_LANG_001: lança erro quando useLanguage é chamado fora do provider" time="0.0301139">
            <system-err>
The above error occurred in the &lt;TestComponent&gt; component:

    at TestComponent (D:\github-projects\tester.com\web\node_modules\@testing-library\react\dist\pure.js:328:5)

Consider adding an error boundary to your tree to customize error handling behavior.
Visit https://reactjs.org/link/error-boundaries to learn more about error boundaries.

            </system-err>
        </testcase>
        <testcase classname="src/__tests__/contexts/LanguageContext.test.jsx" name="LanguageContext &gt; TC_LANG_002: inicia em pt por padrão e traduz chave conhecida" time="0.0057933">
        </testcase>
        <testcase classname="src/__tests__/contexts/LanguageContext.test.jsx" name="LanguageContext &gt; TC_LANG_003: restaura idioma salvo no localStorage ao montar" time="0.0065677">
        </testcase>
        <testcase classname="src/__tests__/contexts/LanguageContext.test.jsx" name="LanguageContext &gt; TC_LANG_004: toggleLanguage alterna idioma e persiste em localStorage" time="0.003378">
        </testcase>
        <testcase classname="src/__tests__/contexts/LanguageContext.test.jsx" name="LanguageContext &gt; TC_LANG_005: setAppLanguage troca para idioma válido e ignora inválido" time="0.0025012">
        </testcase>
        <testcase classname="src/__tests__/contexts/LanguageContext.test.jsx" name="LanguageContext &gt; TC_LANG_006: t faz interpolação e fallback para a própria chave" time="0.0016409">
        </testcase>
    </testsuite>
    <testsuite name="src/__tests__/db/api.test.js" timestamp="2026-04-23T13:39:28.971Z" hostname="PC-Gamer-Reinaldo" tests="19" failures="0" errors="0" skipped="0" time="0.0232608">
        <testcase classname="src/__tests__/db/api.test.js" name="db/api.js &gt; getProducts chama endpoint padrão" time="0.0068709">
        </testcase>
        <testcase classname="src/__tests__/db/api.test.js" name="db/api.js &gt; getProducts com categoria aplica querystring codificada" time="0.0010534">
        </testcase>
        <testcase classname="src/__tests__/db/api.test.js" name="db/api.js &gt; getProductById chama endpoint por id" time="0.0007218">
        </testcase>
        <testcase classname="src/__tests__/db/api.test.js" name="db/api.js &gt; registerUser envia POST sem Authorization mesmo com token" time="0.0011022">
        </testcase>
        <testcase classname="src/__tests__/db/api.test.js" name="db/api.js &gt; loginUser e getUserByEmail fazem POST correto" time="0.0008413">
        </testcase>
        <testcase classname="src/__tests__/db/api.test.js" name="db/api.js &gt; getCartItems inclui Authorization quando token existe" time="0.0005271">
        </testcase>
        <testcase classname="src/__tests__/db/api.test.js" name="db/api.js &gt; upsertCartItem e removeCartItem chamam endpoints de carrinho" time="0.0007144">
        </testcase>
        <testcase classname="src/__tests__/db/api.test.js" name="db/api.js &gt; deleteProductByIdAdmin chama DELETE /api/products/:id" time="0.0007573">
        </testcase>
        <testcase classname="src/__tests__/db/api.test.js" name="db/api.js &gt; getUsersAdmin serializa query params válidos" time="0.0008314">
        </testcase>
        <testcase classname="src/__tests__/db/api.test.js" name="db/api.js &gt; deleteUserByIdAdmin chama DELETE /api/users/:id" time="0.000684">
        </testcase>
        <testcase classname="src/__tests__/db/api.test.js" name="db/api.js &gt; getUsersAdmin sem parâmetros não adiciona querystring" time="0.0004658">
        </testcase>
        <testcase classname="src/__tests__/db/api.test.js" name="db/api.js &gt; getMe e updateMyAddress chamam endpoints de conta autenticados" time="0.0007676">
        </testcase>
        <testcase classname="src/__tests__/db/api.test.js" name="db/api.js &gt; createOrder envia payload completo e idempotency key no header" time="0.0006067">
        </testcase>
        <testcase classname="src/__tests__/db/api.test.js" name="db/api.js &gt; getOrders e getOrderById serializam consulta e id corretamente" time="0.0004963">
        </testcase>
        <testcase classname="src/__tests__/db/api.test.js" name="db/api.js &gt; createOrderPayment e getOrderPaymentStatus usam rotas de pagamento" time="0.0005248">
        </testcase>
        <testcase classname="src/__tests__/db/api.test.js" name="db/api.js &gt; helpers getMyOrders/getMyOrderById delegam para endpoints de orders" time="0.0005802">
        </testcase>
        <testcase classname="src/__tests__/db/api.test.js" name="db/api.js &gt; lança erro com mensagem de API quando res.ok = false" time="0.0020887">
        </testcase>
        <testcase classname="src/__tests__/db/api.test.js" name="db/api.js &gt; quando JSON falha em erro de resposta, usa fallback HTTP status" time="0.0005346">
        </testcase>
        <testcase classname="src/__tests__/db/api.test.js" name="db/api.js &gt; em 401 remove auth_user/auth_token do localStorage" time="0.0007007">
        </testcase>
    </testsuite>
    <testsuite name="src/__tests__/components/account/AccountPages.test.jsx" timestamp="2026-04-23T13:39:28.974Z" hostname="PC-Gamer-Reinaldo" tests="15" failures="0" errors="0" skipped="0" time="1.5311824">
        <testcase classname="src/__tests__/components/account/AccountPages.test.jsx" name="Account pages &gt; renderiza cards principais no AccountHome" time="0.1172912">
        </testcase>
        <testcase classname="src/__tests__/components/account/AccountPages.test.jsx" name="Account pages &gt; carrega perfil do usuário na tela de dados" time="0.0463569">
        </testcase>
        <testcase classname="src/__tests__/components/account/AccountPages.test.jsx" name="Account pages &gt; edita endereço e envia atualização" time="0.8300014">
        </testcase>
        <testcase classname="src/__tests__/components/account/AccountPages.test.jsx" name="Account pages &gt; exibe erro quando falha ao salvar endereço" time="0.1680444">
        </testcase>
        <testcase classname="src/__tests__/components/account/AccountPages.test.jsx" name="Account pages &gt; aplica fallback para campos vazios quando dados de endereço não existem" time="0.0469277">
        </testcase>
        <testcase classname="src/__tests__/components/account/AccountPages.test.jsx" name="Account pages &gt; usa mensagem fallback ao falhar carregamento de endereço sem message" time="0.0158502">
        </testcase>
        <testcase classname="src/__tests__/components/account/AccountPages.test.jsx" name="Account pages &gt; usa mensagem fallback ao falhar atualização sem message" time="0.1556903">
        </testcase>
        <testcase classname="src/__tests__/components/account/AccountPages.test.jsx" name="Account pages &gt; lista pedidos na tela de pedidos" time="0.0462107">
        </testcase>
        <testcase classname="src/__tests__/components/account/AccountPages.test.jsx" name="Account pages &gt; exibe estado vazio quando usuário não possui pedidos" time="0.0162726">
        </testcase>
        <testcase classname="src/__tests__/components/account/AccountPages.test.jsx" name="Account pages &gt; exibe erro ao falhar carregamento de pedidos" time="0.0154289">
        </testcase>
        <testcase classname="src/__tests__/components/account/AccountPages.test.jsx" name="Account pages &gt; exibe detalhe do pedido e itens" time="0.0148978">
        </testcase>
        <testcase classname="src/__tests__/components/account/AccountPages.test.jsx" name="Account pages &gt; exibe alerta quando detalhe do pedido retorna nulo" time="0.0161311">
        </testcase>
        <testcase classname="src/__tests__/components/account/AccountPages.test.jsx" name="Account pages &gt; exibe erro ao falhar carregamento do detalhe do pedido" time="0.0037043">
        </testcase>
        <testcase classname="src/__tests__/components/account/AccountPages.test.jsx" name="Account pages &gt; exibe erro quando falha ao carregar perfil do usuário" time="0.0118979">
        </testcase>
        <testcase classname="src/__tests__/components/account/AccountPages.test.jsx" name="Account pages &gt; renderiza layout com menu da conta" time="0.0219154">
        </testcase>
    </testsuite>
    <testsuite name="src/__tests__/components/admin/AdminProductsPage.test.jsx" timestamp="2026-04-23T13:39:28.977Z" hostname="PC-Gamer-Reinaldo" tests="5" failures="0" errors="0" skipped="0" time="0.9007967">
        <testcase classname="src/__tests__/components/admin/AdminProductsPage.test.jsx" name="AdminProductsPage &gt; carrega e renderiza produtos em ordem alfabética" time="0.5068521">
        </testcase>
        <testcase classname="src/__tests__/components/admin/AdminProductsPage.test.jsx" name="AdminProductsPage &gt; não exclui produto quando confirmação é cancelada" time="0.149023">
        </testcase>
        <testcase classname="src/__tests__/components/admin/AdminProductsPage.test.jsx" name="AdminProductsPage &gt; exclui produto com sucesso e remove da lista" time="0.1087049">
        </testcase>
        <testcase classname="src/__tests__/components/admin/AdminProductsPage.test.jsx" name="AdminProductsPage &gt; exibe toast de erro quando exclusão falha" time="0.1126775">
        </testcase>
        <testcase classname="src/__tests__/components/admin/AdminProductsPage.test.jsx" name="AdminProductsPage &gt; exibe alerta quando falha ao carregar produtos" time="0.0192932">
        </testcase>
    </testsuite>
    <testsuite name="src/__tests__/components/admin/AdminRoutes.test.jsx" timestamp="2026-04-23T13:39:28.978Z" hostname="PC-Gamer-Reinaldo" tests="2" failures="0" errors="0" skipped="0" time="0.5723794">
        <testcase classname="src/__tests__/components/admin/AdminRoutes.test.jsx" name="Admin routes access control &gt; redireciona usuário não-admin de /minha-conta/admin para home da conta" time="0.4331023">
            <system-err>
MUI Grid: The `item` prop has been removed and is no longer necessary. You can safely remove it.

MUI Grid: The `xs` prop has been removed. See https://mui.com/material-ui/migration/upgrade-to-grid-v2/ for migration instructions.

MUI Grid: The `sm` prop has been removed. See https://mui.com/material-ui/migration/upgrade-to-grid-v2/ for migration instructions.

MUI Grid: The `md` prop has been removed. See https://mui.com/material-ui/migration/upgrade-to-grid-v2/ for migration instructions.


            </system-err>
        </testcase>
        <testcase classname="src/__tests__/components/admin/AdminRoutes.test.jsx" name="Admin routes access control &gt; permite acesso admin em /minha-conta/admin" time="0.1350488">
        </testcase>
    </testsuite>
    <testsuite name="src/__tests__/components/admin/AdminUsersPage.test.jsx" timestamp="2026-04-23T13:39:28.979Z" hostname="PC-Gamer-Reinaldo" tests="5" failures="0" errors="0" skipped="0" time="0.7288227">
        <testcase classname="src/__tests__/components/admin/AdminUsersPage.test.jsx" name="AdminUsersPage &gt; carrega usuários com paginação e ordena por id" time="0.2497778">
        </testcase>
        <testcase classname="src/__tests__/components/admin/AdminUsersPage.test.jsx" name="AdminUsersPage &gt; marca usuário logado como não removível" time="0.175718">
        </testcase>
        <testcase classname="src/__tests__/components/admin/AdminUsersPage.test.jsx" name="AdminUsersPage &gt; exclui usuário com sucesso após confirmação" time="0.1601004">
        </testcase>
        <testcase classname="src/__tests__/components/admin/AdminUsersPage.test.jsx" name="AdminUsersPage &gt; não exclui usuário quando confirmação é negada" time="0.1075661">
        </testcase>
        <testcase classname="src/__tests__/components/admin/AdminUsersPage.test.jsx" name="AdminUsersPage &gt; exibe erro quando carregamento inicial falha" time="0.0294064">
        </testcase>
    </testsuite>
    <testsuite name="src/__tests__/components/payment/CardBrandChips.test.jsx" timestamp="2026-04-23T13:39:28.980Z" hostname="PC-Gamer-Reinaldo" tests="3" failures="0" errors="0" skipped="0" time="0.2968108">
        <testcase classname="src/__tests__/components/payment/CardBrandChips.test.jsx" name="CardBrandChips &gt; não renderiza quando visible=false" time="0.0217291">
        </testcase>
        <testcase classname="src/__tests__/components/payment/CardBrandChips.test.jsx" name="CardBrandChips &gt; renderiza lista de bandeiras e marca ativa" time="0.238264">
        </testcase>
        <testcase classname="src/__tests__/components/payment/CardBrandChips.test.jsx" name="CardBrandChips &gt; exibe fallback textual quando logo falha ao carregar" time="0.0321032">
        </testcase>
    </testsuite>
</testsuites>
