<?xml version="1.0" encoding="UTF-8" ?>
<testsuites name="vitest tests" tests="171" failures="1" errors="0" time="62.4453468">
    <testsuite name="src/__tests__/App.test.jsx" timestamp="2026-04-19T19:13:10.054Z" hostname="PC-Gamer-Reinaldo" tests="7" failures="0" errors="0" skipped="0" time="2.7867688">
        <testcase classname="src/__tests__/App.test.jsx" name="App Component - Integration Behaviors &gt; renderiza navbar, rota inicial e atualiza search" time="0.7236676">
            <system-err>
MUI Grid: The `item` prop has been removed and is no longer necessary. You can safely remove it.

MUI Grid: The `xs` prop has been removed. See https://mui.com/material-ui/migration/upgrade-to-grid-v2/ for migration instructions.

MUI Grid: The `sm` prop has been removed. See https://mui.com/material-ui/migration/upgrade-to-grid-v2/ for migration instructions.

MUI Grid: The `md` prop has been removed. See https://mui.com/material-ui/migration/upgrade-to-grid-v2/ for migration instructions.


            </system-err>
        </testcase>
        <testcase classname="src/__tests__/App.test.jsx" name="App Component - Integration Behaviors &gt; adiciona item no carrinho e incrementa badge" time="0.2363454">
        </testcase>
        <testcase classname="src/__tests__/App.test.jsx" name="App Component - Integration Behaviors &gt; aplica filtro da subnav ao catálogo" time="1.1416181">
        </testcase>
        <testcase classname="src/__tests__/App.test.jsx" name="App Component - Integration Behaviors &gt; adiciona item existente e dispara toast de atualização de quantidade" time="0.2284812">
        </testcase>
        <testcase classname="src/__tests__/App.test.jsx" name="App Component - Integration Behaviors &gt; suporta carrinho com vários produtos distintos" time="0.2013">
        </testcase>
        <testcase classname="src/__tests__/App.test.jsx" name="App Component - Integration Behaviors &gt; na rota /cart, atualiza e remove item via callbacks" time="0.2000444">
        </testcase>
        <testcase classname="src/__tests__/App.test.jsx" name="App Component - Integration Behaviors &gt; protege rota /thank-you e redireciona para login quando não autenticado" time="0.0506433">
        </testcase>
    </testsuite>
    <testsuite name="src/__tests__/validation.test.js" timestamp="2026-04-19T19:13:10.058Z" hostname="PC-Gamer-Reinaldo" tests="3" failures="0" errors="0" skipped="0" time="0.0038922">
        <testcase classname="src/__tests__/validation.test.js" name="Validation - Basic Vitest Functionality &gt; should pass a basic math test" time="0.0018341">
        </testcase>
        <testcase classname="src/__tests__/validation.test.js" name="Validation - Basic Vitest Functionality &gt; should pass a string test" time="0.0002054">
        </testcase>
        <testcase classname="src/__tests__/validation.test.js" name="Validation - Basic Vitest Functionality &gt; should pass when values are truthy" time="0.0001846">
        </testcase>
    </testsuite>
    <testsuite name="src/__tests__/components/Cart.test.jsx" timestamp="2026-04-19T19:13:10.059Z" hostname="PC-Gamer-Reinaldo" tests="10" failures="1" errors="0" skipped="0" time="0.9949188">
        <testcase classname="src/__tests__/components/Cart.test.jsx" name="Cart Component &gt; TC_CART_001: renderiza estado vazio com CTA para catálogo" time="0.3851462">
        </testcase>
        <testcase classname="src/__tests__/components/Cart.test.jsx" name="Cart Component &gt; TC_CART_002: renderiza lista de itens quando carrinho tem produtos" time="0.107523">
        </testcase>
        <testcase classname="src/__tests__/components/Cart.test.jsx" name="Cart Component &gt; TC_CART_003: calcula subtotal e total corretamente" time="0.0535195">
        </testcase>
        <testcase classname="src/__tests__/components/Cart.test.jsx" name="Cart Component &gt; TC_CART_004: passa callbacks de update/remove para CartItem" time="0.0398774">
        </testcase>
        <testcase classname="src/__tests__/components/Cart.test.jsx" name="Cart Component &gt; TC_CART_005: passa cartItems e setCartItems para CheckoutButton" time="0.0336109">
        </testcase>
        <testcase classname="src/__tests__/components/Cart.test.jsx" name="Cart Component &gt; TC_CART_006: botão continuar comprando aponta para home" time="0.1227977">
        </testcase>
        <testcase classname="src/__tests__/components/Cart.test.jsx" name="Cart Component &gt; TC_CART_007: normaliza cartItems inválido para array vazio" time="0.0067611">
        </testcase>
        <testcase classname="src/__tests__/components/Cart.test.jsx" name="Cart Component &gt; TC_CART_008: renderiza título e resumo de pedido em carrinho preenchido" time="0.0289767">
        </testcase>
        <testcase classname="src/__tests__/components/Cart.test.jsx" name="Cart Component &gt; TC_CART_009: exibe contagem total de itens no resumo" time="0.0372233">
            <failure message="Unable to find an element with the text: cart.items. This could be because the text is broken up by multiple elements. In this case, you can provide a function for your text matcher to make your matcher more flexible.

Ignored nodes: comments, script, style
[36m&lt;body&gt;[39m
  [36m&lt;div&gt;[39m
    [36m&lt;div[39m
      [33mclass[39m=[32m&quot;MuiContainer-root MuiContainer-maxWidthXl css-ls4no5-MuiContainer-root&quot;[39m
    [36m&gt;[39m
      [36m&lt;div[39m
        [33mclass[39m=[32m&quot;MuiBox-root css-16ng4q6&quot;[39m
        [33mdata-element-id[39m=[32m&quot;cart-content-wrapper&quot;[39m
        [33mid[39m=[32m&quot;cart-content-wrapper&quot;[39m
      [36m&gt;[39m
        [36m&lt;div[39m
          [33mclass[39m=[32m&quot;MuiBox-root css-1de2iig&quot;[39m
          [33mid[39m=[32m&quot;cart-item-list-wrapper&quot;[39m
        [36m&gt;[39m
          [36m&lt;div[39m
            [33mclass[39m=[32m&quot;MuiPaper-root MuiPaper-elevation MuiPaper-rounded MuiPaper-elevation0 css-12bszqu-MuiPaper-root&quot;[39m
            [33mstyle[39m=[32m&quot;--Paper-shadow: none;&quot;[39m
          [36m&gt;[39m
            [36m&lt;div[39m
              [33mclass[39m=[32m&quot;MuiBox-root css-ir4u9n&quot;[39m
            [36m&gt;[39m
              [36m&lt;h1[39m
                [33mclass[39m=[32m&quot;MuiTypography-root MuiTypography-h4 css-xujyo5-MuiTypography-root&quot;[39m
                [33mdata-element-id[39m=[32m&quot;cart-title&quot;[39m
              [36m&gt;[39m
                [0mcart.title[0m
              [36m&lt;/h1&gt;[39m
              [36m&lt;p[39m
                [33mclass[39m=[32m&quot;MuiTypography-root MuiTypography-body2 css-1wle3ir-MuiTypography-root&quot;[39m
              [36m&gt;[39m
                [0mPrice[0m
              [36m&lt;/p&gt;[39m
            [36m&lt;/div&gt;[39m
            [36m&lt;a[39m
              [33mclass[39m=[32m&quot;MuiButtonBase-root MuiButton-root MuiButton-text MuiButton-textSecondary MuiButton-sizeMedium MuiButton-textSizeMedium MuiButton-colorSecondary MuiButton-root MuiButton-text MuiButton-textSecondary MuiButton-sizeMedium MuiButton-textSizeMedium MuiButton-colorSecondary css-d62wyw-MuiButtonBase-root-MuiButton-root&quot;[39m
              [33mhref[39m=[32m&quot;/&quot;[39m
              [33mtabindex[39m=[32m&quot;0&quot;[39m
            [36m&gt;[39m
              [36m&lt;span[39m
                [33mclass[39m=[32m&quot;MuiButton-icon MuiButton-startIcon MuiButton-iconSizeMedium css-1sh91j5-MuiButton-startIcon&quot;[39m
              [36m&gt;[39m
                [36m&lt;svg[39m
                  [33maria-hidden[39m=[32m&quot;true&quot;[39m
                  [33mclass[39m=[32m&quot;MuiSvgIcon-root MuiSvgIcon-fontSizeMedium css-1umw9bq-MuiSvgIcon-root&quot;[39m
                  [33mdata-testid[39m=[32m&quot;ArrowBackIcon&quot;[39m
                  [33mfocusable[39m=[32m&quot;false&quot;[39m
                  [33mviewBox[39m=[32m&quot;0 0 24 24&quot;[39m
                [36m&gt;[39m
                  [36m&lt;path[39m
                    [33md[39m=[32m&quot;M20 11H7.83l5.59-5.59L12 4l-8 8 8 8 1.41-1.41L7.83 13H20z&quot;[39m
                  [36m/&gt;[39m
                [36m&lt;/svg&gt;[39m
              [36m&lt;/span&gt;[39m
              [0mcart.continue_shopping[0m
            [36m&lt;/a&gt;[39m
            [36m&lt;hr[39m
              [33mclass[39m=[32m&quot;MuiDivider-root MuiDivider-fullWidth css-17fdorh-MuiDivider-root&quot;[39m
            [36m/&gt;[39m
            [36m&lt;ul[39m
              [33mclass[39m=[32m&quot;MuiList-root css-54zhjy-MuiList-root&quot;[39m
            [36m&gt;[39m
              [36m&lt;li[39m
                [33mdata-testid[39m=[32m&quot;cart-item-1&quot;[39m
              [36m&gt;[39m
                [0mProduto A[0m
              [36m&lt;/li&gt;[39m
              [36m&lt;hr[39m
                [33mclass[39m=[32m&quot;MuiDivider-root MuiDivider-fullWidth css-4lgu9m-MuiDivider-root&quot;[39m
              [36m/&gt;[39m
              [36m&lt;li[39m
                [33mdata-testid[39m=[32m&quot;cart-item-2&quot;[39m
              [36m&gt;[39m
                [0mProduto B[0m
              [36m&lt;/li&gt;[39m
            [36m&lt;/ul&gt;[39m
            [36m&lt;hr[39m
              [33mclass[39m=[32m&quot;MuiDivider-root MuiDivider-fullWidth css-4lgu9m-MuiDivider-root&quot;[39m
            [36m/&gt;[39m
            [36m&lt;div[39m
              [33mclass[39m=[32m&quot;MuiBox-root css-1bvc4cc&quot;[39m
            [36m&gt;[39m
              [36m&lt;h6[39m
                [33mclass[39m=[32m&quot;MuiTypography-root MuiTypography-h6 css-1ohxuoi-MuiTypography-root&quot;[39m
                [33mdata-element-id[39m=[32m&quot;cart-order-total&quot;[39m
                [33mid[39m=[32m&quot;cart-order-total&quot;[39m
              [36m&gt;[39m
                [0mSubtotal ([0m
                [0m3[0m
                [0m items): [0m
                [36m&lt;span[39m
                  [33mclass[39m=[32m&quot;MuiBox-root css-1vg6q84&quot;[39m
                [36m&gt;[39m
                  [0mR$ [0m
                  [0m25.00[0m
                [36m&lt;/span&gt;[39m
              [36m&lt;/h6&gt;[39m
            [36m&lt;/div&gt;[39m
          [36m&lt;/div&gt;[39m
          [36m&lt;div[39m
            [33mclass[39m=[32m&quot;MuiPaper-root MuiPaper-elevation MuiPaper-rounded MuiPaper-elevation0 css-1t9q3qe-MuiPaper-root&quot;[39m
            [33mstyle[39m=[32m&quot;--Paper-shadow: none;&quot;[39m
          [36m&gt;[39m
            [36m&lt;h6[39m
              [33mclass[39m=[32m&quot;MuiTypography-root MuiTypography-h6 css-gtvg4y-MuiTypography-root&quot;[39m
            [36m&gt;[39m
              [0mRecommended based on recent items[0m
            [36m&lt;/h6&gt;[39m
            [36m&lt;div[39m
              [33mclass[39m=[32m&quot;MuiBox-root css-4wz9h5&quot;[39m
            [36m&gt;[39m
              [36m&lt;div[39m
                [33mclass[39m=[32m&quot;MuiBox-root css-1and29&quot;[39m
              [36m&gt;[39m
                [36m&lt;div[39m
                  [33mclass[39m=[32m&quot;MuiBox-root css-1qklh6x&quot;[39m
                [36m/&gt;[39m
                [36m&lt;p[39m
                  [33mclass[39m=[32m&quot;MuiTypography-root MuiTypography-body2 css-15zur4w-MuiTypography-root&quot;[39m
                [36m&gt;[39m
                  [0mPlaceholder Item[0m
                [36m&lt;/p&gt;[39m
                [36m&lt;p[39m
                  [33mclass[39m=[32m&quot;MuiTypography-root MuiTypography-body2 css-1lpbgqn-MuiTypography-root&quot;[39m
                [36m&gt;[39m
                  [0m$99.00[0m
                [36m&lt;/p&gt;[39m
                [36m&lt;button[39m
                  [33mclass[39m=[32m&quot;MuiButtonBase-root MuiButton-root MuiButton-contained MuiButton-containedPrimary MuiButton-sizeSmall MuiButton-containedSizeSmall MuiButton-colorPrimary MuiButton-root MuiButton-contained MuiButton-containedPrimary MuiButton-sizeSmall MuiButton-containedSizeSmall MuiButton-colorPrimary css-l3t59b-MuiButtonBase-root-MuiButton-root&quot;[39m
                  [33mtabindex[39m=[32m&quot;0&quot;[39m
                  [33mtype[39m=[32m&quot;button&quot;[39m
                [36m&gt;[39m
                  [0mAdd to Cart[0m
                [36m&lt;/button&gt;[39m
              [36m&lt;/div&gt;[39m
            [36m&lt;/div&gt;[39m
          [36m&lt;/div&gt;[39m
        [36m&lt;/div&gt;[39m
        [36m&lt;div[39m
          [33mclass[39m=[32m&quot;MuiBox-root css-jesqn2&quot;[39m
          [33mid[39m=[32m&quot;cart-order-summary-wrapper&quot;[39m
        [36m&gt;[39m
          [36m&lt;div[39m
            [33mclass[39m=[32m&quot;MuiPaper-root MuiPaper-elevation MuiPaper-rounded MuiPaper-elevation0 css-10poht1-MuiPaper-root&quot;[39m
            [33mstyle[39m=[32m&quot;--Paper-shadow: none;&quot;[39m
          [36m&gt;[39m
            [36m&lt;h6[39m
              [33mclass[39m=[32m&quot;MuiTypography-root MuiTypography-h6 css-gtvg4y-MuiTypography-root&quot;[39m
            [36m&gt;[39m
              [0mcart.order_summary[0m
            [36m&lt;/h6&gt;[39m
            [36m&lt;div[39m
              [33mclass[39m=[32m&quot;MuiBox-root css-1coeexk&quot;[39m
            [36m&gt;[39m
              [36m&lt;p[39m
                [33mclass[39m=[32m&quot;MuiTypography-root MuiTypography-body2 css-eczv4i-MuiTypography-root&quot;[39m
              [36m&gt;[39m
                [36m&lt;svg[39m
                  [33mfill[39m=[32m&quot;currentColor&quot;[39m
                  [33mheight[39m=[32m&quot;20&quot;[39m
                  [33mviewBox[39m=[32m&quot;0 0 24 24&quot;[39m
                  [33mwidth[39m=[32m&quot;20&quot;[39m
                [36m&gt;[39m
                  [36m&lt;path[39m
                    [33md[39m=[32m&quot;M12 2C6.48 2 2 6.48 2 12s4.48 10 10 10 10-4.48 10-10S17.52 2 12 2zm-2 15l-5-5 1.41-1.41L10 14.17l7.59-7.59L19 8l-9 9z&quot;[39m
                  [36m/&gt;[39m
                [36m&lt;/svg&gt;[39m
                [0mYour order qualifies for FREE Shipping.[0m
              [36m&lt;/p&gt;[39m
            [36m&lt;/div&gt;[39m
            [36m&lt;div[39m
              [33mclass[39m=[32m&quot;MuiStack-root css-1qi6ztq-MuiStack-root&quot;[39m
            [36m&gt;[39m
              [36m&lt;div[39m
                [33mclass[39m=[32m&quot;MuiBox-root css-gg4vpm&quot;[39m
                [33mdata-element-id[39m=[32m&quot;cart-summary-total-items&quot;[39m
              [36m&gt;[39m
                [36m&lt;p[39m
                  [33mclass[39m=[32m&quot;MuiTypography-root MuiTypography-body2 css-1wle3ir-MuiTypography-root&quot;[39m
                [36m&gt;[39m
                  [0mItens[0m
                [36m&lt;/p&gt;[39m
                [36m&lt;p[39m
                  [33mclass[39m=[32m&quot;MuiTypography-root MuiTypography-body2 css-7ctihp-MuiTypography-root&quot;[39m
                [36m&gt;[39m
                  [0m([0m
                  [0m2[0m
                  [0m)[0m
                [36m&lt;/p&gt;[39m
              [36m&lt;/div&gt;[39m
              [36m&lt;div[39m
                [33mclass[39m=[32m&quot;MuiBox-root css-gg4vpm&quot;[39m
              [36m&gt;[39m
                [36m&lt;p[39m
                  [33mclass[39m=[32m&quot;MuiTypography-root MuiTypography-body2 css-1wle3ir-MuiTypography-root&quot;[39m
                [36m&gt;[39m
                  [0mcart.shipping[0m
                [36m&lt;/p&gt;[39m
                [36m&lt;p[39m
                  [33mclass[39m=[32m&quot;MuiTypography-root MuiTypography-body2 css-7ctihp-MuiTypography-root&quot;[39m
                  [33mdata-element-id[39m=[32m&quot;cart-summary-shipping&quot;[39m
                [36m&gt;[39m
                  [0mcart.free[0m
                [36m&lt;/p&gt;[39m
              [36m&lt;/div&gt;[39m
              [36m&lt;div[39m
                [33mclass[39m=[32m&quot;MuiBox-root css-gg4vpm&quot;[39m
              [36m&gt;[39m
                [36m&lt;p[39m
                  [33mclass[39m=[32m&quot;MuiTypography-root MuiTypography-body2 css-1wle3ir-MuiTypography-root&quot;[39m
                [36m&gt;[39m
                  [0mcart.total[0m
                [36m&lt;/p&gt;[39m
                [36m&lt;p[39m
                  [33mclass[39m=[32m&quot;MuiTypography-root MuiTypography-body2 css-1a40gj6-MuiTypography-root&quot;[39m
                [36m&gt;[39m
                  [0mR$ [0m
                  [0m25.00[0m
                [36m&lt;/p&gt;[39m
              [36m&lt;/div&gt;[39m
            [36m&lt;/div&gt;[39m
            [36m&lt;h6[39m
              [33mclass[39m=[32m&quot;MuiTypography-root MuiTypography-h6 css-1rr8qrm-MuiTypography-root&quot;[39m
              [33mdata-element-id[39m=[32m&quot;cart-summary-subtotal&quot;[39m
            [36m&gt;[39m
              [0mSubtotal ([0m
              [0m3[0m
              [0m items): [0m
              [36m&lt;span[39m
                [33mclass[39m=[32m&quot;MuiBox-root css-1vg6q84&quot;[39m
              [36m&gt;[39m
                [0mR$ [0m
                [0m25.00[0m
              [36m&lt;/span&gt;[39m
            [36m&lt;/h6&gt;[39m
            [36m&lt;div[39m
              [33mclass[39m=[32m&quot;MuiBox-root css-1qm1lh&quot;[39m
            [36m&gt;[39m
              [36m&lt;button[39m
                [33mdata-testid[39m=[32m&quot;checkout-mock&quot;[39m
              [36m&gt;[39m
                [0mcheckout[0m
              [36m&lt;/button&gt;[39m
            [36m&lt;/div&gt;[39m
          [36m&lt;/div&gt;[39m
        [36m&lt;/div&gt;[39m
      [36m&lt;/div&gt;[39m
    [36m&lt;/div&gt;[39m
  [36m&lt;/div&gt;[39m
[36m&lt;/body&gt;[39m" type="TestingLibraryElementError">
TestingLibraryElementError: Unable to find an element with the text: cart.items. This could be because the text is broken up by multiple elements. In this case, you can provide a function for your text matcher to make your matcher more flexible.

Ignored nodes: comments, script, style
&lt;body&gt;
  &lt;div&gt;
    &lt;div
      class=&quot;MuiContainer-root MuiContainer-maxWidthXl css-ls4no5-MuiContainer-root&quot;
    &gt;
      &lt;div
        class=&quot;MuiBox-root css-16ng4q6&quot;
        data-element-id=&quot;cart-content-wrapper&quot;
        id=&quot;cart-content-wrapper&quot;
      &gt;
        &lt;div
          class=&quot;MuiBox-root css-1de2iig&quot;
          id=&quot;cart-item-list-wrapper&quot;
        &gt;
          &lt;div
            class=&quot;MuiPaper-root MuiPaper-elevation MuiPaper-rounded MuiPaper-elevation0 css-12bszqu-MuiPaper-root&quot;
            style=&quot;--Paper-shadow: none;&quot;
          &gt;
            &lt;div
              class=&quot;MuiBox-root css-ir4u9n&quot;
            &gt;
              &lt;h1
                class=&quot;MuiTypography-root MuiTypography-h4 css-xujyo5-MuiTypography-root&quot;
                data-element-id=&quot;cart-title&quot;
              &gt;
                cart.title
              &lt;/h1&gt;
              &lt;p
                class=&quot;MuiTypography-root MuiTypography-body2 css-1wle3ir-MuiTypography-root&quot;
              &gt;
                Price
              &lt;/p&gt;
            &lt;/div&gt;
            &lt;a
              class=&quot;MuiButtonBase-root MuiButton-root MuiButton-text MuiButton-textSecondary MuiButton-sizeMedium MuiButton-textSizeMedium MuiButton-colorSecondary MuiButton-root MuiButton-text MuiButton-textSecondary MuiButton-sizeMedium MuiButton-textSizeMedium MuiButton-colorSecondary css-d62wyw-MuiButtonBase-root-MuiButton-root&quot;
              href=&quot;/&quot;
              tabindex=&quot;0&quot;
            &gt;
              &lt;span
                class=&quot;MuiButton-icon MuiButton-startIcon MuiButton-iconSizeMedium css-1sh91j5-MuiButton-startIcon&quot;
              &gt;
                &lt;svg
                  aria-hidden=&quot;true&quot;
                  class=&quot;MuiSvgIcon-root MuiSvgIcon-fontSizeMedium css-1umw9bq-MuiSvgIcon-root&quot;
                  data-testid=&quot;ArrowBackIcon&quot;
                  focusable=&quot;false&quot;
                  viewBox=&quot;0 0 24 24&quot;
                &gt;
                  &lt;path
                    d=&quot;M20 11H7.83l5.59-5.59L12 4l-8 8 8 8 1.41-1.41L7.83 13H20z&quot;
                  /&gt;
                &lt;/svg&gt;
              &lt;/span&gt;
              cart.continue_shopping
            &lt;/a&gt;
            &lt;hr
              class=&quot;MuiDivider-root MuiDivider-fullWidth css-17fdorh-MuiDivider-root&quot;
            /&gt;
            &lt;ul
              class=&quot;MuiList-root css-54zhjy-MuiList-root&quot;
            &gt;
              &lt;li
                data-testid=&quot;cart-item-1&quot;
              &gt;
                Produto A
              &lt;/li&gt;
              &lt;hr
                class=&quot;MuiDivider-root MuiDivider-fullWidth css-4lgu9m-MuiDivider-root&quot;
              /&gt;
              &lt;li
                data-testid=&quot;cart-item-2&quot;
              &gt;
                Produto B
              &lt;/li&gt;
            &lt;/ul&gt;
            &lt;hr
              class=&quot;MuiDivider-root MuiDivider-fullWidth css-4lgu9m-MuiDivider-root&quot;
            /&gt;
            &lt;div
              class=&quot;MuiBox-root css-1bvc4cc&quot;
            &gt;
              &lt;h6
                class=&quot;MuiTypography-root MuiTypography-h6 css-1ohxuoi-MuiTypography-root&quot;
                data-element-id=&quot;cart-order-total&quot;
                id=&quot;cart-order-total&quot;
              &gt;
                Subtotal (
                3
                 items): 
                &lt;span
                  class=&quot;MuiBox-root css-1vg6q84&quot;
                &gt;
                  R$ 
                  25.00
                &lt;/span&gt;
              &lt;/h6&gt;
            &lt;/div&gt;
          &lt;/div&gt;
          &lt;div
            class=&quot;MuiPaper-root MuiPaper-elevation MuiPaper-rounded MuiPaper-elevation0 css-1t9q3qe-MuiPaper-root&quot;
            style=&quot;--Paper-shadow: none;&quot;
          &gt;
            &lt;h6
              class=&quot;MuiTypography-root MuiTypography-h6 css-gtvg4y-MuiTypography-root&quot;
            &gt;
              Recommended based on recent items
            &lt;/h6&gt;
            &lt;div
              class=&quot;MuiBox-root css-4wz9h5&quot;
            &gt;
              &lt;div
                class=&quot;MuiBox-root css-1and29&quot;
              &gt;
                &lt;div
                  class=&quot;MuiBox-root css-1qklh6x&quot;
                /&gt;
                &lt;p
                  class=&quot;MuiTypography-root MuiTypography-body2 css-15zur4w-MuiTypography-root&quot;
                &gt;
                  Placeholder Item
                &lt;/p&gt;
                &lt;p
                  class=&quot;MuiTypography-root MuiTypography-body2 css-1lpbgqn-MuiTypography-root&quot;
                &gt;
                  $99.00
                &lt;/p&gt;
                &lt;button
                  class=&quot;MuiButtonBase-root MuiButton-root MuiButton-contained MuiButton-containedPrimary MuiButton-sizeSmall MuiButton-containedSizeSmall MuiButton-colorPrimary MuiButton-root MuiButton-contained MuiButton-containedPrimary MuiButton-sizeSmall MuiButton-containedSizeSmall MuiButton-colorPrimary css-l3t59b-MuiButtonBase-root-MuiButton-root&quot;
                  tabindex=&quot;0&quot;
                  type=&quot;button&quot;
                &gt;
                  Add to Cart
                &lt;/button&gt;
              &lt;/div&gt;
            &lt;/div&gt;
          &lt;/div&gt;
        &lt;/div&gt;
        &lt;div
          class=&quot;MuiBox-root css-jesqn2&quot;
          id=&quot;cart-order-summary-wrapper&quot;
        &gt;
          &lt;div
            class=&quot;MuiPaper-root MuiPaper-elevation MuiPaper-rounded MuiPaper-elevation0 css-10poht1-MuiPaper-root&quot;
            style=&quot;--Paper-shadow: none;&quot;
          &gt;
            &lt;h6
              class=&quot;MuiTypography-root MuiTypography-h6 css-gtvg4y-MuiTypography-root&quot;
            &gt;
              cart.order_summary
            &lt;/h6&gt;
            &lt;div
              class=&quot;MuiBox-root css-1coeexk&quot;
            &gt;
              &lt;p
                class=&quot;MuiTypography-root MuiTypography-body2 css-eczv4i-MuiTypography-root&quot;
              &gt;
                &lt;svg
                  fill=&quot;currentColor&quot;
                  height=&quot;20&quot;
                  viewBox=&quot;0 0 24 24&quot;
                  width=&quot;20&quot;
                &gt;
                  &lt;path
                    d=&quot;M12 2C6.48 2 2 6.48 2 12s4.48 10 10 10 10-4.48 10-10S17.52 2 12 2zm-2 15l-5-5 1.41-1.41L10 14.17l7.59-7.59L19 8l-9 9z&quot;
                  /&gt;
                &lt;/svg&gt;
                Your order qualifies for FREE Shipping.
              &lt;/p&gt;
            &lt;/div&gt;
            &lt;div
              class=&quot;MuiStack-root css-1qi6ztq-MuiStack-root&quot;
            &gt;
              &lt;div
                class=&quot;MuiBox-root css-gg4vpm&quot;
                data-element-id=&quot;cart-summary-total-items&quot;
              &gt;
                &lt;p
                  class=&quot;MuiTypography-root MuiTypography-body2 css-1wle3ir-MuiTypography-root&quot;
                &gt;
                  Itens
                &lt;/p&gt;
                &lt;p
                  class=&quot;MuiTypography-root MuiTypography-body2 css-7ctihp-MuiTypography-root&quot;
                &gt;
                  (
                  2
                  )
                &lt;/p&gt;
              &lt;/div&gt;
              &lt;div
                class=&quot;MuiBox-root css-gg4vpm&quot;
              &gt;
                &lt;p
                  class=&quot;MuiTypography-root MuiTypography-body2 css-1wle3ir-MuiTypography-root&quot;
                &gt;
                  cart.shipping
                &lt;/p&gt;
                &lt;p
                  class=&quot;MuiTypography-root MuiTypography-body2 css-7ctihp-MuiTypography-root&quot;
                  data-element-id=&quot;cart-summary-shipping&quot;
                &gt;
                  cart.free
                &lt;/p&gt;
              &lt;/div&gt;
              &lt;div
                class=&quot;MuiBox-root css-gg4vpm&quot;
              &gt;
                &lt;p
                  class=&quot;MuiTypography-root MuiTypography-body2 css-1wle3ir-MuiTypography-root&quot;
                &gt;
                  cart.total
                &lt;/p&gt;
                &lt;p
                  class=&quot;MuiTypography-root MuiTypography-body2 css-1a40gj6-MuiTypography-root&quot;
                &gt;
                  R$ 
                  25.00
                &lt;/p&gt;
              &lt;/div&gt;
            &lt;/div&gt;
            &lt;h6
              class=&quot;MuiTypography-root MuiTypography-h6 css-1rr8qrm-MuiTypography-root&quot;
              data-element-id=&quot;cart-summary-subtotal&quot;
            &gt;
              Subtotal (
              3
               items): 
              &lt;span
                class=&quot;MuiBox-root css-1vg6q84&quot;
              &gt;
                R$ 
                25.00
              &lt;/span&gt;
            &lt;/h6&gt;
            &lt;div
              class=&quot;MuiBox-root css-1qm1lh&quot;
            &gt;
              &lt;button
                data-testid=&quot;checkout-mock&quot;
              &gt;
                checkout
              &lt;/button&gt;
            &lt;/div&gt;
          &lt;/div&gt;
        &lt;/div&gt;
      &lt;/div&gt;
    &lt;/div&gt;
  &lt;/div&gt;
&lt;/body&gt;
 ❯ Object.getElementError node_modules/@testing-library/dom/dist/config.js:37:19
 ❯ node_modules/@testing-library/dom/dist/query-helpers.js:76:38
 ❯ node_modules/@testing-library/dom/dist/query-helpers.js:52:17
 ❯ node_modules/@testing-library/dom/dist/query-helpers.js:95:19
 ❯ src/__tests__/components/Cart.test.jsx:119:19
            </failure>
        </testcase>
        <testcase classname="src/__tests__/components/Cart.test.jsx" name="Cart Component &gt; TC_CART_010: mantém render estável com interações básicas" time="0.1745127">
        </testcase>
    </testsuite>
    <testsuite name="src/__tests__/components/CartItem.test.jsx" timestamp="2026-04-19T19:13:10.063Z" hostname="PC-Gamer-Reinaldo" tests="8" failures="0" errors="0" skipped="0" time="0.5783367">
        <testcase classname="src/__tests__/components/CartItem.test.jsx" name="CartItem Component &gt; TC_CI_001: renderiza nome, preço unitário e total da linha" time="0.1762071">
        </testcase>
        <testcase classname="src/__tests__/components/CartItem.test.jsx" name="CartItem Component &gt; TC_CI_002: normaliza item inválido para valores seguros" time="0.0240985">
        </testcase>
        <testcase classname="src/__tests__/components/CartItem.test.jsx" name="CartItem Component &gt; TC_CI_003: chama onChange quando quantidade válida (&gt;0)" time="0.0266341">
        </testcase>
        <testcase classname="src/__tests__/components/CartItem.test.jsx" name="CartItem Component &gt; TC_CI_004: não chama onChange para quantidade inválida (&lt;=0)" time="0.0182706">
        </testcase>
        <testcase classname="src/__tests__/components/CartItem.test.jsx" name="CartItem Component &gt; TC_CI_005: prioriza onUpdateCart quando ambos callbacks de update existem" time="0.0293652">
        </testcase>
        <testcase classname="src/__tests__/components/CartItem.test.jsx" name="CartItem Component &gt; TC_CI_006: chama onRemove ao clicar no botão delete" time="0.1912447">
        </testcase>
        <testcase classname="src/__tests__/components/CartItem.test.jsx" name="CartItem Component &gt; TC_CI_007: prioriza onRemoveFromCart quando ambos callbacks de remoção existem" time="0.0579806">
        </testcase>
        <testcase classname="src/__tests__/components/CartItem.test.jsx" name="CartItem Component &gt; TC_CI_008: funciona sem callbacks explícitos (fallback noop)" time="0.0493457">
        </testcase>
    </testsuite>
    <testsuite name="src/__tests__/components/Catalog.test.jsx" timestamp="2026-04-19T19:13:10.064Z" hostname="PC-Gamer-Reinaldo" tests="9" failures="0" errors="0" skipped="0" time="1.6095354">
        <testcase classname="src/__tests__/components/Catalog.test.jsx" name="Catalog Component &gt; TC_CAT_001: exibe loader e depois renderiza produtos" time="0.3952063">
        </testcase>
        <testcase classname="src/__tests__/components/Catalog.test.jsx" name="Catalog Component &gt; TC_CAT_002: trata retorno não-array da API como lista vazia" time="0.0476461">
        </testcase>
        <testcase classname="src/__tests__/components/Catalog.test.jsx" name="Catalog Component &gt; TC_CAT_003: aplica filtro por busca textual" time="0.0458958">
        </testcase>
        <testcase classname="src/__tests__/components/Catalog.test.jsx" name="Catalog Component &gt; TC_CAT_004: altera categoria por clique de chip e mapeia subnav" time="0.7649618">
        </testcase>
        <testcase classname="src/__tests__/components/Catalog.test.jsx" name="Catalog Component &gt; TC_CAT_005: aplica filtro de subnav por categoria games/livros" time="0.058688">
        </testcase>
        <testcase classname="src/__tests__/components/Catalog.test.jsx" name="Catalog Component &gt; TC_CAT_006: aplica lógica de ofertas do dia com desconto" time="0.0486031">
        </testcase>
        <testcase classname="src/__tests__/components/Catalog.test.jsx" name="Catalog Component &gt; TC_CAT_007: suporta filtros subnav alternativos (venda-amazon e chega-15-min)" time="0.0593024">
        </testcase>
        <testcase classname="src/__tests__/components/Catalog.test.jsx" name="Catalog Component &gt; TC_CAT_008: quando API falha, exibe fallback vazio" time="0.0307399">
        </testcase>
        <testcase classname="src/__tests__/components/Catalog.test.jsx" name="Catalog Component &gt; TC_CAT_009: atualiza busca via setSearch" time="0.1540862">
        </testcase>
    </testsuite>
    <testsuite name="src/__tests__/components/Checkout.test.jsx" timestamp="2026-04-19T19:13:10.065Z" hostname="PC-Gamer-Reinaldo" tests="11" failures="0" errors="0" skipped="0" time="0.9849259">
        <testcase classname="src/__tests__/components/Checkout.test.jsx" name="Checkout/CheckoutButton Component &gt; TC_CHK_001: botão inicia desabilitado com carrinho vazio" time="0.3498001">
        </testcase>
        <testcase classname="src/__tests__/components/Checkout.test.jsx" name="Checkout/CheckoutButton Component &gt; TC_CHK_002: usa LockIcon quando usuário não autenticado" time="0.009234">
        </testcase>
        <testcase classname="src/__tests__/components/Checkout.test.jsx" name="Checkout/CheckoutButton Component &gt; TC_CHK_003: usa ShoppingCartCheckoutIcon quando autenticado por isLoggedIn" time="0.0501052">
        </testcase>
        <testcase classname="src/__tests__/components/Checkout.test.jsx" name="Checkout/CheckoutButton Component &gt; TC_CHK_004: usa fallback isAuthenticated quando isLoggedIn não existe" time="0.0565291">
        </testcase>
        <testcase classname="src/__tests__/components/Checkout.test.jsx" name="Checkout/CheckoutButton Component &gt; TC_CHK_005: com carrinho vazio não permite checkout (permanece desabilitado)" time="0.0560408">
        </testcase>
        <testcase classname="src/__tests__/components/Checkout.test.jsx" name="Checkout/CheckoutButton Component &gt; TC_CHK_006: deslogado com itens redireciona para login com next" time="0.1068703">
        </testcase>
        <testcase classname="src/__tests__/components/Checkout.test.jsx" name="Checkout/CheckoutButton Component &gt; TC_CHK_007: logado com itens navega para /payments com state" time="0.0944741">
        </testcase>
        <testcase classname="src/__tests__/components/Checkout.test.jsx" name="Checkout/CheckoutButton Component &gt; TC_CHK_008: normaliza cartItems inválido e mantém desabilitado" time="0.0233438">
        </testcase>
        <testcase classname="src/__tests__/components/Checkout.test.jsx" name="Checkout/CheckoutButton Component &gt; TC_CHK_009: codifica pathname especial no parâmetro next" time="0.0797202">
        </testcase>
        <testcase classname="src/__tests__/components/Checkout.test.jsx" name="Checkout/CheckoutButton Component &gt; TC_CHK_010: não limpa carrinho no checkout, pois pagamento ocorre na próxima etapa" time="0.0785404">
        </testcase>
        <testcase classname="src/__tests__/components/Checkout.test.jsx" name="Checkout/CheckoutButton Component &gt; TC_CHK_011: exibe erro e não navega quando API de orders falha" time="0.0756041">
        </testcase>
    </testsuite>
    <testsuite name="src/__tests__/components/Footer.test.jsx" timestamp="2026-04-19T19:13:10.067Z" hostname="PC-Gamer-Reinaldo" tests="2" failures="0" errors="0" skipped="0" time="0.4011012">
        <testcase classname="src/__tests__/components/Footer.test.jsx" name="Footer &gt; renderiza links principais e bloco legal" time="0.3181882">
            <system-err>
MUI Grid: The `item` prop has been removed and is no longer necessary. You can safely remove it.

MUI Grid: The `xs` prop has been removed. See https://mui.com/material-ui/migration/upgrade-to-grid-v2/ for migration instructions.

MUI Grid: The `sm` prop has been removed. See https://mui.com/material-ui/migration/upgrade-to-grid-v2/ for migration instructions.

MUI Grid: The `md` prop has been removed. See https://mui.com/material-ui/migration/upgrade-to-grid-v2/ for migration instructions.


            </system-err>
        </testcase>
        <testcase classname="src/__tests__/components/Footer.test.jsx" name="Footer &gt; aciona scroll para o topo ao clicar em &quot;Voltar ao início&quot;" time="0.0770283">
        </testcase>
    </testsuite>
    <testsuite name="src/__tests__/components/Login.test.jsx" timestamp="2026-04-19T19:13:10.068Z" hostname="PC-Gamer-Reinaldo" tests="10" failures="0" errors="0" skipped="0" time="5.6124387">
        <testcase classname="src/__tests__/components/Login.test.jsx" name="Login Component &gt; TC_LOGIN_001: renderiza campos, botão de submit e link de registro" time="0.7023216">
        </testcase>
        <testcase classname="src/__tests__/components/Login.test.jsx" name="Login Component &gt; TC_LOGIN_002: valida campos obrigatórios e exibe alerta de erro" time="0.252455">
        </testcase>
        <testcase classname="src/__tests__/components/Login.test.jsx" name="Login Component &gt; TC_LOGIN_003: alterna visibilidade da senha" time="0.3685189">
        </testcase>
        <testcase classname="src/__tests__/components/Login.test.jsx" name="Login Component &gt; TC_LOGIN_004: realiza login com sucesso, normaliza email e navega para ?next" time="0.7989419">
        </testcase>
        <testcase classname="src/__tests__/components/Login.test.jsx" name="Login Component &gt; TC_LOGIN_005: usa fallback de rota &quot;/minha-conta&quot; quando ?next não existe" time="0.6597039">
        </testcase>
        <testcase classname="src/__tests__/components/Login.test.jsx" name="Login Component &gt; TC_LOGIN_006: trata resposta sem token como erro de autenticação inválida" time="0.6055843">
        </testcase>
        <testcase classname="src/__tests__/components/Login.test.jsx" name="Login Component &gt; TC_LOGIN_007: usa mensagem fallback quando erro não possui message" time="0.6499324">
        </testcase>
        <testcase classname="src/__tests__/components/Login.test.jsx" name="Login Component &gt; TC_LOGIN_008: exibe estado de loading durante requisição e limpa no finally" time="0.7297523">
        </testcase>
        <testcase classname="src/__tests__/components/Login.test.jsx" name="Login Component &gt; TC_LOGIN_009: fecha alerta de erro pelo onClose do Alert" time="0.2177409">
        </testcase>
        <testcase classname="src/__tests__/components/Login.test.jsx" name="Login Component &gt; TC_LOGIN_010: aceita payload de login sem campo user (fallback para objeto raiz)" time="0.6229868">
        </testcase>
    </testsuite>
    <testsuite name="src/__tests__/components/PaymentsPage.test.jsx" timestamp="2026-04-19T19:13:10.069Z" hostname="PC-Gamer-Reinaldo" tests="10" failures="0" errors="0" skipped="0" time="3.6670143">
        <testcase classname="src/__tests__/components/PaymentsPage.test.jsx" name="PaymentsPage &gt; renderiza tela de pagamentos com resumo e métodos" time="0.4130413">
        </testcase>
        <testcase classname="src/__tests__/components/PaymentsPage.test.jsx" name="PaymentsPage &gt; habilita split payment e exibe campos adicionais" time="0.5295429">
        </testcase>
        <testcase classname="src/__tests__/components/PaymentsPage.test.jsx" name="PaymentsPage &gt; envia pagamento simples e navega para thank-you" time="0.4483929">
        </testcase>
        <testcase classname="src/__tests__/components/PaymentsPage.test.jsx" name="PaymentsPage &gt; mostra erro e não navega quando pagamento falha" time="0.292309">
        </testcase>
        <testcase classname="src/__tests__/components/PaymentsPage.test.jsx" name="PaymentsPage &gt; gera boleto mockado e navega com dados do boleto" time="0.3721796">
        </testcase>
        <testcase classname="src/__tests__/components/PaymentsPage.test.jsx" name="PaymentsPage &gt; redireciona para carrinho quando não há pedido na navegação" time="0.0073235">
        </testcase>
        <testcase classname="src/__tests__/components/PaymentsPage.test.jsx" name="PaymentsPage &gt; valida split com valor inválido e bloqueia envio" time="0.4689573">
        </testcase>
        <testcase classname="src/__tests__/components/PaymentsPage.test.jsx" name="PaymentsPage &gt; valida split com métodos iguais e bloqueia envio" time="0.5100178">
            <system-err>
MUI: You have provided an out-of-range value `pix` for the select component.
Consider providing a value that matches one of the available options or &apos;&apos;.
The available values are `credit`, `debit`, `boleto`.

            </system-err>
        </testcase>
        <testcase classname="src/__tests__/components/PaymentsPage.test.jsx" name="PaymentsPage &gt; interrompe fluxo quando segundo pagamento do split falha" time="0.3737138">
        </testcase>
        <testcase classname="src/__tests__/components/PaymentsPage.test.jsx" name="PaymentsPage &gt; captura exceção do backend e mostra fallback de erro" time="0.2468928">
        </testcase>
    </testsuite>
    <testsuite name="src/__tests__/components/Product.test.jsx" timestamp="2026-04-19T19:13:10.071Z" hostname="PC-Gamer-Reinaldo" tests="6" failures="0" errors="0" skipped="0" time="1.5238166">
        <testcase classname="src/__tests__/components/Product.test.jsx" name="Product Component (Card) &gt; TC_PROD_001: renderiza dados básicos do produto" time="0.588637">
        </testcase>
        <testcase classname="src/__tests__/components/Product.test.jsx" name="Product Component (Card) &gt; TC_PROD_002: aplica fallback seguro para produto inválido" time="0.1010092">
        </testcase>
        <testcase classname="src/__tests__/components/Product.test.jsx" name="Product Component (Card) &gt; TC_PROD_003: exibe preço original e badge quando há desconto" time="0.0619722">
        </testcase>
        <testcase classname="src/__tests__/components/Product.test.jsx" name="Product Component (Card) &gt; TC_PROD_004: não exibe badge de desconto quando preço original é inválido" time="0.0365322">
        </testcase>
        <testcase classname="src/__tests__/components/Product.test.jsx" name="Product Component (Card) &gt; TC_PROD_005: altera quantidade e envia no add to cart" time="0.5812618">
        </testcase>
        <testcase classname="src/__tests__/components/Product.test.jsx" name="Product Component (Card) &gt; TC_PROD_006: navega para detalhe ao clicar na imagem e no título" time="0.149556">
        </testcase>
    </testsuite>
    <testsuite name="src/__tests__/components/ProductDetails.test.jsx" timestamp="2026-04-19T19:13:10.072Z" hostname="PC-Gamer-Reinaldo" tests="6" failures="0" errors="0" skipped="0" time="1.3917058">
        <testcase classname="src/__tests__/components/ProductDetails.test.jsx" name="ProductDetails Component &gt; TC_PD_001: mostra estado de carregamento enquanto busca o produto" time="0.0952109">
        </testcase>
        <testcase classname="src/__tests__/components/ProductDetails.test.jsx" name="ProductDetails Component &gt; TC_PD_002: renderiza fallback de produto não encontrado e permite voltar" time="0.2696331">
        </testcase>
        <testcase classname="src/__tests__/components/ProductDetails.test.jsx" name="ProductDetails Component &gt; TC_PD_003: em erro de API, registra console.error e exibe tela de não encontrado" time="0.0158354">
        </testcase>
        <testcase classname="src/__tests__/components/ProductDetails.test.jsx" name="ProductDetails Component &gt; TC_PD_004: renderiza detalhes completos e chama addToCart com quantidade alterada" time="0.7581872">
        </testcase>
        <testcase classname="src/__tests__/components/ProductDetails.test.jsx" name="ProductDetails Component &gt; TC_PD_005: não renderiza linhas opcionais quando manufacturer/line/model não existem" time="0.0907876">
        </testcase>
        <testcase classname="src/__tests__/components/ProductDetails.test.jsx" name="ProductDetails Component &gt; TC_PD_006: busca novamente quando o id da rota muda" time="0.1575286">
        </testcase>
    </testsuite>
    <testsuite name="src/__tests__/components/Register.test.jsx" timestamp="2026-04-19T19:13:10.073Z" hostname="PC-Gamer-Reinaldo" tests="19" failures="0" errors="0" skipped="0" time="36.8276217">
        <testcase classname="src/__tests__/components/Register.test.jsx" name="Register Component &gt; Register flows &gt; TC_REG_001: Renderiza step inicial com botão próximo e link de login" time="1.068417">
            <system-err>
MUI Grid: The `item` prop has been removed and is no longer necessary. You can safely remove it.

MUI Grid: The `xs` prop has been removed. See https://mui.com/material-ui/migration/upgrade-to-grid-v2/ for migration instructions.

MUI Grid: The `sm` prop has been removed. See https://mui.com/material-ui/migration/upgrade-to-grid-v2/ for migration instructions.


            </system-err>
        </testcase>
        <testcase classname="src/__tests__/components/Register.test.jsx" name="Register Component &gt; Register flows &gt; TC_REG_002: Mostra erros obrigatórios ao avançar sem preencher" time="0.4855644">
        </testcase>
        <testcase classname="src/__tests__/components/Register.test.jsx" name="Register Component &gt; Register flows &gt; TC_REG_003: Alterna para PJ e exibe campos de Razão Social/CNPJ" time="0.3933731">
        </testcase>
        <testcase classname="src/__tests__/components/Register.test.jsx" name="Register Component &gt; Register flows &gt; TC_REG_004: Avança para step 1 quando dados PF são válidos" time="3.0025906">
        </testcase>
        <testcase classname="src/__tests__/components/Register.test.jsx" name="Register Component &gt; Register flows &gt; TC_REG_005: Bloqueia avanço com CPF inválido" time="2.3056302">
        </testcase>
        <testcase classname="src/__tests__/components/Register.test.jsx" name="Register Component &gt; Register flows &gt; TC_REG_006: Exibe força da senha dinamicamente" time="0.4820419">
        </testcase>
        <testcase classname="src/__tests__/components/Register.test.jsx" name="Register Component &gt; Register flows &gt; TC_REG_007: Auto-preenche endereço via CEP" time="2.5043716">
        </testcase>
        <testcase classname="src/__tests__/components/Register.test.jsx" name="Register Component &gt; Register flows &gt; TC_REG_008: Submete com sucesso e chama registerUser com payload normalizado" time="2.8622737">
        </testcase>
        <testcase classname="src/__tests__/components/Register.test.jsx" name="Register Component &gt; Register flows &gt; TC_REG_009: Mostra toast de erro quando registerUser falha" time="2.7849429">
        </testcase>
        <testcase classname="src/__tests__/components/Register.test.jsx" name="Register Component &gt; Register flows &gt; TC_REG_010: No step 1, voltar retorna para step 0" time="2.4153805">
        </testcase>
        <testcase classname="src/__tests__/components/Register.test.jsx" name="Register Component &gt; Register flows &gt; TC_REG_011: Em PJ, bloqueia avanço sem Razão Social/CNPJ válidos" time="2.6513257">
        </testcase>
        <testcase classname="src/__tests__/components/Register.test.jsx" name="Register Component &gt; Register flows &gt; TC_REG_012: CEP não encontrado exibe erro específico" time="2.4492172">
        </testcase>
        <testcase classname="src/__tests__/components/Register.test.jsx" name="Register Component &gt; Register flows &gt; TC_REG_013: Falha de rede no CEP exibe erro genérico" time="2.6969488">
        </testcase>
        <testcase classname="src/__tests__/components/Register.test.jsx" name="Register Component &gt; Register flows &gt; TC_REG_014: Exige campos obrigatórios do step 1 no submit" time="2.33872">
        </testcase>
        <testcase classname="src/__tests__/components/Register.test.jsx" name="Register Component &gt; Register flows &gt; TC_REG_015: Sucesso no cadastro navega para home após timeout" time="2.8228777">
        </testcase>
        <testcase classname="src/__tests__/components/Register.test.jsx" name="Register Component &gt; Register flows &gt; TC_REG_016: Erro de submit sem message usa fallback padrão" time="2.7585111">
        </testcase>
        <testcase classname="src/__tests__/components/Register.test.jsx" name="Register Component &gt; Register flows &gt; TC_REG_017: Upload de comprovante exibe nome do arquivo selecionado" time="2.3079952">
        </testcase>
        <testcase classname="src/__tests__/components/Register.test.jsx" name="Register Component &gt; Register flows &gt; TC_REG_018: Link &quot;Fazer login&quot; chama navigate para /login" time="0.1363254">
        </testcase>
        <testcase classname="src/__tests__/components/Register.test.jsx" name="Register Component &gt; Register flows &gt; TC_REG_019: Toggles de senha/confirmar alternam tipo do input" time="0.3566116">
        </testcase>
    </testsuite>
    <testsuite name="src/__tests__/components/ThankYouPage.test.jsx" timestamp="2026-04-19T19:13:10.077Z" hostname="PC-Gamer-Reinaldo" tests="5" failures="0" errors="0" skipped="0" time="1.2551009">
        <testcase classname="src/__tests__/components/ThankYouPage.test.jsx" name="ThankYouPage Component &gt; TC_TY_001: renderiza resumo de pedido e total calculado" time="0.3549238">
        </testcase>
        <testcase classname="src/__tests__/components/ThankYouPage.test.jsx" name="ThankYouPage Component &gt; TC_TY_002: renderiza blocos PIX e boleto com metadados" time="0.0634068">
        </testcase>
        <testcase classname="src/__tests__/components/ThankYouPage.test.jsx" name="ThankYouPage Component &gt; TC_TY_003: copia linha do boleto e código PIX" time="0.6652104">
        </testcase>
        <testcase classname="src/__tests__/components/ThankYouPage.test.jsx" name="ThankYouPage Component &gt; TC_TY_004: botão voltar ao catálogo dispara navegação" time="0.1574534">
        </testcase>
        <testcase classname="src/__tests__/components/ThankYouPage.test.jsx" name="ThankYouPage Component &gt; TC_TY_005: funciona sem itens/pagamentos extras" time="0.0095036">
        </testcase>
    </testsuite>
    <testsuite name="src/__tests__/contexts/AuthContext.test.jsx" timestamp="2026-04-19T19:13:10.078Z" hostname="PC-Gamer-Reinaldo" tests="6" failures="0" errors="0" skipped="0" time="0.0773616">
        <testcase classname="src/__tests__/contexts/AuthContext.test.jsx" name="AuthContext &gt; TC_AUTH_001: lança erro quando useAuth é usado fora do provider" time="0.035477">
            <system-err>
The above error occurred in the &lt;TestComponent&gt; component:

    at TestComponent (D:\github-projects\tester.com\web\node_modules\@testing-library\react\dist\pure.js:328:5)

Consider adding an error boundary to your tree to customize error handling behavior.
Visit https://reactjs.org/link/error-boundaries to learn more about error boundaries.

            </system-err>
        </testcase>
        <testcase classname="src/__tests__/contexts/AuthContext.test.jsx" name="AuthContext &gt; TC_AUTH_002: inicia deslogado sem dados persistidos" time="0.0074139">
        </testcase>
        <testcase classname="src/__tests__/contexts/AuthContext.test.jsx" name="AuthContext &gt; TC_AUTH_003: restaura sessão válida do localStorage no mount" time="0.0096222">
        </testcase>
        <testcase classname="src/__tests__/contexts/AuthContext.test.jsx" name="AuthContext &gt; TC_AUTH_004: limpa storage quando auth_user está corrompido" time="0.013331">
        </testcase>
        <testcase classname="src/__tests__/contexts/AuthContext.test.jsx" name="AuthContext &gt; TC_AUTH_005: login persiste usuário/token e atualiza estado" time="0.0040181">
        </testcase>
        <testcase classname="src/__tests__/contexts/AuthContext.test.jsx" name="AuthContext &gt; TC_AUTH_006: logout remove sessão de estado e storage" time="0.0028546">
        </testcase>
    </testsuite>
    <testsuite name="src/__tests__/contexts/DatabaseContext.test.jsx" timestamp="2026-04-19T19:13:10.079Z" hostname="PC-Gamer-Reinaldo" tests="4" failures="0" errors="0" skipped="0" time="0.1122462">
        <testcase classname="src/__tests__/contexts/DatabaseContext.test.jsx" name="DatabaseContext &gt; TC_DB_001: useDatabase fora do provider retorna contexto padrão" time="0.022203">
        </testcase>
        <testcase classname="src/__tests__/contexts/DatabaseContext.test.jsx" name="DatabaseContext &gt; TC_DB_002: exibe loading enquanto inicialização não conclui" time="0.0387546">
        </testcase>
        <testcase classname="src/__tests__/contexts/DatabaseContext.test.jsx" name="DatabaseContext &gt; TC_DB_003: em sucesso, renderiza children e ready=true no contexto" time="0.0235005">
        </testcase>
        <testcase classname="src/__tests__/contexts/DatabaseContext.test.jsx" name="DatabaseContext &gt; TC_DB_004: em falha, mostra fallback de erro e registra console.error" time="0.0233859">
        </testcase>
    </testsuite>
    <testsuite name="src/__tests__/contexts/LanguageContext.test.jsx" timestamp="2026-04-19T19:13:10.080Z" hostname="PC-Gamer-Reinaldo" tests="6" failures="0" errors="0" skipped="0" time="0.060182">
        <testcase classname="src/__tests__/contexts/LanguageContext.test.jsx" name="LanguageContext &gt; TC_LANG_001: lança erro quando useLanguage é chamado fora do provider" time="0.0359223">
            <system-err>
The above error occurred in the &lt;TestComponent&gt; component:

    at TestComponent (D:\github-projects\tester.com\web\node_modules\@testing-library\react\dist\pure.js:328:5)

Consider adding an error boundary to your tree to customize error handling behavior.
Visit https://reactjs.org/link/error-boundaries to learn more about error boundaries.

            </system-err>
        </testcase>
        <testcase classname="src/__tests__/contexts/LanguageContext.test.jsx" name="LanguageContext &gt; TC_LANG_002: inicia em pt por padrão e traduz chave conhecida" time="0.0061541">
        </testcase>
        <testcase classname="src/__tests__/contexts/LanguageContext.test.jsx" name="LanguageContext &gt; TC_LANG_003: restaura idioma salvo no localStorage ao montar" time="0.006834">
        </testcase>
        <testcase classname="src/__tests__/contexts/LanguageContext.test.jsx" name="LanguageContext &gt; TC_LANG_004: toggleLanguage alterna idioma e persiste em localStorage" time="0.002974">
        </testcase>
        <testcase classname="src/__tests__/contexts/LanguageContext.test.jsx" name="LanguageContext &gt; TC_LANG_005: setAppLanguage troca para idioma válido e ignora inválido" time="0.002368">
        </testcase>
        <testcase classname="src/__tests__/contexts/LanguageContext.test.jsx" name="LanguageContext &gt; TC_LANG_006: t faz interpolação e fallback para a própria chave" time="0.0018055">
        </testcase>
    </testsuite>
    <testsuite name="src/__tests__/db/api.test.js" timestamp="2026-04-19T19:13:10.081Z" hostname="PC-Gamer-Reinaldo" tests="19" failures="0" errors="0" skipped="0" time="0.026444">
        <testcase classname="src/__tests__/db/api.test.js" name="db/api.js &gt; getProducts chama endpoint padrão" time="0.0081896">
        </testcase>
        <testcase classname="src/__tests__/db/api.test.js" name="db/api.js &gt; getProducts com categoria aplica querystring codificada" time="0.0010006">
        </testcase>
        <testcase classname="src/__tests__/db/api.test.js" name="db/api.js &gt; getProductById chama endpoint por id" time="0.0005665">
        </testcase>
        <testcase classname="src/__tests__/db/api.test.js" name="db/api.js &gt; registerUser envia POST sem Authorization mesmo com token" time="0.0010935">
        </testcase>
        <testcase classname="src/__tests__/db/api.test.js" name="db/api.js &gt; loginUser e getUserByEmail fazem POST correto" time="0.0007202">
        </testcase>
        <testcase classname="src/__tests__/db/api.test.js" name="db/api.js &gt; getCartItems inclui Authorization quando token existe" time="0.0005173">
        </testcase>
        <testcase classname="src/__tests__/db/api.test.js" name="db/api.js &gt; upsertCartItem e removeCartItem chamam endpoints de carrinho" time="0.0007814">
        </testcase>
        <testcase classname="src/__tests__/db/api.test.js" name="db/api.js &gt; deleteProductByIdAdmin chama DELETE /api/products/:id" time="0.0006993">
        </testcase>
        <testcase classname="src/__tests__/db/api.test.js" name="db/api.js &gt; getUsersAdmin serializa query params válidos" time="0.000839">
        </testcase>
        <testcase classname="src/__tests__/db/api.test.js" name="db/api.js &gt; deleteUserByIdAdmin chama DELETE /api/users/:id" time="0.0009266">
        </testcase>
        <testcase classname="src/__tests__/db/api.test.js" name="db/api.js &gt; getUsersAdmin sem parâmetros não adiciona querystring" time="0.0005096">
        </testcase>
        <testcase classname="src/__tests__/db/api.test.js" name="db/api.js &gt; getMe e updateMyAddress chamam endpoints de conta autenticados" time="0.0008551">
        </testcase>
        <testcase classname="src/__tests__/db/api.test.js" name="db/api.js &gt; createOrder envia payload completo e idempotency key no header" time="0.0006507">
        </testcase>
        <testcase classname="src/__tests__/db/api.test.js" name="db/api.js &gt; getOrders e getOrderById serializam consulta e id corretamente" time="0.0005789">
        </testcase>
        <testcase classname="src/__tests__/db/api.test.js" name="db/api.js &gt; createOrderPayment e getOrderPaymentStatus usam rotas de pagamento" time="0.0005953">
        </testcase>
        <testcase classname="src/__tests__/db/api.test.js" name="db/api.js &gt; helpers getMyOrders/getMyOrderById delegam para endpoints de orders" time="0.0006476">
        </testcase>
        <testcase classname="src/__tests__/db/api.test.js" name="db/api.js &gt; lança erro com mensagem de API quando res.ok = false" time="0.0027689">
        </testcase>
        <testcase classname="src/__tests__/db/api.test.js" name="db/api.js &gt; quando JSON falha em erro de resposta, usa fallback HTTP status" time="0.000663">
        </testcase>
        <testcase classname="src/__tests__/db/api.test.js" name="db/api.js &gt; em 401 remove auth_user/auth_token do localStorage" time="0.0008063">
        </testcase>
    </testsuite>
    <testsuite name="src/__tests__/components/account/AccountPages.test.jsx" timestamp="2026-04-19T19:13:10.084Z" hostname="PC-Gamer-Reinaldo" tests="15" failures="0" errors="0" skipped="0" time="1.884776">
        <testcase classname="src/__tests__/components/account/AccountPages.test.jsx" name="Account pages &gt; renderiza cards principais no AccountHome" time="0.1524334">
        </testcase>
        <testcase classname="src/__tests__/components/account/AccountPages.test.jsx" name="Account pages &gt; carrega perfil do usuário na tela de dados" time="0.0633205">
        </testcase>
        <testcase classname="src/__tests__/components/account/AccountPages.test.jsx" name="Account pages &gt; edita endereço e envia atualização" time="1.0212625">
        </testcase>
        <testcase classname="src/__tests__/components/account/AccountPages.test.jsx" name="Account pages &gt; exibe erro quando falha ao salvar endereço" time="0.1993003">
        </testcase>
        <testcase classname="src/__tests__/components/account/AccountPages.test.jsx" name="Account pages &gt; aplica fallback para campos vazios quando dados de endereço não existem" time="0.0656305">
        </testcase>
        <testcase classname="src/__tests__/components/account/AccountPages.test.jsx" name="Account pages &gt; usa mensagem fallback ao falhar carregamento de endereço sem message" time="0.0241193">
        </testcase>
        <testcase classname="src/__tests__/components/account/AccountPages.test.jsx" name="Account pages &gt; usa mensagem fallback ao falhar atualização sem message" time="0.1717868">
        </testcase>
        <testcase classname="src/__tests__/components/account/AccountPages.test.jsx" name="Account pages &gt; lista pedidos na tela de pedidos" time="0.061332">
        </testcase>
        <testcase classname="src/__tests__/components/account/AccountPages.test.jsx" name="Account pages &gt; exibe estado vazio quando usuário não possui pedidos" time="0.0093731">
        </testcase>
        <testcase classname="src/__tests__/components/account/AccountPages.test.jsx" name="Account pages &gt; exibe erro ao falhar carregamento de pedidos" time="0.0215328">
        </testcase>
        <testcase classname="src/__tests__/components/account/AccountPages.test.jsx" name="Account pages &gt; exibe detalhe do pedido e itens" time="0.0308084">
        </testcase>
        <testcase classname="src/__tests__/components/account/AccountPages.test.jsx" name="Account pages &gt; exibe alerta quando detalhe do pedido retorna nulo" time="0.0075183">
        </testcase>
        <testcase classname="src/__tests__/components/account/AccountPages.test.jsx" name="Account pages &gt; exibe erro ao falhar carregamento do detalhe do pedido" time="0.0078016">
        </testcase>
        <testcase classname="src/__tests__/components/account/AccountPages.test.jsx" name="Account pages &gt; exibe erro quando falha ao carregar perfil do usuário" time="0.015133">
        </testcase>
        <testcase classname="src/__tests__/components/account/AccountPages.test.jsx" name="Account pages &gt; renderiza layout com menu da conta" time="0.0285096">
        </testcase>
    </testsuite>
    <testsuite name="src/__tests__/components/admin/AdminProductsPage.test.jsx" timestamp="2026-04-19T19:13:10.086Z" hostname="PC-Gamer-Reinaldo" tests="5" failures="0" errors="0" skipped="0" time="0.964271">
        <testcase classname="src/__tests__/components/admin/AdminProductsPage.test.jsx" name="AdminProductsPage &gt; carrega e renderiza produtos em ordem alfabética" time="0.4775404">
        </testcase>
        <testcase classname="src/__tests__/components/admin/AdminProductsPage.test.jsx" name="AdminProductsPage &gt; não exclui produto quando confirmação é cancelada" time="0.1783553">
        </testcase>
        <testcase classname="src/__tests__/components/admin/AdminProductsPage.test.jsx" name="AdminProductsPage &gt; exclui produto com sucesso e remove da lista" time="0.1223758">
        </testcase>
        <testcase classname="src/__tests__/components/admin/AdminProductsPage.test.jsx" name="AdminProductsPage &gt; exibe toast de erro quando exclusão falha" time="0.1535883">
        </testcase>
        <testcase classname="src/__tests__/components/admin/AdminProductsPage.test.jsx" name="AdminProductsPage &gt; exibe alerta quando falha ao carregar produtos" time="0.0273162">
        </testcase>
    </testsuite>
    <testsuite name="src/__tests__/components/admin/AdminRoutes.test.jsx" timestamp="2026-04-19T19:13:10.087Z" hostname="PC-Gamer-Reinaldo" tests="2" failures="0" errors="0" skipped="0" time="0.6871515">
        <testcase classname="src/__tests__/components/admin/AdminRoutes.test.jsx" name="Admin routes access control &gt; redireciona usuário não-admin de /minha-conta/admin para home da conta" time="0.5291119">
            <system-err>
MUI Grid: The `item` prop has been removed and is no longer necessary. You can safely remove it.

MUI Grid: The `xs` prop has been removed. See https://mui.com/material-ui/migration/upgrade-to-grid-v2/ for migration instructions.

MUI Grid: The `sm` prop has been removed. See https://mui.com/material-ui/migration/upgrade-to-grid-v2/ for migration instructions.

MUI Grid: The `md` prop has been removed. See https://mui.com/material-ui/migration/upgrade-to-grid-v2/ for migration instructions.


            </system-err>
        </testcase>
        <testcase classname="src/__tests__/components/admin/AdminRoutes.test.jsx" name="Admin routes access control &gt; permite acesso admin em /minha-conta/admin" time="0.1537458">
        </testcase>
    </testsuite>
    <testsuite name="src/__tests__/components/admin/AdminUsersPage.test.jsx" timestamp="2026-04-19T19:13:10.087Z" hostname="PC-Gamer-Reinaldo" tests="5" failures="0" errors="0" skipped="0" time="0.7818398">
        <testcase classname="src/__tests__/components/admin/AdminUsersPage.test.jsx" name="AdminUsersPage &gt; carrega usuários com paginação e ordena por id" time="0.2315512">
        </testcase>
        <testcase classname="src/__tests__/components/admin/AdminUsersPage.test.jsx" name="AdminUsersPage &gt; marca usuário logado como não removível" time="0.2196626">
        </testcase>
        <testcase classname="src/__tests__/components/admin/AdminUsersPage.test.jsx" name="AdminUsersPage &gt; exclui usuário com sucesso após confirmação" time="0.1704052">
        </testcase>
        <testcase classname="src/__tests__/components/admin/AdminUsersPage.test.jsx" name="AdminUsersPage &gt; não exclui usuário quando confirmação é negada" time="0.1235052">
        </testcase>
        <testcase classname="src/__tests__/components/admin/AdminUsersPage.test.jsx" name="AdminUsersPage &gt; exibe erro quando carregamento inicial falha" time="0.0312398">
        </testcase>
    </testsuite>
    <testsuite name="src/__tests__/components/payment/CardBrandChips.test.jsx" timestamp="2026-04-19T19:13:10.088Z" hostname="PC-Gamer-Reinaldo" tests="3" failures="0" errors="0" skipped="0" time="0.2138977">
        <testcase classname="src/__tests__/components/payment/CardBrandChips.test.jsx" name="CardBrandChips &gt; não renderiza quando visible=false" time="0.0265408">
        </testcase>
        <testcase classname="src/__tests__/components/payment/CardBrandChips.test.jsx" name="CardBrandChips &gt; renderiza lista de bandeiras e marca ativa" time="0.1400002">
        </testcase>
        <testcase classname="src/__tests__/components/payment/CardBrandChips.test.jsx" name="CardBrandChips &gt; exibe fallback textual quando logo falha ao carregar" time="0.0428712">
        </testcase>
    </testsuite>
</testsuites>
