{"/home/runner/work/tester.com/tester.com/src/App.jsx": {"path":"/home/runner/work/tester.com/tester.com/src/App.jsx","statementMap":{"0":{"start":{"line":32,"column":6},"end":{"line":115,"column":2}},"1":{"start":{"line":122,"column":6},"end":{"line":394,"column":null}},"2":{"start":{"line":123,"column":52},"end":{"line":123,"column":71}},"3":{"start":{"line":124,"column":28},"end":{"line":124,"column":48}},"4":{"start":{"line":126,"column":2},"end":{"line":394,"column":null}},"5":{"start":{"line":213,"column":29},"end":{"line":213,"column":54}},"6":{"start":{"line":398,"column":6},"end":{"line":404,"column":null}},"7":{"start":{"line":399,"column":10},"end":{"line":399,"column":34}},"8":{"start":{"line":400,"column":8},"end":{"line":400,"column":32}},"9":{"start":{"line":401,"column":2},"end":{"line":402,"column":null}},"10":{"start":{"line":402,"column":4},"end":{"line":402,"column":null}},"11":{"start":{"line":404,"column":2},"end":{"line":404,"column":null}},"12":{"start":{"line":407,"column":6},"end":{"line":491,"column":null}},"13":{"start":{"line":408,"column":20},"end":{"line":408,"column":48}},"14":{"start":{"line":409,"column":17},"end":{"line":409,"column":42}},"15":{"start":{"line":410,"column":10},"end":{"line":410,"column":29}},"16":{"start":{"line":412,"column":20},"end":{"line":412,"column":75}},"17":{"start":{"line":412,"column":52},"end":{"line":412,"column":73}},"18":{"start":{"line":414,"column":8},"end":{"line":428,"column":null}},"19":{"start":{"line":415,"column":4},"end":{"line":428,"column":null}},"20":{"start":{"line":416,"column":25},"end":{"line":416,"column":73}},"21":{"start":{"line":416,"column":50},"end":{"line":416,"column":73}},"22":{"start":{"line":417,"column":6},"end":{"line":426,"column":null}},"23":{"start":{"line":418,"column":8},"end":{"line":418,"column":null}},"24":{"start":{"line":419,"column":8},"end":{"line":423,"column":null}},"25":{"start":{"line":420,"column":10},"end":{"line":422,"column":null}},"26":{"start":{"line":425,"column":8},"end":{"line":425,"column":null}},"27":{"start":{"line":426,"column":8},"end":{"line":426,"column":null}},"28":{"start":{"line":431,"column":8},"end":{"line":437,"column":null}},"29":{"start":{"line":432,"column":4},"end":{"line":437,"column":null}},"30":{"start":{"line":433,"column":6},"end":{"line":433,"column":null}},"31":{"start":{"line":434,"column":6},"end":{"line":436,"column":null}},"32":{"start":{"line":435,"column":8},"end":{"line":435,"column":null}},"33":{"start":{"line":440,"column":8},"end":{"line":444,"column":null}},"34":{"start":{"line":441,"column":4},"end":{"line":444,"column":null}},"35":{"start":{"line":442,"column":6},"end":{"line":442,"column":null}},"36":{"start":{"line":443,"column":6},"end":{"line":443,"column":null}},"37":{"start":{"line":443,"column":40},"end":{"line":443,"column":63}},"38":{"start":{"line":447,"column":2},"end":{"line":491,"column":null}},"39":{"start":{"line":471,"column":49},"end":{"line":471,"column":65}},"40":{"start":{"line":496,"column":6},"end":{"line":505,"column":null}},"41":{"start":{"line":497,"column":2},"end":{"line":505,"column":null}}},"fnMap":{"0":{"name":"(anonymous_0)","decl":{"start":{"line":122,"column":6},"end":{"line":122,"column":16}},"loc":{"start":{"line":122,"column":53},"end":{"line":394,"column":null}},"line":122},"1":{"name":"(anonymous_1)","decl":{"start":{"line":213,"column":12},"end":{"line":213,"column":23}},"loc":{"start":{"line":213,"column":29},"end":{"line":213,"column":54}},"line":213},"2":{"name":"(anonymous_2)","decl":{"start":{"line":398,"column":6},"end":{"line":398,"column":24}},"loc":{"start":{"line":398,"column":41},"end":{"line":404,"column":null}},"line":398},"3":{"name":"(anonymous_3)","decl":{"start":{"line":407,"column":6},"end":{"line":407,"column":23}},"loc":{"start":{"line":407,"column":23},"end":{"line":491,"column":null}},"line":407},"4":{"name":"(anonymous_4)","decl":{"start":{"line":412,"column":30},"end":{"line":412,"column":38}},"loc":{"start":{"line":412,"column":52},"end":{"line":412,"column":73}},"line":412},"5":{"name":"(anonymous_5)","decl":{"start":{"line":414,"column":8},"end":{"line":414,"column":27}},"loc":{"start":{"line":414,"column":49},"end":{"line":428,"column":null}},"line":414},"6":{"name":"(anonymous_6)","decl":{"start":{"line":415,"column":4},"end":{"line":415,"column":18}},"loc":{"start":{"line":415,"column":32},"end":{"line":428,"column":null}},"line":415},"7":{"name":"(anonymous_7)","decl":{"start":{"line":416,"column":35},"end":{"line":416,"column":41}},"loc":{"start":{"line":416,"column":50},"end":{"line":416,"column":73}},"line":416},"8":{"name":"(anonymous_8)","decl":{"start":{"line":419,"column":25},"end":{"line":419,"column":30}},"loc":{"start":{"line":420,"column":10},"end":{"line":422,"column":null}},"line":420},"9":{"name":"(anonymous_9)","decl":{"start":{"line":431,"column":8},"end":{"line":431,"column":28}},"loc":{"start":{"line":431,"column":50},"end":{"line":437,"column":null}},"line":431},"10":{"name":"(anonymous_10)","decl":{"start":{"line":432,"column":4},"end":{"line":432,"column":18}},"loc":{"start":{"line":432,"column":32},"end":{"line":437,"column":null}},"line":432},"11":{"name":"(anonymous_11)","decl":{"start":{"line":434,"column":23},"end":{"line":434,"column":28}},"loc":{"start":{"line":435,"column":8},"end":{"line":435,"column":null}},"line":435},"12":{"name":"(anonymous_12)","decl":{"start":{"line":440,"column":8},"end":{"line":440,"column":32}},"loc":{"start":{"line":440,"column":44},"end":{"line":444,"column":null}},"line":440},"13":{"name":"(anonymous_13)","decl":{"start":{"line":441,"column":4},"end":{"line":441,"column":18}},"loc":{"start":{"line":441,"column":32},"end":{"line":444,"column":null}},"line":441},"14":{"name":"(anonymous_14)","decl":{"start":{"line":443,"column":23},"end":{"line":443,"column":31}},"loc":{"start":{"line":443,"column":40},"end":{"line":443,"column":63}},"line":443},"15":{"name":"(anonymous_15)","decl":{"start":{"line":471,"column":32},"end":{"line":471,"column":49}},"loc":{"start":{"line":471,"column":49},"end":{"line":471,"column":65}},"line":471},"16":{"name":"(anonymous_16)","decl":{"start":{"line":496,"column":6},"end":{"line":496,"column":18}},"loc":{"start":{"line":496,"column":18},"end":{"line":505,"column":null}},"line":496}},"branchMap":{"0":{"loc":{"start":{"line":263,"column":9},"end":{"line":320,"column":null}},"type":"cond-expr","locations":[{"start":{"line":264,"column":10},"end":{"line":302,"column":11}},{"start":{"line":302,"column":10},"end":{"line":320,"column":null}}],"line":263},"1":{"loc":{"start":{"line":401,"column":2},"end":{"line":402,"column":null}},"type":"if","locations":[{"start":{"line":401,"column":2},"end":{"line":402,"column":null}},{"start":{},"end":{}}],"line":401},"2":{"loc":{"start":{"line":417,"column":6},"end":{"line":426,"column":null}},"type":"if","locations":[{"start":{"line":417,"column":6},"end":{"line":426,"column":null}},{"start":{"line":424,"column":13},"end":{"line":426,"column":null}}],"line":417},"3":{"loc":{"start":{"line":420,"column":10},"end":{"line":422,"column":null}},"type":"cond-expr","locations":[{"start":{"line":421,"column":14},"end":{"line":421,"column":null}},{"start":{"line":422,"column":14},"end":{"line":422,"column":null}}],"line":420},"4":{"loc":{"start":{"line":435,"column":8},"end":{"line":435,"column":null}},"type":"cond-expr","locations":[{"start":{"line":435,"column":33},"end":{"line":435,"column":68}},{"start":{"line":435,"column":68},"end":{"line":435,"column":null}}],"line":435}},"s":{"0":1,"1":1,"2":11,"3":11,"4":11,"5":0,"6":1,"7":1,"8":1,"9":1,"10":1,"11":0,"12":1,"13":11,"14":11,"15":11,"16":11,"17":3,"18":11,"19":3,"20":3,"21":1,"22":3,"23":1,"24":1,"25":1,"26":2,"27":2,"28":11,"29":1,"30":1,"31":1,"32":0,"33":11,"34":1,"35":1,"36":1,"37":0,"38":11,"39":0,"40":1,"41":5},"f":{"0":11,"1":0,"2":1,"3":11,"4":3,"5":3,"6":3,"7":1,"8":1,"9":1,"10":1,"11":0,"12":1,"13":1,"14":0,"15":0,"16":5},"b":{"0":[0,11],"1":[1,0],"2":[1,2],"3":[1,0],"4":[0,0]},"meta":{"lastBranch":5,"lastFunction":17,"lastStatement":42,"seen":{"s:32:6:115:2":0,"s:122:6:394:Infinity":1,"f:122:6:122:16":0,"s:123:52:123:71":2,"s:124:28:124:48":3,"s:126:2:394:Infinity":4,"f:213:12:213:23":1,"s:213:29:213:54":5,"b:264:10:302:11:302:10:320:Infinity":0,"s:398:6:404:Infinity":6,"f:398:6:398:24":2,"s:399:10:399:34":7,"s:400:8:400:32":8,"b:401:2:402:Infinity:undefined:undefined:undefined:undefined":1,"s:401:2:402:Infinity":9,"s:402:4:402:Infinity":10,"s:404:2:404:Infinity":11,"s:407:6:491:Infinity":12,"f:407:6:407:23":3,"s:408:20:408:48":13,"s:409:17:409:42":14,"s:410:10:410:29":15,"s:412:20:412:75":16,"f:412:30:412:38":4,"s:412:52:412:73":17,"s:414:8:428:Infinity":18,"f:414:8:414:27":5,"s:415:4:428:Infinity":19,"f:415:4:415:18":6,"s:416:25:416:73":20,"f:416:35:416:41":7,"s:416:50:416:73":21,"b:417:6:426:Infinity:424:13:426:Infinity":2,"s:417:6:426:Infinity":22,"s:418:8:418:Infinity":23,"s:419:8:423:Infinity":24,"f:419:25:419:30":8,"s:420:10:422:Infinity":25,"b:421:14:421:Infinity:422:14:422:Infinity":3,"s:425:8:425:Infinity":26,"s:426:8:426:Infinity":27,"s:431:8:437:Infinity":28,"f:431:8:431:28":9,"s:432:4:437:Infinity":29,"f:432:4:432:18":10,"s:433:6:433:Infinity":30,"s:434:6:436:Infinity":31,"f:434:23:434:28":11,"s:435:8:435:Infinity":32,"b:435:33:435:68:435:68:435:Infinity":4,"s:440:8:444:Infinity":33,"f:440:8:440:32":12,"s:441:4:444:Infinity":34,"f:441:4:441:18":13,"s:442:6:442:Infinity":35,"s:443:6:443:Infinity":36,"f:443:23:443:31":14,"s:443:40:443:63":37,"s:447:2:491:Infinity":38,"f:471:32:471:49":15,"s:471:49:471:65":39,"s:496:6:505:Infinity":40,"f:496:6:496:18":16,"s:497:2:505:Infinity":41}}}
,"/home/runner/work/tester.com/tester.com/src/components/Cart.jsx": {"path":"/home/runner/work/tester.com/tester.com/src/components/Cart.jsx","statementMap":{"0":{"start":{"line":19,"column":6},"end":{"line":146,"column":null}},"1":{"start":{"line":25,"column":10},"end":{"line":25,"column":29}},"2":{"start":{"line":26,"column":24},"end":{"line":26,"column":65}},"3":{"start":{"line":27,"column":21},"end":{"line":29,"column":null}},"4":{"start":{"line":28,"column":21},"end":{"line":28,"column":null}},"5":{"start":{"line":32,"column":21},"end":{"line":32,"column":80}},"6":{"start":{"line":32,"column":57},"end":{"line":32,"column":78}},"7":{"start":{"line":34,"column":2},"end":{"line":146,"column":null}},"8":{"start":{"line":77,"column":18},"end":{"line":84,"column":null}}},"fnMap":{"0":{"name":"(anonymous_0)","decl":{"start":{"line":19,"column":6},"end":{"line":19,"column":14}},"loc":{"start":{"line":24,"column":6},"end":{"line":146,"column":null}},"line":24},"1":{"name":"(anonymous_1)","decl":{"start":{"line":21,"column":2},"end":{"line":21,"column":23}},"loc":{"start":{"line":21,"column":23},"end":{"line":21,"column":null}},"line":21},"2":{"name":"(anonymous_2)","decl":{"start":{"line":22,"column":2},"end":{"line":22,"column":27}},"loc":{"start":{"line":22,"column":27},"end":{"line":22,"column":null}},"line":22},"3":{"name":"(anonymous_3)","decl":{"start":{"line":23,"column":2},"end":{"line":23,"column":23}},"loc":{"start":{"line":23,"column":23},"end":{"line":23,"column":null}},"line":23},"4":{"name":"(anonymous_4)","decl":{"start":{"line":27,"column":35},"end":{"line":27,"column":null}},"loc":{"start":{"line":28,"column":21},"end":{"line":28,"column":null}},"line":28},"5":{"name":"(anonymous_5)","decl":{"start":{"line":32,"column":35},"end":{"line":32,"column":43}},"loc":{"start":{"line":32,"column":57},"end":{"line":32,"column":78}},"line":32},"6":{"name":"(anonymous_6)","decl":{"start":{"line":76,"column":31},"end":{"line":76,"column":36}},"loc":{"start":{"line":77,"column":18},"end":{"line":84,"column":null}},"line":77}},"branchMap":{"0":{"loc":{"start":{"line":20,"column":2},"end":{"line":20,"column":16}},"type":"default-arg","locations":[{"start":{"line":20,"column":14},"end":{"line":20,"column":16}}],"line":20},"1":{"loc":{"start":{"line":21,"column":2},"end":{"line":21,"column":null}},"type":"default-arg","locations":[{"start":{"line":21,"column":2},"end":{"line":21,"column":null}}],"line":21},"2":{"loc":{"start":{"line":22,"column":2},"end":{"line":22,"column":null}},"type":"default-arg","locations":[{"start":{"line":22,"column":2},"end":{"line":22,"column":null}}],"line":22},"3":{"loc":{"start":{"line":23,"column":2},"end":{"line":23,"column":null}},"type":"default-arg","locations":[{"start":{"line":23,"column":2},"end":{"line":23,"column":null}}],"line":23},"4":{"loc":{"start":{"line":26,"column":24},"end":{"line":26,"column":65}},"type":"cond-expr","locations":[{"start":{"line":26,"column":51},"end":{"line":26,"column":63}},{"start":{"line":26,"column":63},"end":{"line":26,"column":65}}],"line":26},"5":{"loc":{"start":{"line":40,"column":7},"end":{"line":146,"column":null}},"type":"cond-expr","locations":[{"start":{"line":41,"column":8},"end":{"line":71,"column":9}},{"start":{"line":71,"column":8},"end":{"line":146,"column":null}}],"line":40},"6":{"loc":{"start":{"line":83,"column":21},"end":{"line":84,"column":null}},"type":"binary-expr","locations":[{"start":{"line":83,"column":21},"end":{"line":83,"column":57}},{"start":{"line":83,"column":57},"end":{"line":84,"column":null}}],"line":83}},"s":{"0":1,"1":10,"2":10,"3":10,"4":16,"5":10,"6":16,"7":10,"8":16},"f":{"0":10,"1":0,"2":0,"3":0,"4":16,"5":16,"6":16},"b":{"0":[10],"1":[0],"2":[0],"3":[0],"4":[9,1],"5":[2,8],"6":[16,8]},"meta":{"lastBranch":7,"lastFunction":7,"lastStatement":9,"seen":{"s:19:6:146:Infinity":0,"f:19:6:19:14":0,"b:20:14:20:16":0,"b:21:2:21:Infinity":1,"f:21:2:21:23":1,"b:22:2:22:Infinity":2,"f:22:2:22:27":2,"b:23:2:23:Infinity":3,"f:23:2:23:23":3,"s:25:10:25:29":1,"s:26:24:26:65":2,"b:26:51:26:63:26:63:26:65":4,"s:27:21:29:Infinity":3,"f:27:35:27:Infinity":4,"s:28:21:28:Infinity":4,"s:32:21:32:80":5,"f:32:35:32:43":5,"s:32:57:32:78":6,"s:34:2:146:Infinity":7,"b:41:8:71:9:71:8:146:Infinity":5,"f:76:31:76:36":6,"s:77:18:84:Infinity":8,"b:83:21:83:57:83:57:84:Infinity":6}}}
,"/home/runner/work/tester.com/tester.com/src/components/CartItem.jsx": {"path":"/home/runner/work/tester.com/tester.com/src/components/CartItem.jsx","statementMap":{"0":{"start":{"line":16,"column":6},"end":{"line":102,"column":null}},"1":{"start":{"line":17,"column":10},"end":{"line":17,"column":29}},"2":{"start":{"line":18,"column":27},"end":{"line":18,"column":null}},"3":{"start":{"line":19,"column":31},"end":{"line":19,"column":null}},"4":{"start":{"line":20,"column":19},"end":{"line":26,"column":null}},"5":{"start":{"line":27,"column":2},"end":{"line":102,"column":null}},"6":{"start":{"line":75,"column":26},"end":{"line":75,"column":50}},"7":{"start":{"line":76,"column":14},"end":{"line":76,"column":null}},"8":{"start":{"line":76,"column":27},"end":{"line":76,"column":null}},"9":{"start":{"line":97,"column":27},"end":{"line":97,"column":57}}},"fnMap":{"0":{"name":"(anonymous_0)","decl":{"start":{"line":16,"column":6},"end":{"line":16,"column":18}},"loc":{"start":{"line":16,"column":83},"end":{"line":102,"column":null}},"line":16},"1":{"name":"(anonymous_1)","decl":{"start":{"line":18,"column":43},"end":{"line":18,"column":62}},"loc":{"start":{"line":18,"column":62},"end":{"line":18,"column":null}},"line":18},"2":{"name":"(anonymous_2)","decl":{"start":{"line":19,"column":51},"end":{"line":19,"column":70}},"loc":{"start":{"line":19,"column":70},"end":{"line":19,"column":null}},"line":19},"3":{"name":"(anonymous_3)","decl":{"start":{"line":74,"column":12},"end":{"line":74,"column":23}},"loc":{"start":{"line":74,"column":29},"end":{"line":76,"column":null}},"line":74},"4":{"name":"(anonymous_4)","decl":{"start":{"line":97,"column":12},"end":{"line":97,"column":27}},"loc":{"start":{"line":97,"column":27},"end":{"line":97,"column":57}},"line":97}},"branchMap":{"0":{"loc":{"start":{"line":18,"column":27},"end":{"line":18,"column":null}},"type":"binary-expr","locations":[{"start":{"line":18,"column":27},"end":{"line":18,"column":43}},{"start":{"line":18,"column":43},"end":{"line":18,"column":62}},{"start":{"line":18,"column":43},"end":{"line":18,"column":null}}],"line":18},"1":{"loc":{"start":{"line":19,"column":31},"end":{"line":19,"column":null}},"type":"binary-expr","locations":[{"start":{"line":19,"column":31},"end":{"line":19,"column":51}},{"start":{"line":19,"column":51},"end":{"line":19,"column":70}},{"start":{"line":19,"column":51},"end":{"line":19,"column":null}}],"line":19},"2":{"loc":{"start":{"line":22,"column":11},"end":{"line":22,"column":null}},"type":"binary-expr","locations":[{"start":{"line":22,"column":11},"end":{"line":22,"column":26}},{"start":{"line":22,"column":26},"end":{"line":22,"column":null}}],"line":22},"3":{"loc":{"start":{"line":23,"column":10},"end":{"line":23,"column":null}},"type":"binary-expr","locations":[{"start":{"line":23,"column":10},"end":{"line":23,"column":24}},{"start":{"line":23,"column":24},"end":{"line":23,"column":null}}],"line":23},"4":{"loc":{"start":{"line":24,"column":11},"end":{"line":24,"column":null}},"type":"cond-expr","locations":[{"start":{"line":24,"column":42},"end":{"line":24,"column":55}},{"start":{"line":24,"column":55},"end":{"line":24,"column":null}}],"line":24},"5":{"loc":{"start":{"line":25,"column":14},"end":{"line":25,"column":null}},"type":"cond-expr","locations":[{"start":{"line":25,"column":69},"end":{"line":25,"column":85}},{"start":{"line":25,"column":85},"end":{"line":25,"column":null}}],"line":25},"6":{"loc":{"start":{"line":25,"column":14},"end":{"line":25,"column":69}},"type":"binary-expr","locations":[{"start":{"line":25,"column":14},"end":{"line":25,"column":45}},{"start":{"line":25,"column":49},"end":{"line":25,"column":69}}],"line":25},"7":{"loc":{"start":{"line":76,"column":14},"end":{"line":76,"column":null}},"type":"if","locations":[{"start":{"line":76,"column":14},"end":{"line":76,"column":null}},{"start":{},"end":{}}],"line":76}},"s":{"0":1,"1":8,"2":8,"3":8,"4":8,"5":8,"6":4,"7":4,"8":3,"9":3},"f":{"0":8,"1":1,"2":1,"3":4,"4":3},"b":{"0":[8,7,1],"1":[8,7,1],"2":[8,1],"3":[8,1],"4":[7,1],"5":[7,1],"6":[8,8],"7":[3,1]},"meta":{"lastBranch":8,"lastFunction":5,"lastStatement":10,"seen":{"s:16:6:102:Infinity":0,"f:16:6:16:18":0,"s:17:10:17:29":1,"s:18:27:18:Infinity":2,"b:18:27:18:43:18:43:18:62:18:43:18:Infinity":0,"f:18:43:18:62":1,"s:19:31:19:Infinity":3,"b:19:31:19:51:19:51:19:70:19:51:19:Infinity":1,"f:19:51:19:70":2,"s:20:19:26:Infinity":4,"b:22:11:22:26:22:26:22:Infinity":2,"b:23:10:23:24:23:24:23:Infinity":3,"b:24:42:24:55:24:55:24:Infinity":4,"b:25:69:25:85:25:85:25:Infinity":5,"b:25:14:25:45:25:49:25:69":6,"s:27:2:102:Infinity":5,"f:74:12:74:23":3,"s:75:26:75:50":6,"b:76:14:76:Infinity:undefined:undefined:undefined:undefined":7,"s:76:14:76:Infinity":7,"s:76:27:76:Infinity":8,"f:97:12:97:27":4,"s:97:27:97:57":9}}}
,"/home/runner/work/tester.com/tester.com/src/components/Catalog.jsx": {"path":"/home/runner/work/tester.com/tester.com/src/components/Catalog.jsx","statementMap":{"0":{"start":{"line":17,"column":6},"end":{"line":115,"column":null}},"1":{"start":{"line":18,"column":10},"end":{"line":18,"column":29}},"2":{"start":{"line":19,"column":19},"end":{"line":19,"column":46}},"3":{"start":{"line":20,"column":27},"end":{"line":20,"column":62}},"4":{"start":{"line":21,"column":20},"end":{"line":21,"column":50}},"5":{"start":{"line":24,"column":2},"end":{"line":28,"column":null}},"6":{"start":{"line":25,"column":4},"end":{"line":26,"column":null}},"7":{"start":{"line":26,"column":8},"end":{"line":26,"column":null}},"8":{"start":{"line":30,"column":2},"end":{"line":43,"column":null}},"9":{"start":{"line":31,"column":26},"end":{"line":39,"column":null}},"10":{"start":{"line":32,"column":8},"end":{"line":32,"column":null}},"11":{"start":{"line":33,"column":8},"end":{"line":39,"column":null}},"12":{"start":{"line":34,"column":25},"end":{"line":34,"column":44}},"13":{"start":{"line":35,"column":12},"end":{"line":35,"column":null}},"14":{"start":{"line":37,"column":12},"end":{"line":37,"column":null}},"15":{"start":{"line":39,"column":12},"end":{"line":39,"column":null}},"16":{"start":{"line":42,"column":4},"end":{"line":42,"column":null}},"17":{"start":{"line":45,"column":21},"end":{"line":45,"column":95}},"18":{"start":{"line":45,"column":82},"end":{"line":45,"column":93}},"19":{"start":{"line":47,"column":19},"end":{"line":52,"column":null}},"20":{"start":{"line":48,"column":24},"end":{"line":48,"column":75}},"21":{"start":{"line":50,"column":6},"end":{"line":50,"column":null}},"22":{"start":{"line":51,"column":4},"end":{"line":51,"column":null}},"23":{"start":{"line":54,"column":2},"end":{"line":115,"column":null}},"24":{"start":{"line":69,"column":29},"end":{"line":69,"column":54}},"25":{"start":{"line":81,"column":14},"end":{"line":88,"column":null}},"26":{"start":{"line":86,"column":31},"end":{"line":86,"column":55}},"27":{"start":{"line":103,"column":12},"end":{"line":105,"column":null}}},"fnMap":{"0":{"name":"(anonymous_0)","decl":{"start":{"line":17,"column":6},"end":{"line":17,"column":17}},"loc":{"start":{"line":17,"column":83},"end":{"line":115,"column":null}},"line":17},"1":{"name":"(anonymous_1)","decl":{"start":{"line":17,"column":19},"end":{"line":17,"column":39}},"loc":{"start":{"line":17,"column":39},"end":{"line":17,"column":43}},"line":17},"2":{"name":"(anonymous_2)","decl":{"start":{"line":17,"column":56},"end":{"line":17,"column":74}},"loc":{"start":{"line":17,"column":74},"end":{"line":17,"column":83}},"line":17},"3":{"name":"(anonymous_3)","decl":{"start":{"line":24,"column":2},"end":{"line":24,"column":18}},"loc":{"start":{"line":24,"column":18},"end":{"line":28,"column":6}},"line":24},"4":{"name":"(anonymous_4)","decl":{"start":{"line":30,"column":2},"end":{"line":30,"column":18}},"loc":{"start":{"line":30,"column":18},"end":{"line":43,"column":7}},"line":30},"5":{"name":"(anonymous_5)","decl":{"start":{"line":31,"column":26},"end":{"line":31,"column":38}},"loc":{"start":{"line":31,"column":38},"end":{"line":39,"column":null}},"line":31},"6":{"name":"(anonymous_6)","decl":{"start":{"line":45,"column":71},"end":{"line":45,"column":76}},"loc":{"start":{"line":45,"column":82},"end":{"line":45,"column":93}},"line":45},"7":{"name":"(anonymous_7)","decl":{"start":{"line":47,"column":28},"end":{"line":47,"column":36}},"loc":{"start":{"line":47,"column":42},"end":{"line":52,"column":null}},"line":47},"8":{"name":"(anonymous_8)","decl":{"start":{"line":69,"column":12},"end":{"line":69,"column":23}},"loc":{"start":{"line":69,"column":29},"end":{"line":69,"column":54}},"line":69},"9":{"name":"(anonymous_9)","decl":{"start":{"line":80,"column":24},"end":{"line":80,"column":29}},"loc":{"start":{"line":81,"column":14},"end":{"line":88,"column":null}},"line":81},"10":{"name":"(anonymous_10)","decl":{"start":{"line":86,"column":16},"end":{"line":86,"column":31}},"loc":{"start":{"line":86,"column":31},"end":{"line":86,"column":55}},"line":86},"11":{"name":"(anonymous_11)","decl":{"start":{"line":102,"column":19},"end":{"line":102,"column":24}},"loc":{"start":{"line":103,"column":12},"end":{"line":105,"column":null}},"line":103}},"branchMap":{"0":{"loc":{"start":{"line":17,"column":19},"end":{"line":17,"column":43}},"type":"default-arg","locations":[{"start":{"line":17,"column":19},"end":{"line":17,"column":43}}],"line":17},"1":{"loc":{"start":{"line":17,"column":43},"end":{"line":17,"column":56}},"type":"default-arg","locations":[{"start":{"line":17,"column":52},"end":{"line":17,"column":56}}],"line":17},"2":{"loc":{"start":{"line":17,"column":56},"end":{"line":17,"column":83}},"type":"default-arg","locations":[{"start":{"line":17,"column":56},"end":{"line":17,"column":83}}],"line":17},"3":{"loc":{"start":{"line":25,"column":4},"end":{"line":26,"column":null}},"type":"if","locations":[{"start":{"line":25,"column":4},"end":{"line":26,"column":null}},{"start":{},"end":{}}],"line":25},"4":{"loc":{"start":{"line":25,"column":8},"end":{"line":25,"column":56}},"type":"binary-expr","locations":[{"start":{"line":25,"column":8},"end":{"line":25,"column":29}},{"start":{"line":25,"column":29},"end":{"line":25,"column":56}}],"line":25},"5":{"loc":{"start":{"line":35,"column":24},"end":{"line":35,"column":55}},"type":"cond-expr","locations":[{"start":{"line":35,"column":46},"end":{"line":35,"column":53}},{"start":{"line":35,"column":53},"end":{"line":35,"column":55}}],"line":35},"6":{"loc":{"start":{"line":50,"column":6},"end":{"line":50,"column":null}},"type":"binary-expr","locations":[{"start":{"line":50,"column":6},"end":{"line":50,"column":54}},{"start":{"line":50,"column":58},"end":{"line":50,"column":null}}],"line":50},"7":{"loc":{"start":{"line":51,"column":11},"end":{"line":51,"column":null}},"type":"binary-expr","locations":[{"start":{"line":51,"column":11},"end":{"line":51,"column":26}},{"start":{"line":51,"column":26},"end":{"line":51,"column":null}}],"line":51},"8":{"loc":{"start":{"line":61,"column":73},"end":{"line":61,"column":107}},"type":"cond-expr","locations":[{"start":{"line":61,"column":97},"end":{"line":61,"column":103}},{"start":{"line":61,"column":103},"end":{"line":61,"column":107}}],"line":61},"9":{"loc":{"start":{"line":85,"column":23},"end":{"line":85,"column":null}},"type":"cond-expr","locations":[{"start":{"line":85,"column":50},"end":{"line":85,"column":62}},{"start":{"line":85,"column":62},"end":{"line":85,"column":null}}],"line":85},"10":{"loc":{"start":{"line":87,"column":25},"end":{"line":87,"column":null}},"type":"cond-expr","locations":[{"start":{"line":87,"column":52},"end":{"line":87,"column":63}},{"start":{"line":87,"column":63},"end":{"line":87,"column":null}}],"line":87},"11":{"loc":{"start":{"line":95,"column":9},"end":{"line":105,"column":null}},"type":"cond-expr","locations":[{"start":{"line":96,"column":11},"end":{"line":102,"column":19}},{"start":{"line":102,"column":10},"end":{"line":105,"column":null}}],"line":95},"12":{"loc":{"start":{"line":110,"column":7},"end":{"line":115,"column":null}},"type":"binary-expr","locations":[{"start":{"line":110,"column":7},"end":{"line":110,"column":21}},{"start":{"line":110,"column":21},"end":{"line":110,"column":null}},{"start":{"line":111,"column":8},"end":{"line":115,"column":null}}],"line":110}},"s":{"0":1,"1":25,"2":25,"3":25,"4":25,"5":25,"6":24,"7":10,"8":25,"9":10,"10":10,"11":10,"12":10,"13":10,"14":0,"15":10,"16":10,"17":25,"18":0,"19":25,"20":0,"21":0,"22":0,"23":25,"24":6,"25":24,"26":0,"27":0},"f":{"0":25,"1":0,"2":0,"3":24,"4":10,"5":10,"6":0,"7":0,"8":6,"9":24,"10":0,"11":0},"b":{"0":[0],"1":[25],"2":[0],"3":[10,14],"4":[24,10],"5":[10,0],"6":[0,0],"7":[0,0],"8":[24,0],"9":[14,10],"10":[14,10],"11":[20,4],"12":[25,4,4]},"meta":{"lastBranch":13,"lastFunction":12,"lastStatement":28,"seen":{"s:17:6:115:Infinity":0,"f:17:6:17:17":0,"b:17:19:17:43":0,"f:17:19:17:39":1,"b:17:52:17:56":1,"b:17:56:17:83":2,"f:17:56:17:74":2,"s:18:10:18:29":1,"s:19:19:19:46":2,"s:20:27:20:62":3,"s:21:20:21:50":4,"s:24:2:28:Infinity":5,"f:24:2:24:18":3,"b:25:4:26:Infinity:undefined:undefined:undefined:undefined":3,"s:25:4:26:Infinity":6,"b:25:8:25:29:25:29:25:56":4,"s:26:8:26:Infinity":7,"s:30:2:43:Infinity":8,"f:30:2:30:18":4,"s:31:26:39:Infinity":9,"f:31:26:31:38":5,"s:32:8:32:Infinity":10,"s:33:8:39:Infinity":11,"s:34:25:34:44":12,"s:35:12:35:Infinity":13,"b:35:46:35:53:35:53:35:55":5,"s:37:12:37:Infinity":14,"s:39:12:39:Infinity":15,"s:42:4:42:Infinity":16,"s:45:21:45:95":17,"f:45:71:45:76":6,"s:45:82:45:93":18,"s:47:19:52:Infinity":19,"f:47:28:47:36":7,"s:48:24:48:75":20,"s:50:6:50:Infinity":21,"b:50:6:50:54:50:58:50:Infinity":6,"s:51:4:51:Infinity":22,"b:51:11:51:26:51:26:51:Infinity":7,"s:54:2:115:Infinity":23,"b:61:97:61:103:61:103:61:107":8,"f:69:12:69:23":8,"s:69:29:69:54":24,"f:80:24:80:29":9,"s:81:14:88:Infinity":25,"b:85:50:85:62:85:62:85:Infinity":9,"f:86:16:86:31":10,"s:86:31:86:55":26,"b:87:52:87:63:87:63:87:Infinity":10,"b:96:11:102:19:102:10:105:Infinity":11,"f:102:19:102:24":11,"s:103:12:105:Infinity":27,"b:110:7:110:21:110:21:110:Infinity:111:8:115:Infinity":12}}}
,"/home/runner/work/tester.com/tester.com/src/components/CheckoutButton.jsx": {"path":"/home/runner/work/tester.com/tester.com/src/components/CheckoutButton.jsx","statementMap":{"0":{"start":{"line":10,"column":6},"end":{"line":47,"column":null}},"1":{"start":{"line":11,"column":8},"end":{"line":11,"column":32}},"2":{"start":{"line":12,"column":8},"end":{"line":12,"column":32}},"3":{"start":{"line":13,"column":10},"end":{"line":13,"column":29}},"4":{"start":{"line":14,"column":8},"end":{"line":14,"column":24}},"5":{"start":{"line":15,"column":21},"end":{"line":15,"column":null}},"6":{"start":{"line":16,"column":24},"end":{"line":16,"column":65}},"7":{"start":{"line":18,"column":8},"end":{"line":32,"column":null}},"8":{"start":{"line":19,"column":4},"end":{"line":21,"column":null}},"9":{"start":{"line":20,"column":6},"end":{"line":20,"column":null}},"10":{"start":{"line":21,"column":6},"end":{"line":21,"column":null}},"11":{"start":{"line":24,"column":4},"end":{"line":28,"column":null}},"12":{"start":{"line":25,"column":6},"end":{"line":25,"column":null}},"13":{"start":{"line":27,"column":6},"end":{"line":27,"column":null}},"14":{"start":{"line":28,"column":6},"end":{"line":28,"column":null}},"15":{"start":{"line":31,"column":4},"end":{"line":31,"column":null}},"16":{"start":{"line":32,"column":4},"end":{"line":32,"column":null}},"17":{"start":{"line":35,"column":2},"end":{"line":47,"column":null}}},"fnMap":{"0":{"name":"(anonymous_0)","decl":{"start":{"line":10,"column":6},"end":{"line":10,"column":24}},"loc":{"start":{"line":10,"column":72},"end":{"line":47,"column":null}},"line":10},"1":{"name":"(anonymous_1)","decl":{"start":{"line":10,"column":42},"end":{"line":10,"column":63}},"loc":{"start":{"line":10,"column":63},"end":{"line":10,"column":72}},"line":10},"2":{"name":"(anonymous_2)","decl":{"start":{"line":18,"column":8},"end":{"line":18,"column":31}},"loc":{"start":{"line":18,"column":31},"end":{"line":32,"column":null}},"line":18}},"branchMap":{"0":{"loc":{"start":{"line":10,"column":26},"end":{"line":10,"column":40}},"type":"default-arg","locations":[{"start":{"line":10,"column":38},"end":{"line":10,"column":40}}],"line":10},"1":{"loc":{"start":{"line":10,"column":42},"end":{"line":10,"column":72}},"type":"default-arg","locations":[{"start":{"line":10,"column":42},"end":{"line":10,"column":72}}],"line":10},"2":{"loc":{"start":{"line":15,"column":21},"end":{"line":15,"column":null}},"type":"binary-expr","locations":[{"start":{"line":15,"column":21},"end":{"line":15,"column":41}},{"start":{"line":15,"column":41},"end":{"line":15,"column":66}},{"start":{"line":15,"column":66},"end":{"line":15,"column":null}}],"line":15},"3":{"loc":{"start":{"line":16,"column":24},"end":{"line":16,"column":65}},"type":"cond-expr","locations":[{"start":{"line":16,"column":51},"end":{"line":16,"column":63}},{"start":{"line":16,"column":63},"end":{"line":16,"column":65}}],"line":16},"4":{"loc":{"start":{"line":19,"column":4},"end":{"line":21,"column":null}},"type":"if","locations":[{"start":{"line":19,"column":4},"end":{"line":21,"column":null}},{"start":{},"end":{}}],"line":19},"5":{"loc":{"start":{"line":24,"column":4},"end":{"line":28,"column":null}},"type":"if","locations":[{"start":{"line":24,"column":4},"end":{"line":28,"column":null}},{"start":{},"end":{}}],"line":24},"6":{"loc":{"start":{"line":41,"column":17},"end":{"line":41,"column":null}},"type":"cond-expr","locations":[{"start":{"line":41,"column":30},"end":{"line":41,"column":62}},{"start":{"line":41,"column":61},"end":{"line":41,"column":null}}],"line":41},"7":{"loc":{"start":{"line":46,"column":7},"end":{"line":46,"column":null}},"type":"cond-expr","locations":[{"start":{"line":46,"column":20},"end":{"line":46,"column":40}},{"start":{"line":46,"column":43},"end":{"line":46,"column":null}}],"line":46}},"s":{"0":1,"1":10,"2":10,"3":10,"4":10,"5":10,"6":10,"7":10,"8":4,"9":0,"10":0,"11":4,"12":2,"13":2,"14":2,"15":2,"16":2,"17":10},"f":{"0":10,"1":0,"2":4},"b":{"0":[10],"1":[0],"2":[10,1,0],"3":[9,1],"4":[0,4],"5":[2,2],"6":[4,6],"7":[4,6]},"meta":{"lastBranch":8,"lastFunction":3,"lastStatement":18,"seen":{"s:10:6:47:Infinity":0,"f:10:6:10:24":0,"b:10:38:10:40":0,"b:10:42:10:72":1,"f:10:42:10:63":1,"s:11:8:11:32":1,"s:12:8:12:32":2,"s:13:10:13:29":3,"s:14:8:14:24":4,"s:15:21:15:Infinity":5,"b:15:21:15:41:15:41:15:66:15:66:15:Infinity":2,"s:16:24:16:65":6,"b:16:51:16:63:16:63:16:65":3,"s:18:8:32:Infinity":7,"f:18:8:18:31":2,"b:19:4:21:Infinity:undefined:undefined:undefined:undefined":4,"s:19:4:21:Infinity":8,"s:20:6:20:Infinity":9,"s:21:6:21:Infinity":10,"b:24:4:28:Infinity:undefined:undefined:undefined:undefined":5,"s:24:4:28:Infinity":11,"s:25:6:25:Infinity":12,"s:27:6:27:Infinity":13,"s:28:6:28:Infinity":14,"s:31:4:31:Infinity":15,"s:32:4:32:Infinity":16,"s:35:2:47:Infinity":17,"b:41:30:41:62:41:61:41:Infinity":6,"b:46:20:46:40:46:43:46:Infinity":7}}}
,"/home/runner/work/tester.com/tester.com/src/components/Login.jsx": {"path":"/home/runner/work/tester.com/tester.com/src/components/Login.jsx","statementMap":{"0":{"start":{"line":26,"column":6},"end":{"line":276,"column":null}},"1":{"start":{"line":27,"column":8},"end":{"line":27,"column":32}},"2":{"start":{"line":28,"column":8},"end":{"line":28,"column":32}},"3":{"start":{"line":29,"column":10},"end":{"line":29,"column":29}},"4":{"start":{"line":32,"column":17},"end":{"line":32,"column":53}},"5":{"start":{"line":33,"column":19},"end":{"line":33,"column":null}},"6":{"start":{"line":35,"column":16},"end":{"line":35,"column":40}},"7":{"start":{"line":36,"column":19},"end":{"line":36,"column":46}},"8":{"start":{"line":37,"column":23},"end":{"line":37,"column":57}},"9":{"start":{"line":38,"column":16},"end":{"line":38,"column":40}},"10":{"start":{"line":39,"column":18},"end":{"line":39,"column":47}},"11":{"start":{"line":53,"column":23},"end":{"line":88,"column":null}},"12":{"start":{"line":54,"column":4},"end":{"line":54,"column":null}},"13":{"start":{"line":55,"column":4},"end":{"line":55,"column":null}},"14":{"start":{"line":57,"column":4},"end":{"line":59,"column":null}},"15":{"start":{"line":58,"column":6},"end":{"line":58,"column":null}},"16":{"start":{"line":59,"column":6},"end":{"line":59,"column":null}},"17":{"start":{"line":62,"column":4},"end":{"line":62,"column":null}},"18":{"start":{"line":63,"column":4},"end":{"line":88,"column":null}},"19":{"start":{"line":64,"column":28},"end":{"line":64,"column":92}},"20":{"start":{"line":65,"column":21},"end":{"line":65,"column":null}},"21":{"start":{"line":66,"column":26},"end":{"line":66,"column":null}},"22":{"start":{"line":68,"column":6},"end":{"line":69,"column":null}},"23":{"start":{"line":69,"column":8},"end":{"line":69,"column":null}},"24":{"start":{"line":72,"column":6},"end":{"line":81,"column":null}},"25":{"start":{"line":83,"column":6},"end":{"line":83,"column":null}},"26":{"start":{"line":84,"column":6},"end":{"line":84,"column":null}},"27":{"start":{"line":86,"column":6},"end":{"line":86,"column":null}},"28":{"start":{"line":88,"column":6},"end":{"line":88,"column":null}},"29":{"start":{"line":92,"column":2},"end":{"line":276,"column":null}},"30":{"start":{"line":151,"column":31},"end":{"line":151,"column":43}},"31":{"start":{"line":165,"column":31},"end":{"line":165,"column":55}},"32":{"start":{"line":177,"column":31},"end":{"line":177,"column":58}},"33":{"start":{"line":184,"column":37},"end":{"line":184,"column":63}},"34":{"start":{"line":184,"column":60},"end":{"line":184,"column":63}}},"fnMap":{"0":{"name":"(anonymous_0)","decl":{"start":{"line":26,"column":6},"end":{"line":26,"column":20}},"loc":{"start":{"line":26,"column":20},"end":{"line":276,"column":null}},"line":26},"1":{"name":"(anonymous_1)","decl":{"start":{"line":53,"column":23},"end":{"line":53,"column":30}},"loc":{"start":{"line":53,"column":36},"end":{"line":88,"column":null}},"line":53},"2":{"name":"(anonymous_2)","decl":{"start":{"line":151,"column":16},"end":{"line":151,"column":31}},"loc":{"start":{"line":151,"column":31},"end":{"line":151,"column":43}},"line":151},"3":{"name":"(anonymous_3)","decl":{"start":{"line":165,"column":14},"end":{"line":165,"column":25}},"loc":{"start":{"line":165,"column":31},"end":{"line":165,"column":55}},"line":165},"4":{"name":"(anonymous_4)","decl":{"start":{"line":177,"column":14},"end":{"line":177,"column":25}},"loc":{"start":{"line":177,"column":31},"end":{"line":177,"column":58}},"line":177},"5":{"name":"(anonymous_5)","decl":{"start":{"line":184,"column":22},"end":{"line":184,"column":37}},"loc":{"start":{"line":184,"column":37},"end":{"line":184,"column":63}},"line":184},"6":{"name":"(anonymous_6)","decl":{"start":{"line":184,"column":37},"end":{"line":184,"column":54}},"loc":{"start":{"line":184,"column":60},"end":{"line":184,"column":63}},"line":184}},"branchMap":{"0":{"loc":{"start":{"line":33,"column":19},"end":{"line":33,"column":null}},"type":"binary-expr","locations":[{"start":{"line":33,"column":19},"end":{"line":33,"column":37}},{"start":{"line":33,"column":41},"end":{"line":33,"column":null}}],"line":33},"1":{"loc":{"start":{"line":57,"column":4},"end":{"line":59,"column":null}},"type":"if","locations":[{"start":{"line":57,"column":4},"end":{"line":59,"column":null}},{"start":{},"end":{}}],"line":57},"2":{"loc":{"start":{"line":57,"column":8},"end":{"line":57,"column":36}},"type":"binary-expr","locations":[{"start":{"line":57,"column":8},"end":{"line":57,"column":21}},{"start":{"line":57,"column":25},"end":{"line":57,"column":36}}],"line":57},"3":{"loc":{"start":{"line":65,"column":21},"end":{"line":65,"column":null}},"type":"binary-expr","locations":[{"start":{"line":65,"column":21},"end":{"line":65,"column":43}},{"start":{"line":65,"column":43},"end":{"line":65,"column":null}}],"line":65},"4":{"loc":{"start":{"line":68,"column":6},"end":{"line":69,"column":null}},"type":"if","locations":[{"start":{"line":68,"column":6},"end":{"line":69,"column":null}},{"start":{},"end":{}}],"line":68},"5":{"loc":{"start":{"line":86,"column":15},"end":{"line":86,"column":72}},"type":"binary-expr","locations":[{"start":{"line":86,"column":15},"end":{"line":86,"column":30}},{"start":{"line":86,"column":30},"end":{"line":86,"column":72}}],"line":86},"6":{"loc":{"start":{"line":146,"column":13},"end":{"line":154,"column":null}},"type":"binary-expr","locations":[{"start":{"line":146,"column":13},"end":{"line":146,"column":null}},{"start":{"line":147,"column":14},"end":{"line":154,"column":null}}],"line":146},"7":{"loc":{"start":{"line":174,"column":20},"end":{"line":174,"column":null}},"type":"cond-expr","locations":[{"start":{"line":174,"column":35},"end":{"line":174,"column":44}},{"start":{"line":174,"column":44},"end":{"line":174,"column":null}}],"line":174},"8":{"loc":{"start":{"line":186,"column":23},"end":{"line":189,"column":null}},"type":"cond-expr","locations":[{"start":{"line":187,"column":24},"end":{"line":189,"column":25}},{"start":{"line":189,"column":24},"end":{"line":189,"column":null}}],"line":186},"9":{"loc":{"start":{"line":219,"column":16},"end":{"line":222,"column":null}},"type":"cond-expr","locations":[{"start":{"line":220,"column":18},"end":{"line":222,"column":19}},{"start":{"line":222,"column":18},"end":{"line":222,"column":null}}],"line":219},"10":{"loc":{"start":{"line":236,"column":15},"end":{"line":236,"column":null}},"type":"cond-expr","locations":[{"start":{"line":236,"column":25},"end":{"line":236,"column":41}},{"start":{"line":236,"column":41},"end":{"line":236,"column":null}}],"line":236}},"s":{"0":1,"1":135,"2":135,"3":135,"4":135,"5":135,"6":135,"7":135,"8":135,"9":135,"10":135,"11":135,"12":8,"13":8,"14":8,"15":2,"16":2,"17":6,"18":6,"19":6,"20":5,"21":8,"22":8,"23":1,"24":4,"25":4,"26":4,"27":2,"28":6,"29":135,"30":1,"31":78,"32":30,"33":2,"34":2},"f":{"0":135,"1":8,"2":1,"3":78,"4":30,"5":2,"6":2},"b":{"0":[135,114],"1":[2,6],"2":[8,6],"3":[5,1],"4":[1,7],"5":[2,1],"6":[135,4],"7":[1,134],"8":[1,134],"9":[6,129],"10":[6,129]},"meta":{"lastBranch":11,"lastFunction":7,"lastStatement":35,"seen":{"s:26:6:276:Infinity":0,"f:26:6:26:20":0,"s:27:8:27:32":1,"s:28:8:28:32":2,"s:29:10:29:29":3,"s:32:17:32:53":4,"s:33:19:33:Infinity":5,"b:33:19:33:37:33:41:33:Infinity":0,"s:35:16:35:40":6,"s:36:19:36:46":7,"s:37:23:37:57":8,"s:38:16:38:40":9,"s:39:18:39:47":10,"s:53:23:88:Infinity":11,"f:53:23:53:30":1,"s:54:4:54:Infinity":12,"s:55:4:55:Infinity":13,"b:57:4:59:Infinity:undefined:undefined:undefined:undefined":1,"s:57:4:59:Infinity":14,"b:57:8:57:21:57:25:57:36":2,"s:58:6:58:Infinity":15,"s:59:6:59:Infinity":16,"s:62:4:62:Infinity":17,"s:63:4:88:Infinity":18,"s:64:28:64:92":19,"s:65:21:65:Infinity":20,"b:65:21:65:43:65:43:65:Infinity":3,"s:66:26:66:Infinity":21,"b:68:6:69:Infinity:undefined:undefined:undefined:undefined":4,"s:68:6:69:Infinity":22,"s:69:8:69:Infinity":23,"s:72:6:81:Infinity":24,"s:83:6:83:Infinity":25,"s:84:6:84:Infinity":26,"s:86:6:86:Infinity":27,"b:86:15:86:30:86:30:86:72":5,"s:88:6:88:Infinity":28,"s:92:2:276:Infinity":29,"b:146:13:146:Infinity:147:14:154:Infinity":6,"f:151:16:151:31":2,"s:151:31:151:43":30,"f:165:14:165:25":3,"s:165:31:165:55":31,"b:174:35:174:44:174:44:174:Infinity":7,"f:177:14:177:25":4,"s:177:31:177:58":32,"f:184:22:184:37":5,"s:184:37:184:63":33,"f:184:37:184:54":6,"s:184:60:184:63":34,"b:187:24:189:25:189:24:189:Infinity":8,"b:220:18:222:19:222:18:222:Infinity":9,"b:236:25:236:41:236:41:236:Infinity":10}}}
,"/home/runner/work/tester.com/tester.com/src/components/Product.jsx": {"path":"/home/runner/work/tester.com/tester.com/src/components/Product.jsx","statementMap":{"0":{"start":{"line":21,"column":6},"end":{"line":111,"column":null}},"1":{"start":{"line":22,"column":19},"end":{"line":22,"column":45}},"2":{"start":{"line":23,"column":10},"end":{"line":23,"column":29}},"3":{"start":{"line":24,"column":8},"end":{"line":24,"column":32}},"4":{"start":{"line":25,"column":22},"end":{"line":32,"column":null}},"5":{"start":{"line":34,"column":2},"end":{"line":111,"column":null}},"6":{"start":{"line":48,"column":23},"end":{"line":48,"column":61}},"7":{"start":{"line":72,"column":25},"end":{"line":72,"column":63}},"8":{"start":{"line":91,"column":29},"end":{"line":91,"column":56}},"9":{"start":{"line":94,"column":14},"end":{"line":96,"column":null}},"10":{"start":{"line":106,"column":27},"end":{"line":106,"column":61}}},"fnMap":{"0":{"name":"(anonymous_0)","decl":{"start":{"line":21,"column":6},"end":{"line":21,"column":17}},"loc":{"start":{"line":21,"column":62},"end":{"line":111,"column":null}},"line":21},"1":{"name":"(anonymous_1)","decl":{"start":{"line":21,"column":33},"end":{"line":21,"column":53}},"loc":{"start":{"line":21,"column":53},"end":{"line":21,"column":62}},"line":21},"2":{"name":"(anonymous_2)","decl":{"start":{"line":48,"column":8},"end":{"line":48,"column":23}},"loc":{"start":{"line":48,"column":23},"end":{"line":48,"column":61}},"line":48},"3":{"name":"(anonymous_3)","decl":{"start":{"line":72,"column":10},"end":{"line":72,"column":25}},"loc":{"start":{"line":72,"column":25},"end":{"line":72,"column":63}},"line":72},"4":{"name":"(anonymous_4)","decl":{"start":{"line":91,"column":12},"end":{"line":91,"column":23}},"loc":{"start":{"line":91,"column":29},"end":{"line":91,"column":56}},"line":91},"5":{"name":"(anonymous_5)","decl":{"start":{"line":93,"column":35},"end":{"line":93,"column":40}},"loc":{"start":{"line":94,"column":14},"end":{"line":96,"column":null}},"line":94},"6":{"name":"(anonymous_6)","decl":{"start":{"line":106,"column":12},"end":{"line":106,"column":27}},"loc":{"start":{"line":106,"column":27},"end":{"line":106,"column":61}},"line":106}},"branchMap":{"0":{"loc":{"start":{"line":21,"column":19},"end":{"line":21,"column":31}},"type":"default-arg","locations":[{"start":{"line":21,"column":29},"end":{"line":21,"column":31}}],"line":21},"1":{"loc":{"start":{"line":21,"column":33},"end":{"line":21,"column":62}},"type":"default-arg","locations":[{"start":{"line":21,"column":33},"end":{"line":21,"column":62}}],"line":21},"2":{"loc":{"start":{"line":26,"column":8},"end":{"line":26,"column":null}},"type":"binary-expr","locations":[{"start":{"line":26,"column":8},"end":{"line":26,"column":22}},{"start":{"line":26,"column":22},"end":{"line":26,"column":null}}],"line":26},"3":{"loc":{"start":{"line":27,"column":11},"end":{"line":27,"column":null}},"type":"binary-expr","locations":[{"start":{"line":27,"column":11},"end":{"line":27,"column":28}},{"start":{"line":27,"column":28},"end":{"line":27,"column":null}}],"line":27},"4":{"loc":{"start":{"line":28,"column":10},"end":{"line":28,"column":null}},"type":"binary-expr","locations":[{"start":{"line":28,"column":10},"end":{"line":28,"column":26}},{"start":{"line":28,"column":26},"end":{"line":28,"column":null}}],"line":28},"5":{"loc":{"start":{"line":29,"column":17},"end":{"line":29,"column":null}},"type":"binary-expr","locations":[{"start":{"line":29,"column":17},"end":{"line":29,"column":40}},{"start":{"line":29,"column":40},"end":{"line":29,"column":null}}],"line":29},"6":{"loc":{"start":{"line":30,"column":14},"end":{"line":30,"column":null}},"type":"binary-expr","locations":[{"start":{"line":30,"column":14},"end":{"line":30,"column":34}},{"start":{"line":30,"column":34},"end":{"line":30,"column":null}}],"line":30},"7":{"loc":{"start":{"line":31,"column":11},"end":{"line":31,"column":null}},"type":"cond-expr","locations":[{"start":{"line":31,"column":44},"end":{"line":31,"column":60}},{"start":{"line":31,"column":60},"end":{"line":31,"column":null}}],"line":31}},"s":{"0":2,"1":10,"2":10,"3":10,"4":10,"5":10,"6":0,"7":0,"8":0,"9":100,"10":1},"f":{"0":10,"1":1,"2":0,"3":0,"4":0,"5":100,"6":1},"b":{"0":[10],"1":[1],"2":[10,0],"3":[10,10],"4":[10,0],"5":[10,0],"6":[10,0],"7":[10,0]},"meta":{"lastBranch":8,"lastFunction":7,"lastStatement":11,"seen":{"s:21:6:111:Infinity":0,"f:21:6:21:17":0,"b:21:29:21:31":0,"b:21:33:21:62":1,"f:21:33:21:53":1,"s:22:19:22:45":1,"s:23:10:23:29":2,"s:24:8:24:32":3,"s:25:22:32:Infinity":4,"b:26:8:26:22:26:22:26:Infinity":2,"b:27:11:27:28:27:28:27:Infinity":3,"b:28:10:28:26:28:26:28:Infinity":4,"b:29:17:29:40:29:40:29:Infinity":5,"b:30:14:30:34:30:34:30:Infinity":6,"b:31:44:31:60:31:60:31:Infinity":7,"s:34:2:111:Infinity":5,"f:48:8:48:23":2,"s:48:23:48:61":6,"f:72:10:72:25":3,"s:72:25:72:63":7,"f:91:12:91:23":4,"s:91:29:91:56":8,"f:93:35:93:40":5,"s:94:14:96:Infinity":9,"f:106:12:106:27":6,"s:106:27:106:61":10}}}
,"/home/runner/work/tester.com/tester.com/src/components/ProductDetails.jsx": {"path":"/home/runner/work/tester.com/tester.com/src/components/ProductDetails.jsx","statementMap":{"0":{"start":{"line":28,"column":6},"end":{"line":197,"column":null}},"1":{"start":{"line":29,"column":10},"end":{"line":29,"column":28}},"2":{"start":{"line":30,"column":8},"end":{"line":30,"column":32}},"3":{"start":{"line":31,"column":10},"end":{"line":31,"column":29}},"4":{"start":{"line":32,"column":18},"end":{"line":32,"column":46}},"5":{"start":{"line":33,"column":19},"end":{"line":33,"column":45}},"6":{"start":{"line":34,"column":20},"end":{"line":34,"column":50}},"7":{"start":{"line":36,"column":2},"end":{"line":49,"column":null}},"8":{"start":{"line":37,"column":25},"end":{"line":45,"column":null}},"9":{"start":{"line":38,"column":6},"end":{"line":38,"column":null}},"10":{"start":{"line":39,"column":6},"end":{"line":45,"column":null}},"11":{"start":{"line":40,"column":21},"end":{"line":40,"column":45}},"12":{"start":{"line":41,"column":8},"end":{"line":41,"column":null}},"13":{"start":{"line":43,"column":8},"end":{"line":43,"column":null}},"14":{"start":{"line":45,"column":8},"end":{"line":45,"column":null}},"15":{"start":{"line":48,"column":4},"end":{"line":48,"column":null}},"16":{"start":{"line":51,"column":2},"end":{"line":57,"column":null}},"17":{"start":{"line":52,"column":4},"end":{"line":57,"column":null}},"18":{"start":{"line":61,"column":2},"end":{"line":73,"column":null}},"19":{"start":{"line":62,"column":4},"end":{"line":73,"column":null}},"20":{"start":{"line":69,"column":25},"end":{"line":69,"column":38}},"21":{"start":{"line":78,"column":2},"end":{"line":197,"column":null}},"22":{"start":{"line":82,"column":23},"end":{"line":82,"column":36}},"23":{"start":{"line":172,"column":37},"end":{"line":172,"column":64}},"24":{"start":{"line":175,"column":22},"end":{"line":177,"column":null}},"25":{"start":{"line":187,"column":33},"end":{"line":187,"column":63}}},"fnMap":{"0":{"name":"(anonymous_0)","decl":{"start":{"line":28,"column":6},"end":{"line":28,"column":24}},"loc":{"start":{"line":28,"column":44},"end":{"line":197,"column":null}},"line":28},"1":{"name":"(anonymous_1)","decl":{"start":{"line":36,"column":2},"end":{"line":36,"column":18}},"loc":{"start":{"line":36,"column":18},"end":{"line":49,"column":6}},"line":36},"2":{"name":"(anonymous_2)","decl":{"start":{"line":37,"column":25},"end":{"line":37,"column":37}},"loc":{"start":{"line":37,"column":37},"end":{"line":45,"column":null}},"line":37},"3":{"name":"(anonymous_3)","decl":{"start":{"line":69,"column":10},"end":{"line":69,"column":25}},"loc":{"start":{"line":69,"column":25},"end":{"line":69,"column":38}},"line":69},"4":{"name":"(anonymous_4)","decl":{"start":{"line":82,"column":8},"end":{"line":82,"column":23}},"loc":{"start":{"line":82,"column":23},"end":{"line":82,"column":36}},"line":82},"5":{"name":"(anonymous_5)","decl":{"start":{"line":172,"column":20},"end":{"line":172,"column":31}},"loc":{"start":{"line":172,"column":37},"end":{"line":172,"column":64}},"line":172},"6":{"name":"(anonymous_6)","decl":{"start":{"line":174,"column":43},"end":{"line":174,"column":48}},"loc":{"start":{"line":175,"column":22},"end":{"line":177,"column":null}},"line":175},"7":{"name":"(anonymous_7)","decl":{"start":{"line":187,"column":18},"end":{"line":187,"column":33}},"loc":{"start":{"line":187,"column":33},"end":{"line":187,"column":63}},"line":187}},"branchMap":{"0":{"loc":{"start":{"line":51,"column":2},"end":{"line":57,"column":null}},"type":"if","locations":[{"start":{"line":51,"column":2},"end":{"line":57,"column":null}},{"start":{},"end":{}}],"line":51},"1":{"loc":{"start":{"line":61,"column":2},"end":{"line":73,"column":null}},"type":"if","locations":[{"start":{"line":61,"column":2},"end":{"line":73,"column":null}},{"start":{},"end":{}}],"line":61},"2":{"loc":{"start":{"line":129,"column":19},"end":{"line":137,"column":null}},"type":"binary-expr","locations":[{"start":{"line":129,"column":19},"end":{"line":129,"column":null}},{"start":{"line":130,"column":20},"end":{"line":137,"column":null}}],"line":129},"3":{"loc":{"start":{"line":139,"column":19},"end":{"line":147,"column":null}},"type":"binary-expr","locations":[{"start":{"line":139,"column":19},"end":{"line":139,"column":null}},{"start":{"line":140,"column":20},"end":{"line":147,"column":null}}],"line":139},"4":{"loc":{"start":{"line":149,"column":19},"end":{"line":157,"column":null}},"type":"binary-expr","locations":[{"start":{"line":149,"column":19},"end":{"line":149,"column":null}},{"start":{"line":150,"column":20},"end":{"line":157,"column":null}}],"line":149}},"s":{"0":1,"1":19,"2":19,"3":19,"4":19,"5":19,"6":19,"7":19,"8":7,"9":7,"10":7,"11":7,"12":5,"13":1,"14":6,"15":7,"16":19,"17":7,"18":12,"19":3,"20":1,"21":9,"22":1,"23":1,"24":90,"25":1},"f":{"0":19,"1":7,"2":7,"3":1,"4":1,"5":1,"6":90,"7":1},"b":{"0":[7,12],"1":[3,9],"2":[9,3],"3":[19,3],"4":[19,3]},"meta":{"lastBranch":5,"lastFunction":8,"lastStatement":26,"seen":{"s:28:6:197:Infinity":0,"f:28:6:28:24":0,"s:29:10:29:28":1,"s:30:8:30:32":2,"s:31:10:31:29":3,"s:32:18:32:46":4,"s:33:19:33:45":5,"s:34:20:34:50":6,"s:36:2:49:Infinity":7,"f:36:2:36:18":1,"s:37:25:45:Infinity":8,"f:37:25:37:37":2,"s:38:6:38:Infinity":9,"s:39:6:45:Infinity":10,"s:40:21:40:45":11,"s:41:8:41:Infinity":12,"s:43:8:43:Infinity":13,"s:45:8:45:Infinity":14,"s:48:4:48:Infinity":15,"b:51:2:57:Infinity:undefined:undefined:undefined:undefined":0,"s:51:2:57:Infinity":16,"s:52:4:57:Infinity":17,"b:61:2:73:Infinity:undefined:undefined:undefined:undefined":1,"s:61:2:73:Infinity":18,"s:62:4:73:Infinity":19,"f:69:10:69:25":3,"s:69:25:69:38":20,"s:78:2:197:Infinity":21,"f:82:8:82:23":4,"s:82:23:82:36":22,"b:129:19:129:Infinity:130:20:137:Infinity":2,"b:139:19:139:Infinity:140:20:147:Infinity":3,"b:149:19:149:Infinity:150:20:157:Infinity":4,"f:172:20:172:31":5,"s:172:37:172:64":23,"f:174:43:174:48":6,"s:175:22:177:Infinity":24,"f:187:18:187:33":7,"s:187:33:187:63":25}}}
,"/home/runner/work/tester.com/tester.com/src/components/Register.jsx": {"path":"/home/runner/work/tester.com/tester.com/src/components/Register.jsx","statementMap":{"0":{"start":{"line":47,"column":6},"end":{"line":60,"column":null}},"1":{"start":{"line":48,"column":17},"end":{"line":48,"column":39}},"2":{"start":{"line":49,"column":2},"end":{"line":49,"column":null}},"3":{"start":{"line":49,"column":28},"end":{"line":49,"column":null}},"4":{"start":{"line":50,"column":2},"end":{"line":50,"column":null}},"5":{"start":{"line":50,"column":32},"end":{"line":50,"column":null}},"6":{"start":{"line":51,"column":12},"end":{"line":51,"column":null}},"7":{"start":{"line":52,"column":2},"end":{"line":52,"column":null}},"8":{"start":{"line":52,"column":15},"end":{"line":52,"column":18}},"9":{"start":{"line":52,"column":30},"end":{"line":52,"column":null}},"10":{"start":{"line":53,"column":11},"end":{"line":53,"column":null}},"11":{"start":{"line":54,"column":2},"end":{"line":54,"column":null}},"12":{"start":{"line":54,"column":28},"end":{"line":54,"column":null}},"13":{"start":{"line":55,"column":2},"end":{"line":55,"column":null}},"14":{"start":{"line":55,"column":33},"end":{"line":55,"column":null}},"15":{"start":{"line":56,"column":2},"end":{"line":56,"column":null}},"16":{"start":{"line":57,"column":2},"end":{"line":57,"column":null}},"17":{"start":{"line":57,"column":15},"end":{"line":57,"column":18}},"18":{"start":{"line":57,"column":31},"end":{"line":57,"column":null}},"19":{"start":{"line":58,"column":2},"end":{"line":58,"column":null}},"20":{"start":{"line":59,"column":2},"end":{"line":59,"column":null}},"21":{"start":{"line":59,"column":28},"end":{"line":59,"column":null}},"22":{"start":{"line":60,"column":2},"end":{"line":60,"column":null}},"23":{"start":{"line":69,"column":6},"end":{"line":84,"column":null}},"24":{"start":{"line":70,"column":17},"end":{"line":70,"column":40}},"25":{"start":{"line":71,"column":2},"end":{"line":71,"column":null}},"26":{"start":{"line":71,"column":28},"end":{"line":71,"column":null}},"27":{"start":{"line":72,"column":2},"end":{"line":72,"column":null}},"28":{"start":{"line":72,"column":32},"end":{"line":72,"column":null}},"29":{"start":{"line":73,"column":8},"end":{"line":74,"column":66}},"30":{"start":{"line":74,"column":4},"end":{"line":74,"column":66}},"31":{"start":{"line":74,"column":30},"end":{"line":74,"column":64}},"32":{"start":{"line":75,"column":8},"end":{"line":77,"column":null}},"33":{"start":{"line":76,"column":14},"end":{"line":76,"column":null}},"34":{"start":{"line":77,"column":4},"end":{"line":77,"column":null}},"35":{"start":{"line":79,"column":13},"end":{"line":79,"column":null}},"36":{"start":{"line":80,"column":13},"end":{"line":80,"column":23}},"37":{"start":{"line":81,"column":12},"end":{"line":81,"column":28}},"38":{"start":{"line":82,"column":2},"end":{"line":84,"column":null}},"39":{"start":{"line":94,"column":6},"end":{"line":94,"column":73}},"40":{"start":{"line":94,"column":33},"end":{"line":94,"column":73}},"41":{"start":{"line":103,"column":6},"end":{"line":109,"column":42}},"42":{"start":{"line":104,"column":2},"end":{"line":109,"column":42}},"43":{"start":{"line":116,"column":6},"end":{"line":123,"column":42}},"44":{"start":{"line":117,"column":2},"end":{"line":123,"column":42}},"45":{"start":{"line":130,"column":6},"end":{"line":135,"column":42}},"46":{"start":{"line":131,"column":2},"end":{"line":135,"column":42}},"47":{"start":{"line":142,"column":6},"end":{"line":146,"column":42}},"48":{"start":{"line":143,"column":2},"end":{"line":146,"column":42}},"49":{"start":{"line":158,"column":6},"end":{"line":167,"column":null}},"50":{"start":{"line":159,"column":14},"end":{"line":159,"column":null}},"51":{"start":{"line":160,"column":2},"end":{"line":160,"column":null}},"52":{"start":{"line":160,"column":23},"end":{"line":160,"column":null}},"53":{"start":{"line":161,"column":2},"end":{"line":161,"column":null}},"54":{"start":{"line":161,"column":25},"end":{"line":161,"column":null}},"55":{"start":{"line":162,"column":2},"end":{"line":162,"column":null}},"56":{"start":{"line":162,"column":25},"end":{"line":162,"column":null}},"57":{"start":{"line":163,"column":2},"end":{"line":163,"column":null}},"58":{"start":{"line":163,"column":32},"end":{"line":163,"column":null}},"59":{"start":{"line":164,"column":2},"end":{"line":164,"column":null}},"60":{"start":{"line":164,"column":18},"end":{"line":164,"column":null}},"61":{"start":{"line":165,"column":2},"end":{"line":165,"column":null}},"62":{"start":{"line":165,"column":19},"end":{"line":165,"column":null}},"63":{"start":{"line":166,"column":2},"end":{"line":166,"column":null}},"64":{"start":{"line":166,"column":19},"end":{"line":166,"column":null}},"65":{"start":{"line":167,"column":2},"end":{"line":167,"column":null}},"66":{"start":{"line":172,"column":21},"end":{"line":191,"column":null}},"67":{"start":{"line":193,"column":22},"end":{"line":194,"column":null}},"68":{"start":{"line":194,"column":39},"end":{"line":194,"column":46}},"69":{"start":{"line":199,"column":14},"end":{"line":199,"column":57}},"70":{"start":{"line":201,"column":6},"end":{"line":902,"column":null}},"71":{"start":{"line":202,"column":8},"end":{"line":202,"column":32}},"72":{"start":{"line":203,"column":10},"end":{"line":203,"column":29}},"73":{"start":{"line":204,"column":8},"end":{"line":204,"column":35}},"74":{"start":{"line":206,"column":15},"end":{"line":206,"column":48}},"75":{"start":{"line":207,"column":17},"end":{"line":207,"column":53}},"76":{"start":{"line":208,"column":15},"end":{"line":208,"column":37}},"77":{"start":{"line":209,"column":23},"end":{"line":209,"column":57}},"78":{"start":{"line":210,"column":22},"end":{"line":210,"column":55}},"79":{"start":{"line":211,"column":21},"end":{"line":211,"column":53}},"80":{"start":{"line":212,"column":19},"end":{"line":212,"column":48}},"81":{"start":{"line":213,"column":21},"end":{"line":213,"column":53}},"82":{"start":{"line":215,"column":15},"end":{"line":215,"column":null}},"83":{"start":{"line":219,"column":8},"end":{"line":221,"column":null}},"84":{"start":{"line":220,"column":4},"end":{"line":220,"column":null}},"85":{"start":{"line":220,"column":23},"end":{"line":220,"column":52}},"86":{"start":{"line":221,"column":4},"end":{"line":221,"column":null}},"87":{"start":{"line":221,"column":25},"end":{"line":221,"column":51}},"88":{"start":{"line":233,"column":20},"end":{"line":260,"column":null}},"89":{"start":{"line":234,"column":19},"end":{"line":234,"column":31}},"90":{"start":{"line":235,"column":4},"end":{"line":235,"column":null}},"91":{"start":{"line":236,"column":19},"end":{"line":236,"column":41}},"92":{"start":{"line":237,"column":4},"end":{"line":260,"column":null}},"93":{"start":{"line":238,"column":6},"end":{"line":238,"column":null}},"94":{"start":{"line":239,"column":6},"end":{"line":239,"column":null}},"95":{"start":{"line":240,"column":6},"end":{"line":260,"column":null}},"96":{"start":{"line":241,"column":20},"end":{"line":241,"column":75}},"97":{"start":{"line":242,"column":21},"end":{"line":242,"column":37}},"98":{"start":{"line":243,"column":8},"end":{"line":254,"column":null}},"99":{"start":{"line":244,"column":10},"end":{"line":244,"column":null}},"100":{"start":{"line":245,"column":10},"end":{"line":245,"column":null}},"101":{"start":{"line":245,"column":31},"end":{"line":245,"column":79}},"102":{"start":{"line":247,"column":10},"end":{"line":247,"column":null}},"103":{"start":{"line":248,"column":10},"end":{"line":254,"column":null}},"104":{"start":{"line":248,"column":29},"end":{"line":254,"column":13}},"105":{"start":{"line":257,"column":8},"end":{"line":257,"column":null}},"106":{"start":{"line":258,"column":8},"end":{"line":258,"column":null}},"107":{"start":{"line":258,"column":29},"end":{"line":258,"column":77}},"108":{"start":{"line":260,"column":8},"end":{"line":260,"column":null}},"109":{"start":{"line":274,"column":8},"end":{"line":295,"column":null}},"110":{"start":{"line":275,"column":17},"end":{"line":275,"column":37}},"111":{"start":{"line":276,"column":13},"end":{"line":276,"column":null}},"112":{"start":{"line":278,"column":4},"end":{"line":278,"column":null}},"113":{"start":{"line":278,"column":34},"end":{"line":278,"column":74}},"114":{"start":{"line":278,"column":74},"end":{"line":278,"column":null}},"115":{"start":{"line":279,"column":4},"end":{"line":279,"column":null}},"116":{"start":{"line":279,"column":33},"end":{"line":279,"column":77}},"117":{"start":{"line":279,"column":77},"end":{"line":279,"column":null}},"118":{"start":{"line":280,"column":4},"end":{"line":280,"column":null}},"119":{"start":{"line":280,"column":38},"end":{"line":280,"column":70}},"120":{"start":{"line":280,"column":70},"end":{"line":280,"column":null}},"121":{"start":{"line":281,"column":4},"end":{"line":282,"column":null}},"122":{"start":{"line":282,"column":6},"end":{"line":282,"column":41}},"123":{"start":{"line":282,"column":41},"end":{"line":282,"column":null}},"124":{"start":{"line":284,"column":4},"end":{"line":284,"column":null}},"125":{"start":{"line":284,"column":36},"end":{"line":284,"column":76}},"126":{"start":{"line":284,"column":76},"end":{"line":284,"column":null}},"127":{"start":{"line":285,"column":4},"end":{"line":285,"column":null}},"128":{"start":{"line":285,"column":50},"end":{"line":285,"column":101}},"129":{"start":{"line":285,"column":101},"end":{"line":285,"column":null}},"130":{"start":{"line":287,"column":4},"end":{"line":291,"column":null}},"131":{"start":{"line":288,"column":6},"end":{"line":288,"column":null}},"132":{"start":{"line":288,"column":36},"end":{"line":288,"column":64}},"133":{"start":{"line":288,"column":64},"end":{"line":288,"column":null}},"134":{"start":{"line":290,"column":6},"end":{"line":290,"column":null}},"135":{"start":{"line":290,"column":38},"end":{"line":290,"column":68}},"136":{"start":{"line":290,"column":68},"end":{"line":290,"column":null}},"137":{"start":{"line":291,"column":6},"end":{"line":291,"column":null}},"138":{"start":{"line":291,"column":38},"end":{"line":291,"column":88}},"139":{"start":{"line":291,"column":88},"end":{"line":291,"column":null}},"140":{"start":{"line":294,"column":4},"end":{"line":294,"column":null}},"141":{"start":{"line":295,"column":4},"end":{"line":295,"column":null}},"142":{"start":{"line":305,"column":8},"end":{"line":318,"column":null}},"143":{"start":{"line":306,"column":17},"end":{"line":306,"column":30}},"144":{"start":{"line":307,"column":13},"end":{"line":307,"column":null}},"145":{"start":{"line":309,"column":4},"end":{"line":310,"column":null}},"146":{"start":{"line":310,"column":6},"end":{"line":310,"column":56}},"147":{"start":{"line":310,"column":56},"end":{"line":310,"column":null}},"148":{"start":{"line":312,"column":4},"end":{"line":312,"column":null}},"149":{"start":{"line":312,"column":38},"end":{"line":312,"column":88}},"150":{"start":{"line":312,"column":88},"end":{"line":312,"column":null}},"151":{"start":{"line":313,"column":4},"end":{"line":313,"column":null}},"152":{"start":{"line":313,"column":38},"end":{"line":313,"column":84}},"153":{"start":{"line":313,"column":84},"end":{"line":313,"column":null}},"154":{"start":{"line":314,"column":4},"end":{"line":314,"column":null}},"155":{"start":{"line":314,"column":36},"end":{"line":314,"column":80}},"156":{"start":{"line":314,"column":80},"end":{"line":314,"column":null}},"157":{"start":{"line":315,"column":4},"end":{"line":315,"column":null}},"158":{"start":{"line":315,"column":37},"end":{"line":315,"column":82}},"159":{"start":{"line":315,"column":82},"end":{"line":315,"column":null}},"160":{"start":{"line":317,"column":4},"end":{"line":317,"column":null}},"161":{"start":{"line":318,"column":4},"end":{"line":318,"column":null}},"162":{"start":{"line":323,"column":8},"end":{"line":324,"column":null}},"163":{"start":{"line":324,"column":4},"end":{"line":324,"column":null}},"164":{"start":{"line":324,"column":39},"end":{"line":324,"column":null}},"165":{"start":{"line":327,"column":8},"end":{"line":327,"column":37}},"166":{"start":{"line":327,"column":27},"end":{"line":327,"column":37}},"167":{"start":{"line":340,"column":23},"end":{"line":370,"column":null}},"168":{"start":{"line":341,"column":4},"end":{"line":341,"column":null}},"169":{"start":{"line":342,"column":4},"end":{"line":342,"column":null}},"170":{"start":{"line":342,"column":26},"end":{"line":342,"column":null}},"171":{"start":{"line":344,"column":4},"end":{"line":344,"column":null}},"172":{"start":{"line":345,"column":4},"end":{"line":370,"column":null}},"173":{"start":{"line":346,"column":6},"end":{"line":364,"column":null}},"174":{"start":{"line":365,"column":6},"end":{"line":365,"column":null}},"175":{"start":{"line":366,"column":6},"end":{"line":366,"column":null}},"176":{"start":{"line":366,"column":23},"end":{"line":366,"column":36}},"177":{"start":{"line":368,"column":6},"end":{"line":368,"column":null}},"178":{"start":{"line":370,"column":6},"end":{"line":370,"column":null}},"179":{"start":{"line":376,"column":19},"end":{"line":376,"column":null}},"180":{"start":{"line":380,"column":2},"end":{"line":902,"column":null}},"181":{"start":{"line":428,"column":16},"end":{"line":438,"column":null}},"182":{"start":{"line":464,"column":42},"end":{"line":464,"column":71}},"183":{"start":{"line":503,"column":39},"end":{"line":503,"column":73}},"184":{"start":{"line":514,"column":39},"end":{"line":514,"column":76}},"185":{"start":{"line":536,"column":39},"end":{"line":536,"column":71}},"186":{"start":{"line":548,"column":39},"end":{"line":548,"column":70}},"187":{"start":{"line":563,"column":37},"end":{"line":563,"column":72}},"188":{"start":{"line":579,"column":35},"end":{"line":579,"column":63}},"189":{"start":{"line":592,"column":35},"end":{"line":592,"column":74}},"190":{"start":{"line":607,"column":35},"end":{"line":607,"column":66}},"191":{"start":{"line":616,"column":41},"end":{"line":616,"column":67}},"192":{"start":{"line":616,"column":64},"end":{"line":616,"column":67}},"193":{"start":{"line":647,"column":35},"end":{"line":647,"column":73}},"194":{"start":{"line":656,"column":41},"end":{"line":656,"column":66}},"195":{"start":{"line":656,"column":63},"end":{"line":656,"column":66}},"196":{"start":{"line":696,"column":35},"end":{"line":696,"column":60}},"197":{"start":{"line":723,"column":39},"end":{"line":723,"column":75}},"198":{"start":{"line":735,"column":39},"end":{"line":735,"column":75}},"199":{"start":{"line":751,"column":39},"end":{"line":751,"column":79}},"200":{"start":{"line":762,"column":39},"end":{"line":762,"column":null}},"201":{"start":{"line":776,"column":39},"end":{"line":776,"column":73}},"202":{"start":{"line":788,"column":39},"end":{"line":788,"column":100}},"203":{"start":{"line":810,"column":37},"end":{"line":810,"column":null}},"204":{"start":{"line":818,"column":35},"end":{"line":818,"column":63}},"205":{"start":{"line":894,"column":31},"end":{"line":894,"column":49}}},"fnMap":{"0":{"name":"(anonymous_0)","decl":{"start":{"line":47,"column":6},"end":{"line":47,"column":21}},"loc":{"start":{"line":47,"column":29},"end":{"line":60,"column":null}},"line":47},"1":{"name":"(anonymous_1)","decl":{"start":{"line":69,"column":6},"end":{"line":69,"column":22}},"loc":{"start":{"line":69,"column":31},"end":{"line":84,"column":null}},"line":69},"2":{"name":"(anonymous_2)","decl":{"start":{"line":73,"column":8},"end":{"line":73,"column":16}},"loc":{"start":{"line":74,"column":4},"end":{"line":74,"column":66}},"line":74},"3":{"name":"(anonymous_3)","decl":{"start":{"line":74,"column":6},"end":{"line":74,"column":14}},"loc":{"start":{"line":74,"column":30},"end":{"line":74,"column":64}},"line":74},"4":{"name":"(anonymous_4)","decl":{"start":{"line":75,"column":8},"end":{"line":75,"column":15}},"loc":{"start":{"line":75,"column":21},"end":{"line":77,"column":null}},"line":75},"5":{"name":"(anonymous_5)","decl":{"start":{"line":94,"column":6},"end":{"line":94,"column":23}},"loc":{"start":{"line":94,"column":33},"end":{"line":94,"column":73}},"line":94},"6":{"name":"(anonymous_6)","decl":{"start":{"line":103,"column":6},"end":{"line":103,"column":17}},"loc":{"start":{"line":104,"column":2},"end":{"line":109,"column":42}},"line":104},"7":{"name":"(anonymous_7)","decl":{"start":{"line":116,"column":6},"end":{"line":116,"column":18}},"loc":{"start":{"line":117,"column":2},"end":{"line":123,"column":42}},"line":117},"8":{"name":"(anonymous_8)","decl":{"start":{"line":130,"column":6},"end":{"line":130,"column":19}},"loc":{"start":{"line":131,"column":2},"end":{"line":135,"column":42}},"line":131},"9":{"name":"(anonymous_9)","decl":{"start":{"line":142,"column":6},"end":{"line":142,"column":17}},"loc":{"start":{"line":143,"column":2},"end":{"line":146,"column":42}},"line":143},"10":{"name":"(anonymous_10)","decl":{"start":{"line":158,"column":6},"end":{"line":158,"column":26}},"loc":{"start":{"line":158,"column":34},"end":{"line":167,"column":null}},"line":158},"11":{"name":"(anonymous_11)","decl":{"start":{"line":194,"column":28},"end":{"line":194,"column":33}},"loc":{"start":{"line":194,"column":39},"end":{"line":194,"column":46}},"line":194},"12":{"name":"(anonymous_12)","decl":{"start":{"line":201,"column":6},"end":{"line":201,"column":23}},"loc":{"start":{"line":201,"column":23},"end":{"line":902,"column":null}},"line":201},"13":{"name":"(anonymous_13)","decl":{"start":{"line":219,"column":8},"end":{"line":219,"column":15}},"loc":{"start":{"line":219,"column":32},"end":{"line":221,"column":null}},"line":219},"14":{"name":"(anonymous_14)","decl":{"start":{"line":220,"column":4},"end":{"line":220,"column":13}},"loc":{"start":{"line":220,"column":23},"end":{"line":220,"column":52}},"line":220},"15":{"name":"(anonymous_15)","decl":{"start":{"line":221,"column":4},"end":{"line":221,"column":15}},"loc":{"start":{"line":221,"column":25},"end":{"line":221,"column":51}},"line":221},"16":{"name":"(anonymous_16)","decl":{"start":{"line":233,"column":20},"end":{"line":233,"column":27}},"loc":{"start":{"line":233,"column":35},"end":{"line":260,"column":null}},"line":233},"17":{"name":"(anonymous_17)","decl":{"start":{"line":245,"column":10},"end":{"line":245,"column":21}},"loc":{"start":{"line":245,"column":31},"end":{"line":245,"column":79}},"line":245},"18":{"name":"(anonymous_18)","decl":{"start":{"line":248,"column":10},"end":{"line":248,"column":19}},"loc":{"start":{"line":248,"column":29},"end":{"line":254,"column":13}},"line":248},"19":{"name":"(anonymous_19)","decl":{"start":{"line":258,"column":8},"end":{"line":258,"column":19}},"loc":{"start":{"line":258,"column":29},"end":{"line":258,"column":77}},"line":258},"20":{"name":"(anonymous_20)","decl":{"start":{"line":274,"column":8},"end":{"line":274,"column":30}},"loc":{"start":{"line":274,"column":30},"end":{"line":295,"column":null}},"line":274},"21":{"name":"(anonymous_21)","decl":{"start":{"line":305,"column":8},"end":{"line":305,"column":30}},"loc":{"start":{"line":305,"column":30},"end":{"line":318,"column":null}},"line":305},"22":{"name":"(anonymous_22)","decl":{"start":{"line":323,"column":8},"end":{"line":323,"column":27}},"loc":{"start":{"line":323,"column":27},"end":{"line":324,"column":null}},"line":323},"23":{"name":"(anonymous_23)","decl":{"start":{"line":327,"column":8},"end":{"line":327,"column":27}},"loc":{"start":{"line":327,"column":27},"end":{"line":327,"column":37}},"line":327},"24":{"name":"(anonymous_24)","decl":{"start":{"line":340,"column":23},"end":{"line":340,"column":30}},"loc":{"start":{"line":340,"column":36},"end":{"line":370,"column":null}},"line":340},"25":{"name":"(anonymous_25)","decl":{"start":{"line":366,"column":6},"end":{"line":366,"column":23}},"loc":{"start":{"line":366,"column":23},"end":{"line":366,"column":36}},"line":366},"26":{"name":"(anonymous_26)","decl":{"start":{"line":427,"column":21},"end":{"line":427,"column":26}},"loc":{"start":{"line":428,"column":16},"end":{"line":438,"column":null}},"line":428},"27":{"name":"(anonymous_27)","decl":{"start":{"line":464,"column":20},"end":{"line":464,"column":31}},"loc":{"start":{"line":464,"column":42},"end":{"line":464,"column":71}},"line":464},"28":{"name":"(anonymous_28)","decl":{"start":{"line":503,"column":22},"end":{"line":503,"column":33}},"loc":{"start":{"line":503,"column":39},"end":{"line":503,"column":73}},"line":503},"29":{"name":"(anonymous_29)","decl":{"start":{"line":514,"column":22},"end":{"line":514,"column":33}},"loc":{"start":{"line":514,"column":39},"end":{"line":514,"column":76}},"line":514},"30":{"name":"(anonymous_30)","decl":{"start":{"line":536,"column":22},"end":{"line":536,"column":33}},"loc":{"start":{"line":536,"column":39},"end":{"line":536,"column":71}},"line":536},"31":{"name":"(anonymous_31)","decl":{"start":{"line":548,"column":22},"end":{"line":548,"column":33}},"loc":{"start":{"line":548,"column":39},"end":{"line":548,"column":70}},"line":548},"32":{"name":"(anonymous_32)","decl":{"start":{"line":563,"column":20},"end":{"line":563,"column":31}},"loc":{"start":{"line":563,"column":37},"end":{"line":563,"column":72}},"line":563},"33":{"name":"(anonymous_33)","decl":{"start":{"line":579,"column":18},"end":{"line":579,"column":29}},"loc":{"start":{"line":579,"column":35},"end":{"line":579,"column":63}},"line":579},"34":{"name":"(anonymous_34)","decl":{"start":{"line":592,"column":18},"end":{"line":592,"column":29}},"loc":{"start":{"line":592,"column":35},"end":{"line":592,"column":74}},"line":592},"35":{"name":"(anonymous_35)","decl":{"start":{"line":607,"column":18},"end":{"line":607,"column":29}},"loc":{"start":{"line":607,"column":35},"end":{"line":607,"column":66}},"line":607},"36":{"name":"(anonymous_36)","decl":{"start":{"line":616,"column":26},"end":{"line":616,"column":41}},"loc":{"start":{"line":616,"column":41},"end":{"line":616,"column":67}},"line":616},"37":{"name":"(anonymous_37)","decl":{"start":{"line":616,"column":41},"end":{"line":616,"column":58}},"loc":{"start":{"line":616,"column":64},"end":{"line":616,"column":67}},"line":616},"38":{"name":"(anonymous_38)","decl":{"start":{"line":647,"column":18},"end":{"line":647,"column":29}},"loc":{"start":{"line":647,"column":35},"end":{"line":647,"column":73}},"line":647},"39":{"name":"(anonymous_39)","decl":{"start":{"line":656,"column":26},"end":{"line":656,"column":41}},"loc":{"start":{"line":656,"column":41},"end":{"line":656,"column":66}},"line":656},"40":{"name":"(anonymous_40)","decl":{"start":{"line":656,"column":41},"end":{"line":656,"column":57}},"loc":{"start":{"line":656,"column":63},"end":{"line":656,"column":66}},"line":656},"41":{"name":"(anonymous_41)","decl":{"start":{"line":696,"column":18},"end":{"line":696,"column":29}},"loc":{"start":{"line":696,"column":35},"end":{"line":696,"column":60}},"line":696},"42":{"name":"(anonymous_42)","decl":{"start":{"line":723,"column":22},"end":{"line":723,"column":33}},"loc":{"start":{"line":723,"column":39},"end":{"line":723,"column":75}},"line":723},"43":{"name":"(anonymous_43)","decl":{"start":{"line":735,"column":22},"end":{"line":735,"column":33}},"loc":{"start":{"line":735,"column":39},"end":{"line":735,"column":75}},"line":735},"44":{"name":"(anonymous_44)","decl":{"start":{"line":751,"column":22},"end":{"line":751,"column":33}},"loc":{"start":{"line":751,"column":39},"end":{"line":751,"column":79}},"line":751},"45":{"name":"(anonymous_45)","decl":{"start":{"line":762,"column":22},"end":{"line":762,"column":33}},"loc":{"start":{"line":762,"column":39},"end":{"line":762,"column":null}},"line":762},"46":{"name":"(anonymous_46)","decl":{"start":{"line":776,"column":22},"end":{"line":776,"column":33}},"loc":{"start":{"line":776,"column":39},"end":{"line":776,"column":73}},"line":776},"47":{"name":"(anonymous_47)","decl":{"start":{"line":788,"column":22},"end":{"line":788,"column":33}},"loc":{"start":{"line":788,"column":39},"end":{"line":788,"column":100}},"line":788},"48":{"name":"(anonymous_48)","decl":{"start":{"line":810,"column":20},"end":{"line":810,"column":31}},"loc":{"start":{"line":810,"column":37},"end":{"line":810,"column":null}},"line":810},"49":{"name":"(anonymous_49)","decl":{"start":{"line":818,"column":20},"end":{"line":818,"column":35}},"loc":{"start":{"line":818,"column":35},"end":{"line":818,"column":63}},"line":818},"50":{"name":"(anonymous_50)","decl":{"start":{"line":894,"column":16},"end":{"line":894,"column":31}},"loc":{"start":{"line":894,"column":31},"end":{"line":894,"column":49}},"line":894}},"branchMap":{"0":{"loc":{"start":{"line":49,"column":2},"end":{"line":49,"column":null}},"type":"if","locations":[{"start":{"line":49,"column":2},"end":{"line":49,"column":null}},{"start":{},"end":{}}],"line":49},"1":{"loc":{"start":{"line":50,"column":2},"end":{"line":50,"column":null}},"type":"if","locations":[{"start":{"line":50,"column":2},"end":{"line":50,"column":null}},{"start":{},"end":{}}],"line":50},"2":{"loc":{"start":{"line":54,"column":2},"end":{"line":54,"column":null}},"type":"if","locations":[{"start":{"line":54,"column":2},"end":{"line":54,"column":null}},{"start":{},"end":{}}],"line":54},"3":{"loc":{"start":{"line":54,"column":6},"end":{"line":54,"column":28}},"type":"binary-expr","locations":[{"start":{"line":54,"column":6},"end":{"line":54,"column":18}},{"start":{"line":54,"column":18},"end":{"line":54,"column":28}}],"line":54},"4":{"loc":{"start":{"line":55,"column":2},"end":{"line":55,"column":null}},"type":"if","locations":[{"start":{"line":55,"column":2},"end":{"line":55,"column":null}},{"start":{},"end":{}}],"line":55},"5":{"loc":{"start":{"line":59,"column":2},"end":{"line":59,"column":null}},"type":"if","locations":[{"start":{"line":59,"column":2},"end":{"line":59,"column":null}},{"start":{},"end":{}}],"line":59},"6":{"loc":{"start":{"line":59,"column":6},"end":{"line":59,"column":28}},"type":"binary-expr","locations":[{"start":{"line":59,"column":6},"end":{"line":59,"column":18}},{"start":{"line":59,"column":18},"end":{"line":59,"column":28}}],"line":59},"7":{"loc":{"start":{"line":71,"column":2},"end":{"line":71,"column":null}},"type":"if","locations":[{"start":{"line":71,"column":2},"end":{"line":71,"column":null}},{"start":{},"end":{}}],"line":71},"8":{"loc":{"start":{"line":72,"column":2},"end":{"line":72,"column":null}},"type":"if","locations":[{"start":{"line":72,"column":2},"end":{"line":72,"column":null}},{"start":{},"end":{}}],"line":72},"9":{"loc":{"start":{"line":77,"column":11},"end":{"line":77,"column":null}},"type":"cond-expr","locations":[{"start":{"line":77,"column":19},"end":{"line":77,"column":23}},{"start":{"line":77,"column":23},"end":{"line":77,"column":null}}],"line":77},"10":{"loc":{"start":{"line":83,"column":4},"end":{"line":84,"column":53}},"type":"binary-expr","locations":[{"start":{"line":83,"column":4},"end":{"line":83,"column":53}},{"start":{"line":84,"column":4},"end":{"line":84,"column":53}}],"line":83},"11":{"loc":{"start":{"line":160,"column":2},"end":{"line":160,"column":null}},"type":"if","locations":[{"start":{"line":160,"column":2},"end":{"line":160,"column":null}},{"start":{},"end":{}}],"line":160},"12":{"loc":{"start":{"line":161,"column":2},"end":{"line":161,"column":null}},"type":"if","locations":[{"start":{"line":161,"column":2},"end":{"line":161,"column":null}},{"start":{},"end":{}}],"line":161},"13":{"loc":{"start":{"line":162,"column":2},"end":{"line":162,"column":null}},"type":"if","locations":[{"start":{"line":162,"column":2},"end":{"line":162,"column":null}},{"start":{},"end":{}}],"line":162},"14":{"loc":{"start":{"line":163,"column":2},"end":{"line":163,"column":null}},"type":"if","locati
[...]
,"/home/runner/work/tester.com/tester.com/src/contexts/DatabaseContext.jsx": {"path":"/home/runner/work/tester.com/tester.com/src/contexts/DatabaseContext.jsx","statementMap":{"0":{"start":{"line":13,"column":6},"end":{"line":13,"column":55}},"1":{"start":{"line":15,"column":13},"end":{"line":48,"column":null}},"2":{"start":{"line":16,"column":18},"end":{"line":16,"column":45}},"3":{"start":{"line":17,"column":18},"end":{"line":17,"column":44}},"4":{"start":{"line":19,"column":4},"end":{"line":27,"column":null}},"5":{"start":{"line":21,"column":8},"end":{"line":26,"column":null}},"6":{"start":{"line":22,"column":24},"end":{"line":22,"column":38}},"7":{"start":{"line":24,"column":16},"end":{"line":24,"column":null}},"8":{"start":{"line":25,"column":16},"end":{"line":25,"column":null}},"9":{"start":{"line":29,"column":4},"end":{"line":33,"column":null}},"10":{"start":{"line":30,"column":8},"end":{"line":33,"column":null}},"11":{"start":{"line":37,"column":4},"end":{"line":41,"column":null}},"12":{"start":{"line":38,"column":8},"end":{"line":41,"column":null}},"13":{"start":{"line":45,"column":4},"end":{"line":48,"column":null}},"14":{"start":{"line":52,"column":13},"end":{"line":52,"column":60}}},"fnMap":{"0":{"name":"(anonymous_0)","decl":{"start":{"line":15,"column":13},"end":{"line":15,"column":33}},"loc":{"start":{"line":15,"column":50},"end":{"line":48,"column":null}},"line":15},"1":{"name":"(anonymous_1)","decl":{"start":{"line":19,"column":4},"end":{"line":19,"column":20}},"loc":{"start":{"line":19,"column":20},"end":{"line":27,"column":9}},"line":19},"2":{"name":"(anonymous_2)","decl":{"start":{"line":22,"column":13},"end":{"line":22,"column":24}},"loc":{"start":{"line":22,"column":24},"end":{"line":22,"column":38}},"line":22},"3":{"name":"(anonymous_3)","decl":{"start":{"line":23,"column":13},"end":{"line":23,"column":20}},"loc":{"start":{"line":23,"column":28},"end":{"line":26,"column":null}},"line":23},"4":{"name":"(anonymous_4)","decl":{"start":{"line":52,"column":13},"end":{"line":52,"column":33}},"loc":{"start":{"line":52,"column":13},"end":{"line":52,"column":60}},"line":52}},"branchMap":{"0":{"loc":{"start":{"line":29,"column":4},"end":{"line":33,"column":null}},"type":"if","locations":[{"start":{"line":29,"column":4},"end":{"line":33,"column":null}},{"start":{},"end":{}}],"line":29},"1":{"loc":{"start":{"line":37,"column":4},"end":{"line":41,"column":null}},"type":"if","locations":[{"start":{"line":37,"column":4},"end":{"line":41,"column":null}},{"start":{},"end":{}}],"line":37}},"s":{"0":1,"1":1,"2":5,"3":5,"4":5,"5":3,"6":1,"7":1,"8":1,"9":5,"10":1,"11":4,"12":3,"13":1,"14":2},"f":{"0":5,"1":3,"2":1,"3":1,"4":2},"b":{"0":[1,4],"1":[3,1]},"meta":{"lastBranch":2,"lastFunction":5,"lastStatement":15,"seen":{"s:13:6:13:55":0,"s:15:13:48:Infinity":1,"f:15:13:15:33":0,"s:16:18:16:45":2,"s:17:18:17:44":3,"s:19:4:27:Infinity":4,"f:19:4:19:20":1,"s:21:8:26:Infinity":5,"f:22:13:22:24":2,"s:22:24:22:38":6,"f:23:13:23:20":3,"s:24:16:24:Infinity":7,"s:25:16:25:Infinity":8,"b:29:4:33:Infinity:undefined:undefined:undefined:undefined":0,"s:29:4:33:Infinity":9,"s:30:8:33:Infinity":10,"b:37:4:41:Infinity:undefined:undefined:undefined:undefined":1,"s:37:4:41:Infinity":11,"s:38:8:41:Infinity":12,"s:45:4:48:Infinity":13,"s:52:13:52:60":14,"f:52:13:52:33":4}}}
,"/home/runner/work/tester.com/tester.com/src/contexts/LanguageContext.jsx": {"path":"/home/runner/work/tester.com/tester.com/src/contexts/LanguageContext.jsx","statementMap":{"0":{"start":{"line":3,"column":21},"end":{"line":144,"column":null}},"1":{"start":{"line":147,"column":0},"end":{"line":147,"column":null}},"2":{"start":{"line":149,"column":6},"end":{"line":149,"column":39}},"3":{"start":{"line":151,"column":13},"end":{"line":214,"column":null}},"4":{"start":{"line":152,"column":19},"end":{"line":152,"column":48}},"5":{"start":{"line":155,"column":2},"end":{"line":160,"column":null}},"6":{"start":{"line":156,"column":22},"end":{"line":156,"column":58}},"7":{"start":{"line":157,"column":4},"end":{"line":158,"column":null}},"8":{"start":{"line":158,"column":6},"end":{"line":158,"column":null}},"9":{"start":{"line":168,"column":8},"end":{"line":173,"column":null}},"10":{"start":{"line":169,"column":4},"end":{"line":173,"column":null}},"11":{"start":{"line":170,"column":22},"end":{"line":170,"column":null}},"12":{"start":{"line":171,"column":6},"end":{"line":171,"column":null}},"13":{"start":{"line":172,"column":6},"end":{"line":172,"column":null}},"14":{"start":{"line":183,"column":8},"end":{"line":186,"column":null}},"15":{"start":{"line":184,"column":4},"end":{"line":186,"column":null}},"16":{"start":{"line":185,"column":6},"end":{"line":185,"column":null}},"17":{"start":{"line":186,"column":6},"end":{"line":186,"column":null}},"18":{"start":{"line":203,"column":8},"end":{"line":208,"column":null}},"19":{"start":{"line":204,"column":15},"end":{"line":204,"column":null}},"20":{"start":{"line":205,"column":4},"end":{"line":207,"column":null}},"21":{"start":{"line":206,"column":6},"end":{"line":206,"column":null}},"22":{"start":{"line":208,"column":4},"end":{"line":208,"column":null}},"23":{"start":{"line":211,"column":2},"end":{"line":214,"column":null}},"24":{"start":{"line":226,"column":13},"end":{"line":231,"column":null}},"25":{"start":{"line":227,"column":8},"end":{"line":227,"column":45}},"26":{"start":{"line":228,"column":2},"end":{"line":229,"column":null}},"27":{"start":{"line":229,"column":4},"end":{"line":229,"column":null}},"28":{"start":{"line":231,"column":2},"end":{"line":231,"column":null}}},"fnMap":{"0":{"name":"(anonymous_0)","decl":{"start":{"line":151,"column":13},"end":{"line":151,"column":33}},"loc":{"start":{"line":151,"column":50},"end":{"line":214,"column":null}},"line":151},"1":{"name":"(anonymous_1)","decl":{"start":{"line":155,"column":2},"end":{"line":155,"column":18}},"loc":{"start":{"line":155,"column":18},"end":{"line":160,"column":7}},"line":155},"2":{"name":"(anonymous_2)","decl":{"start":{"line":168,"column":8},"end":{"line":168,"column":31}},"loc":{"start":{"line":168,"column":31},"end":{"line":173,"column":null}},"line":168},"3":{"name":"(anonymous_3)","decl":{"start":{"line":169,"column":4},"end":{"line":169,"column":17}},"loc":{"start":{"line":169,"column":30},"end":{"line":173,"column":null}},"line":169},"4":{"name":"(anonymous_4)","decl":{"start":{"line":183,"column":8},"end":{"line":183,"column":26}},"loc":{"start":{"line":183,"column":35},"end":{"line":186,"column":null}},"line":183},"5":{"name":"(anonymous_5)","decl":{"start":{"line":203,"column":8},"end":{"line":203,"column":13}},"loc":{"start":{"line":203,"column":34},"end":{"line":208,"column":null}},"line":203},"6":{"name":"(anonymous_6)","decl":{"start":{"line":205,"column":24},"end":{"line":205,"column":33}},"loc":{"start":{"line":205,"column":43},"end":{"line":207,"column":null}},"line":205},"7":{"name":"(anonymous_7)","decl":{"start":{"line":226,"column":13},"end":{"line":226,"column":33}},"loc":{"start":{"line":226,"column":33},"end":{"line":231,"column":null}},"line":226}},"branchMap":{"0":{"loc":{"start":{"line":157,"column":4},"end":{"line":158,"column":null}},"type":"if","locations":[{"start":{"line":157,"column":4},"end":{"line":158,"column":null}},{"start":{},"end":{}}],"line":157},"1":{"loc":{"start":{"line":157,"column":8},"end":{"line":157,"column":46}},"type":"binary-expr","locations":[{"start":{"line":157,"column":8},"end":{"line":157,"column":21}},{"start":{"line":157,"column":21},"end":{"line":157,"column":46}}],"line":157},"2":{"loc":{"start":{"line":170,"column":22},"end":{"line":170,"column":null}},"type":"cond-expr","locations":[{"start":{"line":170,"column":42},"end":{"line":170,"column":49}},{"start":{"line":170,"column":49},"end":{"line":170,"column":null}}],"line":170},"3":{"loc":{"start":{"line":184,"column":4},"end":{"line":186,"column":null}},"type":"if","locations":[{"start":{"line":184,"column":4},"end":{"line":186,"column":null}},{"start":{},"end":{}}],"line":184},"4":{"loc":{"start":{"line":203,"column":18},"end":{"line":203,"column":29}},"type":"default-arg","locations":[{"start":{"line":203,"column":27},"end":{"line":203,"column":29}}],"line":203},"5":{"loc":{"start":{"line":204,"column":15},"end":{"line":204,"column":null}},"type":"binary-expr","locations":[{"start":{"line":204,"column":15},"end":{"line":204,"column":46}},{"start":{"line":204,"column":46},"end":{"line":204,"column":null}}],"line":204},"6":{"loc":{"start":{"line":228,"column":2},"end":{"line":229,"column":null}},"type":"if","locations":[{"start":{"line":228,"column":2},"end":{"line":229,"column":null}},{"start":{},"end":{}}],"line":228}},"s":{"0":1,"1":1,"2":1,"3":1,"4":9,"5":9,"6":5,"7":5,"8":1,"9":9,"10":2,"11":2,"12":2,"13":2,"14":9,"15":2,"16":1,"17":1,"18":9,"19":4,"20":4,"21":2,"22":4,"23":9,"24":1,"25":13,"26":13,"27":4,"28":9},"f":{"0":9,"1":5,"2":2,"3":2,"4":2,"5":4,"6":2,"7":13},"b":{"0":[1,4],"1":[5,1],"2":[1,1],"3":[1,1],"4":[4],"5":[4,1],"6":[4,9]},"meta":{"lastBranch":7,"lastFunction":8,"lastStatement":29,"seen":{"s:3:21:144:Infinity":0,"s:147:0:147:Infinity":1,"s:149:6:149:39":2,"s:151:13:214:Infinity":3,"f:151:13:151:33":0,"s:152:19:152:48":4,"s:155:2:160:Infinity":5,"f:155:2:155:18":1,"s:156:22:156:58":6,"b:157:4:158:Infinity:undefined:undefined:undefined:undefined":0,"s:157:4:158:Infinity":7,"b:157:8:157:21:157:21:157:46":1,"s:158:6:158:Infinity":8,"s:168:8:173:Infinity":9,"f:168:8:168:31":2,"s:169:4:173:Infinity":10,"f:169:4:169:17":3,"s:170:22:170:Infinity":11,"b:170:42:170:49:170:49:170:Infinity":2,"s:171:6:171:Infinity":12,"s:172:6:172:Infinity":13,"s:183:8:186:Infinity":14,"f:183:8:183:26":4,"b:184:4:186:Infinity:undefined:undefined:undefined:undefined":3,"s:184:4:186:Infinity":15,"s:185:6:185:Infinity":16,"s:186:6:186:Infinity":17,"s:203:8:208:Infinity":18,"f:203:8:203:13":5,"b:203:27:203:29":4,"s:204:15:204:Infinity":19,"b:204:15:204:46:204:46:204:Infinity":5,"s:205:4:207:Infinity":20,"f:205:24:205:33":6,"s:206:6:206:Infinity":21,"s:208:4:208:Infinity":22,"s:211:2:214:Infinity":23,"s:226:13:231:Infinity":24,"f:226:13:226:33":7,"s:227:8:227:45":25,"b:228:2:229:Infinity:undefined:undefined:undefined:undefined":6,"s:228:2:229:Infinity":26,"s:229:4:229:Infinity":27,"s:231:2:231:Infinity":28}}}
,"/home/runner/work/tester.com/tester.com/src/db/api.js": {"path":"/home/runner/work/tester.com/tester.com/src/db/api.js","statementMap":{"0":{"start":{"line":8,"column":13},"end":{"line":8,"column":19}},"1":{"start":{"line":11,"column":18},"end":{"line":11,"column":91}},"2":{"start":{"line":12,"column":27},"end":{"line":12,"column":96}},"3":{"start":{"line":14,"column":20},"end":{"line":20,"column":5}},"4":{"start":{"line":21,"column":4},"end":{"line":21,"column":null}},"5":{"start":{"line":21,"column":28},"end":{"line":21,"column":null}},"6":{"start":{"line":23,"column":16},"end":{"line":23,"column":54}},"7":{"start":{"line":24,"column":17},"end":{"line":24,"column":51}},"8":{"start":{"line":24,"column":47},"end":{"line":24,"column":49}},"9":{"start":{"line":26,"column":4},"end":{"line":29,"column":null}},"10":{"start":{"line":27,"column":8},"end":{"line":27,"column":null}},"11":{"start":{"line":28,"column":8},"end":{"line":28,"column":null}},"12":{"start":{"line":31,"column":4},"end":{"line":33,"column":null}},"13":{"start":{"line":32,"column":8},"end":{"line":32,"column":null}},"14":{"start":{"line":34,"column":4},"end":{"line":34,"column":null}},"15":{"start":{"line":39,"column":27},"end":{"line":40,"column":90}},"16":{"start":{"line":40,"column":4},"end":{"line":40,"column":90}},"17":{"start":{"line":42,"column":30},"end":{"line":43,"column":34}},"18":{"start":{"line":43,"column":4},"end":{"line":43,"column":34}},"19":{"start":{"line":47,"column":28},"end":{"line":48,"column":45}},"20":{"start":{"line":48,"column":4},"end":{"line":48,"column":45}},"21":{"start":{"line":50,"column":30},"end":{"line":51,"column":50}},"22":{"start":{"line":51,"column":4},"end":{"line":51,"column":50}},"23":{"start":{"line":53,"column":25},"end":{"line":54,"column":53}},"24":{"start":{"line":54,"column":4},"end":{"line":54,"column":53}},"25":{"start":{"line":58,"column":28},"end":{"line":59,"column":41}},"26":{"start":{"line":59,"column":4},"end":{"line":59,"column":41}},"27":{"start":{"line":61,"column":30},"end":{"line":62,"column":58}},"28":{"start":{"line":62,"column":4},"end":{"line":62,"column":58}},"29":{"start":{"line":64,"column":30},"end":{"line":65,"column":43}},"30":{"start":{"line":65,"column":4},"end":{"line":65,"column":43}}},"fnMap":{"0":{"name":"http","decl":{"start":{"line":10,"column":15},"end":{"line":10,"column":19}},"loc":{"start":{"line":10,"column":40},"end":{"line":35,"column":null}},"line":10},"1":{"name":"(anonymous_1)","decl":{"start":{"line":24,"column":40},"end":{"line":24,"column":41}},"loc":{"start":{"line":24,"column":47},"end":{"line":24,"column":49}},"line":24},"2":{"name":"(anonymous_2)","decl":{"start":{"line":39,"column":27},"end":{"line":39,"column":28}},"loc":{"start":{"line":40,"column":4},"end":{"line":40,"column":90}},"line":40},"3":{"name":"(anonymous_3)","decl":{"start":{"line":42,"column":30},"end":{"line":42,"column":31}},"loc":{"start":{"line":43,"column":4},"end":{"line":43,"column":34}},"line":43},"4":{"name":"(anonymous_4)","decl":{"start":{"line":47,"column":28},"end":{"line":47,"column":29}},"loc":{"start":{"line":48,"column":4},"end":{"line":48,"column":45}},"line":48},"5":{"name":"(anonymous_5)","decl":{"start":{"line":50,"column":30},"end":{"line":50,"column":31}},"loc":{"start":{"line":51,"column":4},"end":{"line":51,"column":50}},"line":51},"6":{"name":"(anonymous_6)","decl":{"start":{"line":53,"column":25},"end":{"line":53,"column":26}},"loc":{"start":{"line":54,"column":4},"end":{"line":54,"column":53}},"line":54},"7":{"name":"(anonymous_7)","decl":{"start":{"line":58,"column":28},"end":{"line":58,"column":29}},"loc":{"start":{"line":59,"column":4},"end":{"line":59,"column":41}},"line":59},"8":{"name":"(anonymous_8)","decl":{"start":{"line":61,"column":30},"end":{"line":61,"column":31}},"loc":{"start":{"line":62,"column":4},"end":{"line":62,"column":58}},"line":62},"9":{"name":"(anonymous_9)","decl":{"start":{"line":64,"column":30},"end":{"line":64,"column":31}},"loc":{"start":{"line":65,"column":4},"end":{"line":65,"column":43}},"line":65}},"branchMap":{"0":{"loc":{"start":{"line":11,"column":18},"end":{"line":11,"column":91}},"type":"cond-expr","locations":[{"start":{"line":11,"column":50},"end":{"line":11,"column":84}},{"start":{"line":11,"column":87},"end":{"line":11,"column":91}}],"line":11},"1":{"loc":{"start":{"line":12,"column":27},"end":{"line":12,"column":96}},"type":"binary-expr","locations":[{"start":{"line":12,"column":27},"end":{"line":12,"column":58}},{"start":{"line":12,"column":62},"end":{"line":12,"column":96}}],"line":12},"2":{"loc":{"start":{"line":18,"column":16},"end":{"line":18,"column":84}},"type":"cond-expr","locations":[{"start":{"line":18,"column":43},"end":{"line":18,"column":79}},{"start":{"line":18,"column":82},"end":{"line":18,"column":84}}],"line":18},"3":{"loc":{"start":{"line":18,"column":16},"end":{"line":18,"column":40}},"type":"binary-expr","locations":[{"start":{"line":18,"column":16},"end":{"line":18,"column":21}},{"start":{"line":18,"column":25},"end":{"line":18,"column":40}}],"line":18},"4":{"loc":{"start":{"line":21,"column":4},"end":{"line":21,"column":null}},"type":"if","locations":[{"start":{"line":21,"column":4},"end":{"line":21,"column":null}},{"start":{},"end":{}}],"line":21},"5":{"loc":{"start":{"line":26,"column":4},"end":{"line":29,"column":null}},"type":"if","locations":[{"start":{"line":26,"column":4},"end":{"line":29,"column":null}},{"start":{},"end":{}}],"line":26},"6":{"loc":{"start":{"line":26,"column":8},"end":{"line":26,"column":59}},"type":"binary-expr","locations":[{"start":{"line":26,"column":8},"end":{"line":26,"column":26}},{"start":{"line":26,"column":30},"end":{"line":26,"column":59}}],"line":26},"7":{"loc":{"start":{"line":31,"column":4},"end":{"line":33,"column":null}},"type":"if","locations":[{"start":{"line":31,"column":4},"end":{"line":33,"column":null}},{"start":{},"end":{}}],"line":31},"8":{"loc":{"start":{"line":32,"column":24},"end":{"line":32,"column":58}},"type":"binary-expr","locations":[{"start":{"line":32,"column":24},"end":{"line":32,"column":34}},{"start":{"line":32,"column":38},"end":{"line":32,"column":58}}],"line":32},"9":{"loc":{"start":{"line":40,"column":28},"end":{"line":40,"column":87}},"type":"cond-expr","locations":[{"start":{"line":40,"column":39},"end":{"line":40,"column":82}},{"start":{"line":40,"column":85},"end":{"line":40,"column":87}}],"line":40},"10":{"loc":{"start":{"line":61,"column":50},"end":{"line":61,"column":62}},"type":"default-arg","locations":[{"start":{"line":61,"column":61},"end":{"line":61,"column":62}}],"line":61}},"s":{"0":2,"1":21,"2":21,"3":21,"4":21,"5":5,"6":21,"7":21,"8":0,"9":21,"10":1,"11":1,"12":21,"13":2,"14":19,"15":2,"16":13,"17":2,"18":1,"19":2,"20":1,"21":2,"22":1,"23":2,"24":1,"25":2,"26":2,"27":2,"28":1,"29":2,"30":1},"f":{"0":21,"1":0,"2":13,"3":1,"4":1,"5":1,"6":1,"7":2,"8":1,"9":1},"b":{"0":[21,0],"1":[21,19],"2":[2,19],"3":[21,3],"4":[5,16],"5":[1,20],"6":[21,1],"7":[2,19],"8":[2,0],"9":[1,12],"10":[1]},"meta":{"lastBranch":11,"lastFunction":10,"lastStatement":31,"seen":{"s:8:13:8:19":0,"f:10:15:10:19":0,"s:11:18:11:91":1,"b:11:50:11:84:11:87:11:91":0,"s:12:27:12:96":2,"b:12:27:12:58:12:62:12:96":1,"s:14:20:20:5":3,"b:18:43:18:79:18:82:18:84":2,"b:18:16:18:21:18:25:18:40":3,"b:21:4:21:Infinity:undefined:undefined:undefined:undefined":4,"s:21:4:21:Infinity":4,"s:21:28:21:Infinity":5,"s:23:16:23:54":6,"s:24:17:24:51":7,"f:24:40:24:41":1,"s:24:47:24:49":8,"b:26:4:29:Infinity:undefined:undefined:undefined:undefined":5,"s:26:4:29:Infinity":9,"b:26:8:26:26:26:30:26:59":6,"s:27:8:27:Infinity":10,"s:28:8:28:Infinity":11,"b:31:4:33:Infinity:undefined:undefined:undefined:undefined":7,"s:31:4:33:Infinity":12,"s:32:8:32:Infinity":13,"b:32:24:32:34:32:38:32:58":8,"s:34:4:34:Infinity":14,"s:39:27:40:90":15,"f:39:27:39:28":2,"s:40:4:40:90":16,"b:40:39:40:82:40:85:40:87":9,"s:42:30:43:34":17,"f:42:30:42:31":3,"s:43:4:43:34":18,"s:47:28:48:45":19,"f:47:28:47:29":4,"s:48:4:48:45":20,"s:50:30:51:50":21,"f:50:30:50:31":5,"s:51:4:51:50":22,"s:53:25:54:53":23,"f:53:25:53:26":6,"s:54:4:54:53":24,"s:58:28:59:41":25,"f:58:28:58:29":7,"s:59:4:59:41":26,"s:61:30:62:58":27,"f:61:30:61:31":8,"s:62:4:62:58":28,"b:61:61:61:62":10,"s:64:30:65:43":29,"f:64:30:64:31":9,"s:65:4:65:43":30}}}
}
