<?xml version="1.0" encoding="UTF-8" ?>
<testsuites name="vitest tests" tests="139" failures="0" errors="0" time="61.233715069">
    <testsuite name="src/__tests__/App.test.jsx" timestamp="2026-04-02T23:52:53.440Z" hostname="runnervm727z3" tests="6" failures="0" errors="0" skipped="0" time="1.110190995">
        <testcase classname="src/__tests__/App.test.jsx" name="App Component - Integration Behaviors &gt; renderiza navbar, rota inicial e atualiza search" time="0.471999095">
        </testcase>
        <testcase classname="src/__tests__/App.test.jsx" name="App Component - Integration Behaviors &gt; adiciona item no carrinho e incrementa badge" time="0.128537874">
        </testcase>
        <testcase classname="src/__tests__/App.test.jsx" name="App Component - Integration Behaviors &gt; adiciona item existente e dispara toast de atualização de quantidade" time="0.197060557">
        </testcase>
        <testcase classname="src/__tests__/App.test.jsx" name="App Component - Integration Behaviors &gt; suporta carrinho com vários produtos distintos" time="0.127886681">
        </testcase>
        <testcase classname="src/__tests__/App.test.jsx" name="App Component - Integration Behaviors &gt; na rota /cart, atualiza e remove item via callbacks" time="0.132001406">
        </testcase>
        <testcase classname="src/__tests__/App.test.jsx" name="App Component - Integration Behaviors &gt; protege rota /thank-you e redireciona para login quando não autenticado" time="0.04750997">
        </testcase>
    </testsuite>
    <testsuite name="src/__tests__/validation.test.js" timestamp="2026-04-02T23:52:53.442Z" hostname="runnervm727z3" tests="3" failures="0" errors="0" skipped="0" time="0.006503901">
        <testcase classname="src/__tests__/validation.test.js" name="Validation - Basic Vitest Functionality &gt; should pass a basic math test" time="0.003135128">
        </testcase>
        <testcase classname="src/__tests__/validation.test.js" name="Validation - Basic Vitest Functionality &gt; should pass a string test" time="0.000354882">
        </testcase>
        <testcase classname="src/__tests__/validation.test.js" name="Validation - Basic Vitest Functionality &gt; should pass when values are truthy" time="0.0003323">
        </testcase>
    </testsuite>
    <testsuite name="src/__tests__/components/Cart.test.jsx" timestamp="2026-04-02T23:52:53.443Z" hostname="runnervm727z3" tests="10" failures="0" errors="0" skipped="0" time="0.986317598">
        <testcase classname="src/__tests__/components/Cart.test.jsx" name="Cart Component &gt; TC_CART_001: renderiza estado vazio com CTA para catálogo" time="0.488820481">
        </testcase>
        <testcase classname="src/__tests__/components/Cart.test.jsx" name="Cart Component &gt; TC_CART_002: renderiza lista de itens quando carrinho tem produtos" time="0.070809907">
        </testcase>
        <testcase classname="src/__tests__/components/Cart.test.jsx" name="Cart Component &gt; TC_CART_003: calcula subtotal e total corretamente" time="0.029909594">
        </testcase>
        <testcase classname="src/__tests__/components/Cart.test.jsx" name="Cart Component &gt; TC_CART_004: passa callbacks de update/remove para CartItem" time="0.018091643">
        </testcase>
        <testcase classname="src/__tests__/components/Cart.test.jsx" name="Cart Component &gt; TC_CART_005: passa cartItems e setCartItems para CheckoutButton" time="0.02232079">
        </testcase>
        <testcase classname="src/__tests__/components/Cart.test.jsx" name="Cart Component &gt; TC_CART_006: botão continuar comprando aponta para home" time="0.127137895">
        </testcase>
        <testcase classname="src/__tests__/components/Cart.test.jsx" name="Cart Component &gt; TC_CART_007: normaliza cartItems inválido para array vazio" time="0.013960558">
        </testcase>
        <testcase classname="src/__tests__/components/Cart.test.jsx" name="Cart Component &gt; TC_CART_008: renderiza título e resumo de pedido em carrinho preenchido" time="0.023447802">
        </testcase>
        <testcase classname="src/__tests__/components/Cart.test.jsx" name="Cart Component &gt; TC_CART_009: exibe contagem total de itens no resumo" time="0.019239804">
        </testcase>
        <testcase classname="src/__tests__/components/Cart.test.jsx" name="Cart Component &gt; TC_CART_010: mantém render estável com interações básicas" time="0.167285551">
        </testcase>
    </testsuite>
    <testsuite name="src/__tests__/components/CartItem.test.jsx" timestamp="2026-04-02T23:52:53.445Z" hostname="runnervm727z3" tests="8" failures="0" errors="0" skipped="0" time="0.788745289">
        <testcase classname="src/__tests__/components/CartItem.test.jsx" name="CartItem Component &gt; TC_CI_001: renderiza nome, preço unitário e total da linha" time="0.266653894">
        </testcase>
        <testcase classname="src/__tests__/components/CartItem.test.jsx" name="CartItem Component &gt; TC_CI_002: normaliza item inválido para valores seguros" time="0.051732255">
        </testcase>
        <testcase classname="src/__tests__/components/CartItem.test.jsx" name="CartItem Component &gt; TC_CI_003: chama onChange quando quantidade válida (&gt;0)" time="0.058281208">
        </testcase>
        <testcase classname="src/__tests__/components/CartItem.test.jsx" name="CartItem Component &gt; TC_CI_004: não chama onChange para quantidade inválida (&lt;=0)" time="0.024082132">
        </testcase>
        <testcase classname="src/__tests__/components/CartItem.test.jsx" name="CartItem Component &gt; TC_CI_005: prioriza onUpdateCart quando ambos callbacks de update existem" time="0.026577229">
        </testcase>
        <testcase classname="src/__tests__/components/CartItem.test.jsx" name="CartItem Component &gt; TC_CI_006: chama onRemove ao clicar no botão delete" time="0.199465805">
        </testcase>
        <testcase classname="src/__tests__/components/CartItem.test.jsx" name="CartItem Component &gt; TC_CI_007: prioriza onRemoveFromCart quando ambos callbacks de remoção existem" time="0.077797299">
        </testcase>
        <testcase classname="src/__tests__/components/CartItem.test.jsx" name="CartItem Component &gt; TC_CI_008: funciona sem callbacks explícitos (fallback noop)" time="0.079377145">
        </testcase>
    </testsuite>
    <testsuite name="src/__tests__/components/Catalog.test.jsx" timestamp="2026-04-02T23:52:53.446Z" hostname="runnervm727z3" tests="10" failures="0" errors="0" skipped="0" time="0.967195708">
        <testcase classname="src/__tests__/components/Catalog.test.jsx" name="Catalog Component &gt; Rendering &gt; TC_CAT_001: Lista todos produtos (mock API)" time="0.322929391">
            <system-err>
Warning: An update to Catalog inside a test was not wrapped in act(...).

When testing, code that causes React state updates should be wrapped into act(...):

act(() =&gt; {
  /* fire events that update state */
});
/* assert on the output */

This ensures that you&apos;re testing the behavior the user would see in the browser. Learn more at https://reactjs.org/link/wrap-tests-with-act
    at Catalog (/home/runner/work/amazonQA.com/amazonQA.com/src/components/Catalog.jsx:17:20)
    at Router (/home/runner/work/amazonQA.com/amazonQA.com/node_modules/react-router/dist/umd/react-router.development.js:1075:17)
    at BrowserRouter (/home/runner/work/amazonQA.com/amazonQA.com/node_modules/react-router-dom/dist/umd/react-router-dom.development.js:585:7)
Warning: An update to Catalog inside a test was not wrapped in act(...).

When testing, code that causes React state updates should be wrapped into act(...):

act(() =&gt; {
  /* fire events that update state */
});
/* assert on the output */

This ensures that you&apos;re testing the behavior the user would see in the browser. Learn more at https://reactjs.org/link/wrap-tests-with-act
    at Catalog (/home/runner/work/amazonQA.com/amazonQA.com/src/components/Catalog.jsx:17:20)
    at Router (/home/runner/work/amazonQA.com/amazonQA.com/node_modules/react-router/dist/umd/react-router.development.js:1075:17)
    at BrowserRouter (/home/runner/work/amazonQA.com/amazonQA.com/node_modules/react-router-dom/dist/umd/react-router-dom.development.js:585:7)

            </system-err>
        </testcase>
        <testcase classname="src/__tests__/components/Catalog.test.jsx" name="Catalog Component &gt; Rendering &gt; TC_CAT_002: Renderiza container principal" time="0.034567296">
            <system-err>
Warning: An update to Catalog inside a test was not wrapped in act(...).

When testing, code that causes React state updates should be wrapped into act(...):

act(() =&gt; {
  /* fire events that update state */
});
/* assert on the output */

This ensures that you&apos;re testing the behavior the user would see in the browser. Learn more at https://reactjs.org/link/wrap-tests-with-act
    at Catalog (/home/runner/work/amazonQA.com/amazonQA.com/src/components/Catalog.jsx:17:20)
    at Router (/home/runner/work/amazonQA.com/amazonQA.com/node_modules/react-router/dist/umd/react-router.development.js:1075:17)
    at BrowserRouter (/home/runner/work/amazonQA.com/amazonQA.com/node_modules/react-router-dom/dist/umd/react-router-dom.development.js:585:7)
Warning: An update to Catalog inside a test was not wrapped in act(...).

When testing, code that causes React state updates should be wrapped into act(...):

act(() =&gt; {
  /* fire events that update state */
});
/* assert on the output */

This ensures that you&apos;re testing the behavior the user would see in the browser. Learn more at https://reactjs.org/link/wrap-tests-with-act
    at Catalog (/home/runner/work/amazonQA.com/amazonQA.com/src/components/Catalog.jsx:17:20)
    at Router (/home/runner/work/amazonQA.com/amazonQA.com/node_modules/react-router/dist/umd/react-router.development.js:1075:17)
    at BrowserRouter (/home/runner/work/amazonQA.com/amazonQA.com/node_modules/react-router-dom/dist/umd/react-router-dom.development.js:585:7)

            </system-err>
        </testcase>
        <testcase classname="src/__tests__/components/Catalog.test.jsx" name="Catalog Component &gt; Rendering &gt; TC_CAT_003: Ordena por preço ASC/DESC" time="0.047152378">
            <system-err>
Warning: An update to Catalog inside a test was not wrapped in act(...).

When testing, code that causes React state updates should be wrapped into act(...):

act(() =&gt; {
  /* fire events that update state */
});
/* assert on the output */

This ensures that you&apos;re testing the behavior the user would see in the browser. Learn more at https://reactjs.org/link/wrap-tests-with-act
    at Catalog (/home/runner/work/amazonQA.com/amazonQA.com/src/components/Catalog.jsx:17:20)
    at Router (/home/runner/work/amazonQA.com/amazonQA.com/node_modules/react-router/dist/umd/react-router.development.js:1075:17)
    at BrowserRouter (/home/runner/work/amazonQA.com/amazonQA.com/node_modules/react-router-dom/dist/umd/react-router-dom.development.js:585:7)
Warning: An update to Catalog inside a test was not wrapped in act(...).

When testing, code that causes React state updates should be wrapped into act(...):

act(() =&gt; {
  /* fire events that update state */
});
/* assert on the output */

This ensures that you&apos;re testing the behavior the user would see in the browser. Learn more at https://reactjs.org/link/wrap-tests-with-act
    at Catalog (/home/runner/work/amazonQA.com/amazonQA.com/src/components/Catalog.jsx:17:20)
    at Router (/home/runner/work/amazonQA.com/amazonQA.com/node_modules/react-router/dist/umd/react-router.development.js:1075:17)
    at BrowserRouter (/home/runner/work/amazonQA.com/amazonQA.com/node_modules/react-router-dom/dist/umd/react-router-dom.development.js:585:7)

            </system-err>
        </testcase>
        <testcase classname="src/__tests__/components/Catalog.test.jsx" name="Catalog Component &gt; Rendering &gt; TC_CAT_004: Paginação renderiza" time="0.032789971">
            <system-err>
Warning: An update to Catalog inside a test was not wrapped in act(...).

When testing, code that causes React state updates should be wrapped into act(...):

act(() =&gt; {
  /* fire events that update state */
});
/* assert on the output */

This ensures that you&apos;re testing the behavior the user would see in the browser. Learn more at https://reactjs.org/link/wrap-tests-with-act
    at Catalog (/home/runner/work/amazonQA.com/amazonQA.com/src/components/Catalog.jsx:17:20)
    at Router (/home/runner/work/amazonQA.com/amazonQA.com/node_modules/react-router/dist/umd/react-router.development.js:1075:17)
    at BrowserRouter (/home/runner/work/amazonQA.com/amazonQA.com/node_modules/react-router-dom/dist/umd/react-router-dom.development.js:585:7)
Warning: An update to Catalog inside a test was not wrapped in act(...).

When testing, code that causes React state updates should be wrapped into act(...):

act(() =&gt; {
  /* fire events that update state */
});
/* assert on the output */

This ensures that you&apos;re testing the behavior the user would see in the browser. Learn more at https://reactjs.org/link/wrap-tests-with-act
    at Catalog (/home/runner/work/amazonQA.com/amazonQA.com/src/components/Catalog.jsx:17:20)
    at Router (/home/runner/work/amazonQA.com/amazonQA.com/node_modules/react-router/dist/umd/react-router.development.js:1075:17)
    at BrowserRouter (/home/runner/work/amazonQA.com/amazonQA.com/node_modules/react-router-dom/dist/umd/react-router-dom.development.js:585:7)

            </system-err>
        </testcase>
        <testcase classname="src/__tests__/components/Catalog.test.jsx" name="Catalog Component &gt; Rendering &gt; TC_CAT_005: Renderiza search input" time="0.036527773">
            <system-err>
Warning: An update to Catalog inside a test was not wrapped in act(...).

When testing, code that causes React state updates should be wrapped into act(...):

act(() =&gt; {
  /* fire events that update state */
});
/* assert on the output */

This ensures that you&apos;re testing the behavior the user would see in the browser. Learn more at https://reactjs.org/link/wrap-tests-with-act
    at Catalog (/home/runner/work/amazonQA.com/amazonQA.com/src/components/Catalog.jsx:17:20)
    at Router (/home/runner/work/amazonQA.com/amazonQA.com/node_modules/react-router/dist/umd/react-router.development.js:1075:17)
    at BrowserRouter (/home/runner/work/amazonQA.com/amazonQA.com/node_modules/react-router-dom/dist/umd/react-router-dom.development.js:585:7)
Warning: An update to Catalog inside a test was not wrapped in act(...).

When testing, code that causes React state updates should be wrapped into act(...):

act(() =&gt; {
  /* fire events that update state */
});
/* assert on the output */

This ensures that you&apos;re testing the behavior the user would see in the browser. Learn more at https://reactjs.org/link/wrap-tests-with-act
    at Catalog (/home/runner/work/amazonQA.com/amazonQA.com/src/components/Catalog.jsx:17:20)
    at Router (/home/runner/work/amazonQA.com/amazonQA.com/node_modules/react-router/dist/umd/react-router.development.js:1075:17)
    at BrowserRouter (/home/runner/work/amazonQA.com/amazonQA.com/node_modules/react-router-dom/dist/umd/react-router-dom.development.js:585:7)

            </system-err>
        </testcase>
        <testcase classname="src/__tests__/components/Catalog.test.jsx" name="Catalog Component &gt; Filtering &amp; Sorting &gt; TC_CAT_006: Aplica filtro por categoria" time="0.031151569">
            <system-err>
Warning: An update to Catalog inside a test was not wrapped in act(...).

When testing, code that causes React state updates should be wrapped into act(...):

act(() =&gt; {
  /* fire events that update state */
});
/* assert on the output */

This ensures that you&apos;re testing the behavior the user would see in the browser. Learn more at https://reactjs.org/link/wrap-tests-with-act
    at Catalog (/home/runner/work/amazonQA.com/amazonQA.com/src/components/Catalog.jsx:17:20)
    at Router (/home/runner/work/amazonQA.com/amazonQA.com/node_modules/react-router/dist/umd/react-router.development.js:1075:17)
    at BrowserRouter (/home/runner/work/amazonQA.com/amazonQA.com/node_modules/react-router-dom/dist/umd/react-router-dom.development.js:585:7)
Warning: An update to Catalog inside a test was not wrapped in act(...).

When testing, code that causes React state updates should be wrapped into act(...):

act(() =&gt; {
  /* fire events that update state */
});
/* assert on the output */

This ensures that you&apos;re testing the behavior the user would see in the browser. Learn more at https://reactjs.org/link/wrap-tests-with-act
    at Catalog (/home/runner/work/amazonQA.com/amazonQA.com/src/components/Catalog.jsx:17:20)
    at Router (/home/runner/work/amazonQA.com/amazonQA.com/node_modules/react-router/dist/umd/react-router.development.js:1075:17)
    at BrowserRouter (/home/runner/work/amazonQA.com/amazonQA.com/node_modules/react-router-dom/dist/umd/react-router-dom.development.js:585:7)

            </system-err>
        </testcase>
        <testcase classname="src/__tests__/components/Catalog.test.jsx" name="Catalog Component &gt; Filtering &amp; Sorting &gt; TC_CAT_007: Busca por termo (debounce mock)" time="0.341243738">
        </testcase>
        <testcase classname="src/__tests__/components/Catalog.test.jsx" name="Catalog Component &gt; Filtering &amp; Sorting &gt; TC_CAT_008: Exibe loader enquanto carrega" time="0.043650881">
            <system-err>
Warning: An update to Catalog inside a test was not wrapped in act(...).

When testing, code that causes React state updates should be wrapped into act(...):

act(() =&gt; {
  /* fire events that update state */
});
/* assert on the output */

This ensures that you&apos;re testing the behavior the user would see in the browser. Learn more at https://reactjs.org/link/wrap-tests-with-act
    at Catalog (/home/runner/work/amazonQA.com/amazonQA.com/src/components/Catalog.jsx:17:20)
    at Router (/home/runner/work/amazonQA.com/amazonQA.com/node_modules/react-router/dist/umd/react-router.development.js:1075:17)
    at BrowserRouter (/home/runner/work/amazonQA.com/amazonQA.com/node_modules/react-router-dom/dist/umd/react-router-dom.development.js:585:7)
Warning: An update to Catalog inside a test was not wrapped in act(...).

When testing, code that causes React state updates should be wrapped into act(...):

act(() =&gt; {
  /* fire events that update state */
});
/* assert on the output */

This ensures that you&apos;re testing the behavior the user would see in the browser. Learn more at https://reactjs.org/link/wrap-tests-with-act
    at Catalog (/home/runner/work/amazonQA.com/amazonQA.com/src/components/Catalog.jsx:17:20)
    at Router (/home/runner/work/amazonQA.com/amazonQA.com/node_modules/react-router/dist/umd/react-router.development.js:1075:17)
    at BrowserRouter (/home/runner/work/amazonQA.com/amazonQA.com/node_modules/react-router-dom/dist/umd/react-router-dom.development.js:585:7)

            </system-err>
        </testcase>
        <testcase classname="src/__tests__/components/Catalog.test.jsx" name="Catalog Component &gt; Filtering &amp; Sorting &gt; TC_CAT_009: Clique produto redireciona para detalhe" time="0.032831005">
            <system-err>
Warning: An update to Catalog inside a test was not wrapped in act(...).

When testing, code that causes React state updates should be wrapped into act(...):

act(() =&gt; {
  /* fire events that update state */
});
/* assert on the output */

This ensures that you&apos;re testing the behavior the user would see in the browser. Learn more at https://reactjs.org/link/wrap-tests-with-act
    at Catalog (/home/runner/work/amazonQA.com/amazonQA.com/src/components/Catalog.jsx:17:20)
    at Router (/home/runner/work/amazonQA.com/amazonQA.com/node_modules/react-router/dist/umd/react-router.development.js:1075:17)
    at BrowserRouter (/home/runner/work/amazonQA.com/amazonQA.com/node_modules/react-router-dom/dist/umd/react-router-dom.development.js:585:7)
Warning: An update to Catalog inside a test was not wrapped in act(...).

When testing, code that causes React state updates should be wrapped into act(...):

act(() =&gt; {
  /* fire events that update state */
});
/* assert on the output */

This ensures that you&apos;re testing the behavior the user would see in the browser. Learn more at https://reactjs.org/link/wrap-tests-with-act
    at Catalog (/home/runner/work/amazonQA.com/amazonQA.com/src/components/Catalog.jsx:17:20)
    at Router (/home/runner/work/amazonQA.com/amazonQA.com/node_modules/react-router/dist/umd/react-router.development.js:1075:17)
    at BrowserRouter (/home/runner/work/amazonQA.com/amazonQA.com/node_modules/react-router-dom/dist/umd/react-router-dom.development.js:585:7)

            </system-err>
        </testcase>
        <testcase classname="src/__tests__/components/Catalog.test.jsx" name="Catalog Component &gt; Filtering &amp; Sorting &gt; TC_CAT_010: Erro na API mostra fallback" time="0.038901781">
            <system-err>
Warning: An update to Catalog inside a test was not wrapped in act(...).

When testing, code that causes React state updates should be wrapped into act(...):

act(() =&gt; {
  /* fire events that update state */
});
/* assert on the output */

This ensures that you&apos;re testing the behavior the user would see in the browser. Learn more at https://reactjs.org/link/wrap-tests-with-act
    at Catalog (/home/runner/work/amazonQA.com/amazonQA.com/src/components/Catalog.jsx:17:20)
    at Router (/home/runner/work/amazonQA.com/amazonQA.com/node_modules/react-router/dist/umd/react-router.development.js:1075:17)
    at BrowserRouter (/home/runner/work/amazonQA.com/amazonQA.com/node_modules/react-router-dom/dist/umd/react-router-dom.development.js:585:7)
Warning: An update to Catalog inside a test was not wrapped in act(...).

When testing, code that causes React state updates should be wrapped into act(...):

act(() =&gt; {
  /* fire events that update state */
});
/* assert on the output */

This ensures that you&apos;re testing the behavior the user would see in the browser. Learn more at https://reactjs.org/link/wrap-tests-with-act
    at Catalog (/home/runner/work/amazonQA.com/amazonQA.com/src/components/Catalog.jsx:17:20)
    at Router (/home/runner/work/amazonQA.com/amazonQA.com/node_modules/react-router/dist/umd/react-router.development.js:1075:17)
    at BrowserRouter (/home/runner/work/amazonQA.com/amazonQA.com/node_modules/react-router-dom/dist/umd/react-router-dom.development.js:585:7)

            </system-err>
        </testcase>
    </testsuite>
    <testsuite name="src/__tests__/components/Checkout.test.jsx" timestamp="2026-04-02T23:52:53.450Z" hostname="runnervm727z3" tests="11" failures="0" errors="0" skipped="0" time="0.955252719">
        <testcase classname="src/__tests__/components/Checkout.test.jsx" name="Checkout/CheckoutButton Component &gt; TC_CHK_001: botão inicia desabilitado com carrinho vazio" time="0.313858769">
        </testcase>
        <testcase classname="src/__tests__/components/Checkout.test.jsx" name="Checkout/CheckoutButton Component &gt; TC_CHK_002: usa LockIcon quando usuário não autenticado" time="0.006252816">
        </testcase>
        <testcase classname="src/__tests__/components/Checkout.test.jsx" name="Checkout/CheckoutButton Component &gt; TC_CHK_003: usa ShoppingCartCheckoutIcon quando autenticado por isLoggedIn" time="0.059831281">
        </testcase>
        <testcase classname="src/__tests__/components/Checkout.test.jsx" name="Checkout/CheckoutButton Component &gt; TC_CHK_004: usa fallback isAuthenticated quando isLoggedIn não existe" time="0.057290134">
        </testcase>
        <testcase classname="src/__tests__/components/Checkout.test.jsx" name="Checkout/CheckoutButton Component &gt; TC_CHK_005: com carrinho vazio não permite checkout (permanece desabilitado)" time="0.067777408">
        </testcase>
        <testcase classname="src/__tests__/components/Checkout.test.jsx" name="Checkout/CheckoutButton Component &gt; TC_CHK_006: deslogado com itens redireciona para login com next" time="0.157042032">
        </testcase>
        <testcase classname="src/__tests__/components/Checkout.test.jsx" name="Checkout/CheckoutButton Component &gt; TC_CHK_007: logado com itens navega para /payments com state" time="0.079839164">
        </testcase>
        <testcase classname="src/__tests__/components/Checkout.test.jsx" name="Checkout/CheckoutButton Component &gt; TC_CHK_008: normaliza cartItems inválido e mantém desabilitado" time="0.027649475">
        </testcase>
        <testcase classname="src/__tests__/components/Checkout.test.jsx" name="Checkout/CheckoutButton Component &gt; TC_CHK_009: codifica pathname especial no parâmetro next" time="0.060638179">
        </testcase>
        <testcase classname="src/__tests__/components/Checkout.test.jsx" name="Checkout/CheckoutButton Component &gt; TC_CHK_010: não limpa carrinho no checkout, pois pagamento ocorre na próxima etapa" time="0.056388712">
        </testcase>
        <testcase classname="src/__tests__/components/Checkout.test.jsx" name="Checkout/CheckoutButton Component &gt; TC_CHK_011: exibe erro e não navega quando API de orders falha" time="0.064125093">
        </testcase>
    </testsuite>
    <testsuite name="src/__tests__/components/Login.test.jsx" timestamp="2026-04-02T23:52:53.452Z" hostname="runnervm727z3" tests="10" failures="0" errors="0" skipped="0" time="6.236412355">
        <testcase classname="src/__tests__/components/Login.test.jsx" name="Login Component &gt; TC_LOGIN_001: renderiza campos, botão de submit e link de registro" time="0.912095756">
        </testcase>
        <testcase classname="src/__tests__/components/Login.test.jsx" name="Login Component &gt; TC_LOGIN_002: valida campos obrigatórios e exibe alerta de erro" time="0.285193336">
        </testcase>
        <testcase classname="src/__tests__/components/Login.test.jsx" name="Login Component &gt; TC_LOGIN_003: alterna visibilidade da senha" time="0.366091399">
        </testcase>
        <testcase classname="src/__tests__/components/Login.test.jsx" name="Login Component &gt; TC_LOGIN_004: realiza login com sucesso, normaliza email e navega para ?next" time="0.843376726">
        </testcase>
        <testcase classname="src/__tests__/components/Login.test.jsx" name="Login Component &gt; TC_LOGIN_005: usa fallback de rota &quot;/minha-conta&quot; quando ?next não existe" time="0.801524138">
        </testcase>
        <testcase classname="src/__tests__/components/Login.test.jsx" name="Login Component &gt; TC_LOGIN_006: trata resposta sem token como erro de autenticação inválida" time="0.627721489">
        </testcase>
        <testcase classname="src/__tests__/components/Login.test.jsx" name="Login Component &gt; TC_LOGIN_007: usa mensagem fallback quando erro não possui message" time="0.671816063">
        </testcase>
        <testcase classname="src/__tests__/components/Login.test.jsx" name="Login Component &gt; TC_LOGIN_008: exibe estado de loading durante requisição e limpa no finally" time="0.832243908">
        </testcase>
        <testcase classname="src/__tests__/components/Login.test.jsx" name="Login Component &gt; TC_LOGIN_009: fecha alerta de erro pelo onClose do Alert" time="0.308690737">
        </testcase>
        <testcase classname="src/__tests__/components/Login.test.jsx" name="Login Component &gt; TC_LOGIN_010: aceita payload de login sem campo user (fallback para objeto raiz)" time="0.582741329">
        </testcase>
    </testsuite>
    <testsuite name="src/__tests__/components/PaymentsPage.test.jsx" timestamp="2026-04-02T23:52:53.454Z" hostname="runnervm727z3" tests="5" failures="0" errors="0" skipped="0" time="2.664207226">
        <testcase classname="src/__tests__/components/PaymentsPage.test.jsx" name="PaymentsPage &gt; renderiza tela de pagamentos com resumo e métodos" time="0.620486961">
        </testcase>
        <testcase classname="src/__tests__/components/PaymentsPage.test.jsx" name="PaymentsPage &gt; habilita split payment e exibe campos adicionais" time="0.616536928">
        </testcase>
        <testcase classname="src/__tests__/components/PaymentsPage.test.jsx" name="PaymentsPage &gt; envia pagamento simples e navega para thank-you" time="0.585878071">
        </testcase>
        <testcase classname="src/__tests__/components/PaymentsPage.test.jsx" name="PaymentsPage &gt; mostra erro e não navega quando pagamento falha" time="0.412289836">
        </testcase>
        <testcase classname="src/__tests__/components/PaymentsPage.test.jsx" name="PaymentsPage &gt; gera boleto mockado e navega com dados do boleto" time="0.423763285">
        </testcase>
    </testsuite>
    <testsuite name="src/__tests__/components/Product.test.jsx" timestamp="2026-04-02T23:52:53.455Z" hostname="runnervm727z3" tests="10" failures="0" errors="0" skipped="0" time="0.793050843">
        <testcase classname="src/__tests__/components/Product.test.jsx" name="Product Component (Card) &gt; Product Display &gt; TC_PROD_001: Renderiza imagem produto" time="0.405780824">
        </testcase>
        <testcase classname="src/__tests__/components/Product.test.jsx" name="Product Component (Card) &gt; Product Display &gt; TC_PROD_002: Renderiza nome e preço" time="0.042608736">
        </testcase>
        <testcase classname="src/__tests__/components/Product.test.jsx" name="Product Component (Card) &gt; Product Display &gt; TC_PROD_003: Renderiza rating/estrelas" time="0.041545272">
        </testcase>
        <testcase classname="src/__tests__/components/Product.test.jsx" name="Product Component (Card) &gt; Product Display &gt; TC_PROD_004: Exibe badge &quot;sale&quot; se desconto" time="0.061750329">
        </testcase>
        <testcase classname="src/__tests__/components/Product.test.jsx" name="Product Component (Card) &gt; Product Display &gt; TC_PROD_005: Componente renderiza sem erros" time="0.043152331">
        </testcase>
        <testcase classname="src/__tests__/components/Product.test.jsx" name="Product Component (Card) &gt; Product Interactions &gt; TC_PROD_006: Click abre detalhe (mock navigate)" time="0.040823496">
        </testcase>
        <testcase classname="src/__tests__/components/Product.test.jsx" name="Product Component (Card) &gt; Product Interactions &gt; TC_PROD_007: Add to cart via ícone (mock dispatch)" time="0.038242687">
        </testcase>
        <testcase classname="src/__tests__/components/Product.test.jsx" name="Product Component (Card) &gt; Product Interactions &gt; TC_PROD_008: Hover mostra botões ações" time="0.041497702">
        </testcase>
        <testcase classname="src/__tests__/components/Product.test.jsx" name="Product Component (Card) &gt; Product Interactions &gt; TC_PROD_009: Wishlist toggle salva (mock localStorage)" time="0.039021965">
        </testcase>
        <testcase classname="src/__tests__/components/Product.test.jsx" name="Product Component (Card) &gt; Product Interactions &gt; TC_PROD_010: Imagem fallback se quebrada" time="0.03432103">
        </testcase>
    </testsuite>
    <testsuite name="src/__tests__/components/ProductDetails.test.jsx" timestamp="2026-04-02T23:52:53.457Z" hostname="runnervm727z3" tests="6" failures="0" errors="0" skipped="0" time="1.745607132">
        <testcase classname="src/__tests__/components/ProductDetails.test.jsx" name="ProductDetails Component &gt; TC_PD_001: mostra estado de carregamento enquanto busca o produto" time="0.101309372">
        </testcase>
        <testcase classname="src/__tests__/components/ProductDetails.test.jsx" name="ProductDetails Component &gt; TC_PD_002: renderiza fallback de produto não encontrado e permite voltar" time="0.297841774">
        </testcase>
        <testcase classname="src/__tests__/components/ProductDetails.test.jsx" name="ProductDetails Component &gt; TC_PD_003: em erro de API, registra console.error e exibe tela de não encontrado" time="0.011206132">
        </testcase>
        <testcase classname="src/__tests__/components/ProductDetails.test.jsx" name="ProductDetails Component &gt; TC_PD_004: renderiza detalhes completos e chama addToCart com quantidade alterada" time="0.960460329">
        </testcase>
        <testcase classname="src/__tests__/components/ProductDetails.test.jsx" name="ProductDetails Component &gt; TC_PD_005: não renderiza linhas opcionais quando manufacturer/line/model não existem" time="0.126417803">
        </testcase>
        <testcase classname="src/__tests__/components/ProductDetails.test.jsx" name="ProductDetails Component &gt; TC_PD_006: busca novamente quando o id da rota muda" time="0.243165611">
        </testcase>
    </testsuite>
    <testsuite name="src/__tests__/components/Register.test.jsx" timestamp="2026-04-02T23:52:53.459Z" hostname="runnervm727z3" tests="19" failures="0" errors="0" skipped="0" time="43.163197387">
        <testcase classname="src/__tests__/components/Register.test.jsx" name="Register Component &gt; Register flows &gt; TC_REG_001: Renderiza step inicial com botão próximo e link de login" time="1.281869514">
            <system-err>
MUI Grid: The `item` prop has been removed and is no longer necessary. You can safely remove it.

MUI Grid: The `xs` prop has been removed. See https://mui.com/material-ui/migration/upgrade-to-grid-v2/ for migration instructions.

MUI Grid: The `sm` prop has been removed. See https://mui.com/material-ui/migration/upgrade-to-grid-v2/ for migration instructions.


            </system-err>
        </testcase>
        <testcase classname="src/__tests__/components/Register.test.jsx" name="Register Component &gt; Register flows &gt; TC_REG_002: Mostra erros obrigatórios ao avançar sem preencher" time="0.522678863">
        </testcase>
        <testcase classname="src/__tests__/components/Register.test.jsx" name="Register Component &gt; Register flows &gt; TC_REG_003: Alterna para PJ e exibe campos de Razão Social/CNPJ" time="0.561290589">
        </testcase>
        <testcase classname="src/__tests__/components/Register.test.jsx" name="Register Component &gt; Register flows &gt; TC_REG_004: Avança para step 1 quando dados PF são válidos" time="3.592737141">
        </testcase>
        <testcase classname="src/__tests__/components/Register.test.jsx" name="Register Component &gt; Register flows &gt; TC_REG_005: Bloqueia avanço com CPF inválido" time="3.407469457">
        </testcase>
        <testcase classname="src/__tests__/components/Register.test.jsx" name="Register Component &gt; Register flows &gt; TC_REG_006: Exibe força da senha dinamicamente" time="0.824419936">
        </testcase>
        <testcase classname="src/__tests__/components/Register.test.jsx" name="Register Component &gt; Register flows &gt; TC_REG_007: Auto-preenche endereço via CEP" time="4.230733095">
        </testcase>
        <testcase classname="src/__tests__/components/Register.test.jsx" name="Register Component &gt; Register flows &gt; TC_REG_008: Submete com sucesso e chama registerUser com payload normalizado" time="4.559994349">
        </testcase>
        <testcase classname="src/__tests__/components/Register.test.jsx" name="Register Component &gt; Register flows &gt; TC_REG_009: Mostra toast de erro quando registerUser falha" time="4.638789035">
        </testcase>
        <testcase classname="src/__tests__/components/Register.test.jsx" name="Register Component &gt; Register flows &gt; TC_REG_010: No step 1, voltar retorna para step 0" time="2.442244384">
        </testcase>
        <testcase classname="src/__tests__/components/Register.test.jsx" name="Register Component &gt; Register flows &gt; TC_REG_011: Em PJ, bloqueia avanço sem Razão Social/CNPJ válidos" time="2.538267507">
        </testcase>
        <testcase classname="src/__tests__/components/Register.test.jsx" name="Register Component &gt; Register flows &gt; TC_REG_012: CEP não encontrado exibe erro específico" time="2.264901034">
        </testcase>
        <testcase classname="src/__tests__/components/Register.test.jsx" name="Register Component &gt; Register flows &gt; TC_REG_013: Falha de rede no CEP exibe erro genérico" time="2.245289039">
        </testcase>
        <testcase classname="src/__tests__/components/Register.test.jsx" name="Register Component &gt; Register flows &gt; TC_REG_014: Exige campos obrigatórios do step 1 no submit" time="2.234051928">
        </testcase>
        <testcase classname="src/__tests__/components/Register.test.jsx" name="Register Component &gt; Register flows &gt; TC_REG_015: Sucesso no cadastro navega para home após timeout" time="2.650211623">
        </testcase>
        <testcase classname="src/__tests__/components/Register.test.jsx" name="Register Component &gt; Register flows &gt; TC_REG_016: Erro de submit sem message usa fallback padrão" time="2.584503038">
        </testcase>
        <testcase classname="src/__tests__/components/Register.test.jsx" name="Register Component &gt; Register flows &gt; TC_REG_017: Upload de comprovante exibe nome do arquivo selecionado" time="2.129818686">
        </testcase>
        <testcase classname="src/__tests__/components/Register.test.jsx" name="Register Component &gt; Register flows &gt; TC_REG_018: Link &quot;Fazer login&quot; chama navigate para /login" time="0.117656647">
        </testcase>
        <testcase classname="src/__tests__/components/Register.test.jsx" name="Register Component &gt; Register flows &gt; TC_REG_019: Toggles de senha/confirmar alternam tipo do input" time="0.33065475">
        </testcase>
    </testsuite>
    <testsuite name="src/__tests__/components/ThankYouPage.test.jsx" timestamp="2026-04-02T23:52:53.462Z" hostname="runnervm727z3" tests="10" failures="0" errors="0" skipped="0" time="0.262127477">
        <testcase classname="src/__tests__/components/ThankYouPage.test.jsx" name="ThankYouPage Component &gt; Page Content &gt; TC_TY_001: Renderiza mensagem sucesso" time="0.188165421">
        </testcase>
        <testcase classname="src/__tests__/components/ThankYouPage.test.jsx" name="ThankYouPage Component &gt; Page Content &gt; TC_TY_002: Exibe order ID/número do pedido" time="0.01058285">
        </testcase>
        <testcase classname="src/__tests__/components/ThankYouPage.test.jsx" name="ThankYouPage Component &gt; Page Content &gt; TC_TY_003: Exibe resumo pedido (itens, total)" time="0.007753612">
        </testcase>
        <testcase classname="src/__tests__/components/ThankYouPage.test.jsx" name="ThankYouPage Component &gt; Page Content &gt; TC_TY_004: Exibe email confirmação" time="0.006488523">
        </testcase>
        <testcase classname="src/__tests__/components/ThankYouPage.test.jsx" name="ThankYouPage Component &gt; Page Content &gt; TC_TY_005: Botão voltar ao catálogo funciona" time="0.006443178">
        </testcase>
        <testcase classname="src/__tests__/components/ThankYouPage.test.jsx" name="ThankYouPage Component &gt; Page Actions &gt; TC_TY_006: Download invoice PDF (mock window.print)" time="0.009747361">
        </testcase>
        <testcase classname="src/__tests__/components/ThankYouPage.test.jsx" name="ThankYouPage Component &gt; Page Actions &gt; TC_TY_007: Link track ordem leva ao histórico" time="0.006011834">
        </testcase>
        <testcase classname="src/__tests__/components/ThankYouPage.test.jsx" name="ThankYouPage Component &gt; Page Actions &gt; TC_TY_008: Compartilhar pedido (mock social share)" time="0.006683877">
        </testcase>
        <testcase classname="src/__tests__/components/ThankYouPage.test.jsx" name="ThankYouPage Component &gt; Page Actions &gt; TC_TY_009: Dados persistem mesmo com reload (mock sessionStorage)" time="0.009294716">
        </testcase>
        <testcase classname="src/__tests__/components/ThankYouPage.test.jsx" name="ThankYouPage Component &gt; Page Actions &gt; TC_TY_010: Página renderiza sem erros" time="0.006829669">
        </testcase>
    </testsuite>
    <testsuite name="src/__tests__/contexts/AuthContext.test.jsx" timestamp="2026-04-02T23:52:53.464Z" hostname="runnervm727z3" tests="6" failures="0" errors="0" skipped="0" time="0.058057198">
        <testcase classname="src/__tests__/contexts/AuthContext.test.jsx" name="AuthContext &gt; TC_AUTH_001: lança erro quando useAuth é usado fora do provider" time="0.030208103">
            <system-err>
The above error occurred in the &lt;TestComponent&gt; component:

    at TestComponent (/home/runner/work/amazonQA.com/amazonQA.com/node_modules/@testing-library/react/dist/pure.js:328:5)

Consider adding an error boundary to your tree to customize error handling behavior.
Visit https://reactjs.org/link/error-boundaries to learn more about error boundaries.

            </system-err>
        </testcase>
        <testcase classname="src/__tests__/contexts/AuthContext.test.jsx" name="AuthContext &gt; TC_AUTH_002: inicia deslogado sem dados persistidos" time="0.005423326">
        </testcase>
        <testcase classname="src/__tests__/contexts/AuthContext.test.jsx" name="AuthContext &gt; TC_AUTH_003: restaura sessão válida do localStorage no mount" time="0.006793622">
        </testcase>
        <testcase classname="src/__tests__/contexts/AuthContext.test.jsx" name="AuthContext &gt; TC_AUTH_004: limpa storage quando auth_user está corrompido" time="0.004500193">
        </testcase>
        <testcase classname="src/__tests__/contexts/AuthContext.test.jsx" name="AuthContext &gt; TC_AUTH_005: login persiste usuário/token e atualiza estado" time="0.003202394">
        </testcase>
        <testcase classname="src/__tests__/contexts/AuthContext.test.jsx" name="AuthContext &gt; TC_AUTH_006: logout remove sessão de estado e storage" time="0.004110277">
        </testcase>
    </testsuite>
    <testsuite name="src/__tests__/contexts/DatabaseContext.test.jsx" timestamp="2026-04-02T23:52:53.466Z" hostname="runnervm727z3" tests="4" failures="0" errors="0" skipped="0" time="0.114186958">
        <testcase classname="src/__tests__/contexts/DatabaseContext.test.jsx" name="DatabaseContext &gt; TC_DB_001: useDatabase fora do provider retorna contexto padrão" time="0.024560451">
        </testcase>
        <testcase classname="src/__tests__/contexts/DatabaseContext.test.jsx" name="DatabaseContext &gt; TC_DB_002: exibe loading enquanto inicialização não conclui" time="0.0401613">
        </testcase>
        <testcase classname="src/__tests__/contexts/DatabaseContext.test.jsx" name="DatabaseContext &gt; TC_DB_003: em sucesso, renderiza children e ready=true no contexto" time="0.024484218">
        </testcase>
        <testcase classname="src/__tests__/contexts/DatabaseContext.test.jsx" name="DatabaseContext &gt; TC_DB_004: em falha, mostra fallback de erro e registra console.error" time="0.020599476">
        </testcase>
    </testsuite>
    <testsuite name="src/__tests__/contexts/LanguageContext.test.jsx" timestamp="2026-04-02T23:52:53.466Z" hostname="runnervm727z3" tests="6" failures="0" errors="0" skipped="0" time="0.076217737">
        <testcase classname="src/__tests__/contexts/LanguageContext.test.jsx" name="LanguageContext &gt; TC_LANG_001: lança erro quando useLanguage é chamado fora do provider" time="0.052116269">
            <system-err>
The above error occurred in the &lt;TestComponent&gt; component:

    at TestComponent (/home/runner/work/amazonQA.com/amazonQA.com/node_modules/@testing-library/react/dist/pure.js:328:5)

Consider adding an error boundary to your tree to customize error handling behavior.
Visit https://reactjs.org/link/error-boundaries to learn more about error boundaries.

            </system-err>
        </testcase>
        <testcase classname="src/__tests__/contexts/LanguageContext.test.jsx" name="LanguageContext &gt; TC_LANG_002: inicia em pt por padrão e traduz chave conhecida" time="0.007362103">
        </testcase>
        <testcase classname="src/__tests__/contexts/LanguageContext.test.jsx" name="LanguageContext &gt; TC_LANG_003: restaura idioma salvo no localStorage ao montar" time="0.006874806">
        </testcase>
        <testcase classname="src/__tests__/contexts/LanguageContext.test.jsx" name="LanguageContext &gt; TC_LANG_004: toggleLanguage alterna idioma e persiste em localStorage" time="0.00230537">
        </testcase>
        <testcase classname="src/__tests__/contexts/LanguageContext.test.jsx" name="LanguageContext &gt; TC_LANG_005: setAppLanguage troca para idioma válido e ignora inválido" time="0.001741588">
        </testcase>
        <testcase classname="src/__tests__/contexts/LanguageContext.test.jsx" name="LanguageContext &gt; TC_LANG_006: t faz interpolação e fallback para a própria chave" time="0.001466966">
        </testcase>
    </testsuite>
    <testsuite name="src/__tests__/db/api.test.js" timestamp="2026-04-02T23:52:53.468Z" hostname="runnervm727z3" tests="9" failures="0" errors="0" skipped="0" time="0.018002099">
        <testcase classname="src/__tests__/db/api.test.js" name="db/api.js &gt; getProducts chama endpoint padrão" time="0.007323761">
        </testcase>
        <testcase classname="src/__tests__/db/api.test.js" name="db/api.js &gt; getProducts com categoria aplica querystring codificada" time="0.001060008">
        </testcase>
        <testcase classname="src/__tests__/db/api.test.js" name="db/api.js &gt; getProductById chama endpoint por id" time="0.000680119">
        </testcase>
        <testcase classname="src/__tests__/db/api.test.js" name="db/api.js &gt; registerUser envia POST sem Authorization mesmo com token" time="0.001026224">
        </testcase>
        <testcase classname="src/__tests__/db/api.test.js" name="db/api.js &gt; loginUser e getUserByEmail fazem POST correto" time="0.000872157">
        </testcase>
        <testcase classname="src/__tests__/db/api.test.js" name="db/api.js &gt; getCartItems inclui Authorization quando token existe" time="0.00050942">
        </testcase>
        <testcase classname="src/__tests__/db/api.test.js" name="db/api.js &gt; upsertCartItem e removeCartItem chamam endpoints de carrinho" time="0.000696288">
        </testcase>
        <testcase classname="src/__tests__/db/api.test.js" name="db/api.js &gt; lança erro com mensagem de API quando res.ok = false" time="0.002508359">
        </testcase>
        <testcase classname="src/__tests__/db/api.test.js" name="db/api.js &gt; em 401 remove auth_user/auth_token do localStorage" time="0.001100322">
        </testcase>
    </testsuite>
    <testsuite name="src/__tests__/components/account/AccountPages.test.jsx" timestamp="2026-04-02T23:52:53.469Z" hostname="runnervm727z3" tests="6" failures="0" errors="0" skipped="0" time="1.288442447">
        <testcase classname="src/__tests__/components/account/AccountPages.test.jsx" name="Account pages &gt; renderiza cards principais no AccountHome" time="0.136736335">
        </testcase>
        <testcase classname="src/__tests__/components/account/AccountPages.test.jsx" name="Account pages &gt; carrega perfil do usuário na tela de dados" time="0.068443306">
        </testcase>
        <testcase classname="src/__tests__/components/account/AccountPages.test.jsx" name="Account pages &gt; edita endereço e envia atualização" time="0.916908522">
        </testcase>
        <testcase classname="src/__tests__/components/account/AccountPages.test.jsx" name="Account pages &gt; lista pedidos na tela de pedidos" time="0.067812386">
        </testcase>
        <testcase classname="src/__tests__/components/account/AccountPages.test.jsx" name="Account pages &gt; exibe detalhe do pedido e itens" time="0.026794561">
        </testcase>
        <testcase classname="src/__tests__/components/account/AccountPages.test.jsx" name="Account pages &gt; renderiza layout com menu da conta" time="0.066295519">
        </testcase>
    </testsuite>
</testsuites>
