<?xml version="1.0" encoding="UTF-8" ?>
<testsuites name="vitest tests" tests="42" failures="0" errors="0" time="0.1019454">
    <testsuite name="tests/api/boleto-download-endpoint.test.ts" timestamp="2026-04-23T13:38:28.098Z" hostname="PC-Gamer-Reinaldo" tests="2" failures="0" errors="0" skipped="0" time="0.025098">
        <testcase classname="tests/api/boleto-download-endpoint.test.ts" name="Boleto download endpoint &gt; returns PDF for valid orderId" time="0.0232843">
        </testcase>
        <testcase classname="tests/api/boleto-download-endpoint.test.ts" name="Boleto download endpoint &gt; returns 400 for invalid orderId" time="0.0005876">
        </testcase>
    </testsuite>
    <testsuite name="tests/api/orders-endpoints.test.ts" timestamp="2026-04-23T13:38:28.100Z" hostname="PC-Gamer-Reinaldo" tests="7" failures="0" errors="0" skipped="0" time="0.0162254">
        <testcase classname="tests/api/orders-endpoints.test.ts" name="Orders API endpoints &gt; POST /api/orders returns 401 when unauthenticated" time="0.0051242">
        </testcase>
        <testcase classname="tests/api/orders-endpoints.test.ts" name="Orders API endpoints &gt; POST /api/orders returns 400 for empty cart" time="0.0025308">
        </testcase>
        <testcase classname="tests/api/orders-endpoints.test.ts" name="Orders API endpoints &gt; POST /api/orders creates order from payload items when persisted cart is empty" time="0.0032816">
        </testcase>
        <testcase classname="tests/api/orders-endpoints.test.ts" name="Orders API endpoints &gt; GET /api/orders lists orders for authenticated user" time="0.0015679">
        </testcase>
        <testcase classname="tests/api/orders-endpoints.test.ts" name="Orders API endpoints &gt; GET /api/orders/:id blocks access to another user order" time="0.0008665">
        </testcase>
        <testcase classname="tests/api/orders-endpoints.test.ts" name="Orders API endpoints &gt; PUT /api/orders/:id returns 400 for invalid status transition" time="0.0009069">
        </testcase>
        <testcase classname="tests/api/orders-endpoints.test.ts" name="Orders API endpoints &gt; DELETE /api/orders/:id cancels eligible order" time="0.0005805">
        </testcase>
    </testsuite>
    <testsuite name="tests/api/payments-endpoints.test.ts" timestamp="2026-04-23T13:38:28.102Z" hostname="PC-Gamer-Reinaldo" tests="6" failures="0" errors="0" skipped="0" time="0.0161062">
        <testcase classname="tests/api/payments-endpoints.test.ts" name="Payments API endpoints &gt; POST /api/orders/:id/payments returns 401 when unauthenticated" time="0.005256">
        </testcase>
        <testcase classname="tests/api/payments-endpoints.test.ts" name="Payments API endpoints &gt; POST /api/orders/:id/payments validates payment method" time="0.0023308">
        </testcase>
        <testcase classname="tests/api/payments-endpoints.test.ts" name="Payments API endpoints &gt; POST /api/orders/:id/payments creates authorized credit payment" time="0.0013939">
        </testcase>
        <testcase classname="tests/api/payments-endpoints.test.ts" name="Payments API endpoints &gt; POST /api/orders/:id/payments generates mocked boleto with fake CNPJ" time="0.0027706">
        </testcase>
        <testcase classname="tests/api/payments-endpoints.test.ts" name="Payments API endpoints &gt; POST /api/orders/:id/payments generates mocked PIX QR code with readable text" time="0.002209">
        </testcase>
        <testcase classname="tests/api/payments-endpoints.test.ts" name="Payments API endpoints &gt; GET /api/orders/:id/payments/:paymentId blocks access from another user" time="0.0006485">
        </testcase>
    </testsuite>
    <testsuite name="tests/api/products-endpoints.test.ts" timestamp="2026-04-23T13:38:28.104Z" hostname="PC-Gamer-Reinaldo" tests="14" failures="0" errors="0" skipped="0" time="0.0189121">
        <testcase classname="tests/api/products-endpoints.test.ts" name="Products API endpoints &gt; GET /api/products remains public" time="0.006994">
        </testcase>
        <testcase classname="tests/api/products-endpoints.test.ts" name="Products API endpoints &gt; POST /api/products returns 401 without authentication" time="0.0017754">
        </testcase>
        <testcase classname="tests/api/products-endpoints.test.ts" name="Products API endpoints &gt; POST /api/products returns 403 for non-admin users" time="0.0009274">
        </testcase>
        <testcase classname="tests/api/products-endpoints.test.ts" name="Products API endpoints &gt; POST /api/products creates product for admin" time="0.0007949">
        </testcase>
        <testcase classname="tests/api/products-endpoints.test.ts" name="Products API endpoints &gt; PUT /api/products/:id returns 401 without authentication" time="0.0008736">
        </testcase>
        <testcase classname="tests/api/products-endpoints.test.ts" name="Products API endpoints &gt; PUT /api/products/:id returns 403 for non-admin users" time="0.0007461">
        </testcase>
        <testcase classname="tests/api/products-endpoints.test.ts" name="Products API endpoints &gt; PUT /api/products/:id returns 404 for non-existing product" time="0.0006038">
        </testcase>
        <testcase classname="tests/api/products-endpoints.test.ts" name="Products API endpoints &gt; DELETE /api/products/:id returns 401 without authentication" time="0.0005464">
        </testcase>
        <testcase classname="tests/api/products-endpoints.test.ts" name="Products API endpoints &gt; DELETE /api/products/:id returns 403 for non-admin users" time="0.000592">
        </testcase>
        <testcase classname="tests/api/products-endpoints.test.ts" name="Products API endpoints &gt; DELETE /api/products/:id returns 400 for invalid ID" time="0.0005273">
        </testcase>
        <testcase classname="tests/api/products-endpoints.test.ts" name="Products API endpoints &gt; DELETE /api/products/:id returns 404 for non-existing product" time="0.0003408">
        </testcase>
        <testcase classname="tests/api/products-endpoints.test.ts" name="Products API endpoints &gt; DELETE /api/products/:id removes product for admin" time="0.0004181">
        </testcase>
        <testcase classname="tests/api/products-endpoints.test.ts" name="Products API endpoints &gt; DELETE /api/products/:id returns 409 when product is linked to orders" time="0.001716">
            <system-err>
[DELETE /api/products/:id] violates foreign key constraint

            </system-err>
        </testcase>
        <testcase classname="tests/api/products-endpoints.test.ts" name="Products API endpoints &gt; GET /api/products/:id returns 400 for invalid ID" time="0.0004111">
        </testcase>
    </testsuite>
    <testsuite name="tests/api/users-endpoints.test.ts" timestamp="2026-04-23T13:38:28.107Z" hostname="PC-Gamer-Reinaldo" tests="9" failures="0" errors="0" skipped="0" time="0.015045">
        <testcase classname="tests/api/users-endpoints.test.ts" name="Users API endpoints &gt; GET /api/users returns 401 when unauthenticated" time="0.0060032">
        </testcase>
        <testcase classname="tests/api/users-endpoints.test.ts" name="Users API endpoints &gt; GET /api/users returns list for admin" time="0.0016031">
        </testcase>
        <testcase classname="tests/api/users-endpoints.test.ts" name="Users API endpoints &gt; POST /api/users creates user and sets roles" time="0.0021073">
        </testcase>
        <testcase classname="tests/api/users-endpoints.test.ts" name="Users API endpoints &gt; GET /api/users/:id blocks access for another non-admin user" time="0.0006111">
        </testcase>
        <testcase classname="tests/api/users-endpoints.test.ts" name="Users API endpoints &gt; PUT /api/users/:id updates user" time="0.0007888">
        </testcase>
        <testcase classname="tests/api/users-endpoints.test.ts" name="Users API endpoints &gt; DELETE /api/users/:id allows hard delete for admin" time="0.0005727">
        </testcase>
        <testcase classname="tests/api/users-endpoints.test.ts" name="Users API endpoints &gt; POST /api/users/:id/terminate closes and obfuscates account" time="0.0005989">
        </testcase>
        <testcase classname="tests/api/users-endpoints.test.ts" name="Users API endpoints &gt; POST /api/users/login blocks inactive user" time="0.0005232">
        </testcase>
        <testcase classname="tests/api/users-endpoints.test.ts" name="Users API endpoints &gt; POST /api/users/register creates default user role" time="0.0009179">
        </testcase>
    </testsuite>
    <testsuite name="tests/api/users-me-endpoints.test.ts" timestamp="2026-04-23T13:38:28.109Z" hostname="PC-Gamer-Reinaldo" tests="4" failures="0" errors="0" skipped="0" time="0.0105587">
        <testcase classname="tests/api/users-me-endpoints.test.ts" name="Users Me API endpoints &gt; GET /api/users/me returns 401 without authentication" time="0.0047421">
        </testcase>
        <testcase classname="tests/api/users-me-endpoints.test.ts" name="Users Me API endpoints &gt; GET /api/users/me returns authenticated user data" time="0.0022045">
        </testcase>
        <testcase classname="tests/api/users-me-endpoints.test.ts" name="Users Me API endpoints &gt; PUT /api/users/me/address returns 400 when no address fields are provided" time="0.0013013">
        </testcase>
        <testcase classname="tests/api/users-me-endpoints.test.ts" name="Users Me API endpoints &gt; PUT /api/users/me/address updates authenticated address" time="0.0009183">
        </testcase>
    </testsuite>
</testsuites>
