{"numTotalTestSuites":37,"numPassedTestSuites":37,"numFailedTestSuites":0,"numPendingTestSuites":0,"numTotalTests":126,"numPassedTests":126,"numFailedTests":0,"numPendingTests":0,"numTodoTests":0,"snapshot":{"added":0,"failure":false,"filesAdded":0,"filesRemoved":0,"filesRemovedList":[],"filesUnmatched":0,"filesUpdated":0,"matched":0,"total":0,"unchecked":0,"uncheckedKeysByFile":[],"unmatched":0,"updated":0,"didUpdate":false},"startTime":1774212286115,"success":true,"testResults":[{"assertionResults":[{"ancestorTitles":["App Component - Integration Behaviors"],"fullName":"App Component - Integration Behaviors renderiza navbar, rota inicial e atualiza search","status":"passed","title":"renderiza navbar, rota inicial e atualiza search","duration":344.6088,"failureMessages":[],"meta":{},"tags":[]},{"ancestorTitles":["App Component - Integration Behaviors"],"fullName":"App Component - Integration Behaviors adiciona item no carrinho e incrementa badge","status":"passed","title":"adiciona item no carrinho e incrementa badge","duration":100.94340000000011,"failureMessages":[],"meta":{},"tags":[]},{"ancestorTitles":["App Component - Integration Behaviors"],"fullName":"App Component - Integration Behaviors adiciona item existente e dispara toast de atualização de quantidade","status":"passed","title":"adiciona item existente e dispara toast de atualização de quantidade","duration":151.83390000000054,"failureMessages":[],"meta":{},"tags":[]},{"ancestorTitles":["App Component - Integration Behaviors"],"fullName":"App Component - Integration Behaviors na rota /cart, atualiza e remove item via callbacks","status":"passed","title":"na rota /cart, atualiza e remove item via callbacks","duration":141.71520000000055,"failureMessages":[],"meta":{},"tags":[]},{"ancestorTitles":["App Component - Integration Behaviors"],"fullName":"App Component - Integration Behaviors protege rota /thank-you e redireciona para login quando não autenticado","status":"passed","title":"protege rota /thank-you e redireciona para login quando não autenticado","duration":15.92659999999978,"failureMessages":[],"meta":{},"tags":[]}],"startTime":1774212290816,"endTime":1774212291571.9265,"status":"passed","message":"","name":"D:/github-projects/tester.com/src/__tests__/App.test.jsx"},{"assertionResults":[{"ancestorTitles":["Validation - Basic Vitest Functionality"],"fullName":"Validation - Basic Vitest Functionality should pass a basic math test","status":"passed","title":"should pass a basic math test","duration":2.1515999999996893,"failureMessages":[],"meta":{},"tags":[]},{"ancestorTitles":["Validation - Basic Vitest Functionality"],"fullName":"Validation - Basic Vitest Functionality should pass a string test","status":"passed","title":"should pass a string test","duration":0.28700000000026193,"failureMessages":[],"meta":{},"tags":[]},{"ancestorTitles":["Validation - Basic Vitest Functionality"],"fullName":"Validation - Basic Vitest Functionality should pass when values are truthy","status":"passed","title":"should pass when values are truthy","duration":0.31239999999979773,"failureMessages":[],"meta":{},"tags":[]}],"startTime":1774212289176,"endTime":1774212289178.3125,"status":"passed","message":"","name":"D:/github-projects/tester.com/src/__tests__/validation.test.js"},{"assertionResults":[{"ancestorTitles":["Cart Component"],"fullName":"Cart Component TC_CART_001: renderiza estado vazio com CTA para catálogo","status":"passed","title":"TC_CART_001: renderiza estado vazio com CTA para catálogo","duration":231.08640000000014,"failureMessages":[],"meta":{},"tags":[]},{"ancestorTitles":["Cart Component"],"fullName":"Cart Component TC_CART_002: renderiza lista de itens quando carrinho tem produtos","status":"passed","title":"TC_CART_002: renderiza lista de itens quando carrinho tem produtos","duration":35.86800000000039,"failureMessages":[],"meta":{},"tags":[]},{"ancestorTitles":["Cart Component"],"fullName":"Cart Component TC_CART_003: calcula subtotal e total corretamente","status":"passed","title":"TC_CART_003: calcula subtotal e total corretamente","duration":14.280400000000554,"failureMessages":[],"meta":{},"tags":[]},{"ancestorTitles":["Cart Component"],"fullName":"Cart Component TC_CART_004: passa callbacks de update/remove para CartItem","status":"passed","title":"TC_CART_004: passa callbacks de update/remove para CartItem","duration":12.341100000000552,"failureMessages":[],"meta":{},"tags":[]},{"ancestorTitles":["Cart Component"],"fullName":"Cart Component TC_CART_005: passa cartItems e setCartItems para CheckoutButton","status":"passed","title":"TC_CART_005: passa cartItems e setCartItems para CheckoutButton","duration":14.153299999999945,"failureMessages":[],"meta":{},"tags":[]},{"ancestorTitles":["Cart Component"],"fullName":"Cart Component TC_CART_006: botão continuar comprando aponta para home","status":"passed","title":"TC_CART_006: botão continuar comprando aponta para home","duration":55.34389999999985,"failureMessages":[],"meta":{},"tags":[]},{"ancestorTitles":["Cart Component"],"fullName":"Cart Component TC_CART_007: normaliza cartItems inválido para array vazio","status":"passed","title":"TC_CART_007: normaliza cartItems inválido para array vazio","duration":5.090699999999742,"failureMessages":[],"meta":{},"tags":[]},{"ancestorTitles":["Cart Component"],"fullName":"Cart Component TC_CART_008: renderiza título e resumo de pedido em carrinho preenchido","status":"passed","title":"TC_CART_008: renderiza título e resumo de pedido em carrinho preenchido","duration":10.3149999999996,"failureMessages":[],"meta":{},"tags":[]},{"ancestorTitles":["Cart Component"],"fullName":"Cart Component TC_CART_009: exibe contagem total de itens no resumo","status":"passed","title":"TC_CART_009: exibe contagem total de itens no resumo","duration":7.998099999999795,"failureMessages":[],"meta":{},"tags":[]},{"ancestorTitles":["Cart Component"],"fullName":"Cart Component TC_CART_010: mantém render estável com interações básicas","status":"passed","title":"TC_CART_010: mantém render estável com interações básicas","duration":115.00290000000041,"failureMessages":[],"meta":{},"tags":[]}],"startTime":1774212290821,"endTime":1774212291323.003,"status":"passed","message":"","name":"D:/github-projects/tester.com/src/__tests__/components/Cart.test.jsx"},{"assertionResults":[{"ancestorTitles":["CartItem Component"],"fullName":"CartItem Component TC_CI_001: renderiza nome, preço unitário e total da linha","status":"passed","title":"TC_CI_001: renderiza nome, preço unitário e total da linha","duration":166.1202999999996,"failureMessages":[],"meta":{},"tags":[]},{"ancestorTitles":["CartItem Component"],"fullName":"CartItem Component TC_CI_002: normaliza item inválido para valores seguros","status":"passed","title":"TC_CI_002: normaliza item inválido para valores seguros","duration":30.827800000000025,"failureMessages":[],"meta":{},"tags":[]},{"ancestorTitles":["CartItem Component"],"fullName":"CartItem Component TC_CI_003: chama onChange quando quantidade válida (>0)","status":"passed","title":"TC_CI_003: chama onChange quando quantidade válida (>0)","duration":20.670200000000477,"failureMessages":[],"meta":{},"tags":[]},{"ancestorTitles":["CartItem Component"],"fullName":"CartItem Component TC_CI_004: não chama onChange para quantidade inválida (<=0)","status":"passed","title":"TC_CI_004: não chama onChange para quantidade inválida (<=0)","duration":14.278000000000247,"failureMessages":[],"meta":{},"tags":[]},{"ancestorTitles":["CartItem Component"],"fullName":"CartItem Component TC_CI_005: prioriza onUpdateCart quando ambos callbacks de update existem","status":"passed","title":"TC_CI_005: prioriza onUpdateCart quando ambos callbacks de update existem","duration":18.948300000000017,"failureMessages":[],"meta":{},"tags":[]},{"ancestorTitles":["CartItem Component"],"fullName":"CartItem Component TC_CI_006: chama onRemove ao clicar no botão delete","status":"passed","title":"TC_CI_006: chama onRemove ao clicar no botão delete","duration":116.97029999999995,"failureMessages":[],"meta":{},"tags":[]},{"ancestorTitles":["CartItem Component"],"fullName":"CartItem Component TC_CI_007: prioriza onRemoveFromCart quando ambos callbacks de remoção existem","status":"passed","title":"TC_CI_007: prioriza onRemoveFromCart quando ambos callbacks de remoção existem","duration":36.747699999999895,"failureMessages":[],"meta":{},"tags":[]},{"ancestorTitles":["CartItem Component"],"fullName":"CartItem Component TC_CI_008: funciona sem callbacks explícitos (fallback noop)","status":"passed","title":"TC_CI_008: funciona sem callbacks explícitos (fallback noop)","duration":31.320300000000316,"failureMessages":[],"meta":{},"tags":[]}],"startTime":1774212290672,"endTime":1774212291108.3203,"status":"passed","message":"","name":"D:/github-projects/tester.com/src/__tests__/components/CartItem.test.jsx"},{"assertionResults":[{"ancestorTitles":["Catalog Component","Rendering"],"fullName":"Catalog Component Rendering TC_CAT_001: Lista todos produtos (mock API)","status":"passed","title":"TC_CAT_001: Lista todos produtos (mock API)","duration":207.60930000000008,"failureMessages":[],"meta":{},"tags":[]},{"ancestorTitles":["Catalog Component","Rendering"],"fullName":"Catalog Component Rendering TC_CAT_002: Renderiza container principal","status":"passed","title":"TC_CAT_002: Renderiza container principal","duration":22.846199999999953,"failureMessages":[],"meta":{},"tags":[]},{"ancestorTitles":["Catalog Component","Rendering"],"fullName":"Catalog Component Rendering TC_CAT_003: Ordena por preço ASC/DESC","status":"passed","title":"TC_CAT_003: Ordena por preço ASC/DESC","duration":24.22519999999986,"failureMessages":[],"meta":{},"tags":[]},{"ancestorTitles":["Catalog Component","Rendering"],"fullName":"Catalog Component Rendering TC_CAT_004: Paginação renderiza","status":"passed","title":"TC_CAT_004: Paginação renderiza","duration":21.129799999999705,"failureMessages":[],"meta":{},"tags":[]},{"ancestorTitles":["Catalog Component","Rendering"],"fullName":"Catalog Component Rendering TC_CAT_005: Renderiza search input","status":"passed","title":"TC_CAT_005: Renderiza search input","duration":20.19419999999991,"failureMessages":[],"meta":{},"tags":[]},{"ancestorTitles":["Catalog Component","Filtering & Sorting"],"fullName":"Catalog Component Filtering & Sorting TC_CAT_006: Aplica filtro por categoria","status":"passed","title":"TC_CAT_006: Aplica filtro por categoria","duration":12.891900000000533,"failureMessages":[],"meta":{},"tags":[]},{"ancestorTitles":["Catalog Component","Filtering & Sorting"],"fullName":"Catalog Component Filtering & Sorting TC_CAT_007: Busca por termo (debounce mock)","status":"passed","title":"TC_CAT_007: Busca por termo (debounce mock)","duration":273.0149000000001,"failureMessages":[],"meta":{},"tags":[]},{"ancestorTitles":["Catalog Component","Filtering & Sorting"],"fullName":"Catalog Component Filtering & Sorting TC_CAT_008: Exibe loader enquanto carrega","status":"passed","title":"TC_CAT_008: Exibe loader enquanto carrega","duration":13.76049999999941,"failureMessages":[],"meta":{},"tags":[]},{"ancestorTitles":["Catalog Component","Filtering & Sorting"],"fullName":"Catalog Component Filtering & Sorting TC_CAT_009: Clique produto redireciona para detalhe","status":"passed","title":"TC_CAT_009: Clique produto redireciona para detalhe","duration":13.008200000000215,"failureMessages":[],"meta":{},"tags":[]},{"ancestorTitles":["Catalog Component","Filtering & Sorting"],"fullName":"Catalog Component Filtering & Sorting TC_CAT_010: Erro na API mostra fallback","status":"passed","title":"TC_CAT_010: Erro na API mostra fallback","duration":11.976000000000568,"failureMessages":[],"meta":{},"tags":[]}],"startTime":1774212291003,"endTime":1774212291623.976,"status":"passed","message":"","name":"D:/github-projects/tester.com/src/__tests__/components/Catalog.test.jsx"},{"assertionResults":[{"ancestorTitles":["Checkout/CheckoutButton Component"],"fullName":"Checkout/CheckoutButton Component TC_CHK_001: botão inicia desabilitado com carrinho vazio","status":"passed","title":"TC_CHK_001: botão inicia desabilitado com carrinho vazio","duration":193.59900000000016,"failureMessages":[],"meta":{},"tags":[]},{"ancestorTitles":["Checkout/CheckoutButton Component"],"fullName":"Checkout/CheckoutButton Component TC_CHK_002: usa LockIcon quando usuário não autenticado","status":"passed","title":"TC_CHK_002: usa LockIcon quando usuário não autenticado","duration":3.7736000000004424,"failureMessages":[],"meta":{},"tags":[]},{"ancestorTitles":["Checkout/CheckoutButton Component"],"fullName":"Checkout/CheckoutButton Component TC_CHK_003: usa ShoppingCartCheckoutIcon quando autenticado por isLoggedIn","status":"passed","title":"TC_CHK_003: usa ShoppingCartCheckoutIcon quando autenticado por isLoggedIn","duration":16.695199999999204,"failureMessages":[],"meta":{},"tags":[]},{"ancestorTitles":["Checkout/CheckoutButton Component"],"fullName":"Checkout/CheckoutButton Component TC_CHK_004: usa fallback isAuthenticated quando isLoggedIn não existe","status":"passed","title":"TC_CHK_004: usa fallback isAuthenticated quando isLoggedIn não existe","duration":14.483500000000276,"failureMessages":[],"meta":{},"tags":[]},{"ancestorTitles":["Checkout/CheckoutButton Component"],"fullName":"Checkout/CheckoutButton Component TC_CHK_005: com carrinho vazio não permite checkout (permanece desabilitado)","status":"passed","title":"TC_CHK_005: com carrinho vazio não permite checkout (permanece desabilitado)","duration":23.739800000000287,"failureMessages":[],"meta":{},"tags":[]},{"ancestorTitles":["Checkout/CheckoutButton Component"],"fullName":"Checkout/CheckoutButton Component TC_CHK_006: deslogado com itens redireciona para login com next","status":"passed","title":"TC_CHK_006: deslogado com itens redireciona para login com next","duration":91.5024999999996,"failureMessages":[],"meta":{},"tags":[]},{"ancestorTitles":["Checkout/CheckoutButton Component"],"fullName":"Checkout/CheckoutButton Component TC_CHK_007: logado com itens navega para /thank-you com state","status":"passed","title":"TC_CHK_007: logado com itens navega para /thank-you com state","duration":74.12870000000021,"failureMessages":[],"meta":{},"tags":[]},{"ancestorTitles":["Checkout/CheckoutButton Component"],"fullName":"Checkout/CheckoutButton Component TC_CHK_008: normaliza cartItems inválido e mantém desabilitado","status":"passed","title":"TC_CHK_008: normaliza cartItems inválido e mantém desabilitado","duration":11.774500000000444,"failureMessages":[],"meta":{},"tags":[]},{"ancestorTitles":["Checkout/CheckoutButton Component"],"fullName":"Checkout/CheckoutButton Component TC_CHK_009: codifica pathname especial no parâmetro next","status":"passed","title":"TC_CHK_009: codifica pathname especial no parâmetro next","duration":62.715000000000146,"failureMessages":[],"meta":{},"tags":[]},{"ancestorTitles":["Checkout/CheckoutButton Component"],"fullName":"Checkout/CheckoutButton Component TC_CHK_010: não chama setCartItems no fluxo atual de checkout","status":"passed","title":"TC_CHK_010: não chama setCartItems no fluxo atual de checkout","duration":46.38469999999961,"failureMessages":[],"meta":{},"tags":[]}],"startTime":1774212290813,"endTime":1774212291352.3848,"status":"passed","message":"","name":"D:/github-projects/tester.com/src/__tests__/components/Checkout.test.jsx"},{"assertionResults":[{"ancestorTitles":["Login Component"],"fullName":"Login Component TC_LOGIN_001: renderiza campos, botão de submit e link de registro","status":"passed","title":"TC_LOGIN_001: renderiza campos, botão de submit e link de registro","duration":419.98039999999946,"failureMessages":[],"meta":{},"tags":[]},{"ancestorTitles":["Login Component"],"fullName":"Login Component TC_LOGIN_002: valida campos obrigatórios e exibe alerta de erro","status":"passed","title":"TC_LOGIN_002: valida campos obrigatórios e exibe alerta de erro","duration":111.29640000000018,"failureMessages":[],"meta":{},"tags":[]},{"ancestorTitles":["Login Component"],"fullName":"Login Component TC_LOGIN_003: alterna visibilidade da senha","status":"passed","title":"TC_LOGIN_003: alterna visibilidade da senha","duration":212.85280000000057,"failureMessages":[],"meta":{},"tags":[]},{"ancestorTitles":["Login Component"],"fullName":"Login Component TC_LOGIN_004: realiza login com sucesso, normaliza email e navega para ?next","status":"passed","title":"TC_LOGIN_004: realiza login com sucesso, normaliza email e navega para ?next","duration":645.1616000000004,"failureMessages":[],"meta":{},"tags":[]},{"ancestorTitles":["Login Component"],"fullName":"Login Component TC_LOGIN_005: usa fallback de rota \"/\" quando ?next não existe","status":"passed","title":"TC_LOGIN_005: usa fallback de rota \"/\" quando ?next não existe","duration":508.5630000000001,"failureMessages":[],"meta":{},"tags":[]},{"ancestorTitles":["Login Component"],"fullName":"Login Component TC_LOGIN_006: trata resposta sem token como erro de autenticação inválida","status":"passed","title":"TC_LOGIN_006: trata resposta sem token como erro de autenticação inválida","duration":499.33309999999983,"failureMessages":[],"meta":{},"tags":[]},{"ancestorTitles":["Login Component"],"fullName":"Login Component TC_LOGIN_007: usa mensagem fallback quando erro não possui message","status":"passed","title":"TC_LOGIN_007: usa mensagem fallback quando erro não possui message","duration":558.7790000000005,"failureMessages":[],"meta":{},"tags":[]},{"ancestorTitles":["Login Component"],"fullName":"Login Component TC_LOGIN_008: exibe estado de loading durante requisição e limpa no finally","status":"passed","title":"TC_LOGIN_008: exibe estado de loading durante requisição e limpa no finally","duration":557.6175999999996,"failureMessages":[],"meta":{},"tags":[]},{"ancestorTitles":["Login Component"],"fullName":"Login Component TC_LOGIN_009: fecha alerta de erro pelo onClose do Alert","status":"passed","title":"TC_LOGIN_009: fecha alerta de erro pelo onClose do Alert","duration":140.01479999999992,"failureMessages":[],"meta":{},"tags":[]},{"ancestorTitles":["Login Component"],"fullName":"Login Component TC_LOGIN_010: aceita payload de login sem campo user (fallback para objeto raiz)","status":"passed","title":"TC_LOGIN_010: aceita payload de login sem campo user (fallback para objeto raiz)","duration":512.8117999999995,"failureMessages":[],"meta":{},"tags":[]}],"startTime":1774212290702,"endTime":1774212294868.8118,"status":"passed","message":"","name":"D:/github-projects/tester.com/src/__tests__/components/Login.test.jsx"},{"assertionResults":[{"ancestorTitles":["Product Component (Card)","Product Display"],"fullName":"Product Component (Card) Product Display TC_PROD_001: Renderiza imagem produto","status":"passed","title":"TC_PROD_001: Renderiza imagem produto","duration":216.28330000000005,"failureMessages":[],"meta":{},"tags":[]},{"ancestorTitles":["Product Component (Card)","Product Display"],"fullName":"Product Component (Card) Product Display TC_PROD_002: Renderiza nome e preço","status":"passed","title":"TC_PROD_002: Renderiza nome e preço","duration":21.274200000000747,"failureMessages":[],"meta":{},"tags":[]},{"ancestorTitles":["Product Component (Card)","Product Display"],"fullName":"Product Component (Card) Product Display TC_PROD_003: Renderiza rating/estrelas","status":"passed","title":"TC_PROD_003: Renderiza rating/estrelas","duration":20.959899999999834,"failureMessages":[],"meta":{},"tags":[]},{"ancestorTitles":["Product Component (Card)","Product Display"],"fullName":"Product Component (Card) Product Display TC_PROD_004: Exibe badge \"sale\" se desconto","status":"passed","title":"TC_PROD_004: Exibe badge \"sale\" se desconto","duration":25.397399999999834,"failureMessages":[],"meta":{},"tags":[]},{"ancestorTitles":["Product Component (Card)","Product Display"],"fullName":"Product Component (Card) Product Display TC_PROD_005: Componente renderiza sem erros","status":"passed","title":"TC_PROD_005: Componente renderiza sem erros","duration":16.695799999999508,"failureMessages":[],"meta":{},"tags":[]},{"ancestorTitles":["Product Component (Card)","Product Interactions"],"fullName":"Product Component (Card) Product Interactions TC_PROD_006: Click abre detalhe (mock navigate)","status":"passed","title":"TC_PROD_006: Click abre detalhe (mock navigate)","duration":15.246900000000096,"failureMessages":[],"meta":{},"tags":[]},{"ancestorTitles":["Product Component (Card)","Product Interactions"],"fullName":"Product Component (Card) Product Interactions TC_PROD_007: Add to cart via ícone (mock dispatch)","status":"passed","title":"TC_PROD_007: Add to cart via ícone (mock dispatch)","duration":14.728000000000065,"failureMessages":[],"meta":{},"tags":[]},{"ancestorTitles":["Product Component (Card)","Product Interactions"],"fullName":"Product Component (Card) Product Interactions TC_PROD_008: Hover mostra botões ações","status":"passed","title":"TC_PROD_008: Hover mostra botões ações","duration":16.160399999999754,"failureMessages":[],"meta":{},"tags":[]},{"ancestorTitles":["Product Component (Card)","Product Interactions"],"fullName":"Product Component (Card) Product Interactions TC_PROD_009: Wishlist toggle salva (mock localStorage)","status":"passed","title":"TC_PROD_009: Wishlist toggle salva (mock localStorage)","duration":21.658300000000054,"failureMessages":[],"meta":{},"tags":[]},{"ancestorTitles":["Product Component (Card)","Product Interactions"],"fullName":"Product Component (Card) Product Interactions TC_PROD_010: Imagem fallback se quebrada","status":"passed","title":"TC_PROD_010: Imagem fallback se quebrada","duration":16.315299999999297,"failureMessages":[],"meta":{},"tags":[]}],"startTime":1774212290981,"endTime":1774212291366.3152,"status":"passed","message":"","name":"D:/github-projects/tester.com/src/__tests__/components/Product.test.jsx"},{"assertionResults":[{"ancestorTitles":["ProductDetails Component"],"fullName":"ProductDetails Component TC_PD_001: mostra estado de carregamento enquanto busca o produto","status":"passed","title":"TC_PD_001: mostra estado de carregamento enquanto busca o produto","duration":76.2523000000001,"failureMessages":[],"meta":{},"tags":[]},{"ancestorTitles":["ProductDetails Component"],"fullName":"ProductDetails Component TC_PD_002: renderiza fallback de produto não encontrado e permite voltar","status":"passed","title":"TC_PD_002: renderiza fallback de produto não encontrado e permite voltar","duration":163.67739999999958,"failureMessages":[],"meta":{},"tags":[]},{"ancestorTitles":["ProductDetails Component"],"fullName":"ProductDetails Component TC_PD_003: em erro de API, registra console.error e exibe tela de não encontrado","status":"passed","title":"TC_PD_003: em erro de API, registra console.error e exibe tela de não encontrado","duration":20.631900000000314,"failureMessages":[],"meta":{},"tags":[]},{"ancestorTitles":["ProductDetails Component"],"fullName":"ProductDetails Component TC_PD_004: renderiza detalhes completos e chama addToCart com quantidade alterada","status":"passed","title":"TC_PD_004: renderiza detalhes completos e chama addToCart com quantidade alterada","duration":391.72410000000036,"failureMessages":[],"meta":{},"tags":[]},{"ancestorTitles":["ProductDetails Component"],"fullName":"ProductDetails Component TC_PD_005: não renderiza linhas opcionais quando manufacturer/line/model não existem","status":"passed","title":"TC_PD_005: não renderiza linhas opcionais quando manufacturer/line/model não existem","duration":43.81590000000051,"failureMessages":[],"meta":{},"tags":[]},{"ancestorTitles":["ProductDetails Component"],"fullName":"ProductDetails Component TC_PD_006: busca novamente quando o id da rota muda","status":"passed","title":"TC_PD_006: busca novamente quando o id da rota muda","duration":80.85260000000017,"failureMessages":[],"meta":{},"tags":[]}],"startTime":1774212290893,"endTime":1774212291670.8525,"status":"passed","message":"","name":"D:/github-projects/tester.com/src/__tests__/components/ProductDetails.test.jsx"},{"assertionResults":[{"ancestorTitles":["Register Component","Register flows"],"fullName":"Register Component Register flows TC_REG_001: Renderiza step inicial com botão próximo e link de login","status":"passed","title":"TC_REG_001: Renderiza step inicial com botão próximo e link de login","duration":596.1478999999999,"failureMessages":[],"meta":{},"tags":[]},{"ancestorTitles":["Register Component","Register flows"],"fullName":"Register Component Register flows TC_REG_002: Mostra erros obrigatórios ao avançar sem preencher","status":"passed","title":"TC_REG_002: Mostra erros obrigatórios ao avançar sem preencher","duration":246.32080000000042,"failureMessages":[],"meta":{},"tags":[]},{"ancestorTitles":["Register Component","Register flows"],"fullName":"Register Component Register flows TC_REG_003: Alterna para PJ e exibe campos de Razão Social/CNPJ","status":"passed","title":"TC_REG_003: Alterna para PJ e exibe campos de Razão Social/CNPJ","duration":178.0699999999997,"failureMessages":[],"meta":{},"tags":[]},{"ancestorTitles":["Register Component","Register flows"],"fullName":"Register Component Register flows TC_REG_004: Avança para step 1 quando dados PF são válidos","status":"passed","title":"TC_REG_004: Avança para step 1 quando dados PF são válidos","duration":1842.4562000000005,"failureMessages":[],"meta":{},"tags":[]},{"ancestorTitles":["Register Component","Register flows"],"fullName":"Register Component Register flows TC_REG_005: Bloqueia avanço com CPF inválido","status":"passed","title":"TC_REG_005: Bloqueia avanço com CPF inválido","duration":1765.6889999999994,"failureMessages":[],"meta":{},"tags":[]},{"ancestorTitles":["Register Component","Register flows"],"fullName":"Register Component Register flows TC_REG_006: Exibe força da senha dinamicamente","status":"passed","title":"TC_REG_006: Exibe força da senha dinamicamente","duration":412.01350000000093,"failureMessages":[],"meta":{},"tags":[]},{"ancestorTitles":["Register Component","Register flows"],"fullName":"Register Component Register flows TC_REG_007: Auto-preenche endereço via CEP","status":"passed","title":"TC_REG_007: Auto-preenche endereço via CEP","duration":1984.1090000000004,"failureMessages":[],"meta":{},"tags":[]},{"ancestorTitles":["Register Component","Register flows"],"fullName":"Register Component Register flows TC_REG_008: Submete com sucesso e chama registerUser com payload normalizado","status":"passed","title":"TC_REG_008: Submete com sucesso e chama registerUser com payload normalizado","duration":2201.1731999999993,"failureMessages":[],"meta":{},"tags":[]},{"ancestorTitles":["Register Component","Register flows"],"fullName":"Register Component Register flows TC_REG_009: Mostra toast de erro quando registerUser falha","status":"passed","title":"TC_REG_009: Mostra toast de erro quando registerUser falha","duration":2128.7418,"failureMessages":[],"meta":{},"tags":[]},{"ancestorTitles":["Register Component","Register flows"],"fullName":"Register Component Register flows TC_REG_010: No step 1, voltar retorna para step 0","status":"passed","title":"TC_REG_010: No step 1, voltar retorna para step 0","duration":1884.9275000000016,"failureMessages":[],"meta":{},"tags":[]},{"ancestorTitles":["Register Component","Register flows"],"fullName":"Register Component Register flows TC_REG_011: Em PJ, bloqueia avanço sem Razão Social/CNPJ válidos","status":"passed","title":"TC_REG_011: Em PJ, bloqueia avanço sem Razão Social/CNPJ válidos","duration":1960.9604,"failureMessages":[],"meta":{},"tags":[]},{"ancestorTitles":["Register Component","Register flows"],"fullName":"Register Component Register flows TC_REG_012: CEP não encontrado exibe erro específico","status":"passed","title":"TC_REG_012: CEP não encontrado exibe erro específico","duration":1938.5568999999996,"failureMessages":[],"meta":{},"tags":[]},{"ancestorTitles":["Register Component","Register flows"],"fullName":"Register Component Register flows TC_REG_013: Falha de rede no CEP exibe erro genérico","status":"passed","title":"TC_REG_013: Falha de rede no CEP exibe erro genérico","duration":1983.916000000001,"failureMessages":[],"meta":{},"tags":[]},{"ancestorTitles":["Register Component","Register flows"],"fullName":"Register Component Register flows TC_REG_014: Exige campos obrigatórios do step 1 no submit","status":"passed","title":"TC_REG_014: Exige campos obrigatórios do step 1 no submit","duration":1836.1161999999968,"failureMessages":[],"meta":{},"tags":[]},{"ancestorTitles":["Register Component","Register flows"],"fullName":"Register Component Register flows TC_REG_015: Sucesso no cadastro navega para home após timeout","status":"passed","title":"TC_REG_015: Sucesso no cadastro navega para home após timeout","duration":2231.3917,"failureMessages":[],"meta":{},"tags":[]},{"ancestorTitles":["Register Component","Register flows"],"fullName":"Register Component Register flows TC_REG_016: Erro de submit sem message usa fallback padrão","status":"passed","title":"TC_REG_016: Erro de submit sem message usa fallback padrão","duration":2159.4074999999975,"failureMessages":[],"meta":{},"tags":[]},{"ancestorTitles":["Register Component","Register flows"],"fullName":"Register Component Register flows TC_REG_017: Upload de comprovante exibe nome do arquivo selecionado","status":"passed","title":"TC_REG_017: Upload de comprovante exibe nome do arquivo selecionado","duration":1749.2675999999992,"failureMessages":[],"meta":{},"tags":[]},{"ancestorTitles":["Register Component","Register flows"],"fullName":"Register Component Register flows TC_REG_018: Link \"Fazer login\" chama navigate para /login","status":"passed","title":"TC_REG_018: Link \"Fazer login\" chama navigate para /login","duration":91.92849999999817,"failureMessages":[],"meta":{},"tags":[]},{"ancestorTitles":["Register Component","Register flows"],"fullName":"Register Component Register flows TC_REG_019: Toggles de senha/confirmar alternam tipo do input","status":"passed","title":"TC_REG_019: Toggles de senha/confirmar alternam tipo do input","duration":234.13660000000164,"failureMessages":[],"meta":{},"tags":[]}],"startTime":1774212290765,"endTime":1774212318190.1367,"status":"passed","message":"","name":"D:/github-projects/tester.com/src/__tests__/components/Register.test.jsx"},{"assertionResults":[{"ancestorTitles":["ThankYouPage Component","Page Content"],"fullName":"ThankYouPage Component Page Content TC_TY_001: Renderiza mensagem sucesso","status":"passed","title":"TC_TY_001: Renderiza mensagem sucesso","duration":118.8100999999997,"failureMessages":[],"meta":{},"tags":[]},{"ancestorTitles":["ThankYouPage Component","Page Content"],"fullName":"ThankYouPage Component Page Content TC_TY_002: Exibe order ID/número do pedido","status":"passed","title":"TC_TY_002: Exibe order ID/número do pedido","duration":5.738299999999981,"failureMessages":[],"meta":{},"tags":[]},{"ancestorTitles":["ThankYouPage Component","Page Content"],"fullName":"ThankYouPage Component Page Content TC_TY_003: Exibe resumo pedido (itens, total)","status":"passed","title":"TC_TY_003: Exibe resumo pedido (itens, total)","duration":7.626400000000103,"failureMessages":[],"meta":{},"tags":[]},{"ancestorTitles":["ThankYouPage Component","Page Content"],"fullName":"ThankYouPage Component Page Content TC_TY_004: Exibe email confirmação","status":"passed","title":"TC_TY_004: Exibe email confirmação","duration":6.385000000000218,"failureMessages":[],"meta":{},"tags":[]},{"ancestorTitles":["ThankYouPage Component","Page Content"],"fullName":"ThankYouPage Component Page Content TC_TY_005: Botão voltar ao catálogo funciona","status":"passed","title":"TC_TY_005: Botão voltar ao catálogo funciona","duration":6.947100000000319,"failureMessages":[],"meta":{},"tags":[]},{"ancestorTitles":["ThankYouPage Component","Page Actions"],"fullName":"ThankYouPage Component Page Actions TC_TY_006: Download invoice PDF (mock window.print)","status":"passed","title":"TC_TY_006: Download invoice PDF (mock window.print)","duration":7.89469999999983,"failureMessages":[],"meta":{},"tags":[]},{"ancestorTitles":["ThankYouPage Component","Page Actions"],"fullName":"ThankYouPage Component Page Actions TC_TY_007: Link track ordem leva ao histórico","status":"passed","title":"TC_TY_007: Link track ordem leva ao histórico","duration":7.139000000000124,"failureMessages":[],"meta":{},"tags":[]},{"ancestorTitles":["ThankYouPage Component","Page Actions"],"fullName":"ThankYouPage Component Page Actions TC_TY_008: Compartilhar pedido (mock social share)","status":"passed","title":"TC_TY_008: Compartilhar pedido (mock social share)","duration":5.844000000000051,"failureMessages":[],"meta":{},"tags":[]},{"ancestorTitles":["ThankYouPage Component","Page Actions"],"fullName":"ThankYouPage Component Page Actions TC_TY_009: Dados persistem mesmo com reload (mock sessionStorage)","status":"passed","title":"TC_TY_009: Dados persistem mesmo com reload (mock sessionStorage)","duration":6.960500000000138,"failureMessages":[],"meta":{},"tags":[]},{"ancestorTitles":["ThankYouPage Component","Page Actions"],"fullName":"ThankYouPage Component Page Actions TC_TY_010: Página renderiza sem erros","status":"passed","title":"TC_TY_010: Página renderiza sem erros","duration":7.445300000000316,"failureMessages":[],"meta":{},"tags":[]}],"startTime":1774212291010,"endTime":1774212291191.4453,"status":"passed","message":"","name":"D:/github-projects/tester.com/src/__tests__/components/ThankYouPage.test.jsx"},{"assertionResults":[{"ancestorTitles":["AuthContext"],"fullName":"AuthContext TC_AUTH_001: lança erro quando useAuth é usado fora do provider","status":"passed","title":"TC_AUTH_001: lança erro quando useAuth é usado fora do provider","duration":21.0612000000001,"failureMessages":[],"meta":{},"tags":[]},{"ancestorTitles":["AuthContext"],"fullName":"AuthContext TC_AUTH_002: inicia deslogado sem dados persistidos","status":"passed","title":"TC_AUTH_002: inicia deslogado sem dados persistidos","duration":3.8114000000000487,"failureMessages":[],"meta":{},"tags":[]},{"ancestorTitles":["AuthContext"],"fullName":"AuthContext TC_AUTH_003: restaura sessão válida do localStorage no mount","status":"passed","title":"TC_AUTH_003: restaura sessão válida do localStorage no mount","duration":6.079600000000028,"failureMessages":[],"meta":{},"tags":[]},{"ancestorTitles":["AuthContext"],"fullName":"AuthContext TC_AUTH_004: limpa storage quando auth_user está corrompido","status":"passed","title":"TC_AUTH_004: limpa storage quando auth_user está corrompido","duration":4.290199999999913,"failureMessages":[],"meta":{},"tags":[]},{"ancestorTitles":["AuthContext"],"fullName":"AuthContext TC_AUTH_005: login persiste usuário/token e atualiza estado","status":"passed","title":"TC_AUTH_005: login persiste usuário/token e atualiza estado","duration":2.9346999999997934,"failureMessages":[],"meta":{},"tags":[]},{"ancestorTitles":["AuthContext"],"fullName":"AuthContext TC_AUTH_006: logout remove sessão de estado e storage","status":"passed","title":"TC_AUTH_006: logout remove sessão de estado e storage","duration":1.8447999999998501,"failureMessages":[],"meta":{},"tags":[]}],"startTime":1774212289356,"endTime":1774212289396.8447,"status":"passed","message":"","name":"D:/github-projects/tester.com/src/__tests__/contexts/AuthContext.test.jsx"},{"assertionResults":[{"ancestorTitles":["DatabaseContext"],"fullName":"DatabaseContext TC_DB_001: useDatabase fora do provider retorna contexto padrão","status":"passed","title":"TC_DB_001: useDatabase fora do provider retorna contexto padrão","duration":12.943099999999959,"failureMessages":[],"meta":{},"tags":[]},{"ancestorTitles":["DatabaseContext"],"fullName":"DatabaseContext TC_DB_002: exibe loading enquanto inicialização não conclui","status":"passed","title":"TC_DB_002: exibe loading enquanto inicialização não conclui","duration":26.83279999999968,"failureMessages":[],"meta":{},"tags":[]},{"ancestorTitles":["DatabaseContext"],"fullName":"DatabaseContext TC_DB_003: em sucesso, renderiza children e ready=true no contexto","status":"passed","title":"TC_DB_003: em sucesso, renderiza children e ready=true no contexto","duration":26.071500000000015,"failureMessages":[],"meta":{},"tags":[]},{"ancestorTitles":["DatabaseContext"],"fullName":"DatabaseContext TC_DB_004: em falha, mostra fallback de erro e registra console.error","status":"passed","title":"TC_DB_004: em falha, mostra fallback de erro e registra console.error","duration":31.27749999999969,"failureMessages":[],"meta":{},"tags":[]}],"startTime":1774212289360,"endTime":1774212289457.2776,"status":"passed","message":"","name":"D:/github-projects/tester.com/src/__tests__/contexts/DatabaseContext.test.jsx"},{"assertionResults":[{"ancestorTitles":["LanguageContext"],"fullName":"LanguageContext TC_LANG_001: lança erro quando useLanguage é chamado fora do provider","status":"passed","title":"TC_LANG_001: lança erro quando useLanguage é chamado fora do provider","duration":26.07549999999992,"failureMessages":[],"meta":{},"tags":[]},{"ancestorTitles":["LanguageContext"],"fullName":"LanguageContext TC_LANG_002: inicia em pt por padrão e traduz chave conhecida","status":"passed","title":"TC_LANG_002: inicia em pt por padrão e traduz chave conhecida","duration":4.403800000000047,"failureMessages":[],"meta":{},"tags":[]},{"ancestorTitles":["LanguageContext"],"fullName":"LanguageContext TC_LANG_003: restaura idioma salvo no localStorage ao montar","status":"passed","title":"TC_LANG_003: restaura idioma salvo no localStorage ao montar","duration":9.87920000000031,"failureMessages":[],"meta":{},"tags":[]},{"ancestorTitles":["LanguageContext"],"fullName":"LanguageContext TC_LANG_004: toggleLanguage alterna idioma e persiste em localStorage","status":"passed","title":"TC_LANG_004: toggleLanguage alterna idioma e persiste em localStorage","duration":3.179099999999835,"failureMessages":[],"meta":{},"tags":[]},{"ancestorTitles":["LanguageContext"],"fullName":"LanguageContext TC_LANG_005: setAppLanguage troca para idioma válido e ignora inválido","status":"passed","title":"TC_LANG_005: setAppLanguage troca para idioma válido e ignora inválido","duration":2.020499999999629,"failureMessages":[],"meta":{},"tags":[]},{"ancestorTitles":["LanguageContext"],"fullName":"LanguageContext TC_LANG_006: t faz interpolação e fallback para a própria chave","status":"passed","title":"TC_LANG_006: t faz interpolação e fallback para a própria chave","duration":1.0376000000001113,"failureMessages":[],"meta":{},"tags":[]}],"startTime":1774212289368,"endTime":1774212289415.0376,"status":"passed","message":"","name":"D:/github-projects/tester.com/src/__tests__/contexts/LanguageContext.test.jsx"},{"assertionResults":[{"ancestorTitles":["db/api.js"],"fullName":"db/api.js getProducts chama endpoint padrão","status":"passed","title":"getProducts chama endpoint padrão","duration":6.409900000000107,"failureMessages":[],"meta":{},"tags":[]},{"ancestorTitles":["db/api.js"],"fullName":"db/api.js getProducts com categoria aplica querystring codificada","status":"passed","title":"getProducts com categoria aplica querystring codificada","duration":0.8975000000000364,"failureMessages":[],"meta":{},"tags":[]},{"ancestorTitles":["db/api.js"],"fullName":"db/api.js getProductById chama endpoint por id","status":"passed","title":"getProductById chama endpoint por id","duration":0.659099999999853,"failureMessages":[],"meta":{},"tags":[]},{"ancestorTitles":["db/api.js"],"fullName":"db/api.js registerUser envia POST sem Authorization mesmo com token","status":"passed","title":"registerUser envia POST sem Authorization mesmo com token","duration":1.0803999999998268,"failureMessages":[],"meta":{},"tags":[]},{"ancestorTitles":["db/api.js"],"fullName":"db/api.js loginUser e getUserByEmail fazem POST correto","status":"passed","title":"loginUser e getUserByEmail fazem POST correto","duration":0.7235000000000582,"failureMessages":[],"meta":{},"tags":[]},{"ancestorTitles":["db/api.js"],"fullName":"db/api.js getCartItems inclui Authorization quando token existe","status":"passed","title":"getCartItems inclui Authorization quando token existe","duration":0.47879999999986467,"failureMessages":[],"meta":{},"tags":[]},{"ancestorTitles":["db/api.js"],"fullName":"db/api.js upsertCartItem e removeCartItem chamam endpoints de carrinho","status":"passed","title":"upsertCartItem e removeCartItem chamam endpoints de carrinho","duration":0.5498999999999796,"failureMessages":[],"meta":{},"tags":[]},{"ancestorTitles":["db/api.js"],"fullName":"db/api.js lança erro com mensagem de API quando res.ok = false","status":"passed","title":"lança erro com mensagem de API quando res.ok = false","duration":1.940099999999802,"failureMessages":[],"meta":{},"tags":[]},{"ancestorTitles":["db/api.js"],"fullName":"db/api.js em 401 remove auth_user/auth_token do localStorage","status":"passed","title":"em 401 remove auth_user/auth_token do localStorage","duration":0.7901000000001659,"failureMessages":[],"meta":{},"tags":[]}],"startTime":1774212289191,"endTime":1774212289204.79,"status":"passed","message":"","name":"D:/github-projects/tester.com/src/__tests__/db/api.test.js"}]}